<?xml version="1.0" encoding="UTF-8"?>
<coverage generated="1776293703566" clover="3.2.0">
  <project timestamp="1776293703566" name="All files">
    <metrics statements="97" coveredstatements="96" conditionals="67" coveredconditionals="61" methods="10" coveredmethods="10" elements="174" coveredelements="167" complexity="0" loc="97" ncloc="97" packages="1" files="1" classes="1"/>
    <file name="cognitive-controller.js" path="/home/seryki/.openclaw/workspace/minecraft-ai-bot/src/layers/cognitive-controller.js">
      <metrics statements="97" coveredstatements="96" conditionals="67" coveredconditionals="61" methods="10" coveredmethods="10"/>
      <line num="11" count="49" type="stmt"/>
      <line num="15" count="49" type="stmt"/>
      <line num="16" count="49" type="stmt"/>
      <line num="17" count="49" type="stmt"/>
      <line num="18" count="49" type="stmt"/>
      <line num="27" count="10" type="stmt"/>
      <line num="28" count="10" type="stmt"/>
      <line num="48" count="28" type="stmt"/>
      <line num="57" count="28" type="stmt"/>
      <line num="58" count="28" type="stmt"/>
      <line num="59" count="28" type="stmt"/>
      <line num="60" count="28" type="stmt"/>
      <line num="63" count="28" type="cond" truecount="4" falsecount="0"/>
      <line num="64" count="4" type="cond" truecount="1" falsecount="1"/>
      <line num="65" count="4" type="stmt"/>
      <line num="66" count="4" type="stmt"/>
      <line num="67" count="4" type="cond" truecount="2" falsecount="0"/>
      <line num="68" count="4" type="stmt"/>
      <line num="71" count="24" type="cond" truecount="4" falsecount="0"/>
      <line num="72" count="4" type="stmt"/>
      <line num="73" count="4" type="stmt"/>
      <line num="74" count="4" type="stmt"/>
      <line num="75" count="4" type="cond" truecount="2" falsecount="0"/>
      <line num="78" count="4" type="cond" truecount="2" falsecount="0"/>
      <line num="79" count="3" type="stmt"/>
      <line num="80" count="3" type="cond" truecount="2" falsecount="0"/>
      <line num="83" count="4" type="stmt"/>
      <line num="86" count="20" type="cond" truecount="4" falsecount="0"/>
      <line num="87" count="3" type="stmt"/>
      <line num="88" count="3" type="stmt"/>
      <line num="89" count="3" type="stmt"/>
      <line num="90" count="3" type="cond" truecount="2" falsecount="0"/>
      <line num="93" count="3" type="cond" truecount="2" falsecount="0"/>
      <line num="94" count="2" type="stmt"/>
      <line num="97" count="3" type="stmt"/>
      <line num="101" count="17" type="stmt"/>
      <line num="102" count="17" type="stmt"/>
      <line num="103" count="17" type="stmt"/>
      <line num="104" count="17" type="stmt"/>
      <line num="108" count="28" type="stmt"/>
      <line num="109" count="28" type="cond" truecount="3" falsecount="1"/>
      <line num="110" count="0" type="stmt"/>
      <line num="113" count="28" type="stmt"/>
      <line num="125" count="28" type="stmt"/>
      <line num="126" count="28" type="cond" truecount="2" falsecount="0"/>
      <line num="127" count="2" type="stmt"/>
      <line num="130" count="28" type="stmt"/>
      <line num="138" count="28" type="stmt"/>
      <line num="146" count="3" type="cond" truecount="1" falsecount="1"/>
      <line num="148" count="3" type="stmt"/>
      <line num="151" count="3" type="cond" truecount="1" falsecount="1"/>
      <line num="152" count="3" type="stmt"/>
      <line num="157" count="3" type="cond" truecount="4" falsecount="0"/>
      <line num="158" count="1" type="stmt"/>
      <line num="159" count="2" type="cond" truecount="4" falsecount="0"/>
      <line num="160" count="1" type="stmt"/>
      <line num="163" count="3" type="stmt"/>
      <line num="171" count="2" type="cond" truecount="4" falsecount="0"/>
      <line num="173" count="1" type="stmt"/>
      <line num="176" count="1" type="cond" truecount="1" falsecount="1"/>
      <line num="177" count="1" type="stmt"/>
      <line num="180" count="1" type="stmt"/>
      <line num="188" count="28" type="stmt"/>
      <line num="190" count="28" type="stmt"/>
      <line num="192" count="28" type="stmt"/>
      <line num="194" count="28" type="stmt"/>
      <line num="195" count="63" type="stmt"/>
      <line num="196" count="63" type="cond" truecount="4" falsecount="0"/>
      <line num="197" count="5" type="stmt"/>
      <line num="205" count="28" type="stmt"/>
      <line num="215" count="6" type="stmt"/>
      <line num="221" count="6" type="stmt"/>
      <line num="223" count="6" type="stmt"/>
      <line num="224" count="6" type="stmt"/>
      <line num="225" count="6" type="cond" truecount="2" falsecount="0"/>
      <line num="226" count="5" type="stmt"/>
      <line num="227" count="4" type="stmt"/>
      <line num="232" count="1" type="stmt"/>
      <line num="238" count="1" type="stmt"/>
      <line num="239" count="1" type="stmt"/>
      <line num="246" count="6" type="stmt"/>
      <line num="248" count="6" type="stmt"/>
      <line num="251" count="6" type="stmt"/>
      <line num="263" count="12" type="cond" truecount="4" falsecount="0"/>
      <line num="264" count="2" type="stmt"/>
      <line num="267" count="10" type="stmt"/>
      <line num="268" count="10" type="cond" truecount="1" falsecount="1"/>
      <line num="270" count="10" type="stmt"/>
      <line num="280" count="10" type="stmt"/>
      <line num="281" count="40" type="stmt"/>
      <line num="282" count="40" type="stmt"/>
      <line num="284" count="40" type="cond" truecount="4" falsecount="0"/>
      <line num="285" count="7" type="stmt"/>
      <line num="290" count="7" type="stmt"/>
      <line num="294" count="3" type="stmt"/>
      <line num="303" count="4" type="stmt"/>
      <line num="307" count="49" type="stmt"/>
    </file>
  </project>
</coverage>
