{"/home/seryki/.openclaw/workspace/minecraft-ai-bot/src/layers/cognitive-controller.js": {"path":"/home/seryki/.openclaw/workspace/minecraft-ai-bot/src/layers/cognitive-controller.js","statementMap":{"0":{"start":{"line":11,"column":15},"end":{"line":11,"column":41}},"1":{"start":{"line":15,"column":4},"end":{"line":15,"column":22}},"2":{"start":{"line":16,"column":4},"end":{"line":16,"column":30}},"3":{"start":{"line":17,"column":4},"end":{"line":17,"column":25}},"4":{"start":{"line":18,"column":4},"end":{"line":18,"column":52}},"5":{"start":{"line":27,"column":4},"end":{"line":27,"column":32}},"6":{"start":{"line":28,"column":4},"end":{"line":28,"column":48}},"7":{"start":{"line":48,"column":4},"end":{"line":54,"column":7}},"8":{"start":{"line":57,"column":25},"end":{"line":57,"column":29}},"9":{"start":{"line":58,"column":19},"end":{"line":58,"column":27}},"10":{"start":{"line":59,"column":17},"end":{"line":59,"column":21}},"11":{"start":{"line":60,"column":21},"end":{"line":60,"column":24}},"12":{"start":{"line":63,"column":4},"end":{"line":105,"column":5}},"13":{"start":{"line":64,"column":6},"end":{"line":64,"column":94}},"14":{"start":{"line":65,"column":6},"end":{"line":65,"column":28}},"15":{"start":{"line":66,"column":6},"end":{"line":66,"column":24}},"16":{"start":{"line":67,"column":6},"end":{"line":67,"column":51}},"17":{"start":{"line":68,"column":6},"end":{"line":68,"column":98}},"18":{"start":{"line":71,"column":9},"end":{"line":105,"column":5}},"19":{"start":{"line":72,"column":6},"end":{"line":72,"column":44}},"20":{"start":{"line":73,"column":6},"end":{"line":73,"column":24}},"21":{"start":{"line":74,"column":6},"end":{"line":74,"column":24}},"22":{"start":{"line":75,"column":6},"end":{"line":75,"column":51}},"23":{"start":{"line":78,"column":6},"end":{"line":81,"column":7}},"24":{"start":{"line":79,"column":8},"end":{"line":79,"column":80}},"25":{"start":{"line":80,"column":8},"end":{"line":80,"column":76}},"26":{"start":{"line":83,"column":6},"end":{"line":83,"column":69}},"27":{"start":{"line":86,"column":9},"end":{"line":105,"column":5}},"28":{"start":{"line":87,"column":6},"end":{"line":87,"column":43}},"29":{"start":{"line":88,"column":6},"end":{"line":88,"column":26}},"30":{"start":{"line":89,"column":6},"end":{"line":89,"column":23}},"31":{"start":{"line":90,"column":6},"end":{"line":90,"column":50}},"32":{"start":{"line":93,"column":6},"end":{"line":95,"column":7}},"33":{"start":{"line":94,"column":8},"end":{"line":94,"column":88}},"34":{"start":{"line":97,"column":6},"end":{"line":97,"column":68}},"35":{"start":{"line":101,"column":6},"end":{"line":101,"column":68}},"36":{"start":{"line":102,"column":6},"end":{"line":102,"column":23}},"37":{"start":{"line":103,"column":6},"end":{"line":103,"column":25}},"38":{"start":{"line":104,"column":6},"end":{"line":104,"column":23}},"39":{"start":{"line":108,"column":20},"end":{"line":108,"column":24}},"40":{"start":{"line":109,"column":4},"end":{"line":111,"column":5}},"41":{"start":{"line":110,"column":6},"end":{"line":110,"column":74}},"42":{"start":{"line":113,"column":21},"end":{"line":122,"column":5}},"43":{"start":{"line":125,"column":4},"end":{"line":125,"column":40}},"44":{"start":{"line":126,"column":4},"end":{"line":128,"column":5}},"45":{"start":{"line":127,"column":6},"end":{"line":127,"column":35}},"46":{"start":{"line":130,"column":4},"end":{"line":136,"column":7}},"47":{"start":{"line":138,"column":4},"end":{"line":138,"column":20}},"48":{"start":{"line":146,"column":4},"end":{"line":146,"column":31}},"49":{"start":{"line":146,"column":17},"end":{"line":146,"column":31}},"50":{"start":{"line":148,"column":26},"end":{"line":148,"column":39}},"51":{"start":{"line":151,"column":4},"end":{"line":153,"column":5}},"52":{"start":{"line":152,"column":6},"end":{"line":152,"column":53}},"53":{"start":{"line":157,"column":4},"end":{"line":161,"column":5}},"54":{"start":{"line":158,"column":6},"end":{"line":158,"column":38}},"55":{"start":{"line":159,"column":11},"end":{"line":161,"column":5}},"56":{"start":{"line":160,"column":6},"end":{"line":160,"column":38}},"57":{"start":{"line":163,"column":4},"end":{"line":163,"column":25}},"58":{"start":{"line":171,"column":4},"end":{"line":171,"column":54}},"59":{"start":{"line":171,"column":40},"end":{"line":171,"column":54}},"60":{"start":{"line":173,"column":26},"end":{"line":173,"column":39}},"61":{"start":{"line":176,"column":4},"end":{"line":178,"column":5}},"62":{"start":{"line":177,"column":6},"end":{"line":177,"column":62}},"63":{"start":{"line":180,"column":4},"end":{"line":180,"column":25}},"64":{"start":{"line":188,"column":21},"end":{"line":188,"column":23}},"65":{"start":{"line":190,"column":26},"end":{"line":190,"column":55}},"66":{"start":{"line":192,"column":24},"end":{"line":192,"column":59}},"67":{"start":{"line":194,"column":4},"end":{"line":203,"column":5}},"68":{"start":{"line":194,"column":17},"end":{"line":194,"column":32}},"69":{"start":{"line":195,"column":25},"end":{"line":195,"column":41}},"70":{"start":{"line":196,"column":6},"end":{"line":202,"column":7}},"71":{"start":{"line":197,"column":8},"end":{"line":201,"column":11}},"72":{"start":{"line":205,"column":2},"end":{"line":205,"column":18}},"73":{"start":{"line":215,"column":4},"end":{"line":219,"column":7}},"74":{"start":{"line":221,"column":20},"end":{"line":221,"column":22}},"75":{"start":{"line":223,"column":4},"end":{"line":244,"column":5}},"76":{"start":{"line":224,"column":6},"end":{"line":243,"column":7}},"77":{"start":{"line":225,"column":8},"end":{"line":236,"column":9}},"78":{"start":{"line":226,"column":27},"end":{"line":226,"column":59}},"79":{"start":{"line":227,"column":10},"end":{"line":230,"column":12}},"80":{"start":{"line":232,"column":10},"end":{"line":235,"column":12}},"81":{"start":{"line":238,"column":8},"end":{"line":238,"column":80}},"82":{"start":{"line":239,"column":8},"end":{"line":242,"column":10}},"83":{"start":{"line":246,"column":4},"end":{"line":249,"column":7}},"84":{"start":{"line":248,"column":55},"end":{"line":248,"column":69}},"85":{"start":{"line":251,"column":4},"end":{"line":251,"column":19}},"86":{"start":{"line":263,"column":4},"end":{"line":265,"column":5}},"87":{"start":{"line":264,"column":6},"end":{"line":264,"column":18}},"88":{"start":{"line":267,"column":22},"end":{"line":267,"column":40}},"89":{"start":{"line":268,"column":23},"end":{"line":268,"column":67}},"90":{"start":{"line":270,"column":29},"end":{"line":278,"column":5}},"91":{"start":{"line":280,"column":4},"end":{"line":292,"column":5}},"92":{"start":{"line":281,"column":26},"end":{"line":281,"column":61}},"93":{"start":{"line":282,"column":28},"end":{"line":282,"column":66}},"94":{"start":{"line":284,"column":6},"end":{"line":291,"column":7}},"95":{"start":{"line":285,"column":8},"end":{"line":289,"column":11}},"96":{"start":{"line":290,"column":8},"end":{"line":290,"column":21}},"97":{"start":{"line":294,"column":4},"end":{"line":294,"column":16}},"98":{"start":{"line":303,"column":4},"end":{"line":303,"column":46}},"99":{"start":{"line":307,"column":0},"end":{"line":307,"column":37}}},"fnMap":{"0":{"name":"(anonymous_0)","decl":{"start":{"line":14,"column":2},"end":{"line":14,"column":3}},"loc":{"start":{"line":14,"column":16},"end":{"line":19,"column":3}},"line":14},"1":{"name":"(anonymous_1)","decl":{"start":{"line":26,"column":2},"end":{"line":26,"column":3}},"loc":{"start":{"line":26,"column":31},"end":{"line":29,"column":3}},"line":26},"2":{"name":"(anonymous_2)","decl":{"start":{"line":47,"column":2},"end":{"line":47,"column":3}},"loc":{"start":{"line":47,"column":21},"end":{"line":139,"column":3}},"line":47},"3":{"name":"(anonymous_3)","decl":{"start":{"line":145,"column":2},"end":{"line":145,"column":3}},"loc":{"start":{"line":145,"column":37},"end":{"line":164,"column":3}},"line":145},"4":{"name":"(anonymous_4)","decl":{"start":{"line":170,"column":2},"end":{"line":170,"column":3}},"loc":{"start":{"line":170,"column":45},"end":{"line":181,"column":3}},"line":170},"5":{"name":"(anonymous_5)","decl":{"start":{"line":187,"column":2},"end":{"line":187,"column":3}},"loc":{"start":{"line":187,"column":43},"end":{"line":206,"column":3}},"line":187},"6":{"name":"(anonymous_6)","decl":{"start":{"line":214,"column":2},"end":{"line":214,"column":3}},"loc":{"start":{"line":214,"column":22},"end":{"line":252,"column":3}},"line":214},"7":{"name":"(anonymous_7)","decl":{"start":{"line":248,"column":50},"end":{"line":248,"column":51}},"loc":{"start":{"line":248,"column":55},"end":{"line":248,"column":69}},"line":248},"8":{"name":"(anonymous_8)","decl":{"start":{"line":262,"column":2},"end":{"line":262,"column":3}},"loc":{"start":{"line":262,"column":31},"end":{"line":295,"column":3}},"line":262},"9":{"name":"(anonymous_9)","decl":{"start":{"line":302,"column":2},"end":{"line":302,"column":3}},"loc":{"start":{"line":302,"column":25},"end":{"line":304,"column":3}},"line":302}},"branchMap":{"0":{"loc":{"start":{"line":63,"column":4},"end":{"line":105,"column":5}},"type":"if","locations":[{"start":{"line":63,"column":4},"end":{"line":105,"column":5}},{"start":{"line":71,"column":9},"end":{"line":105,"column":5}}],"line":63},"1":{"loc":{"start":{"line":63,"column":8},"end":{"line":63,"column":45}},"type":"binary-expr","locations":[{"start":{"line":63,"column":8},"end":{"line":63,"column":21}},{"start":{"line":63,"column":25},"end":{"line":63,"column":45}}],"line":63},"2":{"loc":{"start":{"line":64,"column":23},"end":{"line":64,"column":93}},"type":"binary-expr","locations":[{"start":{"line":64,"column":23},"end":{"line":64,"column":43}},{"start":{"line":64,"column":47},"end":{"line":64,"column":93}}],"line":64},"3":{"loc":{"start":{"line":67,"column":19},"end":{"line":67,"column":50}},"type":"binary-expr","locations":[{"start":{"line":67,"column":19},"end":{"line":67,"column":43}},{"start":{"line":67,"column":47},"end":{"line":67,"column":50}}],"line":67},"4":{"loc":{"start":{"line":71,"column":9},"end":{"line":105,"column":5}},"type":"if","locations":[{"start":{"line":71,"column":9},"end":{"line":105,"column":5}},{"start":{"line":86,"column":9},"end":{"line":105,"column":5}}],"line":71},"5":{"loc":{"start":{"line":71,"column":13},"end":{"line":71,"column":50}},"type":"binary-expr","locations":[{"start":{"line":71,"column":13},"end":{"line":71,"column":26}},{"start":{"line":71,"column":30},"end":{"line":71,"column":50}}],"line":71},"6":{"loc":{"start":{"line":75,"column":19},"end":{"line":75,"column":50}},"type":"binary-expr","locations":[{"start":{"line":75,"column":19},"end":{"line":75,"column":43}},{"start":{"line":75,"column":47},"end":{"line":75,"column":50}}],"line":75},"7":{"loc":{"start":{"line":78,"column":6},"end":{"line":81,"column":7}},"type":"if","locations":[{"start":{"line":78,"column":6},"end":{"line":81,"column":7}},{"start":{},"end":{}}],"line":78},"8":{"loc":{"start":{"line":80,"column":42},"end":{"line":80,"column":74}},"type":"binary-expr","locations":[{"start":{"line":80,"column":42},"end":{"line":80,"column":67}},{"start":{"line":80,"column":71},"end":{"line":80,"column":74}}],"line":80},"9":{"loc":{"start":{"line":86,"column":9},"end":{"line":105,"column":5}},"type":"if","locations":[{"start":{"line":86,"column":9},"end":{"line":105,"column":5}},{"start":{"line":100,"column":9},"end":{"line":105,"column":5}}],"line":86},"10":{"loc":{"start":{"line":86,"column":13},"end":{"line":86,"column":48}},"type":"binary-expr","locations":[{"start":{"line":86,"column":13},"end":{"line":86,"column":25}},{"start":{"line":86,"column":29},"end":{"line":86,"column":48}}],"line":86},"11":{"loc":{"start":{"line":90,"column":19},"end":{"line":90,"column":49}},"type":"binary-expr","locations":[{"start":{"line":90,"column":19},"end":{"line":90,"column":42}},{"start":{"line":90,"column":46},"end":{"line":90,"column":49}}],"line":90},"12":{"loc":{"start":{"line":93,"column":6},"end":{"line":95,"column":7}},"type":"if","locations":[{"start":{"line":93,"column":6},"end":{"line":95,"column":7}},{"start":{},"end":{}}],"line":93},"13":{"loc":{"start":{"line":109,"column":4},"end":{"line":111,"column":5}},"type":"if","locations":[{"start":{"line":109,"column":4},"end":{"line":111,"column":5}},{"start":{},"end":{}}],"line":109},"14":{"loc":{"start":{"line":109,"column":8},"end":{"line":109,"column":43}},"type":"binary-expr","locations":[{"start":{"line":109,"column":8},"end":{"line":109,"column":21}},{"start":{"line":109,"column":25},"end":{"line":109,"column":43}}],"line":109},"15":{"loc":{"start":{"line":126,"column":4},"end":{"line":128,"column":5}},"type":"if","locations":[{"start":{"line":126,"column":4},"end":{"line":128,"column":5}},{"start":{},"end":{}}],"line":126},"16":{"loc":{"start":{"line":146,"column":4},"end":{"line":146,"column":31}},"type":"if","locations":[{"start":{"line":146,"column":4},"end":{"line":146,"column":31}},{"start":{},"end":{}}],"line":146},"17":{"loc":{"start":{"line":151,"column":4},"end":{"line":153,"column":5}},"type":"if","locations":[{"start":{"line":151,"column":4},"end":{"line":153,"column":5}},{"start":{},"end":{}}],"line":151},"18":{"loc":{"start":{"line":157,"column":4},"end":{"line":161,"column":5}},"type":"if","locations":[{"start":{"line":157,"column":4},"end":{"line":161,"column":5}},{"start":{"line":159,"column":11},"end":{"line":161,"column":5}}],"line":157},"19":{"loc":{"start":{"line":157,"column":8},"end":{"line":157,"column":58}},"type":"binary-expr","locations":[{"start":{"line":157,"column":8},"end":{"line":157,"column":32}},{"start":{"line":157,"column":36},"end":{"line":157,"column":58}}],"line":157},"20":{"loc":{"start":{"line":159,"column":11},"end":{"line":161,"column":5}},"type":"if","locations":[{"start":{"line":159,"column":11},"end":{"line":161,"column":5}},{"start":{},"end":{}}],"line":159},"21":{"loc":{"start":{"line":159,"column":15},"end":{"line":159,"column":64}},"type":"binary-expr","locations":[{"start":{"line":159,"column":15},"end":{"line":159,"column":38}},{"start":{"line":159,"column":42},"end":{"line":159,"column":64}}],"line":159},"22":{"loc":{"start":{"line":171,"column":4},"end":{"line":171,"column":54}},"type":"if","locations":[{"start":{"line":171,"column":4},"end":{"line":171,"column":54}},{"start":{},"end":{}}],"line":171},"23":{"loc":{"start":{"line":171,"column":8},"end":{"line":171,"column":38}},"type":"binary-expr","locations":[{"start":{"line":171,"column":8},"end":{"line":171,"column":15}},{"start":{"line":171,"column":19},"end":{"line":171,"column":38}}],"line":171},"24":{"loc":{"start":{"line":176,"column":4},"end":{"line":178,"column":5}},"type":"if","locations":[{"start":{"line":176,"column":4},"end":{"line":178,"column":5}},{"start":{},"end":{}}],"line":176},"25":{"loc":{"start":{"line":196,"column":6},"end":{"line":202,"column":7}},"type":"if","locations":[{"start":{"line":196,"column":6},"end":{"line":202,"column":7}},{"start":{},"end":{}}],"line":196},"26":{"loc":{"start":{"line":196,"column":10},"end":{"line":196,"column":57}},"type":"binary-expr","locations":[{"start":{"line":196,"column":10},"end":{"line":196,"column":28}},{"start":{"line":196,"column":32},"end":{"line":196,"column":57}}],"line":196},"27":{"loc":{"start":{"line":225,"column":8},"end":{"line":236,"column":9}},"type":"if","locations":[{"start":{"line":225,"column":8},"end":{"line":236,"column":9}},{"start":{"line":231,"column":15},"end":{"line":236,"column":9}}],"line":225},"28":{"loc":{"start":{"line":263,"column":4},"end":{"line":265,"column":5}},"type":"if","locations":[{"start":{"line":263,"column":4},"end":{"line":265,"column":5}},{"start":{},"end":{}}],"line":263},"29":{"loc":{"start":{"line":263,"column":8},"end":{"line":263,"column":24}},"type":"binary-expr","locations":[{"start":{"line":263,"column":8},"end":{"line":263,"column":13}},{"start":{"line":263,"column":17},"end":{"line":263,"column":24}}],"line":263},"30":{"loc":{"start":{"line":268,"column":23},"end":{"line":268,"column":67}},"type":"cond-expr","locations":[{"start":{"line":268,"column":37},"end":{"line":268,"column":62}},{"start":{"line":268,"column":65},"end":{"line":268,"column":67}}],"line":268},"31":{"loc":{"start":{"line":284,"column":6},"end":{"line":291,"column":7}},"type":"if","locations":[{"start":{"line":284,"column":6},"end":{"line":291,"column":7}},{"start":{},"end":{}}],"line":284},"32":{"loc":{"start":{"line":284,"column":10},"end":{"line":284,"column":38}},"type":"binary-expr","locations":[{"start":{"line":284,"column":10},"end":{"line":284,"column":21}},{"start":{"line":284,"column":25},"end":{"line":284,"column":38}}],"line":284},"33":{"loc":{"start":{"line":302,"column":13},"end":{"line":302,"column":23}},"type":"default-arg","locations":[{"start":{"line":302,"column":21},"end":{"line":302,"column":23}}],"line":302}},"s":{"0":49,"1":49,"2":49,"3":49,"4":49,"5":10,"6":10,"7":28,"8":28,"9":28,"10":28,"11":28,"12":28,"13":4,"14":4,"15":4,"16":4,"17":4,"18":24,"19":4,"20":4,"21":4,"22":4,"23":4,"24":3,"25":3,"26":4,"27":20,"28":3,"29":3,"30":3,"31":3,"32":3,"33":2,"34":3,"35":17,"36":17,"37":17,"38":17,"39":28,"40":28,"41":0,"42":28,"43":28,"44":28,"45":2,"46":28,"47":28,"48":3,"49":0,"50":3,"51":3,"52":3,"53":3,"54":1,"55":2,"56":1,"57":3,"58":2,"59":1,"60":1,"61":1,"62":1,"63":1,"64":28,"65":28,"66":28,"67":28,"68":28,"69":63,"70":63,"71":5,"72":28,"73":6,"74":6,"75":6,"76":6,"77":6,"78":5,"79":4,"80":1,"81":1,"82":1,"83":6,"84":6,"85":6,"86":12,"87":2,"88":10,"89":10,"90":10,"91":10,"92":40,"93":40,"94":40,"95":7,"96":7,"97":3,"98":4,"99":49},"f":{"0":49,"1":10,"2":28,"3":3,"4":2,"5":28,"6":6,"7":6,"8":12,"9":4},"b":{"0":[4,24],"1":[28,4],"2":[4,0],"3":[4,1],"4":[4,20],"5":[24,20],"6":[4,1],"7":[3,1],"8":[3,1],"9":[3,17],"10":[20,19],"11":[3,2],"12":[2,1],"13":[0,28],"14":[28,22],"15":[2,26],"16":[0,3],"17":[3,0],"18":[1,2],"19":[3,1],"20":[1,1],"21":[2,1],"22":[1,1],"23":[2,2],"24":[1,0],"25":[5,58],"26":[63,37],"27":[5,1],"28":[2,10],"29":[12,11],"30":[10,0],"31":[7,33],"32":[40,9],"33":[3]},"_coverageSchema":"1a1c01bbd47fc00a2c39e90264f33305004495a9","hash":"cf2513cf2db99265e847e746b4ebc66171cb0f6a"}
}
