TN:
SF:src/layers/cognitive-controller.js
FN:14,(anonymous_0)
FN:26,(anonymous_1)
FN:47,(anonymous_2)
FN:145,(anonymous_3)
FN:170,(anonymous_4)
FN:187,(anonymous_5)
FN:214,(anonymous_6)
FN:248,(anonymous_7)
FN:262,(anonymous_8)
FN:302,(anonymous_9)
FNF:10
FNH:10
FNDA:49,(anonymous_0)
FNDA:10,(anonymous_1)
FNDA:28,(anonymous_2)
FNDA:3,(anonymous_3)
FNDA:2,(anonymous_4)
FNDA:28,(anonymous_5)
FNDA:6,(anonymous_6)
FNDA:6,(anonymous_7)
FNDA:12,(anonymous_8)
FNDA:4,(anonymous_9)
DA:11,49
DA:15,49
DA:16,49
DA:17,49
DA:18,49
DA:27,10
DA:28,10
DA:48,28
DA:57,28
DA:58,28
DA:59,28
DA:60,28
DA:63,28
DA:64,4
DA:65,4
DA:66,4
DA:67,4
DA:68,4
DA:71,24
DA:72,4
DA:73,4
DA:74,4
DA:75,4
DA:78,4
DA:79,3
DA:80,3
DA:83,4
DA:86,20
DA:87,3
DA:88,3
DA:89,3
DA:90,3
DA:93,3
DA:94,2
DA:97,3
DA:101,17
DA:102,17
DA:103,17
DA:104,17
DA:108,28
DA:109,28
DA:110,0
DA:113,28
DA:125,28
DA:126,28
DA:127,2
DA:130,28
DA:138,28
DA:146,3
DA:148,3
DA:151,3
DA:152,3
DA:157,3
DA:158,1
DA:159,2
DA:160,1
DA:163,3
DA:171,2
DA:173,1
DA:176,1
DA:177,1
DA:180,1
DA:188,28
DA:190,28
DA:192,28
DA:194,28
DA:195,63
DA:196,63
DA:197,5
DA:205,28
DA:215,6
DA:221,6
DA:223,6
DA:224,6
DA:225,6
DA:226,5
DA:227,4
DA:232,1
DA:238,1
DA:239,1
DA:246,6
DA:248,6
DA:251,6
DA:263,12
DA:264,2
DA:267,10
DA:268,10
DA:270,10
DA:280,10
DA:281,40
DA:282,40
DA:284,40
DA:285,7
DA:290,7
DA:294,3
DA:303,4
DA:307,49
LF:97
LH:96
BRDA:63,0,0,4
BRDA:63,0,1,24
BRDA:63,1,0,28
BRDA:63,1,1,4
BRDA:64,2,0,4
BRDA:64,2,1,0
BRDA:67,3,0,4
BRDA:67,3,1,1
BRDA:71,4,0,4
BRDA:71,4,1,20
BRDA:71,5,0,24
BRDA:71,5,1,20
BRDA:75,6,0,4
BRDA:75,6,1,1
BRDA:78,7,0,3
BRDA:78,7,1,1
BRDA:80,8,0,3
BRDA:80,8,1,1
BRDA:86,9,0,3
BRDA:86,9,1,17
BRDA:86,10,0,20
BRDA:86,10,1,19
BRDA:90,11,0,3
BRDA:90,11,1,2
BRDA:93,12,0,2
BRDA:93,12,1,1
BRDA:109,13,0,0
BRDA:109,13,1,28
BRDA:109,14,0,28
BRDA:109,14,1,22
BRDA:126,15,0,2
BRDA:126,15,1,26
BRDA:146,16,0,0
BRDA:146,16,1,3
BRDA:151,17,0,3
BRDA:151,17,1,0
BRDA:157,18,0,1
BRDA:157,18,1,2
BRDA:157,19,0,3
BRDA:157,19,1,1
BRDA:159,20,0,1
BRDA:159,20,1,1
BRDA:159,21,0,2
BRDA:159,21,1,1
BRDA:171,22,0,1
BRDA:171,22,1,1
BRDA:171,23,0,2
BRDA:171,23,1,2
BRDA:176,24,0,1
BRDA:176,24,1,0
BRDA:196,25,0,5
BRDA:196,25,1,58
BRDA:196,26,0,63
BRDA:196,26,1,37
BRDA:225,27,0,5
BRDA:225,27,1,1
BRDA:263,28,0,2
BRDA:263,28,1,10
BRDA:263,29,0,12
BRDA:263,29,1,11
BRDA:268,30,0,10
BRDA:268,30,1,0
BRDA:284,31,0,7
BRDA:284,31,1,33
BRDA:284,32,0,40
BRDA:284,32,1,9
BRDA:302,33,0,3
BRF:67
BRH:61
end_of_record
