<?xml version="1.0" encoding="UTF-8"?>
<testsuites name="jest tests" tests="6" failures="1" errors="0" time="359.714">
  <testsuite name="Robustness Suite" errors="0" failures="1" skipped="0" timestamp="2026-04-17T08:36:59" time="359.638" tests="6">
    <testcase classname="Robustness Suite Long-Running Stability should survive extended period without getting stuck" name="Robustness Suite Long-Running Stability should survive extended period without getting stuck" time="303.44">
    </testcase>
    <testcase classname="Robustness Suite Failure Recovery should recover from 3 consecutive action failures" name="Robustness Suite Failure Recovery should recover from 3 consecutive action failures" time="4.852">
    </testcase>
    <testcase classname="Robustness Suite Autonomous Behavior should generate and complete autonomous goal" name="Robustness Suite Autonomous Behavior should generate and complete autonomous goal" time="32.666">
    </testcase>
    <testcase classname="Robustness Suite Memory Management should consolidate memory automatically" name="Robustness Suite Memory Management should consolidate memory automatically" time="2.031">
    </testcase>
    <testcase classname="Robustness Suite Learning should generate reflection learnings" name="Robustness Suite Learning should generate reflection learnings" time="1.725">
    </testcase>
    <testcase classname="Robustness Suite Integration Verification should maintain all robustness features together" name="Robustness Suite Integration Verification should maintain all robustness features together" time="13.68">
      <failure>Error: expect(received).toBe(expected) // Object.is equality

Expected: true
Received: false
    at Object.toBe (/home/seryki/.openclaw/workspace/minecraft-ai-bot/tests/e2e/robustness-suite.test.js:485:32)
    at processTicksAndRejections (node:internal/process/task_queues:103:5)</failure>
    </testcase>
  </testsuite>
</testsuites>