{"/home/seryki/.openclaw/workspace/minecraft-ai-bot/personality/personality-engine.js": {"path":"/home/seryki/.openclaw/workspace/minecraft-ai-bot/personality/personality-engine.js","statementMap":{"0":{"start":{"line":15,"column":11},"end":{"line":15,"column":33}},"1":{"start":{"line":16,"column":13},"end":{"line":16,"column":28}},"2":{"start":{"line":17,"column":16},"end":{"line":17,"column":44}},"3":{"start":{"line":18,"column":15},"end":{"line":18,"column":45}},"4":{"start":{"line":21,"column":18},"end":{"line":21,"column":21}},"5":{"start":{"line":22,"column":18},"end":{"line":22,"column":21}},"6":{"start":{"line":25,"column":27},"end":{"line":32,"column":1}},"7":{"start":{"line":35,"column":23},"end":{"line":42,"column":1}},"8":{"start":{"line":45,"column":31},"end":{"line":56,"column":1}},"9":{"start":{"line":60,"column":4},"end":{"line":60,"column":40}},"10":{"start":{"line":61,"column":4},"end":{"line":61,"column":44}},"11":{"start":{"line":62,"column":4},"end":{"line":62,"column":24}},"12":{"start":{"line":63,"column":4},"end":{"line":63,"column":25}},"13":{"start":{"line":66,"column":4},"end":{"line":73,"column":7}},"14":{"start":{"line":67,"column":6},"end":{"line":72,"column":7}},"15":{"start":{"line":68,"column":8},"end":{"line":68,"column":97}},"16":{"start":{"line":70,"column":8},"end":{"line":70,"column":74}},"17":{"start":{"line":71,"column":8},"end":{"line":71,"column":27}},"18":{"start":{"line":80,"column":4},"end":{"line":87,"column":7}},"19":{"start":{"line":81,"column":6},"end":{"line":86,"column":10}},"20":{"start":{"line":96,"column":4},"end":{"line":132,"column":5}},"21":{"start":{"line":97,"column":22},"end":{"line":97,"column":57}},"22":{"start":{"line":98,"column":6},"end":{"line":98,"column":31}},"23":{"start":{"line":101,"column":21},"end":{"line":101,"column":57}},"24":{"start":{"line":103,"column":6},"end":{"line":110,"column":7}},"25":{"start":{"line":104,"column":8},"end":{"line":104,"column":85}},"26":{"start":{"line":105,"column":8},"end":{"line":105,"column":44}},"27":{"start":{"line":106,"column":8},"end":{"line":106,"column":48}},"28":{"start":{"line":108,"column":8},"end":{"line":108,"column":36}},"29":{"start":{"line":109,"column":8},"end":{"line":109,"column":40}},"30":{"start":{"line":113,"column":6},"end":{"line":113,"column":39}},"31":{"start":{"line":115,"column":6},"end":{"line":115,"column":25}},"32":{"start":{"line":116,"column":6},"end":{"line":119,"column":9}},"33":{"start":{"line":121,"column":6},"end":{"line":121,"column":32}},"34":{"start":{"line":123,"column":6},"end":{"line":126,"column":9}},"35":{"start":{"line":128,"column":6},"end":{"line":128,"column":42}},"36":{"start":{"line":129,"column":6},"end":{"line":129,"column":46}},"37":{"start":{"line":130,"column":6},"end":{"line":130,"column":25}},"38":{"start":{"line":131,"column":6},"end":{"line":131,"column":32}},"39":{"start":{"line":141,"column":19},"end":{"line":141,"column":21}},"40":{"start":{"line":144,"column":23},"end":{"line":144,"column":65}},"41":{"start":{"line":147,"column":4},"end":{"line":156,"column":5}},"42":{"start":{"line":148,"column":24},"end":{"line":148,"column":46}},"43":{"start":{"line":149,"column":25},"end":{"line":149,"column":45}},"44":{"start":{"line":152,"column":6},"end":{"line":155,"column":7}},"45":{"start":{"line":154,"column":8},"end":{"line":154,"column":81}},"46":{"start":{"line":158,"column":4},"end":{"line":158,"column":18}},"47":{"start":{"line":166,"column":4},"end":{"line":190,"column":7}},"48":{"start":{"line":167,"column":6},"end":{"line":189,"column":8}},"49":{"start":{"line":171,"column":10},"end":{"line":175,"column":11}},"50":{"start":{"line":172,"column":12},"end":{"line":172,"column":102}},"51":{"start":{"line":173,"column":12},"end":{"line":173,"column":22}},"52":{"start":{"line":174,"column":12},"end":{"line":174,"column":19}},"53":{"start":{"line":177,"column":10},"end":{"line":186,"column":11}},"54":{"start":{"line":178,"column":12},"end":{"line":184,"column":15}},"55":{"start":{"line":179,"column":32},"end":{"line":179,"column":46}},"56":{"start":{"line":180,"column":14},"end":{"line":183,"column":15}},"57":{"start":{"line":181,"column":16},"end":{"line":181,"column":59}},"58":{"start":{"line":182,"column":16},"end":{"line":182,"column":60}},"59":{"start":{"line":185,"column":12},"end":{"line":185,"column":94}},"60":{"start":{"line":187,"column":10},"end":{"line":187,"column":20}},"61":{"start":{"line":198,"column":22},"end":{"line":198,"column":32}},"62":{"start":{"line":199,"column":21},"end":{"line":199,"column":23}},"63":{"start":{"line":201,"column":4},"end":{"line":222,"column":5}},"64":{"start":{"line":202,"column":24},"end":{"line":202,"column":66}},"65":{"start":{"line":204,"column":6},"end":{"line":221,"column":10}},"66":{"start":{"line":205,"column":8},"end":{"line":220,"column":10}},"67":{"start":{"line":210,"column":12},"end":{"line":218,"column":13}},"68":{"start":{"line":211,"column":14},"end":{"line":214,"column":17}},"69":{"start":{"line":215,"column":14},"end":{"line":215,"column":26}},"70":{"start":{"line":217,"column":14},"end":{"line":217,"column":24}},"71":{"start":{"line":224,"column":4},"end":{"line":224,"column":39}},"72":{"start":{"line":225,"column":4},"end":{"line":225,"column":93}},"73":{"start":{"line":233,"column":4},"end":{"line":235,"column":5}},"74":{"start":{"line":234,"column":6},"end":{"line":234,"column":73}},"75":{"start":{"line":236,"column":4},"end":{"line":236,"column":30}},"76":{"start":{"line":246,"column":4},"end":{"line":248,"column":5}},"77":{"start":{"line":247,"column":6},"end":{"line":247,"column":16}},"78":{"start":{"line":251,"column":26},"end":{"line":277,"column":6}},"79":{"start":{"line":252,"column":25},"end":{"line":252,"column":49}},"80":{"start":{"line":253,"column":31},"end":{"line":253,"column":71}},"81":{"start":{"line":256,"column":29},"end":{"line":256,"column":32}},"82":{"start":{"line":258,"column":6},"end":{"line":262,"column":7}},"83":{"start":{"line":259,"column":8},"end":{"line":261,"column":9}},"84":{"start":{"line":260,"column":10},"end":{"line":260,"column":66}},"85":{"start":{"line":265,"column":6},"end":{"line":267,"column":7}},"86":{"start":{"line":266,"column":8},"end":{"line":266,"column":32}},"87":{"start":{"line":269,"column":6},"end":{"line":271,"column":7}},"88":{"start":{"line":270,"column":8},"end":{"line":270,"column":32}},"89":{"start":{"line":273,"column":6},"end":{"line":276,"column":8}},"90":{"start":{"line":280,"column":4},"end":{"line":280,"column":74}},"91":{"start":{"line":280,"column":33},"end":{"line":280,"column":72}},"92":{"start":{"line":282,"column":4},"end":{"line":286,"column":7}},"93":{"start":{"line":288,"column":4},"end":{"line":288,"column":25}},"94":{"start":{"line":297,"column":4},"end":{"line":300,"column":5}},"95":{"start":{"line":298,"column":6},"end":{"line":298,"column":69}},"96":{"start":{"line":299,"column":6},"end":{"line":299,"column":32}},"97":{"start":{"line":302,"column":20},"end":{"line":302,"column":56}},"98":{"start":{"line":304,"column":4},"end":{"line":307,"column":5}},"99":{"start":{"line":305,"column":6},"end":{"line":305,"column":94}},"100":{"start":{"line":306,"column":6},"end":{"line":306,"column":32}},"101":{"start":{"line":309,"column":29},"end":{"line":309,"column":36}},"102":{"start":{"line":310,"column":22},"end":{"line":310,"column":50}},"103":{"start":{"line":311,"column":24},"end":{"line":311,"column":41}},"104":{"start":{"line":314,"column":21},"end":{"line":314,"column":39}},"105":{"start":{"line":315,"column":19},"end":{"line":315,"column":41}},"106":{"start":{"line":318,"column":4},"end":{"line":318,"column":66}},"107":{"start":{"line":321,"column":23},"end":{"line":321,"column":71}},"108":{"start":{"line":323,"column":4},"end":{"line":323,"column":34}},"109":{"start":{"line":325,"column":4},"end":{"line":331,"column":7}},"110":{"start":{"line":334,"column":4},"end":{"line":334,"column":31}},"111":{"start":{"line":336,"column":4},"end":{"line":336,"column":30}},"112":{"start":{"line":344,"column":22},"end":{"line":344,"column":40}},"113":{"start":{"line":347,"column":4},"end":{"line":347,"column":41}},"114":{"start":{"line":350,"column":4},"end":{"line":350,"column":38}},"115":{"start":{"line":352,"column":4},"end":{"line":355,"column":7}},"116":{"start":{"line":357,"column":4},"end":{"line":357,"column":30}},"117":{"start":{"line":365,"column":4},"end":{"line":379,"column":7}},"118":{"start":{"line":366,"column":6},"end":{"line":378,"column":8}},"119":{"start":{"line":370,"column":10},"end":{"line":376,"column":11}},"120":{"start":{"line":371,"column":12},"end":{"line":371,"column":103}},"121":{"start":{"line":372,"column":12},"end":{"line":372,"column":24}},"122":{"start":{"line":374,"column":12},"end":{"line":374,"column":71}},"123":{"start":{"line":375,"column":12},"end":{"line":375,"column":22}},"124":{"start":{"line":387,"column":4},"end":{"line":397,"column":7}},"125":{"start":{"line":388,"column":6},"end":{"line":396,"column":9}},"126":{"start":{"line":389,"column":8},"end":{"line":395,"column":9}},"127":{"start":{"line":390,"column":10},"end":{"line":390,"column":94}},"128":{"start":{"line":391,"column":10},"end":{"line":391,"column":22}},"129":{"start":{"line":393,"column":10},"end":{"line":393,"column":61}},"130":{"start":{"line":394,"column":10},"end":{"line":394,"column":20}},"131":{"start":{"line":402,"column":15},"end":{"line":402,"column":19}},"132":{"start":{"line":410,"column":2},"end":{"line":412,"column":3}},"133":{"start":{"line":411,"column":4},"end":{"line":411,"column":45}},"134":{"start":{"line":413,"column":2},"end":{"line":413,"column":18}},"135":{"start":{"line":416,"column":0},"end":{"line":448,"column":2}},"136":{"start":{"line":420,"column":19},"end":{"line":420,"column":32}},"137":{"start":{"line":421,"column":4},"end":{"line":421,"column":37}},"138":{"start":{"line":424,"column":19},"end":{"line":424,"column":32}},"139":{"start":{"line":425,"column":4},"end":{"line":425,"column":30}},"140":{"start":{"line":428,"column":19},"end":{"line":428,"column":32}},"141":{"start":{"line":429,"column":4},"end":{"line":429,"column":54}},"142":{"start":{"line":432,"column":19},"end":{"line":432,"column":32}},"143":{"start":{"line":433,"column":4},"end":{"line":433,"column":49}},"144":{"start":{"line":436,"column":19},"end":{"line":436,"column":32}},"145":{"start":{"line":437,"column":4},"end":{"line":437,"column":37}},"146":{"start":{"line":440,"column":19},"end":{"line":440,"column":32}},"147":{"start":{"line":441,"column":4},"end":{"line":441,"column":26}}},"fnMap":{"0":{"name":"(anonymous_0)","decl":{"start":{"line":59,"column":2},"end":{"line":59,"column":3}},"loc":{"start":{"line":59,"column":71},"end":{"line":74,"column":3}},"line":59},"1":{"name":"(anonymous_1)","decl":{"start":{"line":66,"column":43},"end":{"line":66,"column":44}},"loc":{"start":{"line":66,"column":52},"end":{"line":73,"column":5}},"line":66},"2":{"name":"(anonymous_2)","decl":{"start":{"line":79,"column":2},"end":{"line":79,"column":3}},"loc":{"start":{"line":79,"column":16},"end":{"line":88,"column":3}},"line":79},"3":{"name":"(anonymous_3)","decl":{"start":{"line":80,"column":22},"end":{"line":80,"column":23}},"loc":{"start":{"line":80,"column":28},"end":{"line":87,"column":5}},"line":80},"4":{"name":"(anonymous_4)","decl":{"start":{"line":95,"column":2},"end":{"line":95,"column":3}},"loc":{"start":{"line":95,"column":80},"end":{"line":133,"column":3}},"line":95},"5":{"name":"(anonymous_5)","decl":{"start":{"line":140,"column":2},"end":{"line":140,"column":3}},"loc":{"start":{"line":140,"column":34},"end":{"line":159,"column":3}},"line":140},"6":{"name":"(anonymous_6)","decl":{"start":{"line":165,"column":2},"end":{"line":165,"column":3}},"loc":{"start":{"line":165,"column":30},"end":{"line":191,"column":3}},"line":165},"7":{"name":"(anonymous_7)","decl":{"start":{"line":166,"column":23},"end":{"line":166,"column":24}},"loc":{"start":{"line":166,"column":44},"end":{"line":190,"column":5}},"line":166},"8":{"name":"(anonymous_8)","decl":{"start":{"line":170,"column":8},"end":{"line":170,"column":9}},"loc":{"start":{"line":170,"column":23},"end":{"line":188,"column":9}},"line":170},"9":{"name":"(anonymous_9)","decl":{"start":{"line":178,"column":25},"end":{"line":178,"column":26}},"loc":{"start":{"line":178,"column":32},"end":{"line":184,"column":13}},"line":178},"10":{"name":"(anonymous_10)","decl":{"start":{"line":197,"column":2},"end":{"line":197,"column":3}},"loc":{"start":{"line":197,"column":24},"end":{"line":226,"column":3}},"line":197},"11":{"name":"(anonymous_11)","decl":{"start":{"line":204,"column":32},"end":{"line":204,"column":33}},"loc":{"start":{"line":204,"column":53},"end":{"line":221,"column":7}},"line":204},"12":{"name":"(anonymous_12)","decl":{"start":{"line":209,"column":10},"end":{"line":209,"column":11}},"loc":{"start":{"line":209,"column":19},"end":{"line":219,"column":11}},"line":209},"13":{"name":"(anonymous_13)","decl":{"start":{"line":232,"column":2},"end":{"line":232,"column":3}},"loc":{"start":{"line":232,"column":14},"end":{"line":237,"column":3}},"line":232},"14":{"name":"(anonymous_14)","decl":{"start":{"line":245,"column":2},"end":{"line":245,"column":3}},"loc":{"start":{"line":245,"column":43},"end":{"line":289,"column":3}},"line":245},"15":{"name":"(anonymous_15)","decl":{"start":{"line":251,"column":38},"end":{"line":251,"column":39}},"loc":{"start":{"line":251,"column":48},"end":{"line":277,"column":5}},"line":251},"16":{"name":"(anonymous_16)","decl":{"start":{"line":280,"column":23},"end":{"line":280,"column":24}},"loc":{"start":{"line":280,"column":33},"end":{"line":280,"column":72}},"line":280},"17":{"name":"(anonymous_17)","decl":{"start":{"line":296,"column":2},"end":{"line":296,"column":3}},"loc":{"start":{"line":296,"column":39},"end":{"line":337,"column":3}},"line":296},"18":{"name":"(anonymous_18)","decl":{"start":{"line":343,"column":2},"end":{"line":343,"column":3}},"loc":{"start":{"line":343,"column":27},"end":{"line":358,"column":3}},"line":343},"19":{"name":"(anonymous_19)","decl":{"start":{"line":364,"column":2},"end":{"line":364,"column":3}},"loc":{"start":{"line":364,"column":31},"end":{"line":380,"column":3}},"line":364},"20":{"name":"(anonymous_20)","decl":{"start":{"line":365,"column":23},"end":{"line":365,"column":24}},"loc":{"start":{"line":365,"column":44},"end":{"line":379,"column":5}},"line":365},"21":{"name":"(anonymous_21)","decl":{"start":{"line":369,"column":8},"end":{"line":369,"column":9}},"loc":{"start":{"line":369,"column":17},"end":{"line":377,"column":9}},"line":369},"22":{"name":"(anonymous_22)","decl":{"start":{"line":386,"column":2},"end":{"line":386,"column":3}},"loc":{"start":{"line":386,"column":16},"end":{"line":398,"column":3}},"line":386},"23":{"name":"(anonymous_23)","decl":{"start":{"line":387,"column":23},"end":{"line":387,"column":24}},"loc":{"start":{"line":387,"column":44},"end":{"line":397,"column":5}},"line":387},"24":{"name":"(anonymous_24)","decl":{"start":{"line":388,"column":20},"end":{"line":388,"column":21}},"loc":{"start":{"line":388,"column":29},"end":{"line":396,"column":7}},"line":388},"25":{"name":"getInstance","decl":{"start":{"line":409,"column":9},"end":{"line":409,"column":20}},"loc":{"start":{"line":409,"column":29},"end":{"line":414,"column":1}},"line":409},"26":{"name":"(anonymous_26)","decl":{"start":{"line":419,"column":12},"end":{"line":419,"column":13}},"loc":{"start":{"line":419,"column":32},"end":{"line":422,"column":3}},"line":419},"27":{"name":"(anonymous_27)","decl":{"start":{"line":423,"column":13},"end":{"line":423,"column":14}},"loc":{"start":{"line":423,"column":19},"end":{"line":426,"column":3}},"line":423},"28":{"name":"(anonymous_28)","decl":{"start":{"line":427,"column":21},"end":{"line":427,"column":22}},"loc":{"start":{"line":427,"column":43},"end":{"line":430,"column":3}},"line":427},"29":{"name":"(anonymous_29)","decl":{"start":{"line":431,"column":21},"end":{"line":431,"column":22}},"loc":{"start":{"line":431,"column":44},"end":{"line":434,"column":3}},"line":431},"30":{"name":"(anonymous_30)","decl":{"start":{"line":435,"column":20},"end":{"line":435,"column":21}},"loc":{"start":{"line":435,"column":32},"end":{"line":438,"column":3}},"line":435},"31":{"name":"(anonymous_31)","decl":{"start":{"line":439,"column":9},"end":{"line":439,"column":10}},"loc":{"start":{"line":439,"column":21},"end":{"line":442,"column":3}},"line":439}},"branchMap":{"0":{"loc":{"start":{"line":59,"column":14},"end":{"line":59,"column":69}},"type":"default-arg","locations":[{"start":{"line":59,"column":23},"end":{"line":59,"column":69}}],"line":59},"1":{"loc":{"start":{"line":67,"column":6},"end":{"line":72,"column":7}},"type":"if","locations":[{"start":{"line":67,"column":6},"end":{"line":72,"column":7}},{"start":{"line":69,"column":13},"end":{"line":72,"column":7}}],"line":67},"2":{"loc":{"start":{"line":95,"column":17},"end":{"line":95,"column":78}},"type":"default-arg","locations":[{"start":{"line":95,"column":28},"end":{"line":95,"column":78}}],"line":95},"3":{"loc":{"start":{"line":103,"column":6},"end":{"line":110,"column":7}},"type":"if","locations":[{"start":{"line":103,"column":6},"end":{"line":110,"column":7}},{"start":{"line":107,"column":13},"end":{"line":110,"column":7}}],"line":103},"4":{"loc":{"start":{"line":152,"column":6},"end":{"line":155,"column":7}},"type":"if","locations":[{"start":{"line":152,"column":6},"end":{"line":155,"column":7}},{"start":{},"end":{}}],"line":152},"5":{"loc":{"start":{"line":152,"column":10},"end":{"line":152,"column":72}},"type":"binary-expr","locations":[{"start":{"line":152,"column":10},"end":{"line":152,"column":50}},{"start":{"line":152,"column":54},"end":{"line":152,"column":72}}],"line":152},"6":{"loc":{"start":{"line":171,"column":10},"end":{"line":175,"column":11}},"type":"if","locations":[{"start":{"line":171,"column":10},"end":{"line":175,"column":11}},{"start":{},"end":{}}],"line":171},"7":{"loc":{"start":{"line":177,"column":10},"end":{"line":186,"column":11}},"type":"if","locations":[{"start":{"line":177,"column":10},"end":{"line":186,"column":11}},{"start":{},"end":{}}],"line":177},"8":{"loc":{"start":{"line":177,"column":14},"end":{"line":177,"column":37}},"type":"binary-expr","locations":[{"start":{"line":177,"column":14},"end":{"line":177,"column":18}},{"start":{"line":177,"column":22},"end":{"line":177,"column":37}}],"line":177},"9":{"loc":{"start":{"line":180,"column":14},"end":{"line":183,"column":15}},"type":"if","locations":[{"start":{"line":180,"column":14},"end":{"line":183,"column":15}},{"start":{},"end":{}}],"line":180},"10":{"loc":{"start":{"line":202,"column":24},"end":{"line":202,"column":66}},"type":"binary-expr","locations":[{"start":{"line":202,"column":24},"end":{"line":202,"column":50}},{"start":{"line":202,"column":54},"end":{"line":202,"column":66}}],"line":202},"11":{"loc":{"start":{"line":210,"column":12},"end":{"line":218,"column":13}},"type":"if","locations":[{"start":{"line":210,"column":12},"end":{"line":218,"column":13}},{"start":{"line":216,"column":19},"end":{"line":218,"column":13}}],"line":210},"12":{"loc":{"start":{"line":233,"column":4},"end":{"line":235,"column":5}},"type":"if","locations":[{"start":{"line":233,"column":4},"end":{"line":235,"column":5}},{"start":{},"end":{}}],"line":233},"13":{"loc":{"start":{"line":245,"column":29},"end":{"line":245,"column":41}},"type":"default-arg","locations":[{"start":{"line":245,"column":39},"end":{"line":245,"column":41}}],"line":245},"14":{"loc":{"start":{"line":246,"column":4},"end":{"line":248,"column":5}},"type":"if","locations":[{"start":{"line":246,"column":4},"end":{"line":248,"column":5}},{"start":{},"end":{}}],"line":246},"15":{"loc":{"start":{"line":246,"column":8},"end":{"line":246,"column":55}},"type":"binary-expr","locations":[{"start":{"line":246,"column":8},"end":{"line":246,"column":31}},{"start":{"line":246,"column":35},"end":{"line":246,"column":55}}],"line":246},"16":{"loc":{"start":{"line":252,"column":25},"end":{"line":252,"column":49}},"type":"binary-expr","locations":[{"start":{"line":252,"column":25},"end":{"line":252,"column":36}},{"start":{"line":252,"column":40},"end":{"line":252,"column":49}}],"line":252},"17":{"loc":{"start":{"line":253,"column":31},"end":{"line":253,"column":71}},"type":"binary-expr","locations":[{"start":{"line":253,"column":31},"end":{"line":253,"column":65}},{"start":{"line":253,"column":69},"end":{"line":253,"column":71}}],"line":253},"18":{"loc":{"start":{"line":259,"column":8},"end":{"line":261,"column":9}},"type":"if","locations":[{"start":{"line":259,"column":8},"end":{"line":261,"column":9}},{"start":{},"end":{}}],"line":259},"19":{"loc":{"start":{"line":265,"column":6},"end":{"line":267,"column":7}},"type":"if","locations":[{"start":{"line":265,"column":6},"end":{"line":267,"column":7}},{"start":{},"end":{}}],"line":265},"20":{"loc":{"start":{"line":265,"column":10},"end":{"line":265,"column":53}},"type":"binary-expr","locations":[{"start":{"line":265,"column":10},"end":{"line":265,"column":24}},{"start":{"line":265,"column":28},"end":{"line":265,"column":53}}],"line":265},"21":{"loc":{"start":{"line":269,"column":6},"end":{"line":271,"column":7}},"type":"if","locations":[{"start":{"line":269,"column":6},"end":{"line":271,"column":7}},{"start":{},"end":{}}],"line":269},"22":{"loc":{"start":{"line":269,"column":10},"end":{"line":269,"column":89}},"type":"binary-expr","locations":[{"start":{"line":269,"column":10},"end":{"line":269,"column":30}},{"start":{"line":269,"column":34},"end":{"line":269,"column":60}},{"start":{"line":269,"column":64},"end":{"line":269,"column":89}}],"line":269},"23":{"loc":{"start":{"line":283,"column":17},"end":{"line":283,"column":49}},"type":"binary-expr","locations":[{"start":{"line":283,"column":17},"end":{"line":283,"column":39}},{"start":{"line":283,"column":43},"end":{"line":283,"column":49}}],"line":283},"24":{"loc":{"start":{"line":284,"column":16},"end":{"line":284,"column":55}},"type":"binary-expr","locations":[{"start":{"line":284,"column":16},"end":{"line":284,"column":50}},{"start":{"line":284,"column":54},"end":{"line":284,"column":55}}],"line":284},"25":{"loc":{"start":{"line":297,"column":4},"end":{"line":300,"column":5}},"type":"if","locations":[{"start":{"line":297,"column":4},"end":{"line":300,"column":5}},{"start":{},"end":{}}],"line":297},"26":{"loc":{"start":{"line":297,"column":8},"end":{"line":297,"column":41}},"type":"binary-expr","locations":[{"start":{"line":297,"column":8},"end":{"line":297,"column":20}},{"start":{"line":297,"column":24},"end":{"line":297,"column":41}}],"line":297},"27":{"loc":{"start":{"line":304,"column":4},"end":{"line":307,"column":5}},"type":"if","locations":[{"start":{"line":304,"column":4},"end":{"line":307,"column":5}},{"start":{},"end":{}}],"line":304},"28":{"loc":{"start":{"line":310,"column":22},"end":{"line":310,"column":50}},"type":"binary-expr","locations":[{"start":{"line":310,"column":22},"end":{"line":310,"column":43}},{"start":{"line":310,"column":47},"end":{"line":310,"column":50}}],"line":310},"29":{"loc":{"start":{"line":321,"column":23},"end":{"line":321,"column":71}},"type":"binary-expr","locations":[{"start":{"line":321,"column":23},"end":{"line":321,"column":45}},{"start":{"line":321,"column":49},"end":{"line":321,"column":71}}],"line":321},"30":{"loc":{"start":{"line":370,"column":10},"end":{"line":376,"column":11}},"type":"if","locations":[{"start":{"line":370,"column":10},"end":{"line":376,"column":11}},{"start":{"line":373,"column":17},"end":{"line":376,"column":11}}],"line":370},"31":{"loc":{"start":{"line":389,"column":8},"end":{"line":395,"column":9}},"type":"if","locations":[{"start":{"line":389,"column":8},"end":{"line":395,"column":9}},{"start":{"line":392,"column":15},"end":{"line":395,"column":9}}],"line":389},"32":{"loc":{"start":{"line":410,"column":2},"end":{"line":412,"column":3}},"type":"if","locations":[{"start":{"line":410,"column":2},"end":{"line":412,"column":3}},{"start":{},"end":{}}],"line":410}},"s":{"0":14,"1":14,"2":14,"3":14,"4":14,"5":14,"6":14,"7":14,"8":14,"9":13,"10":13,"11":13,"12":13,"13":13,"14":1,"15":0,"16":1,"17":1,"18":1,"19":1,"20":0,"21":0,"22":0,"23":0,"24":0,"25":0,"26":0,"27":0,"28":0,"29":0,"30":0,"31":0,"32":0,"33":0,"34":0,"35":0,"36":0,"37":0,"38":0,"39":0,"40":0,"41":0,"42":0,"43":0,"44":0,"45":0,"46":0,"47":0,"48":0,"49":0,"50":0,"51":0,"52":0,"53":0,"54":0,"55":0,"56":0,"57":0,"58":0,"59":0,"60":0,"61":0,"62":0,"63":0,"64":0,"65":0,"66":0,"67":0,"68":0,"69":0,"70":0,"71":0,"72":0,"73":23,"74":23,"75":23,"76":3,"77":1,"78":2,"79":3,"80":3,"81":3,"82":3,"83":8,"84":8,"85":3,"86":0,"87":3,"88":1,"89":3,"90":2,"91":1,"92":2,"93":2,"94":4,"95":1,"96":1,"97":3,"98":3,"99":1,"100":1,"101":2,"102":2,"103":2,"104":2,"105":2,"106":2,"107":2,"108":2,"109":2,"110":2,"111":2,"112":1,"113":1,"114":1,"115":1,"116":1,"117":0,"118":0,"119":0,"120":0,"121":0,"122":0,"123":0,"124":0,"125":0,"126":0,"127":0,"128":0,"129":0,"130":0,"131":14,"132":31,"133":1,"134":31,"135":14,"136":0,"137":0,"138":0,"139":0,"140":0,"141":0,"142":0,"143":0,"144":0,"145":0,"146":0,"147":0},"f":{"0":13,"1":1,"2":1,"3":1,"4":0,"5":0,"6":0,"7":0,"8":0,"9":0,"10":0,"11":0,"12":0,"13":23,"14":3,"15":3,"16":1,"17":4,"18":1,"19":0,"20":0,"21":0,"22":0,"23":0,"24":0,"25":31,"26":0,"27":0,"28":0,"29":0,"30":0,"31":0},"b":{"0":[13],"1":[0,1],"2":[0],"3":[0,0],"4":[0,0],"5":[0,0],"6":[0,0],"7":[0,0],"8":[0,0],"9":[0,0],"10":[0,0],"11":[0,0],"12":[23,0],"13":[2],"14":[1,2],"15":[3,3],"16":[3,0],"17":[3,0],"18":[8,0],"19":[0,3],"20":[3,1],"21":[1,2],"22":[3,1,1],"23":[2,0],"24":[2,0],"25":[1,3],"26":[4,3],"27":[1,2],"28":[2,0],"29":[2,2],"30":[0,0],"31":[0,0],"32":[1,30]},"_coverageSchema":"1a1c01bbd47fc00a2c39e90264f33305004495a9","hash":"84104c22928374c83c8111d872ac94329f932d18"}
,"/home/seryki/.openclaw/workspace/minecraft-ai-bot/src/chat/chat-handler.js": {"path":"/home/seryki/.openclaw/workspace/minecraft-ai-bot/src/chat/chat-handler.js","statementMap":{"0":{"start":{"line":15,"column":13},"end":{"line":15,"column":28}},"1":{"start":{"line":16,"column":21},"end":{"line":16,"column":54}},"2":{"start":{"line":17,"column":15},"end":{"line":17,"column":41}},"3":{"start":{"line":18,"column":24},"end":{"line":18,"column":48}},"4":{"start":{"line":19,"column":26},"end":{"line":19,"column":65}},"5":{"start":{"line":20,"column":46},"end":{"line":20,"column":93}},"6":{"start":{"line":21,"column":24},"end":{"line":21,"column":62}},"7":{"start":{"line":22,"column":24},"end":{"line":22,"column":61}},"8":{"start":{"line":25,"column":28},"end":{"line":25,"column":29}},"9":{"start":{"line":28,"column":17},"end":{"line":35,"column":1}},"10":{"start":{"line":43,"column":16},"end":{"line":43,"column":43}},"11":{"start":{"line":44,"column":2},"end":{"line":44,"column":67}},"12":{"start":{"line":53,"column":14},"end":{"line":53,"column":33}},"13":{"start":{"line":54,"column":2},"end":{"line":58,"column":16}},"14":{"start":{"line":71,"column":20},"end":{"line":71,"column":30}},"15":{"start":{"line":73,"column":2},"end":{"line":111,"column":3}},"16":{"start":{"line":75,"column":23},"end":{"line":75,"column":51}},"17":{"start":{"line":76,"column":6},"end":{"line":76,"column":130}},"18":{"start":{"line":77,"column":6},"end":{"line":77,"column":67}},"19":{"start":{"line":81,"column":24},"end":{"line":81,"column":49}},"20":{"start":{"line":82,"column":6},"end":{"line":82,"column":109}},"21":{"start":{"line":83,"column":6},"end":{"line":83,"column":55}},"22":{"start":{"line":87,"column":26},"end":{"line":87,"column":52}},"23":{"start":{"line":88,"column":20},"end":{"line":88,"column":44}},"24":{"start":{"line":89,"column":6},"end":{"line":94,"column":9}},"25":{"start":{"line":95,"column":6},"end":{"line":95,"column":62}},"26":{"start":{"line":99,"column":6},"end":{"line":99,"column":51}},"27":{"start":{"line":102,"column":6},"end":{"line":102,"column":97}},"28":{"start":{"line":103,"column":6},"end":{"line":103,"column":33}},"29":{"start":{"line":104,"column":6},"end":{"line":104,"column":54}},"30":{"start":{"line":107,"column":6},"end":{"line":107,"column":164}},"31":{"start":{"line":107,"column":71},"end":{"line":107,"column":109}},"32":{"start":{"line":110,"column":6},"end":{"line":110,"column":84}},"33":{"start":{"line":126,"column":17},"end":{"line":126,"column":46}},"34":{"start":{"line":127,"column":23},"end":{"line":127,"column":72}},"35":{"start":{"line":130,"column":14},"end":{"line":130,"column":33}},"36":{"start":{"line":131,"column":19},"end":{"line":131,"column":46}},"37":{"start":{"line":134,"column":17},"end":{"line":134,"column":39}},"38":{"start":{"line":139,"column":2},"end":{"line":172,"column":3}},"39":{"start":{"line":141,"column":6},"end":{"line":141,"column":101}},"40":{"start":{"line":142,"column":6},"end":{"line":142,"column":12}},"41":{"start":{"line":145,"column":6},"end":{"line":145,"column":100}},"42":{"start":{"line":146,"column":6},"end":{"line":146,"column":12}},"43":{"start":{"line":149,"column":6},"end":{"line":149,"column":91}},"44":{"start":{"line":150,"column":6},"end":{"line":150,"column":12}},"45":{"start":{"line":153,"column":6},"end":{"line":153,"column":77}},"46":{"start":{"line":154,"column":6},"end":{"line":154,"column":12}},"47":{"start":{"line":157,"column":6},"end":{"line":157,"column":92}},"48":{"start":{"line":158,"column":6},"end":{"line":158,"column":12}},"49":{"start":{"line":161,"column":6},"end":{"line":161,"column":91}},"50":{"start":{"line":162,"column":6},"end":{"line":162,"column":12}},"51":{"start":{"line":165,"column":6},"end":{"line":165,"column":101}},"52":{"start":{"line":166,"column":6},"end":{"line":166,"column":12}},"53":{"start":{"line":170,"column":6},"end":{"line":170,"column":105}},"54":{"start":{"line":171,"column":6},"end":{"line":171,"column":12}},"55":{"start":{"line":174,"column":2},"end":{"line":174,"column":18}},"56":{"start":{"line":183,"column":16},"end":{"line":183,"column":44}},"57":{"start":{"line":186,"column":2},"end":{"line":188,"column":3}},"58":{"start":{"line":187,"column":4},"end":{"line":187,"column":58}},"59":{"start":{"line":191,"column":2},"end":{"line":193,"column":3}},"60":{"start":{"line":192,"column":4},"end":{"line":192,"column":56}},"61":{"start":{"line":196,"column":2},"end":{"line":198,"column":3}},"62":{"start":{"line":197,"column":4},"end":{"line":197,"column":50}},"63":{"start":{"line":201,"column":2},"end":{"line":203,"column":3}},"64":{"start":{"line":202,"column":4},"end":{"line":202,"column":58}},"65":{"start":{"line":206,"column":2},"end":{"line":208,"column":3}},"66":{"start":{"line":207,"column":4},"end":{"line":207,"column":51}},"67":{"start":{"line":211,"column":2},"end":{"line":213,"column":3}},"68":{"start":{"line":212,"column":4},"end":{"line":212,"column":49}},"69":{"start":{"line":216,"column":2},"end":{"line":218,"column":3}},"70":{"start":{"line":217,"column":4},"end":{"line":217,"column":54}},"71":{"start":{"line":220,"column":2},"end":{"line":220,"column":51}},"72":{"start":{"line":227,"column":14},"end":{"line":227,"column":33}},"73":{"start":{"line":230,"column":2},"end":{"line":232,"column":3}},"74":{"start":{"line":231,"column":4},"end":{"line":231,"column":47}},"75":{"start":{"line":235,"column":25},"end":{"line":237,"column":3}},"76":{"start":{"line":236,"column":4},"end":{"line":236,"column":126}},"77":{"start":{"line":238,"column":2},"end":{"line":240,"column":3}},"78":{"start":{"line":239,"column":4},"end":{"line":239,"column":98}},"79":{"start":{"line":242,"column":2},"end":{"line":242,"column":93}},"80":{"start":{"line":249,"column":22},"end":{"line":249,"column":52}},"81":{"start":{"line":250,"column":17},"end":{"line":250,"column":37}},"82":{"start":{"line":253,"column":22},"end":{"line":253,"column":53}},"83":{"start":{"line":255,"column":20},"end":{"line":263,"column":3}},"84":{"start":{"line":265,"column":14},"end":{"line":265,"column":58}},"85":{"start":{"line":266,"column":23},"end":{"line":266,"column":37}},"86":{"start":{"line":267,"column":2},"end":{"line":267,"column":71}},"87":{"start":{"line":271,"column":2},"end":{"line":271,"column":36}},"88":{"start":{"line":271,"column":24},"end":{"line":271,"column":36}},"89":{"start":{"line":273,"column":22},"end":{"line":273,"column":37}},"90":{"start":{"line":275,"column":2},"end":{"line":288,"column":3}},"91":{"start":{"line":278,"column":6},"end":{"line":278,"column":18}},"92":{"start":{"line":280,"column":6},"end":{"line":280,"column":50}},"93":{"start":{"line":283,"column":6},"end":{"line":283,"column":54}},"94":{"start":{"line":285,"column":6},"end":{"line":285,"column":29}},"95":{"start":{"line":287,"column":6},"end":{"line":287,"column":18}},"96":{"start":{"line":295,"column":17},"end":{"line":295,"column":33}},"97":{"start":{"line":296,"column":14},"end":{"line":296,"column":33}},"98":{"start":{"line":297,"column":17},"end":{"line":297,"column":37}},"99":{"start":{"line":299,"column":22},"end":{"line":299,"column":53}},"100":{"start":{"line":302,"column":2},"end":{"line":308,"column":3}},"101":{"start":{"line":303,"column":4},"end":{"line":303,"column":74}},"102":{"start":{"line":304,"column":9},"end":{"line":308,"column":3}},"103":{"start":{"line":305,"column":4},"end":{"line":305,"column":88}},"104":{"start":{"line":307,"column":4},"end":{"line":307,"column":85}},"105":{"start":{"line":310,"column":23},"end":{"line":310,"column":145}},"106":{"start":{"line":311,"column":2},"end":{"line":311,"column":71}},"107":{"start":{"line":318,"column":17},"end":{"line":318,"column":37}},"108":{"start":{"line":319,"column":22},"end":{"line":319,"column":52}},"109":{"start":{"line":320,"column":22},"end":{"line":320,"column":53}},"110":{"start":{"line":323,"column":2},"end":{"line":329,"column":3}},"111":{"start":{"line":324,"column":4},"end":{"line":324,"column":57}},"112":{"start":{"line":325,"column":9},"end":{"line":329,"column":3}},"113":{"start":{"line":326,"column":4},"end":{"line":326,"column":59}},"114":{"start":{"line":328,"column":4},"end":{"line":328,"column":36}},"115":{"start":{"line":331,"column":2},"end":{"line":331,"column":63}},"116":{"start":{"line":338,"column":17},"end":{"line":338,"column":37}},"117":{"start":{"line":339,"column":21},"end":{"line":339,"column":45}},"118":{"start":{"line":340,"column":22},"end":{"line":340,"column":53}},"119":{"start":{"line":343,"column":2},"end":{"line":349,"column":3}},"120":{"start":{"line":344,"column":4},"end":{"line":346,"column":31}},"121":{"start":{"line":348,"column":4},"end":{"line":348,"column":69}},"122":{"start":{"line":351,"column":2},"end":{"line":351,"column":63}},"123":{"start":{"line":358,"column":17},"end":{"line":358,"column":37}},"124":{"start":{"line":359,"column":22},"end":{"line":359,"column":53}},"125":{"start":{"line":362,"column":2},"end":{"line":368,"column":3}},"126":{"start":{"line":363,"column":4},"end":{"line":363,"column":69}},"127":{"start":{"line":364,"column":9},"end":{"line":368,"column":3}},"128":{"start":{"line":365,"column":4},"end":{"line":365,"column":33}},"129":{"start":{"line":367,"column":4},"end":{"line":367,"column":29}},"130":{"start":{"line":370,"column":2},"end":{"line":370,"column":63}},"131":{"start":{"line":377,"column":17},"end":{"line":377,"column":37}},"132":{"start":{"line":378,"column":18},"end":{"line":378,"column":39}},"133":{"start":{"line":379,"column":22},"end":{"line":379,"column":53}},"134":{"start":{"line":382,"column":2},"end":{"line":388,"column":3}},"135":{"start":{"line":383,"column":4},"end":{"line":383,"column":59}},"136":{"start":{"line":384,"column":9},"end":{"line":388,"column":3}},"137":{"start":{"line":385,"column":4},"end":{"line":385,"column":45}},"138":{"start":{"line":387,"column":4},"end":{"line":387,"column":22}},"139":{"start":{"line":390,"column":2},"end":{"line":390,"column":63}},"140":{"start":{"line":397,"column":17},"end":{"line":397,"column":37}},"141":{"start":{"line":398,"column":21},"end":{"line":398,"column":45}},"142":{"start":{"line":399,"column":22},"end":{"line":399,"column":53}},"143":{"start":{"line":401,"column":20},"end":{"line":401,"column":83}},"144":{"start":{"line":402,"column":15},"end":{"line":402,"column":48}},"145":{"start":{"line":405,"column":2},"end":{"line":411,"column":3}},"146":{"start":{"line":406,"column":4},"end":{"line":408,"column":49}},"147":{"start":{"line":410,"column":4},"end":{"line":410,"column":126}},"148":{"start":{"line":413,"column":2},"end":{"line":413,"column":63}},"149":{"start":{"line":417,"column":17},"end":{"line":417,"column":37}},"150":{"start":{"line":418,"column":20},"end":{"line":418,"column":43}},"151":{"start":{"line":419,"column":22},"end":{"line":419,"column":53}},"152":{"start":{"line":422,"column":2},"end":{"line":428,"column":3}},"153":{"start":{"line":423,"column":4},"end":{"line":423,"column":93}},"154":{"start":{"line":424,"column":9},"end":{"line":428,"column":3}},"155":{"start":{"line":425,"column":4},"end":{"line":425,"column":76}},"156":{"start":{"line":427,"column":4},"end":{"line":427,"column":65}},"157":{"start":{"line":430,"column":2},"end":{"line":430,"column":63}},"158":{"start":{"line":441,"column":23},"end":{"line":441,"column":74}},"159":{"start":{"line":442,"column":28},"end":{"line":442,"column":51}},"160":{"start":{"line":443,"column":28},"end":{"line":443,"column":50}},"161":{"start":{"line":446,"column":26},"end":{"line":448,"column":4}},"162":{"start":{"line":451,"column":25},"end":{"line":451,"column":27}},"163":{"start":{"line":454,"column":23},"end":{"line":454,"column":27}},"164":{"start":{"line":455,"column":27},"end":{"line":455,"column":28}},"165":{"start":{"line":458,"column":22},"end":{"line":458,"column":50}},"166":{"start":{"line":466,"column":4},"end":{"line":470,"column":7}},"167":{"start":{"line":473,"column":4},"end":{"line":475,"column":5}},"168":{"start":{"line":474,"column":6},"end":{"line":474,"column":29}},"169":{"start":{"line":483,"column":25},"end":{"line":485,"column":63}},"170":{"start":{"line":488,"column":32},"end":{"line":488,"column":53}},"171":{"start":{"line":489,"column":4},"end":{"line":494,"column":5}},"172":{"start":{"line":489,"column":17},"end":{"line":489,"column":42}},"173":{"start":{"line":490,"column":6},"end":{"line":493,"column":7}},"174":{"start":{"line":491,"column":8},"end":{"line":491,"column":62}},"175":{"start":{"line":492,"column":8},"end":{"line":492,"column":14}},"176":{"start":{"line":496,"column":2},"end":{"line":501,"column":4}},"177":{"start":{"line":500,"column":54},"end":{"line":500,"column":64}},"178":{"start":{"line":505,"column":4},"end":{"line":518,"column":5}},"179":{"start":{"line":506,"column":22},"end":{"line":506,"column":66}},"180":{"start":{"line":508,"column":6},"end":{"line":512,"column":7}},"181":{"start":{"line":509,"column":8},"end":{"line":509,"column":58}},"182":{"start":{"line":510,"column":8},"end":{"line":510,"column":119}},"183":{"start":{"line":511,"column":8},"end":{"line":511,"column":23}},"184":{"start":{"line":514,"column":6},"end":{"line":514,"column":18}},"185":{"start":{"line":516,"column":6},"end":{"line":516,"column":71}},"186":{"start":{"line":517,"column":6},"end":{"line":517,"column":18}},"187":{"start":{"line":528,"column":4},"end":{"line":528,"column":42}},"188":{"start":{"line":528,"column":35},"end":{"line":528,"column":42}},"189":{"start":{"line":530,"column":4},"end":{"line":530,"column":63}},"190":{"start":{"line":533,"column":4},"end":{"line":533,"column":37}},"191":{"start":{"line":535,"column":20},"end":{"line":535,"column":32}},"192":{"start":{"line":536,"column":20},"end":{"line":536,"column":35}},"193":{"start":{"line":539,"column":27},"end":{"line":539,"column":62}},"194":{"start":{"line":540,"column":25},"end":{"line":540,"column":54}},"195":{"start":{"line":542,"column":4},"end":{"line":547,"column":5}},"196":{"start":{"line":544,"column":26},"end":{"line":544,"column":63}},"197":{"start":{"line":545,"column":6},"end":{"line":545,"column":49}},"198":{"start":{"line":546,"column":6},"end":{"line":546,"column":13}},"199":{"start":{"line":550,"column":4},"end":{"line":554,"column":5}},"200":{"start":{"line":551,"column":26},"end":{"line":551,"column":42}},"201":{"start":{"line":552,"column":6},"end":{"line":552,"column":49}},"202":{"start":{"line":553,"column":6},"end":{"line":553,"column":13}},"203":{"start":{"line":557,"column":22},"end":{"line":557,"column":60}},"204":{"start":{"line":559,"column":2},"end":{"line":589,"column":3}},"205":{"start":{"line":560,"column":4},"end":{"line":560,"column":119}},"206":{"start":{"line":563,"column":27},"end":{"line":563,"column":67}},"207":{"start":{"line":566,"column":28},"end":{"line":566,"column":48}},"208":{"start":{"line":568,"column":21},"end":{"line":576,"column":5}},"209":{"start":{"line":579,"column":4},"end":{"line":579,"column":43}},"210":{"start":{"line":582,"column":4},"end":{"line":582,"column":66}},"211":{"start":{"line":585,"column":4},"end":{"line":585,"column":68}},"212":{"start":{"line":588,"column":4},"end":{"line":588,"column":105}},"213":{"start":{"line":598,"column":4},"end":{"line":598,"column":78}},"214":{"start":{"line":600,"column":4},"end":{"line":620,"column":5}},"215":{"start":{"line":601,"column":31},"end":{"line":601,"column":56}},"216":{"start":{"line":603,"column":6},"end":{"line":606,"column":7}},"217":{"start":{"line":604,"column":8},"end":{"line":604,"column":72}},"218":{"start":{"line":605,"column":8},"end":{"line":605,"column":15}},"219":{"start":{"line":608,"column":23},"end":{"line":608,"column":86}},"220":{"start":{"line":609,"column":6},"end":{"line":609,"column":45}},"221":{"start":{"line":612,"column":6},"end":{"line":612,"column":82}},"222":{"start":{"line":615,"column":6},"end":{"line":615,"column":70}},"223":{"start":{"line":618,"column":6},"end":{"line":618,"column":60}},"224":{"start":{"line":619,"column":6},"end":{"line":619,"column":59}},"225":{"start":{"line":630,"column":4},"end":{"line":630,"column":23}},"226":{"start":{"line":633,"column":4},"end":{"line":633,"column":30}},"227":{"start":{"line":634,"column":4},"end":{"line":634,"column":36}},"228":{"start":{"line":637,"column":4},"end":{"line":642,"column":7}},"229":{"start":{"line":645,"column":4},"end":{"line":647,"column":5}},"230":{"start":{"line":646,"column":6},"end":{"line":646,"column":29}},"231":{"start":{"line":650,"column":4},"end":{"line":652,"column":5}},"232":{"start":{"line":651,"column":6},"end":{"line":651,"column":66}},"233":{"start":{"line":654,"column":4},"end":{"line":654,"column":68}},"234":{"start":{"line":665,"column":4},"end":{"line":682,"column":5}},"235":{"start":{"line":666,"column":6},"end":{"line":679,"column":8}},"236":{"start":{"line":681,"column":6},"end":{"line":681,"column":73}},"237":{"start":{"line":690,"column":4},"end":{"line":690,"column":43}},"238":{"start":{"line":694,"column":2},"end":{"line":694,"column":29}},"239":{"start":{"line":695,"column":2},"end":{"line":695,"column":38}},"240":{"start":{"line":697,"column":2},"end":{"line":697,"column":70}},"241":{"start":{"line":699,"column":0},"end":{"line":730,"column":4}},"242":{"start":{"line":712,"column":6},"end":{"line":712,"column":34}},"243":{"start":{"line":713,"column":6},"end":{"line":713,"column":43}},"244":{"start":{"line":714,"column":6},"end":{"line":714,"column":49}},"245":{"start":{"line":721,"column":6},"end":{"line":721,"column":33}},"246":{"start":{"line":728,"column":6},"end":{"line":728,"column":38}},"247":{"start":{"line":733,"column":0},"end":{"line":741,"column":2}}},"fnMap":{"0":{"name":"parseCommand","decl":{"start":{"line":42,"column":9},"end":{"line":42,"column":21}},"loc":{"start":{"line":42,"column":31},"end":{"line":45,"column":1}},"line":42},"1":{"name":"getBotStatus","decl":{"start":{"line":52,"column":15},"end":{"line":52,"column":27}},"loc":{"start":{"line":52,"column":33},"end":{"line":59,"column":1}},"line":52},"2":{"name":"executeCommand","decl":{"start":{"line":70,"column":15},"end":{"line":70,"column":29}},"loc":{"start":{"line":70,"column":73},"end":{"line":112,"column":1}},"line":70},"3":{"name":"(anonymous_3)","decl":{"start":{"line":107,"column":57},"end":{"line":107,"column":58}},"loc":{"start":{"line":107,"column":71},"end":{"line":107,"column":109}},"line":107},"4":{"name":"generateNaturalResponse","decl":{"start":{"line":125,"column":15},"end":{"line":125,"column":38}},"loc":{"start":{"line":125,"column":134},"end":{"line":175,"column":1}},"line":125},"5":{"name":"analyzeIntent","decl":{"start":{"line":182,"column":9},"end":{"line":182,"column":22}},"loc":{"start":{"line":182,"column":32},"end":{"line":221,"column":1}},"line":182},"6":{"name":"getActivityDescription","decl":{"start":{"line":226,"column":9},"end":{"line":226,"column":31}},"loc":{"start":{"line":226,"column":37},"end":{"line":243,"column":1}},"line":226},"7":{"name":"(anonymous_7)","decl":{"start":{"line":235,"column":60},"end":{"line":235,"column":61}},"loc":{"start":{"line":236,"column":4},"end":{"line":236,"column":126}},"line":236},"8":{"name":"generateActivityResponse","decl":{"start":{"line":248,"column":9},"end":{"line":248,"column":33}},"loc":{"start":{"line":248,"column":100},"end":{"line":268,"column":1}},"line":248},"9":{"name":"getEmotionTone","decl":{"start":{"line":270,"column":9},"end":{"line":270,"column":23}},"loc":{"start":{"line":270,"column":41},"end":{"line":289,"column":1}},"line":270},"10":{"name":"generateStatusResponse","decl":{"start":{"line":294,"column":15},"end":{"line":294,"column":37}},"loc":{"start":{"line":294,"column":99},"end":{"line":312,"column":1}},"line":294},"11":{"name":"generateGreetingResponse","decl":{"start":{"line":317,"column":9},"end":{"line":317,"column":33}},"loc":{"start":{"line":317,"column":90},"end":{"line":332,"column":1}},"line":317},"12":{"name":"generateIdentityResponse","decl":{"start":{"line":337,"column":9},"end":{"line":337,"column":33}},"loc":{"start":{"line":337,"column":76},"end":{"line":352,"column":1}},"line":337},"13":{"name":"generateGratitudeResponse","decl":{"start":{"line":357,"column":9},"end":{"line":357,"column":34}},"loc":{"start":{"line":357,"column":91},"end":{"line":371,"column":1}},"line":357},"14":{"name":"generateFarewellResponse","decl":{"start":{"line":376,"column":9},"end":{"line":376,"column":33}},"loc":{"start":{"line":376,"column":90},"end":{"line":391,"column":1}},"line":376},"15":{"name":"generateHelpOfferResponse","decl":{"start":{"line":396,"column":9},"end":{"line":396,"column":34}},"loc":{"start":{"line":396,"column":100},"end":{"line":414,"column":1}},"line":396},"16":{"name":"generateChatResponse","decl":{"start":{"line":416,"column":9},"end":{"line":416,"column":29}},"loc":{"start":{"line":416,"column":104},"end":{"line":431,"column":1}},"line":416},"17":{"name":"createChatHandler","decl":{"start":{"line":440,"column":9},"end":{"line":440,"column":26}},"loc":{"start":{"line":440,"column":46},"end":{"line":731,"column":1}},"line":440},"18":{"name":"updateContext","decl":{"start":{"line":465,"column":11},"end":{"line":465,"column":24}},"loc":{"start":{"line":465,"column":44},"end":{"line":476,"column":3}},"line":465},"19":{"name":"getBotContext","decl":{"start":{"line":482,"column":11},"end":{"line":482,"column":24}},"loc":{"start":{"line":482,"column":27},"end":{"line":502,"column":3}},"line":482},"20":{"name":"(anonymous_20)","decl":{"start":{"line":500,"column":49},"end":{"line":500,"column":50}},"loc":{"start":{"line":500,"column":54},"end":{"line":500,"column":64}},"line":500},"21":{"name":"detectAndTrackEmotion","decl":{"start":{"line":504,"column":17},"end":{"line":504,"column":38}},"loc":{"start":{"line":504,"column":58},"end":{"line":519,"column":3}},"line":504},"22":{"name":"handleChat","decl":{"start":{"line":526,"column":17},"end":{"line":526,"column":27}},"loc":{"start":{"line":526,"column":47},"end":{"line":590,"column":1}},"line":526},"23":{"name":"handleCommand","decl":{"start":{"line":597,"column":17},"end":{"line":597,"column":30}},"loc":{"start":{"line":597,"column":54},"end":{"line":621,"column":3}},"line":597},"24":{"name":"sendResponse","decl":{"start":{"line":628,"column":17},"end":{"line":628,"column":29}},"loc":{"start":{"line":628,"column":50},"end":{"line":655,"column":3}},"line":628},"25":{"name":"saveInteraction","decl":{"start":{"line":664,"column":17},"end":{"line":664,"column":32}},"loc":{"start":{"line":664,"column":76},"end":{"line":683,"column":3}},"line":664},"26":{"name":"onBotCommand","decl":{"start":{"line":689,"column":17},"end":{"line":689,"column":29}},"loc":{"start":{"line":689,"column":53},"end":{"line":691,"column":3}},"line":689},"27":{"name":"(anonymous_27)","decl":{"start":{"line":711,"column":4},"end":{"line":711,"column":5}},"loc":{"start":{"line":711,"column":13},"end":{"line":715,"column":5}},"line":711},"28":{"name":"(anonymous_28)","decl":{"start":{"line":720,"column":4},"end":{"line":720,"column":5}},"loc":{"start":{"line":720,"column":17},"end":{"line":722,"column":5}},"line":720},"29":{"name":"(anonymous_29)","decl":{"start":{"line":727,"column":4},"end":{"line":727,"column":5}},"loc":{"start":{"line":727,"column":18},"end":{"line":729,"column":5}},"line":727}},"branchMap":{"0":{"loc":{"start":{"line":55,"column":15},"end":{"line":55,"column":42}},"type":"binary-expr","locations":[{"start":{"line":55,"column":15},"end":{"line":55,"column":37}},{"start":{"line":55,"column":41},"end":{"line":55,"column":42}}],"line":55},"1":{"loc":{"start":{"line":57,"column":18},"end":{"line":57,"column":48}},"type":"binary-expr","locations":[{"start":{"line":57,"column":18},"end":{"line":57,"column":35}},{"start":{"line":57,"column":39},"end":{"line":57,"column":48}}],"line":57},"2":{"loc":{"start":{"line":73,"column":2},"end":{"line":111,"column":3}},"type":"switch","locations":[{"start":{"line":74,"column":4},"end":{"line":78,"column":5}},{"start":{"line":80,"column":4},"end":{"line":84,"column":5}},{"start":{"line":86,"column":4},"end":{"line":96,"column":5}},{"start":{"line":98,"column":4},"end":{"line":99,"column":51}},{"start":{"line":101,"column":4},"end":{"line":104,"column":54}},{"start":{"line":106,"column":4},"end":{"line":107,"column":164}},{"start":{"line":109,"column":4},"end":{"line":110,"column":84}}],"line":73},"3":{"loc":{"start":{"line":75,"column":23},"end":{"line":75,"column":51}},"type":"binary-expr","locations":[{"start":{"line":75,"column":23},"end":{"line":75,"column":37}},{"start":{"line":75,"column":41},"end":{"line":75,"column":51}}],"line":75},"4":{"loc":{"start":{"line":81,"column":24},"end":{"line":81,"column":49}},"type":"binary-expr","locations":[{"start":{"line":81,"column":24},"end":{"line":81,"column":38}},{"start":{"line":81,"column":42},"end":{"line":81,"column":49}}],"line":81},"5":{"loc":{"start":{"line":87,"column":26},"end":{"line":87,"column":52}},"type":"binary-expr","locations":[{"start":{"line":87,"column":26},"end":{"line":87,"column":40}},{"start":{"line":87,"column":44},"end":{"line":87,"column":52}}],"line":87},"6":{"loc":{"start":{"line":91,"column":23},"end":{"line":91,"column":46}},"type":"binary-expr","locations":[{"start":{"line":91,"column":23},"end":{"line":91,"column":41}},{"start":{"line":91,"column":45},"end":{"line":91,"column":46}}],"line":91},"7":{"loc":{"start":{"line":91,"column":51},"end":{"line":91,"column":75}},"type":"binary-expr","locations":[{"start":{"line":91,"column":51},"end":{"line":91,"column":69}},{"start":{"line":91,"column":73},"end":{"line":91,"column":75}}],"line":91},"8":{"loc":{"start":{"line":91,"column":80},"end":{"line":91,"column":103}},"type":"binary-expr","locations":[{"start":{"line":91,"column":80},"end":{"line":91,"column":98}},{"start":{"line":91,"column":102},"end":{"line":91,"column":103}}],"line":91},"9":{"loc":{"start":{"line":125,"column":110},"end":{"line":125,"column":132}},"type":"default-arg","locations":[{"start":{"line":125,"column":128},"end":{"line":125,"column":132}}],"line":125},"10":{"loc":{"start":{"line":139,"column":2},"end":{"line":172,"column":3}},"type":"switch","locations":[{"start":{"line":140,"column":4},"end":{"line":142,"column":12}},{"start":{"line":144,"column":4},"end":{"line":146,"column":12}},{"start":{"line":148,"column":4},"end":{"line":150,"column":12}},{"start":{"line":152,"column":4},"end":{"line":154,"column":12}},{"start":{"line":156,"column":4},"end":{"line":158,"column":12}},{"start":{"line":160,"column":4},"end":{"line":162,"column":12}},{"start":{"line":164,"column":4},"end":{"line":166,"column":12}},{"start":{"line":168,"column":4},"end":{"line":168,"column":24}},{"start":{"line":169,"column":4},"end":{"line":171,"column":12}}],"line":139},"11":{"loc":{"start":{"line":186,"column":2},"end":{"line":188,"column":3}},"type":"if","locations":[{"start":{"line":186,"column":2},"end":{"line":188,"column":3}},{"start":{},"end":{}}],"line":186},"12":{"loc":{"start":{"line":186,"column":6},"end":{"line":186,"column":90}},"type":"binary-expr","locations":[{"start":{"line":186,"column":6},"end":{"line":186,"column":56}},{"start":{"line":186,"column":60},"end":{"line":186,"column":90}}],"line":186},"13":{"loc":{"start":{"line":191,"column":2},"end":{"line":193,"column":3}},"type":"if","locations":[{"start":{"line":191,"column":2},"end":{"line":193,"column":3}},{"start":{},"end":{}}],"line":191},"14":{"loc":{"start":{"line":191,"column":6},"end":{"line":191,"column":113}},"type":"binary-expr","locations":[{"start":{"line":191,"column":6},"end":{"line":191,"column":61}},{"start":{"line":191,"column":65},"end":{"line":191,"column":113}}],"line":191},"15":{"loc":{"start":{"line":196,"column":2},"end":{"line":198,"column":3}},"type":"if","locations":[{"start":{"line":196,"column":2},"end":{"line":198,"column":3}},{"start":{},"end":{}}],"line":196},"16":{"loc":{"start":{"line":201,"column":2},"end":{"line":203,"column":3}},"type":"if","locations":[{"start":{"line":201,"column":2},"end":{"line":203,"column":3}},{"start":{},"end":{}}],"line":201},"17":{"loc":{"start":{"line":201,"column":6},"end":{"line":201,"column":84}},"type":"binary-expr","locations":[{"start":{"line":201,"column":6},"end":{"line":201,"column":42}},{"start":{"line":201,"column":46},"end":{"line":201,"column":84}}],"line":201},"18":{"loc":{"start":{"line":206,"column":2},"end":{"line":208,"column":3}},"type":"if","locations":[{"start":{"line":206,"column":2},"end":{"line":208,"column":3}},{"start":{},"end":{}}],"line":206},"19":{"loc":{"start":{"line":211,"column":2},"end":{"line":213,"column":3}},"type":"if","locations":[{"start":{"line":211,"column":2},"end":{"line":213,"column":3}},{"start":{},"end":{}}],"line":211},"20":{"loc":{"start":{"line":216,"column":2},"end":{"line":218,"column":3}},"type":"if","locations":[{"start":{"line":216,"column":2},"end":{"line":218,"column":3}},{"start":{},"end":{}}],"line":216},"21":{"loc":{"start":{"line":216,"column":6},"end":{"line":216,"column":110}},"type":"binary-expr","locations":[{"start":{"line":216,"column":6},"end":{"line":216,"column":81}},{"start":{"line":216,"column":85},"end":{"line":216,"column":110}}],"line":216},"22":{"loc":{"start":{"line":230,"column":2},"end":{"line":232,"column":3}},"type":"if","locations":[{"start":{"line":230,"column":2},"end":{"line":232,"column":3}},{"start":{},"end":{}}],"line":230},"23":{"loc":{"start":{"line":236,"column":4},"end":{"line":236,"column":126}},"type":"binary-expr","locations":[{"start":{"line":236,"column":4},"end":{"line":236,"column":20}},{"start":{"line":236,"column":24},"end":{"line":236,"column":33}},{"start":{"line":236,"column":37},"end":{"line":236,"column":126}}],"line":236},"24":{"loc":{"start":{"line":238,"column":2},"end":{"line":240,"column":3}},"type":"if","locations":[{"start":{"line":238,"column":2},"end":{"line":240,"column":3}},{"start":{},"end":{}}],"line":238},"25":{"loc":{"start":{"line":239,"column":59},"end":{"line":239,"column":95}},"type":"cond-expr","locations":[{"start":{"line":239,"column":87},"end":{"line":239,"column":90}},{"start":{"line":239,"column":93},"end":{"line":239,"column":95}}],"line":239},"26":{"loc":{"start":{"line":248,"column":76},"end":{"line":248,"column":98}},"type":"default-arg","locations":[{"start":{"line":248,"column":94},"end":{"line":248,"column":98}}],"line":248},"27":{"loc":{"start":{"line":249,"column":22},"end":{"line":249,"column":52}},"type":"binary-expr","locations":[{"start":{"line":249,"column":22},"end":{"line":249,"column":47}},{"start":{"line":249,"column":51},"end":{"line":249,"column":52}}],"line":249},"28":{"loc":{"start":{"line":250,"column":17},"end":{"line":250,"column":37}},"type":"binary-expr","locations":[{"start":{"line":250,"column":17},"end":{"line":250,"column":30}},{"start":{"line":250,"column":34},"end":{"line":250,"column":37}}],"line":250},"29":{"loc":{"start":{"line":255,"column":20},"end":{"line":263,"column":3}},"type":"cond-expr","locations":[{"start":{"line":255,"column":35},"end":{"line":259,"column":3}},{"start":{"line":259,"column":6},"end":{"line":263,"column":3}}],"line":255},"30":{"loc":{"start":{"line":267,"column":9},"end":{"line":267,"column":70}},"type":"cond-expr","locations":[{"start":{"line":267,"column":23},"end":{"line":267,"column":55}},{"start":{"line":267,"column":58},"end":{"line":267,"column":70}}],"line":267},"31":{"loc":{"start":{"line":271,"column":2},"end":{"line":271,"column":36}},"type":"if","locations":[{"start":{"line":271,"column":2},"end":{"line":271,"column":36}},{"start":{},"end":{}}],"line":271},"32":{"loc":{"start":{"line":275,"column":2},"end":{"line":288,"column":3}},"type":"switch","locations":[{"start":{"line":276,"column":4},"end":{"line":276,"column":15}},{"start":{"line":277,"column":4},"end":{"line":278,"column":18}},{"start":{"line":279,"column":4},"end":{"line":280,"column":50}},{"start":{"line":281,"column":4},"end":{"line":281,"column":17}},{"start":{"line":282,"column":4},"end":{"line":283,"column":54}},{"start":{"line":284,"column":4},"end":{"line":285,"column":29}},{"start":{"line":286,"column":4},"end":{"line":287,"column":18}}],"line":275},"33":{"loc":{"start":{"line":294,"column":75},"end":{"line":294,"column":97}},"type":"default-arg","locations":[{"start":{"line":294,"column":93},"end":{"line":294,"column":97}}],"line":294},"34":{"loc":{"start":{"line":295,"column":17},"end":{"line":295,"column":33}},"type":"binary-expr","locations":[{"start":{"line":295,"column":17},"end":{"line":295,"column":27}},{"start":{"line":295,"column":31},"end":{"line":295,"column":33}}],"line":295},"35":{"loc":{"start":{"line":297,"column":17},"end":{"line":297,"column":37}},"type":"binary-expr","locations":[{"start":{"line":297,"column":17},"end":{"line":297,"column":30}},{"start":{"line":297,"column":34},"end":{"line":297,"column":37}}],"line":297},"36":{"loc":{"start":{"line":302,"column":2},"end":{"line":308,"column":3}},"type":"if","locations":[{"start":{"line":302,"column":2},"end":{"line":308,"column":3}},{"start":{"line":304,"column":9},"end":{"line":308,"column":3}}],"line":302},"37":{"loc":{"start":{"line":303,"column":19},"end":{"line":303,"column":73}},"type":"cond-expr","locations":[{"start":{"line":303,"column":34},"end":{"line":303,"column":53}},{"start":{"line":303,"column":56},"end":{"line":303,"column":73}}],"line":303},"38":{"loc":{"start":{"line":304,"column":9},"end":{"line":308,"column":3}},"type":"if","locations":[{"start":{"line":304,"column":9},"end":{"line":308,"column":3}},{"start":{"line":306,"column":9},"end":{"line":308,"column":3}}],"line":304},"39":{"loc":{"start":{"line":305,"column":19},"end":{"line":305,"column":87}},"type":"cond-expr","locations":[{"start":{"line":305,"column":34},"end":{"line":305,"column":63}},{"start":{"line":305,"column":66},"end":{"line":305,"column":87}}],"line":305},"40":{"loc":{"start":{"line":307,"column":19},"end":{"line":307,"column":84}},"type":"cond-expr","locations":[{"start":{"line":307,"column":34},"end":{"line":307,"column":65}},{"start":{"line":307,"column":68},"end":{"line":307,"column":84}}],"line":307},"41":{"loc":{"start":{"line":311,"column":9},"end":{"line":311,"column":70}},"type":"cond-expr","locations":[{"start":{"line":311,"column":23},"end":{"line":311,"column":55}},{"start":{"line":311,"column":58},"end":{"line":311,"column":70}}],"line":311},"42":{"loc":{"start":{"line":317,"column":66},"end":{"line":317,"column":88}},"type":"default-arg","locations":[{"start":{"line":317,"column":84},"end":{"line":317,"column":88}}],"line":317},"43":{"loc":{"start":{"line":318,"column":17},"end":{"line":318,"column":37}},"type":"binary-expr","locations":[{"start":{"line":318,"column":17},"end":{"line":318,"column":30}},{"start":{"line":318,"column":34},"end":{"line":318,"column":37}}],"line":318},"44":{"loc":{"start":{"line":319,"column":22},"end":{"line":319,"column":52}},"type":"binary-expr","locations":[{"start":{"line":319,"column":22},"end":{"line":319,"column":47}},{"start":{"line":319,"column":51},"end":{"line":319,"column":52}}],"line":319},"45":{"loc":{"start":{"line":323,"column":2},"end":{"line":329,"column":3}},"type":"if","locations":[{"start":{"line":323,"column":2},"end":{"line":329,"column":3}},{"start":{"line":325,"column":9},"end":{"line":329,"column":3}}],"line":323},"46":{"loc":{"start":{"line":323,"column":6},"end":{"line":323,"column":39}},"type":"binary-expr","locations":[{"start":{"line":323,"column":6},"end":{"line":323,"column":18}},{"start":{"line":323,"column":22},"end":{"line":323,"column":39}}],"line":323},"47":{"loc":{"start":{"line":325,"column":9},"end":{"line":329,"column":3}},"type":"if","locations":[{"start":{"line":325,"column":9},"end":{"line":329,"column":3}},{"start":{"line":327,"column":9},"end":{"line":329,"column":3}}],"line":325},"48":{"loc":{"start":{"line":331,"column":9},"end":{"line":331,"column":62}},"type":"cond-expr","locations":[{"start":{"line":331,"column":23},"end":{"line":331,"column":51}},{"start":{"line":331,"column":54},"end":{"line":331,"column":62}}],"line":331},"49":{"loc":{"start":{"line":337,"column":52},"end":{"line":337,"column":74}},"type":"default-arg","locations":[{"start":{"line":337,"column":70},"end":{"line":337,"column":74}}],"line":337},"50":{"loc":{"start":{"line":338,"column":17},"end":{"line":338,"column":37}},"type":"binary-expr","locations":[{"start":{"line":338,"column":17},"end":{"line":338,"column":30}},{"start":{"line":338,"column":34},"end":{"line":338,"column":37}}],"line":338},"51":{"loc":{"start":{"line":339,"column":21},"end":{"line":339,"column":45}},"type":"binary-expr","locations":[{"start":{"line":339,"column":21},"end":{"line":339,"column":38}},{"start":{"line":339,"column":42},"end":{"line":339,"column":45}}],"line":339},"52":{"loc":{"start":{"line":343,"column":2},"end":{"line":349,"column":3}},"type":"if","locations":[{"start":{"line":343,"column":2},"end":{"line":349,"column":3}},{"start":{"line":347,"column":9},"end":{"line":349,"column":3}}],"line":343},"53":{"loc":{"start":{"line":344,"column":15},"end":{"line":346,"column":30}},"type":"cond-expr","locations":[{"start":{"line":345,"column":8},"end":{"line":345,"column":93}},{"start":{"line":346,"column":8},"end":{"line":346,"column":30}}],"line":344},"54":{"loc":{"start":{"line":351,"column":9},"end":{"line":351,"column":62}},"type":"cond-expr","locations":[{"start":{"line":351,"column":23},"end":{"line":351,"column":51}},{"start":{"line":351,"column":54},"end":{"line":351,"column":62}}],"line":351},"55":{"loc":{"start":{"line":357,"column":67},"end":{"line":357,"column":89}},"type":"default-arg","locations":[{"start":{"line":357,"column":85},"end":{"line":357,"column":89}}],"line":357},"56":{"loc":{"start":{"line":358,"column":17},"end":{"line":358,"column":37}},"type":"binary-expr","locations":[{"start":{"line":358,"column":17},"end":{"line":358,"column":30}},{"start":{"line":358,"column":34},"end":{"line":358,"column":37}}],"line":358},"57":{"loc":{"start":{"line":362,"column":2},"end":{"line":368,"column":3}},"type":"if","locations":[{"start":{"line":362,"column":2},"end":{"line":368,"column":3}},{"start":{"line":364,"column":9},"end":{"line":368,"column":3}}],"line":362},"58":{"loc":{"start":{"line":364,"column":9},"end":{"line":368,"column":3}},"type":"if","locations":[{"start":{"line":364,"column":9},"end":{"line":368,"column":3}},{"start":{"line":366,"column":9},"end":{"line":368,"column":3}}],"line":364},"59":{"loc":{"start":{"line":370,"column":9},"end":{"line":370,"column":62}},"type":"cond-expr","locations":[{"start":{"line":370,"column":23},"end":{"line":370,"column":51}},{"start":{"line":370,"column":54},"end":{"line":370,"column":62}}],"line":370},"60":{"loc":{"start":{"line":376,"column":66},"end":{"line":376,"column":88}},"type":"default-arg","locations":[{"start":{"line":376,"column":84},"end":{"line":376,"column":88}}],"line":376},"61":{"loc":{"start":{"line":377,"column":17},"end":{"line":377,"column":37}},"type":"binary-expr","locations":[{"start":{"line":377,"column":17},"end":{"line":377,"column":30}},{"start":{"line":377,"column":34},"end":{"line":377,"column":37}}],"line":377},"62":{"loc":{"start":{"line":378,"column":18},"end":{"line":378,"column":39}},"type":"binary-expr","locations":[{"start":{"line":378,"column":18},"end":{"line":378,"column":32}},{"start":{"line":378,"column":36},"end":{"line":378,"column":39}}],"line":378},"63":{"loc":{"start":{"line":382,"column":2},"end":{"line":388,"column":3}},"type":"if","locations":[{"start":{"line":382,"column":2},"end":{"line":388,"column":3}},{"start":{"line":384,"column":9},"end":{"line":388,"column":3}}],"line":382},"64":{"loc":{"start":{"line":382,"column":6},"end":{"line":382,"column":35}},"type":"binary-expr","locations":[{"start":{"line":382,"column":6},"end":{"line":382,"column":18}},{"start":{"line":382,"column":22},"end":{"line":382,"column":35}}],"line":382},"65":{"loc":{"start":{"line":384,"column":9},"end":{"line":388,"column":3}},"type":"if","locations":[{"start":{"line":384,"column":9},"end":{"line":388,"column":3}},{"start":{"line":386,"column":9},"end":{"line":388,"column":3}}],"line":384},"66":{"loc":{"start":{"line":390,"column":9},"end":{"line":390,"column":62}},"type":"cond-expr","locations":[{"start":{"line":390,"column":23},"end":{"line":390,"column":51}},{"start":{"line":390,"column":54},"end":{"line":390,"column":62}}],"line":390},"67":{"loc":{"start":{"line":396,"column":76},"end":{"line":396,"column":98}},"type":"default-arg","locations":[{"start":{"line":396,"column":94},"end":{"line":396,"column":98}}],"line":396},"68":{"loc":{"start":{"line":397,"column":17},"end":{"line":397,"column":37}},"type":"binary-expr","locations":[{"start":{"line":397,"column":17},"end":{"line":397,"column":30}},{"start":{"line":397,"column":34},"end":{"line":397,"column":37}}],"line":397},"69":{"loc":{"start":{"line":398,"column":21},"end":{"line":398,"column":45}},"type":"binary-expr","locations":[{"start":{"line":398,"column":21},"end":{"line":398,"column":38}},{"start":{"line":398,"column":42},"end":{"line":398,"column":45}}],"line":398},"70":{"loc":{"start":{"line":402,"column":15},"end":{"line":402,"column":48}},"type":"cond-expr","locations":[{"start":{"line":402,"column":27},"end":{"line":402,"column":39}},{"start":{"line":402,"column":42},"end":{"line":402,"column":48}}],"line":402},"71":{"loc":{"start":{"line":405,"column":2},"end":{"line":411,"column":3}},"type":"if","locations":[{"start":{"line":405,"column":2},"end":{"line":411,"column":3}},{"start":{"line":409,"column":9},"end":{"line":411,"column":3}}],"line":405},"72":{"loc":{"start":{"line":406,"column":15},"end":{"line":408,"column":48}},"type":"cond-expr","locations":[{"start":{"line":407,"column":8},"end":{"line":407,"column":79}},{"start":{"line":408,"column":8},"end":{"line":408,"column":48}}],"line":406},"73":{"loc":{"start":{"line":413,"column":9},"end":{"line":413,"column":62}},"type":"cond-expr","locations":[{"start":{"line":413,"column":23},"end":{"line":413,"column":51}},{"start":{"line":413,"column":54},"end":{"line":413,"column":62}}],"line":413},"74":{"loc":{"start":{"line":416,"column":80},"end":{"line":416,"column":102}},"type":"default-arg","locations":[{"start":{"line":416,"column":98},"end":{"line":416,"column":102}}],"line":416},"75":{"loc":{"start":{"line":417,"column":17},"end":{"line":417,"column":37}},"type":"binary-expr","locations":[{"start":{"line":417,"column":17},"end":{"line":417,"column":30}},{"start":{"line":417,"column":34},"end":{"line":417,"column":37}}],"line":417},"76":{"loc":{"start":{"line":418,"column":20},"end":{"line":418,"column":43}},"type":"binary-expr","locations":[{"start":{"line":418,"column":20},"end":{"line":418,"column":36}},{"start":{"line":418,"column":40},"end":{"line":418,"column":43}}],"line":418},"77":{"loc":{"start":{"line":422,"column":2},"end":{"line":428,"column":3}},"type":"if","locations":[{"start":{"line":422,"column":2},"end":{"line":428,"column":3}},{"start":{"line":424,"column":9},"end":{"line":428,"column":3}}],"line":422},"78":{"loc":{"start":{"line":422,"column":6},"end":{"line":422,"column":44}},"type":"binary-expr","locations":[{"start":{"line":422,"column":6},"end":{"line":422,"column":21}},{"start":{"line":422,"column":25},"end":{"line":422,"column":44}}],"line":422},"79":{"loc":{"start":{"line":424,"column":9},"end":{"line":428,"column":3}},"type":"if","locations":[{"start":{"line":424,"column":9},"end":{"line":428,"column":3}},{"start":{"line":426,"column":9},"end":{"line":428,"column":3}}],"line":424},"80":{"loc":{"start":{"line":430,"column":9},"end":{"line":430,"column":62}},"type":"cond-expr","locations":[{"start":{"line":430,"column":23},"end":{"line":430,"column":51}},{"start":{"line":430,"column":54},"end":{"line":430,"column":62}}],"line":430},"81":{"loc":{"start":{"line":440,"column":32},"end":{"line":440,"column":44}},"type":"default-arg","locations":[{"start":{"line":440,"column":42},"end":{"line":440,"column":44}}],"line":440},"82":{"loc":{"start":{"line":458,"column":22},"end":{"line":458,"column":50}},"type":"binary-expr","locations":[{"start":{"line":458,"column":22},"end":{"line":458,"column":41}},{"start":{"line":458,"column":45},"end":{"line":458,"column":50}}],"line":458},"83":{"loc":{"start":{"line":483,"column":25},"end":{"line":485,"column":63}},"type":"binary-expr","locations":[{"start":{"line":483,"column":25},"end":{"line":483,"column":47}},{"start":{"line":484,"column":6},"end":{"line":484,"column":31}},{"start":{"line":485,"column":6},"end":{"line":485,"column":63}}],"line":483},"84":{"loc":{"start":{"line":490,"column":6},"end":{"line":493,"column":7}},"type":"if","locations":[{"start":{"line":490,"column":6},"end":{"line":493,"column":7}},{"start":{},"end":{}}],"line":490},"85":{"loc":{"start":{"line":508,"column":6},"end":{"line":512,"column":7}},"type":"if","locations":[{"start":{"line":508,"column":6},"end":{"line":512,"column":7}},{"start":{},"end":{}}],"line":508},"86":{"loc":{"start":{"line":508,"column":10},"end":{"line":508,"column":46}},"type":"binary-expr","locations":[{"start":{"line":508,"column":10},"end":{"line":508,"column":17}},{"start":{"line":508,"column":21},"end":{"line":508,"column":46}}],"line":508},"87":{"loc":{"start":{"line":528,"column":4},"end":{"line":528,"column":42}},"type":"if","locations":[{"start":{"line":528,"column":4},"end":{"line":528,"column":42}},{"start":{},"end":{}}],"line":528},"88":{"loc":{"start":{"line":542,"column":4},"end":{"line":547,"column":5}},"type":"if","locations":[{"start":{"line":542,"column":4},"end":{"line":547,"column":5}},{"start":{},"end":{}}],"line":542},"89":{"loc":{"start":{"line":550,"column":4},"end":{"line":554,"column":5}},"type":"if","locations":[{"start":{"line":550,"column":4},"end":{"line":554,"column":5}},{"start":{},"end":{}}],"line":550},"90":{"loc":{"start":{"line":559,"column":2},"end":{"line":589,"column":3}},"type":"if","locations":[{"start":{"line":559,"column":2},"end":{"line":589,"column":3}},{"start":{"line":587,"column":9},"end":{"line":589,"column":3}}],"line":559},"91":{"loc":{"start":{"line":603,"column":6},"end":{"line":606,"column":7}},"type":"if","locations":[{"start":{"line":603,"column":6},"end":{"line":606,"column":7}},{"start":{},"end":{}}],"line":603},"92":{"loc":{"start":{"line":650,"column":4},"end":{"line":652,"column":5}},"type":"if","locations":[{"start":{"line":650,"column":4},"end":{"line":652,"column":5}},{"start":{},"end":{}}],"line":650}},"s":{"0":1,"1":1,"2":1,"3":1,"4":1,"5":1,"6":1,"7":1,"8":1,"9":1,"10":4,"11":4,"12":0,"13":0,"14":0,"15":0,"16":0,"17":0,"18":0,"19":0,"20":0,"21":0,"22":0,"23":0,"24":0,"25":0,"26":0,"27":0,"28":0,"29":0,"30":0,"31":0,"32":0,"33":0,"34":0,"35":0,"36":0,"37":0,"38":0,"39":0,"40":0,"41":0,"42":0,"43":0,"44":0,"45":0,"46":0,"47":0,"48":0,"49":0,"50":0,"51":0,"52":0,"53":0,"54":0,"55":0,"56":8,"57":8,"58":1,"59":7,"60":1,"61":6,"62":1,"63":5,"64":1,"65":4,"66":1,"67":3,"68":1,"69":2,"70":1,"71":1,"72":0,"73":0,"74":0,"75":0,"76":0,"77":0,"78":0,"79":0,"80":0,"81":0,"82":0,"83":0,"84":0,"85":0,"86":0,"87":7,"88":1,"89":6,"90":6,"91":1,"92":1,"93":2,"94":1,"95":1,"96":0,"97":0,"98":0,"99":0,"100":0,"101":0,"102":0,"103":0,"104":0,"105":0,"106":0,"107":0,"108":0,"109":0,"110":0,"111":0,"112":0,"113":0,"114":0,"115":0,"116":0,"117":0,"118":0,"119":0,"120":0,"121":0,"122":0,"123":0,"124":0,"125":0,"126":0,"127":0,"128":0,"129":0,"130":0,"131":0,"132":0,"133":0,"134":0,"135":0,"136":0,"137":0,"138":0,"139":0,"140":0,"141":0,"142":0,"143":0,"144":0,"145":0,"146":0,"147":0,"148":0,"149":0,"150":0,"151":0,"152":0,"153":0,"154":0,"155":0,"156":0,"157":0,"158":0,"159":0,"160":0,"161":0,"162":0,"163":0,"164":0,"165":0,"166":0,"167":0,"168":0,"169":0,"170":0,"171":0,"172":0,"173":0,"174":0,"175":0,"176":0,"177":0,"178":0,"179":0,"180":0,"181":0,"182":0,"183":0,"184":0,"185":0,"186":0,"187":0,"188":0,"189":0,"190":0,"191":0,"192":0,"193":0,"194":0,"195":0,"196":0,"197":0,"198":0,"199":0,"200":0,"201":0,"202":0,"203":0,"204":0,"205":0,"206":0,"207":0,"208":0,"209":0,"210":0,"211":0,"212":0,"213":0,"214":0,"215":0,"216":0,"217":0,"218":0,"219":0,"220":0,"221":0,"222":0,"223":0,"224":0,"225":0,"226":0,"227":0,"228":0,"229":0,"230":0,"231":0,"232":0,"233":0,"234":0,"235":0,"236":0,"237":0,"238":0,"239":0,"240":0,"241":0,"242":0,"243":0,"244":0,"245":0,"246":0,"247":1},"f":{"0":4,"1":0,"2":0,"3":0,"4":0,"5":8,"6":0,"7":0,"8":0,"9":7,"10":0,"11":0,"12":0,"13":0,"14":0,"15":0,"16":0,"17":0,"18":0,"19":0,"20":0,"21":0,"22":0,"23":0,"24":0,"25":0,"26":0,"27":0,"28":0,"29":0},"b":{"0":[0,0],"1":[0,0],"2":[0,0,0,0,0,0,0],"3":[0,0],"4":[0,0],"5":[0,0],"6":[0,0],"7":[0,0],"8":[0,0],"9":[0],"10":[0,0,0,0,0,0,0,0,0],"11":[1,7],"12":[8,7],"13":[1,6],"14":[7,6],"15":[1,5],"16":[1,4],"17":[5,4],"18":[1,3],"19":[1,2],"20":[1,1],"21":[2,1],"22":[0,0],"23":[0,0,0],"24":[0,0],"25":[0,0],"26":[0],"27":[0,0],"28":[0,0],"29":[0,0],"30":[0,0],"31":[1,6],"32":[1,1,1,1,2,1,1],"33":[0],"34":[0,0],"35":[0,0],"36":[0,0],"37":[0,0],"38":[0,0],"39":[0,0],"40":[0,0],"41":[0,0],"42":[0],"43":[0,0],"44":[0,0],"45":[0,0],"46":[0,0],"47":[0,0],"48":[0,0],"49":[0],"50":[0,0],"51":[0,0],"52":[0,0],"53":[0,0],"54":[0,0],"55":[0],"56":[0,0],"57":[0,0],"58":[0,0],"59":[0,0],"60":[0],"61":[0,0],"62":[0,0],"63":[0,0],"64":[0,0],"65":[0,0],"66":[0,0],"67":[0],"68":[0,0],"69":[0,0],"70":[0,0],"71":[0,0],"72":[0,0],"73":[0,0],"74":[0],"75":[0,0],"76":[0,0],"77":[0,0],"78":[0,0],"79":[0,0],"80":[0,0],"81":[0],"82":[0,0],"83":[0,0,0],"84":[0,0],"85":[0,0],"86":[0,0],"87":[0,0],"88":[0,0],"89":[0,0],"90":[0,0],"91":[0,0],"92":[0,0]},"_coverageSchema":"1a1c01bbd47fc00a2c39e90264f33305004495a9","hash":"bf2d4a1d3c2d12bc25a1c52c0c9954af6e7bad9f"}
,"/home/seryki/.openclaw/workspace/minecraft-ai-bot/src/chat/nlp-handler.js": {"path":"/home/seryki/.openclaw/workspace/minecraft-ai-bot/src/chat/nlp-handler.js","statementMap":{"0":{"start":{"line":12,"column":32},"end":{"line":27,"column":1}},"1":{"start":{"line":29,"column":25},"end":{"line":39,"column":1}},"2":{"start":{"line":41,"column":27},"end":{"line":47,"column":1}},"3":{"start":{"line":66,"column":2},"end":{"line":68,"column":3}},"4":{"start":{"line":67,"column":4},"end":{"line":67,"column":85}},"5":{"start":{"line":70,"column":2},"end":{"line":72,"column":3}},"6":{"start":{"line":71,"column":4},"end":{"line":71,"column":77}},"7":{"start":{"line":74,"column":28},"end":{"line":74,"column":49}},"8":{"start":{"line":75,"column":28},"end":{"line":75,"column":42}},"9":{"start":{"line":78,"column":23},"end":{"line":78,"column":79}},"10":{"start":{"line":79,"column":2},"end":{"line":81,"column":3}},"11":{"start":{"line":80,"column":4},"end":{"line":80,"column":24}},"12":{"start":{"line":84,"column":24},"end":{"line":84,"column":80}},"13":{"start":{"line":85,"column":2},"end":{"line":87,"column":3}},"14":{"start":{"line":86,"column":4},"end":{"line":86,"column":25}},"15":{"start":{"line":90,"column":24},"end":{"line":90,"column":72}},"16":{"start":{"line":91,"column":2},"end":{"line":93,"column":3}},"17":{"start":{"line":92,"column":4},"end":{"line":92,"column":25}},"18":{"start":{"line":96,"column":26},"end":{"line":96,"column":85}},"19":{"start":{"line":98,"column":2},"end":{"line":102,"column":4}},"20":{"start":{"line":110,"column":23},"end":{"line":110,"column":91}},"21":{"start":{"line":111,"column":2},"end":{"line":113,"column":3}},"22":{"start":{"line":112,"column":4},"end":{"line":112,"column":88}},"23":{"start":{"line":116,"column":20},"end":{"line":116,"column":66}},"24":{"start":{"line":117,"column":2},"end":{"line":119,"column":3}},"25":{"start":{"line":118,"column":4},"end":{"line":118,"column":76}},"26":{"start":{"line":122,"column":26},"end":{"line":122,"column":74}},"27":{"start":{"line":123,"column":2},"end":{"line":125,"column":3}},"28":{"start":{"line":124,"column":4},"end":{"line":124,"column":90}},"29":{"start":{"line":128,"column":26},"end":{"line":128,"column":106}},"30":{"start":{"line":129,"column":2},"end":{"line":131,"column":3}},"31":{"start":{"line":130,"column":4},"end":{"line":130,"column":83}},"32":{"start":{"line":134,"column":21},"end":{"line":134,"column":56}},"33":{"start":{"line":135,"column":2},"end":{"line":138,"column":3}},"34":{"start":{"line":137,"column":4},"end":{"line":137,"column":86}},"35":{"start":{"line":140,"column":2},"end":{"line":140,"column":82}},"36":{"start":{"line":147,"column":25},"end":{"line":147,"column":72}},"37":{"start":{"line":148,"column":2},"end":{"line":150,"column":3}},"38":{"start":{"line":149,"column":4},"end":{"line":149,"column":74}},"39":{"start":{"line":153,"column":2},"end":{"line":159,"column":3}},"40":{"start":{"line":155,"column":30},"end":{"line":155,"column":82}},"41":{"start":{"line":156,"column":4},"end":{"line":158,"column":5}},"42":{"start":{"line":157,"column":6},"end":{"line":157,"column":88}},"43":{"start":{"line":161,"column":2},"end":{"line":161,"column":76}},"44":{"start":{"line":168,"column":2},"end":{"line":170,"column":3}},"45":{"start":{"line":169,"column":4},"end":{"line":169,"column":80}},"46":{"start":{"line":173,"column":27},"end":{"line":174,"column":93}},"47":{"start":{"line":176,"column":2},"end":{"line":178,"column":3}},"48":{"start":{"line":177,"column":4},"end":{"line":177,"column":88}},"49":{"start":{"line":181,"column":25},"end":{"line":181,"column":57}},"50":{"start":{"line":182,"column":2},"end":{"line":205,"column":3}},"51":{"start":{"line":184,"column":21},"end":{"line":184,"column":24}},"52":{"start":{"line":185,"column":4},"end":{"line":193,"column":5}},"53":{"start":{"line":186,"column":6},"end":{"line":186,"column":24}},"54":{"start":{"line":187,"column":11},"end":{"line":193,"column":5}},"55":{"start":{"line":188,"column":6},"end":{"line":188,"column":23}},"56":{"start":{"line":189,"column":11},"end":{"line":193,"column":5}},"57":{"start":{"line":190,"column":6},"end":{"line":190,"column":24}},"58":{"start":{"line":191,"column":11},"end":{"line":193,"column":5}},"59":{"start":{"line":192,"column":6},"end":{"line":192,"column":24}},"60":{"start":{"line":196,"column":4},"end":{"line":198,"column":5}},"61":{"sta
[...]
column":54}}],"line":60},"5":{"loc":{"start":{"line":62,"column":16},"end":{"line":62,"column":39}},"type":"binary-expr","locations":[{"start":{"line":62,"column":16},"end":{"line":62,"column":31}},{"start":{"line":62,"column":35},"end":{"line":62,"column":39}}],"line":62},"6":{"loc":{"start":{"line":63,"column":15},"end":{"line":63,"column":52}},"type":"binary-expr","locations":[{"start":{"line":63,"column":15},"end":{"line":63,"column":29}},{"start":{"line":63,"column":33},"end":{"line":63,"column":52}}],"line":63},"7":{"loc":{"start":{"line":65,"column":15},"end":{"line":65,"column":68}},"type":"cond-expr","locations":[{"start":{"line":65,"column":46},"end":{"line":65,"column":60}},{"start":{"line":65,"column":63},"end":{"line":65,"column":68}}],"line":65},"8":{"loc":{"start":{"line":67,"column":21},"end":{"line":67,"column":85}},"type":"cond-expr","locations":[{"start":{"line":67,"column":58},"end":{"line":67,"column":78}},{"start":{"line":67,"column":81},"end":{"line":67,"column":85}}],"line":67},"9":{"loc":{"start":{"line":69,"column":22},"end":{"line":69,"column":51}},"type":"binary-expr","locations":[{"start":{"line":69,"column":22},"end":{"line":69,"column":43}},{"start":{"line":69,"column":47},"end":{"line":69,"column":51}}],"line":69},"10":{"loc":{"start":{"line":71,"column":20},"end":{"line":71,"column":49}},"type":"binary-expr","locations":[{"start":{"line":71,"column":20},"end":{"line":71,"column":39}},{"start":{"line":71,"column":43},"end":{"line":71,"column":49}}],"line":71},"11":{"loc":{"start":{"line":73,"column":15},"end":{"line":73,"column":50}},"type":"binary-expr","locations":[{"start":{"line":73,"column":15},"end":{"line":73,"column":29}},{"start":{"line":73,"column":33},"end":{"line":73,"column":50}}],"line":73},"12":{"loc":{"start":{"line":100,"column":4},"end":{"line":102,"column":5}},"type":"if","locations":[{"start":{"line":100,"column":4},"end":{"line":102,"column":5}},{"start":{},"end":{}}],"line":100},"13":{"loc":{"start":{"line":100,"column":8},"end":{"line":100,"column":49}},"type":"binary-expr","locations":[{"start":{"line":100,"column":8},"end":{"line":100,"column":27}},{"start":{"line":100,"column":31},"end":{"line":100,"column":49}}],"line":100},"14":{"loc":{"start":{"line":104,"column":4},"end":{"line":106,"column":5}},"type":"if","locations":[{"start":{"line":104,"column":4},"end":{"line":106,"column":5}},{"start":{},"end":{}}],"line":104},"15":{"loc":{"start":{"line":104,"column":8},"end":{"line":104,"column":76}},"type":"binary-expr","locations":[{"start":{"line":104,"column":8},"end":{"line":104,"column":40}},{"start":{"line":104,"column":44},"end":{"line":104,"column":76}}],"line":104},"16":{"loc":{"start":{"line":114,"column":4},"end":{"line":116,"column":5}},"type":"if","locations":[{"start":{"line":114,"column":4},"end":{"line":116,"column":5}},{"start":{},"end":{}}],"line":114},"17":{"loc":{"start":{"line":150,"column":4},"end":{"line":153,"column":5}},"type":"if","locations":[{"start":{"line":150,"column":4},"end":{"line":153,"column":5}},{"start":{},"end":{}}],"line":150},"18":{"loc":{"start":{"line":157,"column":6},"end":{"line":159,"column":7}},"type":"if","locations":[{"start":{"line":157,"column":6},"end":{"line":159,"column":7}},{"start":{},"end":{}}],"line":157},"19":{"loc":{"start":{"line":163,"column":6},"end":{"line":165,"column":7}},"type":"if","locations":[{"start":{"line":163,"column":6},"end":{"line":165,"column":7}},{"start":{},"end":{}}],"line":163},"20":{"loc":{"start":{"line":169,"column":6},"end":{"line":171,"column":7}},"type":"if","locations":[{"start":{"line":169,"column":6},"end":{"line":171,"column":7}},{"start":{},"end":{}}],"line":169},"21":{"loc":{"start":{"line":200,"column":8},"end":{"line":202,"column":9}},"type":"if","locations":[{"start":{"line":200,"column":8},"end":{"line":202,"column":9}},{"start":{},"end":{}}],"line":200},"22":{"loc":{"start":{"line":200,"column":12},"end":{"line":200,"column":91}},"type":"binary-expr","locations":[{"start":{"line":200,"column":12},"end":{"line":200,"column":37}},{"start":{"line":200,"column":41},"end":{"line":200,"column":91}}],"line":200},"23":{"loc":{"start":{"line":250,"column":6},"end":{"line":253,"column":7}},"type":"if","locations":[{"start":{"line":250,"column":6},"end":{"line":253,"column":7}},{"start":{},"end":{}}],"line":250},"24":{"loc":{"start":{"line":257,"column":6},"end":{"line":262,"column":7}},"type":"if","locations":[{"start":{"line":257,"column":6},"end":{"line":262,"column":7}},{"start":{"line":259,"column":13},"end":{"line":262,"column":7}}],"line":257},"25":{"loc":{"start":{"line":274,"column":15},"end":{"line":274,"column":27}},"type":"default-arg","locations":[{"start":{"line":274,"column":25},"end":{"line":274,"column":27}}],"line":274},"26":{"loc":{"start":{"line":275,"column":4},"end":{"line":278,"column":5}},"type":"if","locations":[{"start":{"line":275,"column":4},"end":{"line":278,"column":5}},{"start":{},"end":{}}],"line":275},"27":{"loc":{"start":{"line":275,"column":8},"end":{"line":275,"column":48}},"type":"binary-expr","locations":[{"start":{"line":275,"column":8},"end":{"line":275,"column":28}},{"start":{"line":275,"column":32},"end":{"line":275,"column":48}}],"line":275},"28":{"loc":{"start":{"line":280,"column":4},"end":{"line":283,"column":5}},"type":"if","locations":[{"start":{"line":280,"column":4},"end":{"line":283,"column":5}},{"start":{},"end":{}}],"line":280},"29":{"loc":{"start":{"line":286,"column":20},"end":{"line":286,"column":44}},"type":"binary-expr","locations":[{"start":{"line":286,"column":20},"end":{"line":286,"column":35}},{"start":{"line":286,"column":39},"end":{"line":286,"column":44}}],"line":286},"30":{"loc":{"start":{"line":302,"column":6},"end":{"line":304,"column":7}},"type":"if","locations":[{"start":{"line":302,"column":6},"end":{"line":304,"column":7}},{"start":{},"end":{}}],"line":302},"31":{"loc":{"start":{"line":309,"column":6},"end":{"line":315,"column":7}},"type":"if","locations":[{"start":{"line":309,"column":6},"end":{"line":315,"column":7}},{"start":{},"end":{}}],"line":309},"32":{"loc":{"start":{"line":344,"column":32},"end":{"line":344,"column":76}},"type":"binary-expr","locations":[{"start":{"line":344,"column":32},"end":{"line":344,"column":68}},{"start":{"line":344,"column":72},"end":{"line":344,"column":76}}],"line":344},"33":{"loc":{"start":{"line":346,"column":6},"end":{"line":350,"column":7}},"type":"if","locations":[{"start":{"line":346,"column":6},"end":{"line":350,"column":7}},{"start":{},"end":{}}],"line":346},"34":{"loc":{"start":{"line":372,"column":8},"end":{"line":376,"column":9}},"type":"if","locations":[{"start":{"line":372,"column":8},"end":{"line":376,"column":9}},{"start":{},"end":{}}],"line":372},"35":{"loc":{"start":{"line":381,"column":26},"end":{"line":381,"column":55}},"type":"binary-expr","locations":[{"start":{"line":381,"column":26},"end":{"line":381,"column":30}},{"start":{"line":381,"column":34},"end":{"line":381,"column":55}}],"line":381},"36":{"loc":{"start":{"line":385,"column":16},"end":{"line":385,"column":37}},"type":"binary-expr","locations":[{"start":{"line":385,"column":16},"end":{"line":385,"column":29}},{"start":{"line":385,"column":33},"end":{"line":385,"column":37}}],"line":385},"37":{"loc":{"start":{"line":389,"column":8},"end":{"line":395,"column":9}},"type":"if","locations":[{"start":{"line":389,"column":8},"end":{"line":395,"column":9}},{"start":{"line":393,"column":15},"end":{"line":395,"column":9}}],"line":389},"38":{"loc":{"start":{"line":401,"column":4},"end":{"line":401,"column":28}},"type":"if","locations":[{"start":{"line":401,"column":4},"end":{"line":401,"column":28}},{"start":{},"end":{}}],"line":401},"39":{"loc":{"start":{"line":408,"column":4},"end":{"line":411,"column":5}},"type":"if","locations":[{"start":{"line":408,"column":4},"end":{"line":411,"column":5}},{"start":{},"end":{}}],"line":408},"40":{"loc":{"start":{"line":424,"column":20},"end":{"line":424,"column":32}},"type":"default-arg","locations":[{"start":{"line":424,"column":30},"end":{"line":424,"column":32}}],"line":424},"41":{"loc":{"start":{"line":425,"column":4},"end":{"line":428,"column":5}},"type":"if","locations":[{"start":{"line":425,"column":4},"end":{"line":428,"column":5}},{"start":{},"end":{}}],"line":425},"42":{"loc":{"start":{"line":425,"column":8},"end":{"line":425,"column":48}},"type":"binary-expr","locations":[{"start":{"line":425,"column":8},"end":{"line":425,"column":28}},{"start":{"line":425,"column":32},"end":{"line":425,"column":48}}],"line":425},"43":{"loc":{"start":{"line":430,"column":4},"end":{"line":433,"column":5}},"type":"if","locations":[{"start":{"line":430,"column":4},"end":{"line":433,"column":5}},{"start":{},"end":{}}],"line":430},"44":{"loc":{"start":{"line":459,"column":27},"end":{"line":459,"column":39}},"type":"default-arg","locations":[{"start":{"line":459,"column":37},"end":{"line":459,"column":39}}],"line":459},"45":{"loc":{"start":{"line":475,"column":8},"end":{"line":480,"column":9}},"type":"if","locations":[{"start":{"line":475,"column":8},"end":{"line":480,"column":9}},{"start":{},"end":{}}],"line":475},"46":{"loc":{"start":{"line":486,"column":8},"end":{"line":492,"column":9}},"type":"if","locations":[{"start":{"line":486,"column":8},"end":{"line":492,"column":9}},{"start":{"line":490,"column":15},"end":{"line":492,"column":9}}],"line":486},"47":{"loc":{"start":{"line":503,"column":6},"end":{"line":506,"column":7}},"type":"if","locations":[{"start":{"line":503,"column":6},"end":{"line":506,"column":7}},{"start":{},"end":{}}],"line":503},"48":{"loc":{"start":{"line":533,"column":6},"end":{"line":536,"column":7}},"type":"if","locations":[{"start":{"line":533,"column":6},"end":{"line":536,"column":7}},{"start":{},"end":{}}],"line":533},"49":{"loc":{"start":{"line":538,"column":6},"end":{"line":541,"column":7}},"type":"if","locations":[{"start":{"line":538,"column":6},"end":{"line":541,"column":7}},{"start":{},"end":{}}],"line":538},"50":{"loc":{"start":{"line":577,"column":4},"end":{"line":580,"column":5}},"type":"if","locations":[{"start":{"line":577,"column":4},"end":{"line":580,"column":5}},{"start":{},"end":{}}],"line":577},"51":{"loc":{"start":{"line":607,"column":29},"end":{"line":607,"column":40}},"type":"default-arg","locations":[{"start":{"line":607,"column":38},"end":{"line":607,"column":40}}],"line":607},"52":{"loc":{"start":{"line":618,"column":4},"end":{"line":620,"column":5}},"type":"if","locations":[{"start":{"line":618,"column":4},"end":{"line":620,"column":5}},{"start":{},"end":{}}],"line":618},"53":{"loc":{"start":{"line":618,"column":8},"end":{"line":618,"column":33}},"type":"binary-expr","locations":[{"start":{"line":618,"column":8},"end":{"line":618,"column":13}},{"start":{"line":618,"column":17},"end":{"line":618,"column":33}}],"line":618}},"s":{"0":1,"1":1,"2":1,"3":1,"4":1,"5":1,"6":1,"7":23,"8":23,"9":23,"10":23,"11":23,"12":23,"13":23,"14":23,"15":23,"16":23,"17":23,"18":23,"19":23,"20":23,"21":23,"22":1,"23":22,"24":2,"25":0,"26":0,"27":0,"28":0,"29":0,"30":0,"31":0,"32":0,"33":0,"34":0,"35":0,"36":0,"37":0,"38":0,"39":0,"40":0,"41":0,"42":0,"43":0,"44":0,"45":0,"46":0,"47":0,"48":0,"49":0,"50":0,"51":0,"52":0,"53":0,"54":0,"55":0,"56":0,"57":0,"58":0,"59":0,"60":0,"61":0,"62":0,"63":0,"64":0,"65":0,"66":0,"67":0,"68":0,"69":0,"70":0,"71":0,"72":0,"73":0,"74":0,"75":0,"76":0,"77":0,"78":0,"79":0,"80":0,"81":0,"82":0,"83":0,"84":0,"85":0,"86":0,"87":0,"88":0,"89":0,"90":0,"91":0,"92":0,"93":2,"94":2,"95":2,"96":0,"97":0,"98":0,"99":0,"100":0,"101":0,"102":0,"103":0,"104":0,"105":0,"106":0,"107":0,"108":0,"109":0,"110":0,"111":0,"112":0,"113":0,"114":0,"115":0,"116":0,"117":0,"118":0,"119":0,"120":0,"121":0,"122":0,"123":0,"124":0,"125":0,"126":0,"127":0,"128":0,"129":0,"130":0,"131":0,"132":0,"133":0,"134":0,"135":0,"136":0,"137":0,"138":0,"139":0,"140":0,"141":0,"142":0,"143":0,"144":0,"145":0,"146":0,"147":0,"148":0,"149":0,"150":0,"151":0,"152":7,"153":2,"154":5,"155":5,"156":5,"157":5,"158":4,"159":4,"160":1,"161":2,"162":2,"163":2,"164":0,"165":0,"166":0,"167":0,"168":0,"169":0,"170":0,"171":0,"172":0,"173":0,"174":0,"175":0,"176":0,"177":0,"178":0,"179":0,"180":0,"181":0,"182":0,"183":0,"184":0,"185":0,"186":0,"187":0,"188":0,"189":0,"190":0,"191":0,"192":0,"193":0,"194":0,"195":0,"196":0,"197":0,"198":0,"199":0,"200":0,"201":0,"202":0,"203":0,"204":0,"205":2,"206":2,"207":0,"208":0,"209":2,"210":0,"211":0,"212":2,"213":2,"214":2,"215":2,"216":2,"217":0,"218":0,"219":2,"220":1,"221":1,"222":0,"223":0,"224":1,"225":1,"226":1,"227":1,"228":1,"229":1,"230":0,"231":0,"232":0,"233":0,"234":0},"f":{"0":23,"1":23,"2":0,"3":0,"4":0,"5":0,"6":0,"7":0,"8":0,"9":0,"10":0,"11":0,"12":0,"13":0,"14":0,"15":2,"16":0,"17":0,"18":0,"19":0,"20":0,"21":0,"22":0,"23":0,"24":0,"25":0,"26":0,"27":7,"28":2,"29":0,"30":0,"31":0,"32":0,"33":0,"34":0,"35":0,"36":0,"37":0,"38":2,"39":2,"40":1,"41":1,"42":1,"43":1,"44":0,"45":0},"b":{"0":[0],"1":[23,23],"2":[23,23],"3":[23,15],"4":[23,13],"5":[23,23],"6":[23,23],"7":[23,0],"8":[0,23],"9":[23,23],"10":[23,23],"11":[23,23],"12":[1,22],"13":[23,4],"14":[2,20],"15":[22,21],"16":[0,0],"17":[0,0],"18":[0,0],"19":[0,0],"20":[0,0],"21":[0,0],"22":[0,0],"23":[0,0],"24":[0,0],"25":[2],"26":[2,0],"27":[2,1],"28":[0,0],"29":[0,0],"30":[0,0],"31":[0,0],"32":[0,0],"33":[0,0],"34":[0,0],"35":[0,0],"36":[0,0],"37":[0,0],"38":[2,5],"39":[4,1],"40":[2],"41":[2,0],"42":[2,1],"43":[0,0],"44":[0],"45":[0,0],"46":[0,0],"47":[0,0],"48":[0,2],"49":[0,2],"50":[0,1],"51":[0],"52":[0,0],"53":[0,0]},"_coverageSchema":"1a1c01bbd47fc00a2c39e90264f33305004495a9","hash":"a4cf46e2c7e69d331815948a41105070c54ae069"}
,"/home/seryki/.openclaw/workspace/minecraft-ai-bot/tests/mocks/mock-omniroute.js": {"path":"/home/seryki/.openclaw/workspace/minecraft-ai-bot/tests/mocks/mock-omniroute.js","statementMap":{"0":{"start":{"line":3,"column":4},"end":{"line":7,"column":6}},"1":{"start":{"line":9,"column":4},"end":{"line":13,"column":6}},"2":{"start":{"line":15,"column":4},"end":{"line":15,"column":19}},"3":{"start":{"line":19,"column":4},"end":{"line":19,"column":20}},"4":{"start":{"line":23,"column":4},"end":{"line":25,"column":5}},"5":{"start":{"line":24,"column":6},"end":{"line":24,"column":68}},"6":{"start":{"line":24,"column":35},"end":{"line":24,"column":66}},"7":{"start":{"line":29,"column":4},"end":{"line":37,"column":6}},"8":{"start":{"line":41,"column":4},"end":{"line":53,"column":6}},"9":{"start":{"line":57,"column":4},"end":{"line":65,"column":6}},"10":{"start":{"line":69,"column":4},"end":{"line":69,"column":31}},"11":{"start":{"line":70,"column":4},"end":{"line":70,"column":27}},"12":{"start":{"line":71,"column":4},"end":{"line":71,"column":49}},"13":{"start":{"line":75,"column":4},"end":{"line":75,"column":31}},"14":{"start":{"line":76,"column":4},"end":{"line":76,"column":30}},"15":{"start":{"line":77,"column":4},"end":{"line":77,"column":54}},"16":{"start":{"line":81,"column":4},"end":{"line":81,"column":31}},"17":{"start":{"line":82,"column":4},"end":{"line":82,"column":31}},"18":{"start":{"line":83,"column":4},"end":{"line":83,"column":55}},"19":{"start":{"line":87,"column":4},"end":{"line":87,"column":61}},"20":{"start":{"line":91,"column":4},"end":{"line":91,"column":33}},"21":{"start":{"line":95,"column":4},"end":{"line":95,"column":39}},"22":{"start":{"line":99,"column":4},"end":{"line":99,"column":29}},"23":{"start":{"line":104,"column":2},"end":{"line":104,"column":35}},"24":{"start":{"line":107,"column":0},"end":{"line":107,"column":62}}},"fnMap":{"0":{"name":"(anonymous_0)","decl":{"start":{"line":2,"column":2},"end":{"line":2,"column":3}},"loc":{"start":{"line":2,"column":16},"end":{"line":16,"column":3}},"line":2},"1":{"name":"(anonymous_1)","decl":{"start":{"line":18,"column":2},"end":{"line":18,"column":3}},"loc":{"start":{"line":18,"column":15},"end":{"line":20,"column":3}},"line":18},"2":{"name":"(anonymous_2)","decl":{"start":{"line":22,"column":2},"end":{"line":22,"column":3}},"loc":{"start":{"line":22,"column":24},"end":{"line":26,"column":3}},"line":22},"3":{"name":"(anonymous_3)","decl":{"start":{"line":24,"column":24},"end":{"line":24,"column":25}},"loc":{"start":{"line":24,"column":35},"end":{"line":24,"column":66}},"line":24},"4":{"name":"(anonymous_4)","decl":{"start":{"line":28,"column":2},"end":{"line":28,"column":3}},"loc":{"start":{"line":28,"column":45},"end":{"line":38,"column":3}},"line":28},"5":{"name":"(anonymous_5)","decl":{"start":{"line":40,"column":2},"end":{"line":40,"column":3}},"loc":{"start":{"line":40,"column":50},"end":{"line":54,"column":3}},"line":40},"6":{"name":"(anonymous_6)","decl":{"start":{"line":56,"column":2},"end":{"line":56,"column":3}},"loc":{"start":{"line":56,"column":51},"end":{"line":66,"column":3}},"line":56},"7":{"name":"(anonymous_7)","decl":{"start":{"line":68,"column":2},"end":{"line":68,"column":3}},"loc":{"start":{"line":68,"column":36},"end":{"line":72,"column":3}},"line":68},"8":{"name":"(anonymous_8)","decl":{"start":{"line":74,"column":2},"end":{"line":74,"column":3}},"loc":{"start":{"line":74,"column":41},"end":{"line":78,"column":3}},"line":74},"9":{"name":"(anonymous_9)","decl":{"start":{"line":80,"column":2},"end":{"line":80,"column":3}},"loc":{"start":{"line":80,"column":42},"end":{"line":84,"column":3}},"line":80},"10":{"name":"(anonymous_10)","decl":{"start":{"line":86,"column":2},"end":{"line":86,"column":3}},"loc":{"start":{"line":86,"column":10},"end":{"line":88,"column":3}},"line":86},"11":{"name":"(anonymous_11)","decl":{"start":{"line":90,"column":2},"end":{"line":90,"column":3}},"loc":{"start":{"line":90,"column":17},"end":{"line":92,"column":3}},"line":90},"12":{"name":"(anonymous_12)","decl":{"start":{"line":94,"column":2},"end":{"line":94,"column":3}},"loc":{"start":{"line":94,"column":33},"end":{"line":96,"column":3}},"line":94},"13":{"name":"(anonymous_13)","decl":{"start":{"line":98,"column":2},"end":{"line":98,"column":3}},"loc":{"start":{"line":98,"column":15},"end":{"line":100,"column":3}},"line":98},"14":{"name":"createMockOmniroute","decl":{"start":{"line":103,"column":9},"end":{"line":103,"column":28}},"loc":{"start":{"line":103,"column":31},"end":{"line":105,"column":1}},"line":103}},"branchMap":{"0":{"loc":{"start":{"line":23,"column":4},"end":{"line":25,"column":5}},"type":"if","locations":[{"start":{"line":23,"column":4},"end":{"line":25,"column":5}},{"start":{},"end":{}}],"line":23},"1":{"loc":{"start":{"line":28,"column":31},"end":{"line":28,"column":43}},"type":"default-arg","locations":[{"start":{"line":28,"column":41},"end":{"line":28,"column":43}}],"line":28},"2":{"loc":{"start":{"line":40,"column":36},"end":{"line":40,"column":48}},"type":"default-arg","locations":[{"start":{"line":40,"column":46},"end":{"line":40,"column":48}}],"line":40},"3":{"loc":{"start":{"line":56,"column":37},"end":{"line":56,"column":49}},"type":"default-arg","locations":[{"start":{"line":56,"column":47},"end":{"line":56,"column":49}}],"line":56},"4":{"loc":{"start":{"line":68,"column":22},"end":{"line":68,"column":34}},"type":"default-arg","locations":[{"start":{"line":68,"column":32},"end":{"line":68,"column":34}}],"line":68},"5":{"loc":{"start":{"line":74,"column":27},"end":{"line":74,"column":39}},"type":"default-arg","locations":[{"start":{"line":74,"column":37},"end":{"line":74,"column":39}}],"line":74},"6":{"loc":{"start":{"line":80,"column":28},"end":{"line":80,"column":40}},"type":"default-arg","locations":[{"start":{"line":80,"column":38},"end":{"line":80,"column":40}}],"line":80}},"s":{"0":41,"1":41,"2":41,"3":1,"4":16,"5":1,"6":1,"7":13,"8":2,"9":1,"10":13,"11":13,"12":13,"13":2,"14":2,"15":2,"16":1,"17":1,"18":1,"19":41,"20":0,"21":0,"22":0,"23":41,"24":2},"f":{"0":41,"1":1,"2":16,"3":1,"4":13,"5":2,"6":1,"7":13,"8":2,"9":1,"10":41,"11":0,"12":0,"13":0,"14":41},"b":{"0":[1,15],"1":[0],"2":[0],"3":[0],"4":[13],"5":[2],"6":[1]},"_coverageSchema":"1a1c01bbd47fc00a2c39e90264f33305004495a9","hash":"b70e58f0501fbc2f9510ff9db1528e9950a01bc9"}
}
