{"/home/seryki/.openclaw/workspace/minecraft-ai-bot/personality/personality-engine.js": {"path":"/home/seryki/.openclaw/workspace/minecraft-ai-bot/personality/personality-engine.js","statementMap":{"0":{"start":{"line":15,"column":11},"end":{"line":15,"column":33}},"1":{"start":{"line":16,"column":13},"end":{"line":16,"column":28}},"2":{"start":{"line":17,"column":16},"end":{"line":17,"column":44}},"3":{"start":{"line":18,"column":15},"end":{"line":18,"column":45}},"4":{"start":{"line":21,"column":18},"end":{"line":21,"column":21}},"5":{"start":{"line":22,"column":18},"end":{"line":22,"column":21}},"6":{"start":{"line":25,"column":27},"end":{"line":32,"column":1}},"7":{"start":{"line":35,"column":23},"end":{"line":42,"column":1}},"8":{"start":{"line":45,"column":31},"end":{"line":56,"column":1}},"9":{"start":{"line":60,"column":4},"end":{"line":60,"column":40}},"10":{"start":{"line":61,"column":4},"end":{"line":61,"column":44}},"11":{"start":{"line":62,"column":4},"end":{"line":62,"column":24}},"12":{"start":{"line":63,"column":4},"end":{"line":63,"column":25}},"13":{"start":{"line":66,"column":4},"end":{"line":73,"column":7}},"14":{"start":{"line":67,"column":6},"end":{"line":72,"column":7}},"15":{"start":{"line":68,"column":8},"end":{"line":68,"column":97}},"16":{"start":{"line":70,"column":8},"end":{"line":70,"column":74}},"17":{"start":{"line":71,"column":8},"end":{"line":71,"column":27}},"18":{"start":{"line":80,"column":4},"end":{"line":87,"column":7}},"19":{"start":{"line":81,"column":6},"end":{"line":86,"column":10}},"20":{"start":{"line":96,"column":4},"end":{"line":132,"column":5}},"21":{"start":{"line":97,"column":22},"end":{"line":97,"column":57}},"22":{"start":{"line":98,"column":6},"end":{"line":98,"column":31}},"23":{"start":{"line":101,"column":21},"end":{"line":101,"column":57}},"24":{"start":{"line":103,"column":6},"end":{"line":110,"column":7}},"25":{"start":{"line":104,"column":8},"end":{"line":104,"column":85}},"26":{"start":{"line":105,"column":8},"end":{"line":105,"column":44}},"27":{"start":{"line":106,"column":8},"end":{"line":106,"column":48}},"28":{"start":{"line":108,"column":8},"end":{"line":108,"column":36}},"29":{"start":{"line":109,"column":8},"end":{"line":109,"column":40}},"30":{"start":{"line":113,"column":6},"end":{"line":113,"column":39}},"31":{"start":{"line":115,"column":6},"end":{"line":115,"column":25}},"32":{"start":{"line":116,"column":6},"end":{"line":119,"column":9}},"33":{"start":{"line":121,"column":6},"end":{"line":121,"column":32}},"34":{"start":{"line":123,"column":6},"end":{"line":126,"column":9}},"35":{"start":{"line":128,"column":6},"end":{"line":128,"column":42}},"36":{"start":{"line":129,"column":6},"end":{"line":129,"column":46}},"37":{"start":{"line":130,"column":6},"end":{"line":130,"column":25}},"38":{"start":{"line":131,"column":6},"end":{"line":131,"column":32}},"39":{"start":{"line":141,"column":19},"end":{"line":141,"column":21}},"40":{"start":{"line":144,"column":23},"end":{"line":144,"column":65}},"41":{"start":{"line":147,"column":4},"end":{"line":156,"column":5}},"42":{"start":{"line":148,"column":24},"end":{"line":148,"column":46}},"43":{"start":{"line":149,"column":25},"end":{"line":149,"column":45}},"44":{"start":{"line":152,"column":6},"end":{"line":155,"column":7}},"45":{"start":{"line":154,"column":8},"end":{"line":154,"column":81}},"46":{"start":{"line":158,"column":4},"end":{"line":158,"column":18}},"47":{"start":{"line":166,"column":4},"end":{"line":190,"column":7}},"48":{"start":{"line":167,"column":6},"end":{"line":189,"column":8}},"49":{"start":{"line":171,"column":10},"end":{"line":175,"column":11}},"50":{"start":{"line":172,"column":12},"end":{"line":172,"column":102}},"51":{"start":{"line":173,"column":12},"end":{"line":173,"column":22}},"52":{"start":{"line":174,"column":12},"end":{"line":174,"column":19}},"53":{"start":{"line":177,"column":10},"end":{"line":186,"column":11}},"54":{"start":{"line":178,"column":12},"end":{"line":184,"column":15}},"55":{"start":{"line":179,"column":32},"end":{"line":179,"column":46}},"56":{"start":{"line":180,"column":14},"end":{"line":183,"column":15}},"57":{"start":{"line":181,"column":16},"end":{"line":181,"column":59}},"58":{"start":{"line":182,"column":16},"end":{"line":182,"column":60}},"59":{"start":{"line":185,"column":12},"end":{"line":185,"column":94}},"60":{"start":{"line":187,"column":10},"end":{"line":187,"column":20}},"61":{"start":{"line":198,"column":22},"end":{"line":198,"column":32}},"62":{"start":{"line":199,"column":21},"end":{"line":199,"column":23}},"63":{"start":{"line":201,"column":4},"end":{"line":222,"column":5}},"64":{"start":{"line":202,"column":24},"end":{"line":202,"column":66}},"65":{"start":{"line":204,"column":6},"end":{"line":221,"column":10}},"66":{"start":{"line":205,"column":8},"end":{"line":220,"column":10}},"67":{"start":{"line":210,"column":12},"end":{"line":218,"column":13}},"68":{"start":{"line":211,"column":14},"end":{"line":214,"column":17}},"69":{"start":{"line":215,"column":14},"end":{"line":215,"column":26}},"70":{"start":{"line":217,"column":14},"end":{"line":217,"column":24}},"71":{"start":{"line":224,"column":4},"end":{"line":224,"column":39}},"72":{"start":{"line":225,"column":4},"end":{"line":225,"column":93}},"73":{"start":{"line":233,"column":4},"end":{"line":235,"column":5}},"74":{"start":{"line":234,"column":6},"end":{"line":234,"column":73}},"75":{"start":{"line":236,"column":4},"end":{"line":236,"column":30}},"76":{"start":{"line":246,"column":4},"end":{"line":248,"column":5}},"77":{"start":{"line":247,"column":6},"end":{"line":247,"column":16}},"78":{"start":{"line":251,"column":26},"end":{"line":277,"column":6}},"79":{"start":{"line":252,"column":25},"end":{"line":252,"column":49}},"80":{"start":{"line":253,"column":31},"end":{"line":253,"column":71}},"81":{"start":{"line":256,"column":29},"end":{"line":256,"column":32}},"82":{"start":{"line":258,"column":6},"end":{"line":262,"column":7}},"83":{"start":{"line":259,"column":8},"end":{"line":261,"column":9}},"84":{"start":{"line":260,"column":10},"end":{"line":260,"column":66}},"85":{"start":{"line":265,"column":6},"end":{"line":267,"column":7}},"86":{"start":{"line":266,"column":8},"end":{"line":266,"column":32}},"87":{"start":{"line":269,"column":6},"end":{"line":271,"column":7}},"88":{"start":{"line":270,"column":8},"end":{"line":270,"column":32}},"89":{"start":{"line":273,"column":6},"end":{"line":276,"column":8}},"90":{"start":{"line":280,"column":4},"end":{"line":280,"column":74}},"91":{"start":{"line":280,"column":33},"end":{"line":280,"column":72}},"92":{"start":{"line":282,"column":4},"end":{"line":286,"column":7}},"93":{"start":{"line":288,"column":4},"end":{"line":288,"column":25}},"94":{"start":{"line":297,"column":4},"end":{"line":300,"column":5}},"95":{"start":{"line":298,"column":6},"end":{"line":298,"column":69}},"96":{"start":{"line":299,"column":6},"end":{"line":299,"column":32}},"97":{"start":{"line":302,"column":20},"end":{"line":302,"column":56}},"98":{"start":{"line":304,"column":4},"end":{"line":307,"column":5}},"99":{"start":{"line":305,"column":6},"end":{"line":305,"column":94}},"100":{"start":{"line":306,"column":6},"end":{"line":306,"column":32}},"101":{"start":{"line":309,"column":29},"end":{"line":309,"column":36}},"102":{"start":{"line":310,"column":22},"end":{"line":310,"column":50}},"103":{"start":{"line":311,"column":24},"end":{"line":311,"column":41}},"104":{"start":{"line":314,"column":21},"end":{"line":314,"column":39}},"105":{"start":{"line":315,"column":19},"end":{"line":315,"column":41}},"106":{"start":{"line":318,"column":4},"end":{"line":318,"column":66}},"107":{"start":{"line":321,"column":23},"end":{"line":321,"column":71}},"108":{"start":{"line":323,"column":4},"end":{"line":323,"column":34}},"109":{"start":{"line":325,"column":4},"end":{"line":331,"column":7}},"110":{"start":{"line":334,"column":4},"end":{"line":334,"column":31}},"111":{"start":{"line":336,"column":4},"end":{"line":336,"column":30}},"112":{"start":{"line":344,"column":22},"end":{"line":344,"column":40}},"113":{"start":{"line":347,"column":4},"end":{"line":347,"column":41}},"114":{"start":{"line":350,"column":4},"end":{"line":350,"column":38}},"115":{"start":{"line":352,"column":4},"end":{"line":355,"column":7}},"116":{"start":{"line":357,"column":4},"end":{"line":357,"column":30}},"117":{"start":{"line":365,"column":4},"end":{"line":379,"column":7}},"118":{"start":{"line":366,"column":6},"end":{"line":378,"column":8}},"119":{"start":{"line":370,"column":10},"end":{"line":376,"column":11}},"120":{"start":{"line":371,"column":12},"end":{"line":371,"column":103}},"121":{"start":{"line":372,"column":12},"end":{"line":372,"column":24}},"122":{"start":{"line":374,"column":12},"end":{"line":374,"column":71}},"123":{"start":{"line":375,"column":12},"end":{"line":375,"column":22}},"124":{"start":{"line":387,"column":4},"end":{"line":397,"column":7}},"125":{"start":{"line":388,"column":6},"end":{"line":396,"column":9}},"126":{"start":{"line":389,"column":8},"end":{"line":395,"column":9}},"127":{"start":{"line":390,"column":10},"end":{"line":390,"column":94}},"128":{"start":{"line":391,"column":10},"end":{"line":391,"column":22}},"129":{"start":{"line":393,"column":10},"end":{"line":393,"column":61}},"130":{"start":{"line":394,"column":10},"end":{"line":394,"column":20}},"131":{"start":{"line":402,"column":15},"end":{"line":402,"column":19}},"132":{"start":{"line":410,"column":2},"end":{"line":412,"column":3}},"133":{"start":{"line":411,"column":4},"end":{"line":411,"column":45}},"134":{"start":{"line":413,"column":2},"end":{"line":413,"column":18}},"135":{"start":{"line":416,"column":0},"end":{"line":448,"column":2}},"136":{"start":{"line":420,"column":19},"end":{"line":420,"column":32}},"137":{"start":{"line":421,"column":4},"end":{"line":421,"column":37}},"138":{"start":{"line":424,"column":19},"end":{"line":424,"column":32}},"139":{"start":{"line":425,"column":4},"end":{"line":425,"column":30}},"140":{"start":{"line":428,"column":19},"end":{"line":428,"column":32}},"141":{"start":{"line":429,"column":4},"end":{"line":429,"column":54}},"142":{"start":{"line":432,"column":19},"end":{"line":432,"column":32}},"143":{"start":{"line":433,"column":4},"end":{"line":433,"column":49}},"144":{"start":{"line":436,"column":19},"end":{"line":436,"column":32}},"145":{"start":{"line":437,"column":4},"end":{"line":437,"column":37}},"146":{"start":{"line":440,"column":19},"end":{"line":440,"column":32}},"147":{"start":{"line":441,"column":4},"end":{"line":441,"column":26}}},"fnMap":{"0":{"name":"(anonymous_0)","decl":{"start":{"line":59,"column":2},"end":{"line":59,"column":3}},"loc":{"start":{"line":59,"column":71},"end":{"line":74,"column":3}},"line":59},"1":{"name":"(anonymous_1)","decl":{"start":{"line":66,"column":43},"end":{"line":66,"column":44}},"loc":{"start":{"line":66,"column":52},"end":{"line":73,"column":5}},"line":66},"2":{"name":"(anonymous_2)","decl":{"start":{"line":79,"column":2},"end":{"line":79,"column":3}},"loc":{"start":{"line":79,"column":16},"end":{"line":88,"column":3}},"line":79},"3":{"name":"(anonymous_3)","decl":{"start":{"line":80,"column":22},"end":{"line":80,"column":23}},"loc":{"start":{"line":80,"column":28},"end":{"line":87,"column":5}},"line":80},"4":{"name":"(anonymous_4)","decl":{"start":{"line":95,"column":2},"end":{"line":95,"column":3}},"loc":{"start":{"line":95,"column":80},"end":{"line":133,"column":3}},"line":95},"5":{"name":"(anonymous_5)","decl":{"start":{"line":140,"column":2},"end":{"line":140,"column":3}},"loc":{"start":{"line":140,"column":34},"end":{"line":159,"column":3}},"line":140},"6":{"name":"(anonymous_6)","decl":{"start":{"line":165,"column":2},"end":{"line":165,"column":3}},"loc":{"start":{"line":165,"column":30},"end":{"line":191,"column":3}},"line":165},"7":{"name":"(anonymous_7)","decl":{"start":{"line":166,"column":23},"end":{"line":166,"column":24}},"loc":{"start":{"line":166,"column":44},"end":{"line":190,"column":5}},"line":166},"8":{"name":"(anonymous_8)","decl":{"start":{"line":170,"column":8},"end":{"line":170,"column":9}},"loc":{"start":{"line":170,"column":23},"end":{"line":188,"column":9}},"line":170},"9":{"name":"(anonymous_9)","decl":{"start":{"line":178,"column":25},"end":{"line":178,"column":26}},"loc":{"start":{"line":178,"column":32},"end":{"line":184,"column":13}},"line":178},"10":{"name":"(anonymous_10)","decl":{"start":{"line":197,"column":2},"end":{"line":197,"column":3}},"loc":{"start":{"line":197,"column":24},"end":{"line":226,"column":3}},"line":197},"11":{"name":"(anonymous_11)","decl":{"start":{"line":204,"column":32},"end":{"line":204,"column":33}},"loc":{"start":{"line":204,"column":53},"end":{"line":221,"column":7}},"line":204},"12":{"name":"(anonymous_12)","decl":{"start":{"line":209,"column":10},"end":{"line":209,"column":11}},"loc":{"start":{"line":209,"column":19},"end":{"line":219,"column":11}},"line":209},"13":{"name":"(anonymous_13)","decl":{"start":{"line":232,"column":2},"end":{"line":232,"column":3}},"loc":{"start":{"line":232,"column":14},"end":{"line":237,"column":3}},"line":232},"14":{"name":"(anonymous_14)","decl":{"start":{"line":245,"column":2},"end":{"line":245,"column":3}},"loc":{"start":{"line":245,"column":43},"end":{"line":289,"column":3}},"line":245},"15":{"name":"(anonymous_15)","decl":{"start":{"line":251,"column":38},"end":{"line":251,"column":39}},"loc":{"start":{"line":251,"column":48},"end":{"line":277,"column":5}},"line":251},"16":{"name":"(anonymous_16)","decl":{"start":{"line":280,"column":23},"end":{"line":280,"column":24}},"loc":{"start":{"line":280,"column":33},"end":{"line":280,"column":72}},"line":280},"17":{"name":"(anonymous_17)","decl":{"start":{"line":296,"column":2},"end":{"line":296,"column":3}},"loc":{"start":{"line":296,"column":39},"end":{"line":337,"column":3}},"line":296},"18":{"name":"(anonymous_18)","decl":{"start":{"line":343,"column":2},"end":{"line":343,"column":3}},"loc":{"start":{"line":343,"column":27},"end":{"line":358,"column":3}},"line":343},"19":{"name":"(anonymous_19)","decl":{"start":{"line":364,"column":2},"end":{"line":364,"column":3}},"loc":{"start":{"line":364,"column":31},"end":{"line":380,"column":3}},"line":364},"20":{"name":"(anonymous_20)","decl":{"start":{"line":365,"column":23},"end":{"line":365,"column":24}},"loc":{"start":{"line":365,"column":44},"end":{"line":379,"column":5}},"line":365},"21":{"name":"(anonymous_21)","decl":{"start":{"line":369,"column":8},"end":{"line":369,"column":9}},"loc":{"start":{"line":369,"column":17},"end":{"line":377,"column":9}},"line":369},"22":{"name":"(anonymous_22)","decl":{"start":{"line":386,"column":2},"end":{"line":386,"column":3}},"loc":{"start":{"line":386,"column":16},"end":{"line":398,"column":3}},"line":386},"23":{"name":"(anonymous_23)","decl":{"start":{"line":387,"column":23},"end":{"line":387,"column":24}},"loc":{"start":{"line":387,"column":44},"end":{"line":397,"column":5}},"line":387},"24":{"name":"(anonymous_24)","decl":{"start":{"line":388,"column":20},"end":{"line":388,"column":21}},"loc":{"start":{"line":388,"column":29},"end":{"line":396,"column":7}},"line":388},"25":{"name":"getInstance","decl":{"start":{"line":409,"column":9},"end":{"line":409,"column":20}},"loc":{"start":{"line":409,"column":29},"end":{"line":414,"column":1}},"line":409},"26":{"name":"(anonymous_26)","decl":{"start":{"line":419,"column":12},"end":{"line":419,"column":13}},"loc":{"start":{"line":419,"column":32},"end":{"line":422,"column":3}},"line":419},"27":{"name":"(anonymous_27)","decl":{"start":{"line":423,"column":13},"end":{"line":423,"column":14}},"loc":{"start":{"line":423,"column":19},"end":{"line":426,"column":3}},"line":423},"28":{"name":"(anonymous_28)","decl":{"start":{"line":427,"column":21},"end":{"line":427,"column":22}},"loc":{"start":{"line":427,"column":43},"end":{"line":430,"column":3}},"line":427},"29":{"name":"(anonymous_29)","decl":{"start":{"line":431,"column":21},"end":{"line":431,"column":22}},"loc":{"start":{"line":431,"column":44},"end":{"line":434,"column":3}},"line":431},"30":{"name":"(anonymous_30)","decl":{"start":{"line":435,"column":20},"end":{"line":435,"column":21}},"loc":{"start":{"line":435,"column":32},"end":{"line":438,"column":3}},"line":435},"31":{"name":"(anonymous_31)","decl":{"start":{"line":439,"column":9},"end":{"line":439,"column":10}},"loc":{"start":{"line":439,"column":21},"end":{"line":442,"column":3}},"line":439}},"branchMap":{"0":{"loc":{"start":{"line":59,"column":14},"end":{"line":59,"column":69}},"type":"default-arg","locations":[{"start":{"line":59,"column":23},"end":{"line":59,"column":69}}],"line":59},"1":{"loc":{"start":{"line":67,"column":6},"end":{"line":72,"column":7}},"type":"if","locations":[{"start":{"line":67,"column":6},"end":{"line":72,"column":7}},{"start":{"line":69,"column":13},"end":{"line":72,"column":7}}],"line":67},"2":{"loc":{"start":{"line":95,"column":17},"end":{"line":95,"column":78}},"type":"default-arg","locations":[{"start":{"line":95,"column":28},"end":{"line":95,"column":78}}],"line":95},"3":{"loc":{"start":{"line":103,"column":6},"end":{"line":110,"column":7}},"type":"if","locations":[{"start":{"line":103,"column":6},"end":{"line":110,"column":7}},{"start":{"line":107,"column":13},"end":{"line":110,"column":7}}],"line":103},"4":{"loc":{"start":{"line":152,"column":6},"end":{"line":155,"column":7}},"type":"if","locations":[{"start":{"line":152,"column":6},"end":{"line":155,"column":7}},{"start":{},"end":{}}],"line":152},"5":{"loc":{"start":{"line":152,"column":10},"end":{"line":152,"column":72}},"type":"binary-expr","locations":[{"start":{"line":152,"column":10},"end":{"line":152,"column":50}},{"start":{"line":152,"column":54},"end":{"line":152,"column":72}}],"line":152},"6":{"loc":{"start":{"line":171,"column":10},"end":{"line":175,"column":11}},"type":"if","locations":[{"start":{"line":171,"column":10},"end":{"line":175,"column":11}},{"start":{},"end":{}}],"line":171},"7":{"loc":{"start":{"line":177,"column":10},"end":{"line":186,"column":11}},"type":"if","locations":[{"start":{"line":177,"column":10},"end":{"line":186,"column":11}},{"start":{},"end":{}}],"line":177},"8":{"loc":{"start":{"line":177,"column":14},"end":{"line":177,"column":37}},"type":"binary-expr","locations":[{"start":{"line":177,"column":14},"end":{"line":177,"column":18}},{"start":{"line":177,"column":22},"end":{"line":177,"column":37}}],"line":177},"9":{"loc":{"start":{"line":180,"column":14},"end":{"line":183,"column":15}},"type":"if","locations":[{"start":{"line":180,"column":14},"end":{"line":183,"column":15}},{"start":{},"end":{}}],"line":180},"10":{"loc":{"start":{"line":202,"column":24},"end":{"line":202,"column":66}},"type":"binary-expr","locations":[{"start":{"line":202,"column":24},"end":{"line":202,"column":50}},{"start":{"line":202,"column":54},"end":{"line":202,"column":66}}],"line":202},"11":{"loc":{"start":{"line":210,"column":12},"end":{"line":218,"column":13}},"type":"if","locations":[{"start":{"line":210,"column":12},"end":{"line":218,"column":13}},{"start":{"line":216,"column":19},"end":{"line":218,"column":13}}],"line":210},"12":{"loc":{"start":{"line":233,"column":4},"end":{"line":235,"column":5}},"type":"if","locations":[{"start":{"line":233,"column":4},"end":{"line":235,"column":5}},{"start":{},"end":{}}],"line":233},"13":{"loc":{"start":{"line":245,"column":29},"end":{"line":245,"column":41}},"type":"default-arg","locations":[{"start":{"line":245,"column":39},"end":{"line":245,"column":41}}],"line":245},"14":{"loc":{"start":{"line":246,"column":4},"end":{"line":248,"column":5}},"type":"if","locations":[{"start":{"line":246,"column":4},"end":{"line":248,"column":5}},{"start":{},"end":{}}],"line":246},"15":{"loc":{"start":{"line":246,"column":8},"end":{"line":246,"column":55}},"type":"binary-expr","locations":[{"start":{"line":246,"column":8},"end":{"line":246,"column":31}},{"start":{"line":246,"column":35},"end":{"line":246,"column":55}}],"line":246},"16":{"loc":{"start":{"line":252,"column":25},"end":{"line":252,"column":49}},"type":"binary-expr","locations":[{"start":{"line":252,"column":25},"end":{"line":252,"column":36}},{"start":{"line":252,"column":40},"end":{"line":252,"column":49}}],"line":252},"17":{"loc":{"start":{"line":253,"column":31},"end":{"line":253,"column":71}},"type":"binary-expr","locations":[{"start":{"line":253,"column":31},"end":{"line":253,"column":65}},{"start":{"line":253,"column":69},"end":{"line":253,"column":71}}],"line":253},"18":{"loc":{"start":{"line":259,"column":8},"end":{"line":261,"column":9}},"type":"if","locations":[{"start":{"line":259,"column":8},"end":{"line":261,"column":9}},{"start":{},"end":{}}],"line":259},"19":{"loc":{"start":{"line":265,"column":6},"end":{"line":267,"column":7}},"type":"if","locations":[{"start":{"line":265,"column":6},"end":{"line":267,"column":7}},{"start":{},"end":{}}],"line":265},"20":{"loc":{"start":{"line":265,"column":10},"end":{"line":265,"column":53}},"type":"binary-expr","locations":[{"start":{"line":265,"column":10},"end":{"line":265,"column":24}},{"start":{"line":265,"column":28},"end":{"line":265,"column":53}}],"line":265},"21":{"loc":{"start":{"line":269,"column":6},"end":{"line":271,"column":7}},"type":"if","locations":[{"start":{"line":269,"column":6},"end":{"line":271,"column":7}},{"start":{},"end":{}}],"line":269},"22":{"loc":{"start":{"line":269,"column":10},"end":{"line":269,"column":89}},"type":"binary-expr","locations":[{"start":{"line":269,"column":10},"end":{"line":269,"column":30}},{"start":{"line":269,"column":34},"end":{"line":269,"column":60}},{"start":{"line":269,"column":64},"end":{"line":269,"column":89}}],"line":269},"23":{"loc":{"start":{"line":283,"column":17},"end":{"line":283,"column":49}},"type":"binary-expr","locations":[{"start":{"line":283,"column":17},"end":{"line":283,"column":39}},{"start":{"line":283,"column":43},"end":{"line":283,"column":49}}],"line":283},"24":{"loc":{"start":{"line":284,"column":16},"end":{"line":284,"column":55}},"type":"binary-expr","locations":[{"start":{"line":284,"column":16},"end":{"line":284,"column":50}},{"start":{"line":284,"column":54},"end":{"line":284,"column":55}}],"line":284},"25":{"loc":{"start":{"line":297,"column":4},"end":{"line":300,"column":5}},"type":"if","locations":[{"start":{"line":297,"column":4},"end":{"line":300,"column":5}},{"start":{},"end":{}}],"line":297},"26":{"loc":{"start":{"line":297,"column":8},"end":{"line":297,"column":41}},"type":"binary-expr","locations":[{"start":{"line":297,"column":8},"end":{"line":297,"column":20}},{"start":{"line":297,"column":24},"end":{"line":297,"column":41}}],"line":297},"27":{"loc":{"start":{"line":304,"column":4},"end":{"line":307,"column":5}},"type":"if","locations":[{"start":{"line":304,"column":4},"end":{"line":307,"column":5}},{"start":{},"end":{}}],"line":304},"28":{"loc":{"start":{"line":310,"column":22},"end":{"line":310,"column":50}},"type":"binary-expr","locations":[{"start":{"line":310,"column":22},"end":{"line":310,"column":43}},{"start":{"line":310,"column":47},"end":{"line":310,"column":50}}],"line":310},"29":{"loc":{"start":{"line":321,"column":23},"end":{"line":321,"column":71}},"type":"binary-expr","locations":[{"start":{"line":321,"column":23},"end":{"line":321,"column":45}},{"start":{"line":321,"column":49},"end":{"line":321,"column":71}}],"line":321},"30":{"loc":{"start":{"line":370,"column":10},"end":{"line":376,"column":11}},"type":"if","locations":[{"start":{"line":370,"column":10},"end":{"line":376,"column":11}},{"start":{"line":373,"column":17},"end":{"line":376,"column":11}}],"line":370},"31":{"loc":{"start":{"line":389,"column":8},"end":{"line":395,"column":9}},"type":"if","locations":[{"start":{"line":389,"column":8},"end":{"line":395,"column":9}},{"start":{"line":392,"column":15},"end":{"line":395,"column":9}}],"line":389},"32":{"loc":{"start":{"line":410,"column":2},"end":{"line":412,"column":3}},"type":"if","locations":[{"start":{"line":410,"column":2},"end":{"line":412,"column":3}},{"start":{},"end":{}}],"line":410}},"s":{"0":13,"1":13,"2":13,"3":13,"4":13,"5":13,"6":13,"7":13,"8":13,"9":13,"10":13,"11":13,"12":13,"13":13,"14":1,"15":0,"16":1,"17":1,"18":1,"19":1,"20":0,"21":0,"22":0,"23":0,"24":0,"25":0,"26":0,"27":0,"28":0,"29":0,"30":0,"31":0,"32":0,"33":0,"34":0,"35":0,"36":0,"37":0,"38":0,"39":0,"40":0,"41":0,"42":0,"43":0,"44":0,"45":0,"46":0,"47":0,"48":0,"49":0,"50":0,"51":0,"52":0,"53":0,"54":0,"55":0,"56":0,"57":0,"58":0,"59":0,"60":0,"61":0,"62":0,"63":0,"64":0,"65":0,"66":0,"67":0,"68":0,"69":0,"70":0,"71":0,"72":0,"73":7,"74":7,"75":7,"76":3,"77":1,"78":2,"79":3,"80":3,"81":3,"82":3,"83":8,"84":8,"85":3,"86":0,"87":3,"88":1,"89":3,"90":2,"91":1,"92":2,"93":2,"94":4,"95":1,"96":1,"97":3,"98":3,"99":1,"100":1,"101":2,"102":2,"103":2,"104":2,"105":2,"106":2,"107":2,"108":2,"109":2,"110":2,"111":2,"112":1,"113":1,"114":1,"115":1,"116":1,"117":0,"118":0,"119":0,"120":0,"121":0,"122":0,"123":0,"124":0,"125":0,"126":0,"127":0,"128":0,"129":0,"130":0,"131":13,"132":21,"133":1,"134":21,"135":13,"136":0,"137":0,"138":0,"139":0,"140":0,"141":0,"142":0,"143":0,"144":0,"145":0,"146":0,"147":0},"f":{"0":13,"1":1,"2":1,"3":1,"4":0,"5":0,"6":0,"7":0,"8":0,"9":0,"10":0,"11":0,"12":0,"13":7,"14":3,"15":3,"16":1,"17":4,"18":1,"19":0,"20":0,"21":0,"22":0,"23":0,"24":0,"25":21,"26":0,"27":0,"28":0,"29":0,"30":0,"31":0},"b":{"0":[13],"1":[0,1],"2":[0],"3":[0,0],"4":[0,0],"5":[0,0],"6":[0,0],"7":[0,0],"8":[0,0],"9":[0,0],"10":[0,0],"11":[0,0],"12":[7,0],"13":[2],"14":[1,2],"15":[3,3],"16":[3,0],"17":[3,0],"18":[8,0],"19":[0,3],"20":[3,1],"21":[1,2],"22":[3,1,1],"23":[2,0],"24":[2,0],"25":[1,3],"26":[4,3],"27":[1,2],"28":[2,0],"29":[2,2],"30":[0,0],"31":[0,0],"32":[1,20]},"_coverageSchema":"1a1c01bbd47fc00a2c39e90264f33305004495a9","hash":"84104c22928374c83c8111d872ac94329f932d18"}
,"/home/seryki/.openclaw/workspace/minecraft-ai-bot/src/chat/nlp-handler.js": {"path":"/home/seryki/.openclaw/workspace/minecraft-ai-bot/src/chat/nlp-handler.js","statementMap":{"0":{"start":{"line":12,"column":32},"end":{"line":27,"column":1}},"1":{"start":{"line":29,"column":25},"end":{"line":39,"column":1}},"2":{"start":{"line":41,"column":27},"end":{"line":47,"column":1}},"3":{"start":{"line":66,"column":2},"end":{"line":68,"column":3}},"4":{"start":{"line":67,"column":4},"end":{"line":67,"column":85}},"5":{"start":{"line":70,"column":2},"end":{"line":72,"column":3}},"6":{"start":{"line":71,"column":4},"end":{"line":71,"column":77}},"7":{"start":{"line":74,"column":28},"end":{"line":74,"column":49}},"8":{"start":{"line":75,"column":28},"end":{"line":75,"column":42}},"9":{"start":{"line":78,"column":23},"end":{"line":78,"column":79}},"10":{"start":{"line":79,"column":2},"end":{"line":81,"column":3}},"11":{"start":{"line":80,"column":4},"end":{"line":80,"column":24}},"12":{"start":{"line":84,"column":24},"end":{"line":84,"column":80}},"13":{"start":{"line":85,"column":2},"end":{"line":87,"column":3}},"14":{"start":{"line":86,"column":4},"end":{"line":86,"column":25}},"15":{"start":{"line":90,"column":24},"end":{"line":90,"column":72}},"16":{"start":{"line":91,"column":2},"end":{"line":93,"column":3}},"17":{"start":{"line":92,"column":4},"end":{"line":92,"column":25}},"18":{"start":{"line":96,"column":26},"end":{"line":96,"column":85}},"19":{"start":{"line":98,"column":2},"end":{"line":102,"column":4}},"20":{"start":{"line":110,"column":23},"end":{"line":110,"column":91}},"21":{"start":{"line":111,"column":2},"end":{"line":113,"column":3}},"22":{"start":{"line":112,"column":4},"end":{"line":112,"column":88}},"23":{"start":{"line":116,"column":20},"end":{"line":116,"column":66}},"24":{"start":{"line":117,"column":2},"end":{"line":119,"column":3}},"25":{"start":{"line":118,"column":4},"end":{"line":118,"column":76}},"26":{"start":{"line":122,"column":26},"end":{"line":122,"column":74}},"27":{"start":{"line":123,"column":2},"end":{"line":125,"column":3}},"28":{"start":{"line":124,"column":4},"end":{"line":124,"column":90}},"29":{"start":{"line":128,"column":26},"end":{"line":128,"column":106}},"30":{"start":{"line":129,"column":2},"end":{"line":131,"column":3}},"31":{"start":{"line":130,"column":4},"end":{"line":130,"column":83}},"32":{"start":{"line":134,"column":21},"end":{"line":134,"column":56}},"33":{"start":{"line":135,"column":2},"end":{"line":138,"column":3}},"34":{"start":{"line":137,"column":4},"end":{"line":137,"column":86}},"35":{"start":{"line":140,"column":2},"end":{"line":140,"column":82}},"36":{"start":{"line":147,"column":25},"end":{"line":147,"column":72}},"37":{"start":{"line":148,"column":2},"end":{"line":150,"column":3}},"38":{"start":{"line":149,"column":4},"end":{"line":149,"column":74}},"39":{"start":{"line":153,"column":2},"end":{"line":159,"column":3}},"40":{"start":{"line":155,"column":30},"end":{"line":155,"column":82}},"41":{"start":{"line":156,"column":4},"end":{"line":158,"column":5}},"42":{"start":{"line":157,"column":6},"end":{"line":157,"column":88}},"43":{"start":{"line":161,"column":2},"end":{"line":161,"column":76}},"44":{"start":{"line":168,"column":2},"end":{"line":170,"column":3}},"45":{"start":{"line":169,"column":4},"end":{"line":169,"column":80}},"46":{"start":{"line":173,"column":27},"end":{"line":174,"column":93}},"47":{"start":{"line":176,"column":2},"end":{"line":178,"column":3}},"48":{"start":{"line":177,"column":4},"end":{"line":177,"column":88}},"49":{"start":{"line":181,"column":25},"end":{"line":181,"column":57}},"50":{"start":{"line":182,"column":2},"end":{"line":205,"column":3}},"51":{"start":{"line":184,"column":21},"end":{"line":184,"column":24}},"52":{"start":{"line":185,"column":4},"end":{"line":193,"column":5}},"53":{"start":{"line":186,"column":6},"end":{"line":186,"column":24}},"54":{"start":{"line":187,"column":11},"end":{"line":193,"column":5}},"55":{"start":{"line":188,"column":6},"end":{"line":188,"column":23}},"56":{"start":{"line":189,"column":11},"end":{"line":193,"column":5}},"57":{"start":{"line":190,"column":6},"end":{"line":190,"column":24}},"58":{"start":{"line":191,"column":11},"end":{"line":193,"column":5}},"59":{"start":{"line":192,"column":6},"end":{"line":192,"column":24}},"60":{"start":{"line":196,"column":4},"end":{"line":198,"column":5}},"61":{"start":{"line":197,"column":6},"end":{"line":197,"column":52}},"62":{"start":{"line":200,"column":4},"end":{"line":204,"column":6}},"63":{"start":{"line":208,"column":26},"end":{"line":208,"column":92}},"64":{"start":{"line":209,"column":2},"end":{"line":216,"column":3}},"65":{"start":{"line":210,"column":23},"end":{"line":210,"column":56}},"66":{"start":{"line":211,"column":4},"end":{"line":215,"column":6}},"67":{"start":{"line":218,"column":2},"end":{"line":218,"column":85}},"68":{"start":{"line":225,"column":2},"end":{"line":225,"column":55}},"69":{"start":{"line":236,"column":16},"end":{"line":236,"column":17}},"70":{"start":{"line":237,"column":19},"end":{"line":237,"column":21}},"71":{"start":{"line":239,"column":2},"end":{"line":254,"column":3}},"72":{"start":{"line":240,"column":19},"end":{"line":240,"column":66}},"73":{"start":{"line":241,"column":22},"end":{"line":241,"column":60}},"74":{"start":{"line":243,"column":4},"end":{"line":253,"column":5}},"75":{"start":{"line":244,"column":6},"end":{"line":244,"column":16}},"76":{"start":{"line":246,"column":6},"end":{"line":252,"column":9}},"77":{"start":{"line":256,"column":16},"end":{"line":256,"column":32}},"78":{"start":{"line":257,"column":19},"end":{"line":257,"column":50}},"79":{"start":{"line":259,"column":2},"end":{"line":259,"column":48}},"80":{"start":{"line":262,"column":0},"end":{"line":268,"column":2}}},"fnMap":{"0":{"name":"isAddressed","decl":{"start":{"line":65,"column":9},"end":{"line":65,"column":20}},"loc":{"start":{"line":65,"column":55},"end":{"line":103,"column":1}},"line":65},"1":{"name":"checkDirectMention","decl":{"start":{"line":108,"column":9},"end":{"line":108,"column":27}},"loc":{"start":{"line":108,"column":46},"end":{"line":141,"column":1}},"line":108},"2":{"name":"checkCommandPrefix","decl":{"start":{"line":146,"column":9},"end":{"line":146,"column":27}},"loc":{"start":{"line":146,"column":46},"end":{"line":162,"column":1}},"line":146},"3":{"name":"checkPronounPatterns","decl":{"start":{"line":167,"column":9},"end":{"line":167,"column":29}},"loc":{"start":{"line":167,"column":48},"end":{"line":219,"column":1}},"line":167},"4":{"name":"escapeRegex","decl":{"start":{"line":224,"column":9},"end":{"line":224,"column":20}},"loc":{"start":{"line":224,"column":29},"end":{"line":226,"column":1}},"line":224},"5":{"name":"runTestSet","decl":{"start":{"line":235,"column":9},"end":{"line":235,"column":19}},"loc":{"start":{"line":235,"column":56},"end":{"line":260,"column":1}},"line":235}},"branchMap":{"0":{"loc":{"start":{"line":65,"column":39},"end":{"line":65,"column":53}},"type":"default-arg","locations":[{"start":{"line":65,"column":49},"end":{"line":65,"column":53}}],"line":65},"1":{"loc":{"start":{"line":66,"column":2},"end":{"line":68,"column":3}},"type":"if","locations":[{"start":{"line":66,"column":2},"end":{"line":68,"column":3}},{"start":{},"end":{}}],"line":66},"2":{"loc":{"start":{"line":66,"column":6},"end":{"line":66,"column":45}},"type":"binary-expr","locations":[{"start":{"line":66,"column":6},"end":{"line":66,"column":14}},{"start":{"line":66,"column":18},"end":{"line":66,"column":45}}],"line":66},"3":{"loc":{"start":{"line":70,"column":2},"end":{"line":72,"column":3}},"type":"if","locations":[{"start":{"line":70,"column":2},"end":{"line":72,"column":3}},{"start":{},"end":{}}],"line":70},"4":{"loc":{"start":{"line":70,"column":6},"end":{"line":70,"column":45}},"type":"binary-expr","locations":[{"start":{"line":70,"column":6},"end":{"line":70,"column":14}},{"start":{"line":70,"column":18},"end":{"line":70,"column":45}}],"line":70},"5":{"loc":{"start":{"line":79,"column":2},"end":{"line":81,"column":3}},"type":"if","locations":[{"start":{"line":79,"column":2},"end":{"line":81,"column":3}},{"start":{},"end":{}}],"line":79},"6":{"loc":{"start":{"line":85,"column":2},"end":{"line":87,"column":3}},"type":"if","locations":[{"start":{"line":85,"column":2},"end":{"line":87,"column":3}},{"start":{},"end":{}}],"line":85},"7":{"loc":{"start":{"line":91,"column":2},"end":{"line":93,"column":3}},"type":"if","locations":[{"start":{"line":91,"column":2},"end":{"line":93,"column":3}},{"start":{},"end":{}}],"line":91},"8":{"loc":{"start":{"line":101,"column":12},"end":{"line":101,"column":95}},"type":"cond-expr","locations":[{"start":{"line":101,"column":37},"end":{"line":101,"column":62}},{"start":{"line":101,"column":65},"end":{"line":101,"column":95}}],"line":101},"9":{"loc":{"start":{"line":111,"column":2},"end":{"line":113,"column":3}},"type":"if","locations":[{"start":{"line":111,"column":2},"end":{"line":113,"column":3}},{"start":{},"end":{}}],"line":111},"10":{"loc":{"start":{"line":117,"column":2},"end":{"line":119,"column":3}},"type":"if","locations":[{"start":{"line":117,"column":2},"end":{"line":119,"column":3}},{"start":{},"end":{}}],"line":117},"11":{"loc":{"start":{"line":123,"column":2},"end":{"line":125,"column":3}},"type":"if","locations":[{"start":{"line":123,"column":2},"end":{"line":125,"column":3}},{"start":{},"end":{}}],"line":123},"12":{"loc":{"start":{"line":129,"column":2},"end":{"line":131,"column":3}},"type":"if","locations":[{"start":{"line":129,"column":2},"end":{"line":131,"column":3}},{"start":{},"end":{}}],"line":129},"13":{"loc":{"start":{"line":135,"column":2},"end":{"line":138,"column":3}},"type":"if","locations":[{"start":{"line":135,"column":2},"end":{"line":138,"column":3}},{"start":{},"end":{}}],"line":135},"14":{"loc":{"start":{"line":148,"column":2},"end":{"line":150,"column":3}},"type":"if","locations":[{"start":{"line":148,"column":2},"end":{"line":150,"column":3}},{"start":{},"end":{}}],"line":148},"15":{"loc":{"start":{"line":153,"column":2},"end":{"line":159,"column":3}},"type":"if","locations":[{"start":{"line":153,"column":2},"end":{"line":159,"column":3}},{"start":{},"end":{}}],"line":153},"16":{"loc":{"start":{"line":156,"column":4},"end":{"line":158,"column":5}},"type":"if","locations":[{"start":{"line":156,"column":4},"end":{"line":158,"column":5}},{"start":{},"end":{}}],"line":156},"17":{"loc":{"start":{"line":168,"column":2},"end":{"line":170,"column":3}},"type":"if","locations":[{"start":{"line":168,"column":2},"end":{"line":170,"column":3}},{"start":{},"end":{}}],"line":168},"18":{"loc":{"start":{"line":173,"column":27},"end":{"line":174,"column":93}},"type":"binary-expr","locations":[{"start":{"line":173,"column":27},"end":{"line":173,"column":56}},{"start":{"line":174,"column":5},"end":{"line":174,"column":54}},{"start":{"line":174,"column":58},"end":{"line":174,"column":92}}],"line":173},"19":{"loc":{"start":{"line":176,"column":2},"end":{"line":178,"column":3}},"type":"if","locations":[{"start":{"line":176,"column":2},"end":{"line":178,"column":3}},{"start":{},"end":{}}],"line":176},"20":{"loc":{"start":{"line":182,"column":2},"end":{"line":205,"column":3}},"type":"if","locations":[{"start":{"line":182,"column":2},"end":{"line":205,"column":3}},{"start":{},"end":{}}],"line":182},"21":{"loc":{"start":{"line":185,"column":4},"end":{"line":193,"column":5}},"type":"if","locations":[{"start":{"line":185,"column":4},"end":{"line":193,"column":5}},{"start":{"line":187,"column":11},"end":{"line":193,"column":5}}],"line":185},"22":{"loc":{"start":{"line":187,"column":11},"end":{"line":193,"column":5}},"type":"if","locations":[{"start":{"line":187,"column":11},"end":{"line":193,"column":5}},{"start":{"line":189,"column":11},"end":{"line":193,"column":5}}],"line":187},"23":{"loc":{"start":{"line":189,"column":11},"end":{"line":193,"column":5}},"type":"if","locations":[{"start":{"line":189,"column":11},"end":{"line":193,"column":5}},{"start":{"line":191,"column":11},"end":{"line":193,"column":5}}],"line":189},"24":{"loc":{"start":{"line":191,"column":11},"end":{"line":193,"column":5}},"type":"if","locations":[{"start":{"line":191,"column":11},"end":{"line":193,"column":5}},{"start":{},"end":{}}],"line":191},"25":{"loc":{"start":{"line":196,"column":4},"end":{"line":198,"column":5}},"type":"if","locations":[{"start":{"line":196,"column":4},"end":{"line":198,"column":5}},{"start":{},"end":{}}],"line":196},"26":{"loc":{"start":{"line":203,"column":63},"end":{"line":203,"column":142}},"type":"cond-expr","locations":[{"start":{"line":203,"column":86},"end":{"line":203,"column":92}},{"start":{"line":203,"column":95},"end":{"line":203,"column":142}}],"line":203},"27":{"loc":{"start":{"line":209,"column":2},"end":{"line":216,"column":3}},"type":"if","locations":[{"start":{"line":209,"column":2},"end":{"line":216,"column":3}},{"start":{},"end":{}}],"line":209},"28":{"loc":{"start":{"line":210,"column":23},"end":{"line":210,"column":56}},"type":"cond-expr","locations":[{"start":{"line":210,"column":46},"end":{"line":210,"column":50}},{"start":{"line":210,"column":53},"end":{"line":210,"column":56}}],"line":210},"29":{"loc":{"start":{"line":235,"column":40},"end":{"line":235,"column":54}},"type":"default-arg","locations":[{"start":{"line":235,"column":50},"end":{"line":235,"column":54}}],"line":235},"30":{"loc":{"start":{"line":243,"column":4},"end":{"line":253,"column":5}},"type":"if","locations":[{"start":{"line":243,"column":4},"end":{"line":253,"column":5}},{"start":{"line":245,"column":11},"end":{"line":253,"column":5}}],"line":243},"31":{"loc":{"start":{"line":257,"column":19},"end":{"line":257,"column":50}},"type":"cond-expr","locations":[{"start":{"line":257,"column":31},"end":{"line":257,"column":46}},{"start":{"line":257,"column":49},"end":{"line":257,"column":50}}],"line":257}},"s":{"0":19,"1":19,"2":19,"3":11,"4":1,"5":10,"6":1,"7":9,"8":9,"9":9,"10":9,"11":4,"12":5,"13":5,"14":1,"15":4,"16":4,"17":1,"18":3,"19":3,"20":13,"21":13,"22":4,"23":9,"24":9,"25":2,"26":7,"27":7,"28":3,"29":4,"30":4,"31":0,"32":4,"33":4,"34":0,"35":4,"36":7,"37":7,"38":2,"39":5,"40":1,"41":1,"42":0,"43":5,"44":7,"45":4,"46":3,"47":3,"48":0,"49":3,"50":3,"51":3,"52":3,"53":3,"54":0,"55":0,"56":0,"57":0,"58":0,"59":0,"60":3,"61":1,"62":3,"63":0,"64":0,"65":0,"66":0,"67":0,"68":41,"69":2,"70":2,"71":2,"72":3,"73":3,"74":3,"75":2,"76":1,"77":2,"78":2,"79":2,"80":19},"f":{"0":11,"1":13,"2":7,"3":7,"4":41,"5":2},"b":{"0":[6],"1":[1,10],"2":[11,10],"3":[1,9],"4":[10,9],"5":[4,5],"6":[1,4],"7":[1,3],"8":[1,2],"9":[4,9],"10":[2,7],"11":[3,4],"12":[0,4],"13":[0,4],"14":[2,5],"15":[1,4],"16":[0,1],"17":[4,3],"18":[3,0,0],"19":[0,3],"20":[3,0],"21":[3,0],"22":[0,0],"23":[0,0],"24":[0,0],"25":[1,2],"26":[3,0],"27":[0,0],"28":[0,0],"29":[2],"30":[2,1],"31":[2,0]},"_coverageSchema":"1a1c01bbd47fc00a2c39e90264f33305004495a9","hash":"68f0683927d2f42f9d793b6393f1452ee0890461"}
,"/home/seryki/.openclaw/workspace/minecraft-ai-bot/src/layers/action-awareness.js": {"path":"/home/seryki/.openclaw/workspace/minecraft-ai-bot/src/layers/action-awareness.js","statementMap":{"0":{"start":{"line":1,"column":15},"end":{"line":1,"column":41}},"1":{"start":{"line":2,"column":21},"end":{"line":2,"column":54}},"2":{"start":{"line":6,"column":4},"end":{"line":6,"column":19}},"3":{"start":{"line":7,"column":4},"end":{"line":7,"column":25}},"4":{"start":{"line":8,"column":4},"end":{"line":8,"column":43}},"5":{"start":{"line":9,"column":4},"end":{"line":9,"column":28}},"6":{"start":{"line":10,"column":4},"end":{"line":10,"column":25}},"7":{"start":{"line":14,"column":23},"end":{"line":14,"column":49}},"8":{"start":{"line":15,"column":22},"end":{"line":15,"column":32}},"9":{"start":{"line":17,"column":4},"end":{"line":63,"column":5}},"10":{"start":{"line":18,"column":6},"end":{"line":18,"column":40}},"11":{"start":{"line":20,"column":6},"end":{"line":20,"column":28}},"12":{"start":{"line":22,"column":23},"end":{"line":22,"column":49}},"13":{"start":{"line":23,"column":28},"end":{"line":23,"column":78}},"14":{"start":{"line":25,"column":20},"end":{"line":25,"column":71}},"15":{"start":{"line":27,"column":6},"end":{"line":34,"column":9}},"16":{"start":{"line":36,"column":6},"end":{"line":38,"column":7}},"17":{"start":{"line":37,"column":8},"end":{"line":37,"column":35}},"18":{"start":{"line":40,"column":6},"end":{"line":56,"column":7}},"19":{"start":{"line":41,"column":8},"end":{"line":45,"column":11}},"20":{"start":{"line":47,"column":8},"end":{"line":53,"column":11}},"21":{"start":{"line":55,"column":8},"end":{"line":55,"column":85}},"22":{"start":{"line":58,"column":6},"end":{"line":58,"column":55}},"23":{"start":{"line":61,"column":6},"end":{"line":61,"column":65}},"24":{"start":{"line":62,"column":6},"end":{"line":62,"column":81}},"25":{"start":{"line":67,"column":4},"end":{"line":94,"column":5}},"26":{"start":{"line":69,"column":8},"end":{"line":69,"column":57}},"27":{"start":{"line":70,"column":8},"end":{"line":70,"column":49}},"28":{"start":{"line":71,"column":8},"end":{"line":71,"column":38}},"29":{"start":{"line":72,"column":8},"end":{"line":72,"column":14}},"30":{"start":{"line":75,"column":22},"end":{"line":78,"column":10}},"31":{"start":{"line":76,"column":27},"end":{"line":76,"column":54}},"32":{"start":{"line":79,"column":8},"end":{"line":83,"column":9}},"33":{"start":{"line":80,"column":10},"end":{"line":80,"column":36}},"34":{"start":{"line":82,"column":10},"end":{"line":82,"column":65}},"35":{"start":{"line":84,"column":8},"end":{"line":84,"column":14}},"36":{"start":{"line":87,"column":8},"end":{"line":87,"column":14}},"37":{"start":{"line":90,"column":8},"end":{"line":90,"column":14}},"38":{"start":{"line":93,"column":8},"end":{"line":93,"column":63}},"39":{"start":{"line":98,"column":4},"end":{"line":124,"column":5}},"40":{"start":{"line":100,"column":8},"end":{"line":106,"column":10}},"41":{"start":{"line":109,"column":30},"end":{"line":109,"column":91}},"42":{"start":{"line":110,"column":8},"end":{"line":113,"column":10}},"43":{"start":{"line":116,"column":26},"end":{"line":116,"column":87}},"44":{"start":{"line":117,"column":8},"end":{"line":120,"column":10}},"45":{"start":{"line":123,"column":8},"end":{"line":123,"column":18}},"46":{"start":{"line":128,"column":4},"end":{"line":130,"column":5}},"47":{"start":{"line":129,"column":6},"end":{"line":129,"column":19}},"48":{"start":{"line":132,"column":4},"end":{"line":134,"column":5}},"49":{"start":{"line":133,"column":6},"end":{"line":133,"column":19}},"50":{"start":{"line":136,"column":4},"end":{"line":142,"column":5}},"51":{"start":{"line":137,"column":28},"end":{"line":137,"column":72}},"52":{"start":{"line":137,"column":58},"end":{"line":137,"column":64}},"53":{"start":{"line":138,"column":26},"end":{"line":138,"column":68}},"54":{"start":{"line":138,"column":54},"end":{"line":138,"column":60}},"55":{"start":{"line":139,"column":6},"end":{"line":141,"column":7}},"56":{"start":{"line":140,"column":8},"end":{"line":140,"column":21}},"57":{"start":{"line":144,"column":4},"end":{"line":144,"column":16}},"58":{"start":{"line":148,"column":4},"end":{"line":148,"column":69}},"59":{"start":{"line":148,"column":55},"end":{"line":148,"column":69}},"60":{"start":{"line":149,"column":4},"end":{"line":149,"column":57}},"61":{"start":{"line":149,"column":41},"end":{"line":149,"column":57}},"62":{"start":{"line":150,"column":4},"end":{"line":150,"column":17}},"63":{"start":{"line":154,"column":22},"end":{"line":154,"column":65}},"64":{"start":{"line":154,"column":46},"end":{"line":154,"column":63}},"65":{"start":{"line":155,"column":21},"end":{"line":155,"column":63}},"66":{"start":{"line":155,"column":44},"end":{"line":155,"column":61}},"67":{"start":{"line":157,"column":19},"end":{"line":157,"column":21}},"68":{"start":{"line":158,"column":17},"end":{"line":158,"column":19}},"69":{"start":{"line":160,"column":4},"end":{"line":165,"column":7}},"70":{"start":{"line":161,"column":26},"end":{"line":161,"column":50}},"71":{"start":{"line":162,"column":6},"end":{"line":164,"column":7}},"72":{"start":{"line":163,"column":8},"end":{"line":163,"column":58}},"73":{"start":{"line":167,"column":4},"end":{"line":172,"column":7}},"74":{"start":{"line":168,"column":25},"end":{"line":168,"column":48}},"75":{"start":{"line":169,"column":6},"end":{"line":171,"column":7}},"76":{"start":{"line":170,"column":8},"end":{"line":170,"column":55}},"77":{"start":{"line":174,"column":4},"end":{"line":174,"column":28}},"78":{"start":{"line":178,"column":4},"end":{"line":181,"column":6}},"79":{"start":{"line":185,"column":4},"end":{"line":185,"column":59}},"80":{"start":{"line":185,"column":34},"end":{"line":185,"column":57}},"81":{"start":{"line":189,"column":4},"end":{"line":189,"column":52}},"82":{"start":{"line":189,"column":41},"end":{"line":189,"column":52}},"83":{"start":{"line":190,"column":23},"end":{"line":190,"column":69}},"84":{"start":{"line":190,"column":54},"end":{"line":190,"column":61}},"85":{"start":{"line":191,"column":4},"end":{"line":191,"column":50}},"86":{"start":{"line":195,"column":4},"end":{"line":197,"column":21}},"87":{"start":{"line":196,"column":19},"end":{"line":196,"column":27}},"88":{"start":{"line":201,"column":0},"end":{"line":201,"column":33}}},"fnMap":{"0":{"name":"(anonymous_0)","decl":{"start":{"line":5,"column":2},"end":{"line":5,"column":3}},"loc":{"start":{"line":5,"column":27},"end":{"line":11,"column":3}},"line":5},"1":{"name":"(anonymous_1)","decl":{"start":{"line":13,"column":2},"end":{"line":13,"column":3}},"loc":{"start":{"line":13,"column":57},"end":{"line":64,"column":3}},"line":13},"2":{"name":"(anonymous_2)","decl":{"start":{"line":66,"column":2},"end":{"line":66,"column":3}},"loc":{"start":{"line":66,"column":31},"end":{"line":95,"column":3}},"line":66},"3":{"name":"(anonymous_3)","decl":{"start":{"line":76,"column":20},"end":{"line":76,"column":21}},"loc":{"start":{"line":76,"column":27},"end":{"line":76,"column":54}},"line":76},"4":{"name":"(anonymous_4)","decl":{"start":{"line":97,"column":2},"end":{"line":97,"column":3}},"loc":{"start":{"line":97,"column":48},"end":{"line":125,"column":3}},"line":97},"5":{"name":"(anonymous_5)","decl":{"start":{"line":127,"column":2},"end":{"line":127,"column":3}},"loc":{"start":{"line":127,"column":35},"end":{"line":145,"column":3}},"line":127},"6":{"name":"(anonymous_6)","decl":{"start":{"line":137,"column":53},"end":{"line":137,"column":54}},"loc":{"start":{"line":137,"column":58},"end":{"line":137,"column":64}},"line":137},"7":{"name":"(anonymous_7)","decl":{"start":{"line":138,"column":49},"end":{"line":138,"column":50}},"loc":{"start":{"line":138,"column":54},"end":{"line":138,"column":60}},"line":138},"8":{"name":"(anonymous_8)","decl":{"start":{"line":147,"column":2},"end":{"line":147,"column":3}},"loc":{"start":{"line":147,"column":39},"end":{"line":151,"column":3}},"line":147},"9":{"name":"(anonymous_9)","decl":{"start":{"line":153,"column":2},"end":{"line":153,"column":3}},"loc":{"start":{"line":153,"column":32},"end":{"line":175,"column":3}},"line":153},"10":{"name":"(anonymous_10)","decl":{"start":{"line":154,"column":41},"end":{"line":154,"column":42}},"loc":{"start":{"line":154,"column":46},"end":{"line":154,"column":63}},"line":154},"11":{"name":"(anonymous_11)","decl":{"start":{"line":155,"column":39},"end":{"line":155,"column":40}},"loc":{"start":{"line":155,"column":44},"end":{"line":155,"column":61}},"line":155},"12":{"name":"(anonymous_12)","decl":{"start":{"line":160,"column":21},"end":{"line":160,"column":22}},"loc":{"start":{"line":160,"column":38},"end":{"line":165,"column":5}},"line":160},"13":{"name":"(anonymous_13)","decl":{"start":{"line":167,"column":22},"end":{"line":167,"column":23}},"loc":{"start":{"line":167,"column":39},"end":{"line":172,"column":5}},"line":167},"14":{"name":"(anonymous_14)","decl":{"start":{"line":177,"column":2},"end":{"line":177,"column":3}},"loc":{"start":{"line":177,"column":24},"end":{"line":182,"column":3}},"line":177},"15":{"name":"(anonymous_15)","decl":{"start":{"line":184,"column":2},"end":{"line":184,"column":3}},"loc":{"start":{"line":184,"column":12},"end":{"line":186,"column":3}},"line":184},"16":{"name":"(anonymous_16)","decl":{"start":{"line":185,"column":23},"end":{"line":185,"column":24}},"loc":{"start":{"line":185,"column":34},"end":{"line":185,"column":57}},"line":185},"17":{"name":"(anonymous_17)","decl":{"start":{"line":188,"column":2},"end":{"line":188,"column":3}},"loc":{"start":{"line":188,"column":19},"end":{"line":192,"column":3}},"line":188},"18":{"name":"(anonymous_18)","decl":{"start":{"line":190,"column":49},"end":{"line":190,"column":50}},"loc":{"start":{"line":190,"column":54},"end":{"line":190,"column":61}},"line":190},"19":{"name":"(anonymous_19)","decl":{"start":{"line":194,"column":2},"end":{"line":194,"column":3}},"loc":{"start":{"line":194,"column":31},"end":{"line":198,"column":3}},"line":194},"20":{"name":"(anonymous_20)","decl":{"start":{"line":196,"column":14},"end":{"line":196,"column":15}},"loc":{"start":{"line":196,"column":19},"end":{"line":196,"column":27}},"line":196}},"branchMap":{"0":{"loc":{"start":{"line":36,"column":6},"end":{"line":38,"column":7}},"type":"if","locations":[{"start":{"line":36,"column":6},"end":{"line":38,"column":7}},{"start":{},"end":{}}],"line":36},"1":{"loc":{"start":{"line":40,"column":6},"end":{"line":56,"column":7}},"type":"if","locations":[{"start":{"line":40,"column":6},"end":{"line":56,"column":7}},{"start":{},"end":{}}],"line":40},"2":{"loc":{"start":{"line":67,"column":4},"end":{"line":94,"column":5}},"type":"switch","locations":[{"start":{"line":68,"column":6},"end":{"line":72,"column":14}},{"start":{"line":74,"column":6},"end":{"line":84,"column":14}},{"start":{"line":86,"column":6},"end":{"line":87,"column":14}},{"start":{"line":89,"column":6},"end":{"line":90,"column":14}},{"start":{"line":92,"column":6},"end":{"line":93,"column":63}}],"line":67},"3":{"loc":{"start":{"line":70,"column":25},"end":{"line":70,"column":47}},"type":"binary-expr","locations":[{"start":{"line":70,"column":25},"end":{"line":70,"column":40}},{"start":{"line":70,"column":44},"end":{"line":70,"column":47}}],"line":70},"4":{"loc":{"start":{"line":79,"column":8},"end":{"line":83,"column":9}},"type":"if","locations":[{"start":{"line":79,"column":8},"end":{"line":83,"column":9}},{"start":{"line":81,"column":15},"end":{"line":83,"column":9}}],"line":79},"5":{"loc":{"start":{"line":98,"column":4},"end":{"line":124,"column":5}},"type":"switch","locations":[{"start":{"line":99,"column":6},"end":{"line":106,"column":10}},{"start":{"line":108,"column":6},"end":{"line":113,"column":10}},{"start":{"line":115,"column":6},"end":{"line":120,"column":10}},{"start":{"line":122,"column":6},"end":{"line":123,"column":18}}],"line":98},"6":{"loc":{"start":{"line":128,"column":4},"end":{"line":130,"column":5}},"type":"if","locations":[{"start":{"line":128,"column":4},"end":{"line":130,"column":5}},{"start":{},"end":{}}],"line":128},"7":{"loc":{"start":{"line":128,"column":8},"end":{"line":128,"column":71}},"type":"binary-expr","locations":[{"start":{"line":128,"column":8},"end":{"line":128,"column":36}},{"start":{"line":128,"column":40},"end":{"line":128,"column":71}}],"line":128},"8":{"loc":{"start":{"line":132,"column":4},"end":{"line":134,"column":5}},"type":"if","locations":[{"start":{"line":132,"column":4},"end":{"line":134,"column":5}},{"start":{},"end":{}}],"line":132},"9":{"loc":{"start":{"line":132,"column":8},"end":{"line":132,"column":92}},"type":"binary-expr","locations":[{"start":{"line":132,"column":8},"end":{"line":132,"column":43}},{"start":{"line":132,"column":47},"end":{"line":132,"column":92}}],"line":132},"10":{"loc":{"start":{"line":136,"column":4},"end":{"line":142,"column":5}},"type":"if","locations":[{"start":{"line":136,"column":4},"end":{"line":142,"column":5}},{"start":{},"end":{}}],"line":136},"11":{"loc":{"start":{"line":136,"column":8},"end":{"line":136,"column":50}},"type":"binary-expr","locations":[{"start":{"line":136,"column":8},"end":{"line":136,"column":28}},{"start":{"line":136,"column":32},"end":{"line":136,"column":50}}],"line":136},"12":{"loc":{"start":{"line":139,"column":6},"end":{"line":141,"column":7}},"type":"if","locations":[{"start":{"line":139,"column":6},"end":{"line":141,"column":7}},{"start":{},"end":{}}],"line":139},"13":{"loc":{"start":{"line":148,"column":4},"end":{"line":148,"column":69}},"type":"if","locations":[{"start":{"line":148,"column":4},"end":{"line":148,"column":69}},{"start":{},"end":{}}],"line":148},"14":{"loc":{"start":{"line":148,"column":8},"end":{"line":148,"column":53}},"type":"binary-expr","locations":[{"start":{"line":148,"column":8},"end":{"line":148,"column":29}},{"start":{"line":148,"column":33},"end":{"line":148,"column":53}}],"line":148},"15":{"loc":{"start":{"line":149,"column":4},"end":{"line":149,"column":57}},"type":"if","locations":[{"start":{"line":149,"column":4},"end":{"line":149,"column":57}},{"start":{},"end":{}}],"line":149},"16":{"loc":{"start":{"line":149,"column":8},"end":{"line":149,"column":39}},"type":"binary-expr","locations":[{"start":{"line":149,"column":8},"end":{"line":149,"column":22}},{"start":{"line":149,"column":26},"end":{"line":149,"column":39}}],"line":149},"17":{"loc":{"start":{"line":161,"column":26},"end":{"line":161,"column":50}},"type":"binary-expr","locations":[{"start":{"line":161,"column":26},"end":{"line":161,"column":45}},{"start":{"line":161,"column":49},"end":{"line":161,"column":50}}],"line":161},"18":{"loc":{"start":{"line":162,"column":6},"end":{"line":164,"column":7}},"type":"if","locations":[{"start":{"line":162,"column":6},"end":{"line":164,"column":7}},{"start":{},"end":{}}],"line":162},"19":{"loc":{"start":{"line":168,"column":25},"end":{"line":168,"column":48}},"type":"binary-expr","locations":[{"start":{"line":168,"column":25},"end":{"line":168,"column":43}},{"start":{"line":168,"column":47},"end":{"line":168,"column":48}}],"line":168},"20":{"loc":{"start":{"line":169,"column":6},"end":{"line":171,"column":7}},"type":"if","locations":[{"start":{"line":169,"column":6},"end":{"line":171,"column":7}},{"start":{},"end":{}}],"line":169},"21":{"loc":{"start":{"line":189,"column":4},"end":{"line":189,"column":52}},"type":"if","locations":[{"start":{"line":189,"column":4},"end":{"line":189,"column":52}},{"start":{},"end":{}}],"line":189},"22":{"loc":{"start":{"line":194,"column":20},"end":{"line":194,"column":29}},"type":"default-arg","locations":[{"start":{"line":194,"column":28},"end":{"line":194,"column":29}}],"line":194}},"s":{"0":22,"1":22,"2":22,"3":22,"4":22,"5":22,"6":22,"7":13,"8":13,"9":13,"10":13,"11":12,"12":12,"13":12,"14":12,"15":12,"16":12,"17":2,"18":12,"19":4,"20":4,"21":4,"22":8,"23":1,"24":1,"25":13,"26":9,"27":9,"28":9,"29":9,"30":4,"31":0,"32":4,"33":3,"34":1,"35":3,"36":0,"37":0,"38":0,"39":12,"40":9,"41":3,"42":3,"43":0,"44":0,"45":0,"46":12,"47":2,"48":10,"49":2,"50":8,"51":1,"52":1,"53":1,"54":1,"55":1,"56":0,"57":8,"58":4,"59":2,"60":2,"61":2,"62":0,"63":7,"64":3,"65":7,"66":4,"67":7,"68":7,"69":7,"70":4,"71":4,"72":4,"73":7,"74":3,"75":3,"76":2,"77":7,"78":11,"79":21,"80":21,"81":2,"82":1,"83":1,"84":3,"85":1,"86":4,"87":31,"88":22},"f":{"0":22,"1":13,"2":13,"3":0,"4":12,"5":12,"6":1,"7":1,"8":4,"9":7,"10":3,"11":4,"12":4,"13":3,"14":11,"15":21,"16":21,"17":2,"18":3,"19":4,"20":31},"b":{"0":[2,10],"1":[4,8],"2":[9,4,0,0,0],"3":[9,0],"4":[3,1],"5":[9,3,0,0],"6":[2,10],"7":[12,9],"8":[2,8],"9":[10,3],"10":[1,7],"11":[8,1],"12":[0,1],"13":[2,2],"14":[4,2],"15":[2,0],"16":[2,2],"17":[4,3],"18":[4,0],"19":[3,2],"20":[2,1],"21":[1,1],"22":[1]},"_coverageSchema":"1a1c01bbd47fc00a2c39e90264f33305004495a9","hash":"6c885b30995570e2c19e463464aa53c8f4a55b1b"}
,"/home/seryki/.openclaw/workspace/minecraft-ai-bot/src/layers/commander.js": {"path":"/home/seryki/.openclaw/workspace/minecraft-ai-bot/src/layers/commander.js","statementMap":{"0":{"start":{"line":18,"column":15},"end":{"line":18,"column":41}},"1":{"start":{"line":19,"column":21},"end":{"line":19,"column":54}},"2":{"start":{"line":20,"column":24},"end":{"line":20,"column":53}},"3":{"start":{"line":21,"column":26},"end":{"line":21,"column":73}},"4":{"start":{"line":22,"column":26},"end":{"line":22,"column":65}},"5":{"start":{"line":23,"column":45},"end":{"line":23,"column":83}},"6":{"start":{"line":24,"column":11},"end":{"line":24,"column":24}},"7":{"start":{"line":25,"column":13},"end":{"line":25,"column":28}},"8":{"start":{"line":28,"column":27},"end":{"line":28,"column":76}},"9":{"start":{"line":31,"column":24},"end":{"line":35,"column":1}},"10":{"start":{"line":38,"column":22},"end":{"line":42,"column":1}},"11":{"start":{"line":45,"column":24},"end":{"line":50,"column":1}},"12":{"start":{"line":53,"column":24},"end":{"line":60,"column":1}},"13":{"start":{"line":63,"column":22},"end":{"line":68,"column":1}},"14":{"start":{"line":71,"column":20},"end":{"line":74,"column":1}},"15":{"start":{"line":78,"column":4},"end":{"line":78,"column":43}},"16":{"start":{"line":79,"column":4},"end":{"line":79,"column":43}},"17":{"start":{"line":80,"column":4},"end":{"line":80,"column":61}},"18":{"start":{"line":81,"column":4},"end":{"line":81,"column":53}},"19":{"start":{"line":83,"column":4},"end":{"line":83,"column":25}},"20":{"start":{"line":84,"column":4},"end":{"line":84,"column":26}},"21":{"start":{"line":87,"column":4},"end":{"line":87,"column":26}},"22":{"start":{"line":88,"column":4},"end":{"line":88,"column":25}},"23":{"start":{"line":89,"column":4},"end":{"line":89,"column":29}},"24":{"start":{"line":90,"column":4},"end":{"line":90,"column":39}},"25":{"start":{"line":91,"column":4},"end":{"line":91,"column":26}},"26":{"start":{"line":92,"column":4},"end":{"line":92,"column":31}},"27":{"start":{"line":95,"column":4},"end":{"line":95,"column":30}},"28":{"start":{"line":96,"column":4},"end":{"line":96,"column":29}},"29":{"start":{"line":99,"column":4},"end":{"line":99,"column":32}},"30":{"start":{"line":100,"column":4},"end":{"line":100,"column":36}},"31":{"start":{"line":101,"column":4},"end":{"line":101,"column":47}},"32":{"start":{"line":104,"column":4},"end":{"line":104,"column":23}},"33":{"start":{"line":111,"column":4},"end":{"line":122,"column":5}},"34":{"start":{"line":112,"column":25},"end":{"line":112,"column":78}},"35":{"start":{"line":113,"column":6},"end":{"line":119,"column":7}},"36":{"start":{"line":114,"column":23},"end":{"line":114,"column":70}},"37":{"start":{"line":115,"column":8},"end":{"line":118,"column":9}},"38":{"start":{"line":116,"column":10},"end":{"line":116,"column":57}},"39":{"start":{"line":117,"column":10},"end":{"line":117,"column":63}},"40":{"start":{"line":121,"column":6},"end":{"line":121,"column":96}},"41":{"start":{"line":123,"column":4},"end":{"line":123,"column":32}},"42":{"start":{"line":124,"column":4},"end":{"line":124,"column":32}},"43":{"start":{"line":131,"column":4},"end":{"line":134,"column":5}},"44":{"start":{"line":132,"column":6},"end":{"line":132,"column":48}},"45":{"start":{"line":133,"column":6},"end":{"line":133,"column":13}},"46":{"start":{"line":136,"column":4},"end":{"line":136,"column":24}},"47":{"start":{"line":137,"column":4},"end":{"line":140,"column":7}},"48":{"start":{"line":143,"column":4},"end":{"line":143,"column":39}},"49":{"start":{"line":146,"column":4},"end":{"line":146,"column":28}},"50":{"start":{"line":153,"column":4},"end":{"line":155,"column":5}},"51":{"start":{"line":154,"column":6},"end":{"line":154,"column":13}},"52":{"start":{"line":157,"column":4},"end":{"line":157,"column":25}},"53":{"start":{"line":159,"column":4},"end":{"line":162,"column":5}},"54":{"start":{"line":160,"column":6},"end":{"line":160,"column":35}},"55":{"start":{"line":161,"column":6},"end":{"line":161,"column":28}},"56":{"start":{"line":164,"column":4},"end":{"line":164,"column":38}},"57":{"start":{"line":171,"column":4},"end":{"line":173,"column":5}},"58":{"start":{"line":172,"column":6},"end":{"line":172,"column":13}},"59":{"start":{"line":175,"column":4},"end":{"line":183,"column":27}},"60":{"start":{"line":176,"column":6},"end":{"line":180,"column":7}},"61":{"start":{"line":177,"column":8},"end":{"line":177,"column":26}},"62":{"start":{"line":179,"column":8},"end":{"line":179,"column":72}},"63":{"start":{"line":182,"column":6},"end":{"line":182,"column":30}},"64":{"start":{"line":190,"column":20},"end":{"line":190,"column":30}},"65":{"start":{"line":192,"column":2},"end":{"line":253,"column":3}},"66":{"start":{"line":194,"column":19},"end":{"line":194,"column":44}},"67":{"start":{"line":197,"column":21},"end":{"line":197,"column":50}},"68":{"start":{"line":200,"column":27},"end":{"line":200,"column":61}},"69":{"start":{"line":203,"column":22},"end":{"line":203,"column":60}},"70":{"start":{"line":204,"column":4},"end":{"line":219,"column":5}},"71":{"start":{"line":205,"column":29},"end":{"line":205,"column":80}},"72":{"start":{"line":206,"column":6},"end":{"line":218,"column":7}},"73":{"start":{"line":207,"column":8},"end":{"line":213,"column":11}},"74":{"start":{"line":214,"column":8},"end":{"line":214,"column":49}},"75":{"start":{"line":215,"column":8},"end":{"line":215,"column":94}},"76":{"start":{"line":216,"column":8},"end":{"line":216,"column":105}},"77":{"start":{"line":217,"column":8},"end":{"line":217,"column":15}},"78":{"start":{"line":222,"column":21},"end":{"line":222,"column":78}},"79":{"start":{"line":225,"column":4},"end":{"line":225,"column":41}},"80":{"start":{"line":228,"column":4},"end":{"line":228,"column":49}},"81":{"start":{"line":231,"column":4},"end":{"line":231,"column":60}},"82":{"start":{"line":233,"column":25},"end":{"line":233,"column":47}},"83":{"start":{"line":234,"column":4},"end":{"line":239,"column":7}},"84":{"start":{"line":242,"column":4},"end":{"line":245,"column":7}},"85":{"start":{"line":246,"column":4},"end":{"line":246,"column":29}},"86":{"start":{"line":249,"column":4},"end":{"line":252,"column":5}},"87":{"start":{"line":250,"column":6},"end":{"line":250,"column":85}},"88":{"start":{"line":251,"column":6},"end":{"line":251,"column":38}},"89":{"start":{"line":260,"column":19},"end":{"line":265,"column":5}},"90":{"start":{"line":268,"column":4},"end":{"line":276,"column":5}},"91":{"start":{"line":269,"column":6},"end":{"line":275,"column":7}},"92":{"start":{"line":270,"column":21},"end":{"line":270,"column":54}},"93":{"start":{"line":271,"column":8},"end":{"line":271,"column":35}},"94":{"start":{"line":273,"column":8},"end":{"line":273,"column":82}},"95":{"start":{"line":274,"column":8},"end":{"line":274,"column":35}},"96":{"start":{"line":279,"column":4},"end":{"line":286,"column":5}},"97":{"start":{"line":280,"column":28},"end":{"line":280,"column":74}},"98":{"start":{"line":281,"column":6},"end":{"line":283,"column":7}},"99":{"start":{"line":282,"column":8},"end":{"line":282,"column":73}},"100":{"start":{"line":285,"column":6},"end":{"line":285,"column":88}},"101":{"start":{"line":289,"column":4},"end":{"line":292,"column":5}},"102":{"start":{"line":291,"column":6},"end":{"line":291,"column":29}},"103":{"start":{"line":294,"column":4},"end":{"line":294,"column":18}},"104":{"start":{"line":301,"column":18},"end":{"line":301,"column":38}},"105":{"start":{"line":302,"column":17},"end":{"line":302,"column":36}},"106":{"start":{"line":303,"column":21},"end":{"line":303,"column":44}},"107":{"start":{"line":304,"column":24},"end":{"line":304,"column":51}},"108":{"start":{"line":306,"column":21},"end":{"line":316,"column":5}},"109":{"start":{"line":318,"column":4},"end":{"line":318,"column":20}},"110":{"start":{"line":325,"column":4},"end":{"line":325,"column":33}},"111":{"start":{"line":325,"column":16},"end":{"line":325,"column":33}},"112":{"start":{"line":327,"column":20},"end":{"line":327,"column":22}},"113":{"start":{"line":330,"column":4},"end":{"line":332,"column":5}},"114":{"start":{"line":331,"column":6},"end":{"line":331,"column":33}},"115":{"start":{"line":335,"column":4},"end":{"line":337,"column":5}},"116":{"start":{"line":335,"column":51},"end":{"line":335,"column":90}},"117":{"start":{"line":336,"column":6},"end":{"line":336,"column":35}},"118":{"start":{"line":340,"column":4},"end":{"line":342,"column":5}},"119":{"start":{"line":340,"column":47},"end":{"line":340,"column":82}},"120":{"start":{"line":341,"column":6},"end":{"line":341,"column":27}},"121":{"start":{"line":345,"column":4},"end":{"line":347,"column":5}},"122":{"start":{"line":346,"column":6},"end":{"line":346,"column":36}},"123":{"start":{"line":349,"column":4},"end":{"line":349,"column":44}},"124":{"start":{"line":349,"column":30},"end":{"line":349,"column":44}},"125":{"start":{"line":350,"column":4},"end":{"line":350,"column":48}},"126":{"start":{"line":350,"column":30},"end":{"line":350,"column":48}},"127":{"start":{"line":351,"column":4},"end":{"line":351,"column":18}},"128":{"start":{"line":358,"column":4},"end":{"line":360,"column":5}},"129":{"start":{"line":359,"column":6},"end":{"line":359,"column":48}},"130":{"start":{"line":363,"column":26},"end":{"line":363,"column":46}},"131":{"start":{"line":364,"column":30},"end":{"line":365,"column":63}},"132":{"start":{"line":365,"column":30},"end":{"line":365,"column":62}},"133":{"start":{"line":367,"column":4},"end":{"line":369,"column":5}},"134":{"start":{"line":368,"column":6},"end":{"line":368,"column":48}},"135":{"start":{"line":372,"column":24},"end":{"line":372,"column":90}},"136":{"start":{"line":372,"column":50},"end":{"line":372,"column":59}},"137":{"start":{"line":374,"column":4},"end":{"line":376,"column":5}},"138":{"start":{"line":375,"column":6},"end":{"line":375,"column":58}},"139":{"start":{"line":378,"column":4},"end":{"line":378,"column":55}},"140":{"start":{"line":385,"column":16},"end":{"line":385,"column":26}},"141":{"start":{"line":386,"column":18},"end":{"line":386,"column":38}},"142":{"start":{"line":387,"column":21},"end":{"line":387,"column":44}},"143":{"start":{"line":389,"column":22},"end":{"line":393,"column":5}},"144":{"start":{"line":396,"column":30},"end":{"line":396,"column":57}},"145":{"start":{"line":397,"column":4},"end":{"line":401,"column":5}},"146":{"start":{"line":398,"column":6},"end":{"line":398,"column":31}},"147":{"start":{"line":399,"column":6},"end":{"line":399,"column":85}},"148":{"start":{"line":400,"column":6},"end":{"line":400,"column":63}},"149":{"start":{"line":404,"column":4},"end":{"line":411,"column":5}},"150":{"start":{"line":405,"column":28},"end":{"line":405,"column":60}},"151":{"start":{"line":406,"column":6},"end":{"line":410,"column":7}},"152":{"start":{"line":407,"column":8},"end":{"line":407,"column":33}},"153":{"start":{"line":408,"column":8},"end":{"line":408,"column":81}},"154":{"start":{"line":409,"column":8},"end":{"line":409,"column":65}},"155":{"start":{"line":414,"column":4},"end":{"line":418,"column":5}},"156":{"start":{"line":415,"column":6},"end":{"line":415,"column":31}},"157":{"start":{"line":416,"column":6},"end":{"line":416,"column":71}},"158":{"start":{"line":417,"column":6},"end":{"line":417,"column":63}},"159":{"start":{"line":421,"column":4},"end":{"line":428,"column":5}},"160":{"start":{"line":422,"column":23},"end":{"line":422,"column":86}},"161":{"start":{"line":423,"column":6},"end":{"line":427,"column":7}},"162":{"start":{"line":424,"column":8},"end":{"line":424,"column":33}},"163":{"start":{"line":425,"column":8},"end":{"line":425,"column":53}},"164":{"start":{"line":426,"column":8},"end":{"line":426,"column":65}},"165":{"start":{"line":431,"column":4},"end":{"line":435,"column":5}},"166":{"start":{"line":432,"column":6},"end":{"line":432,"column":31}},"167":{"start":{"line":433,"column":6},"end":{"line":433,"column":69}},"168":{"start":{"line":434,"column":6},"end":{"line":434,"column":63}},"169":{"start":{"line":437,"column":0},"end":{"line":437,"column":17}},"170":{"start":{"line":444,"column":14},"end":{"line":444,"column":34}},"171":{"start":{"line":445,"column":17},"end":{"line":445,"column":40}},"172":{"start":{"line":446,"column":13},"end":{"line":446,"column":32}},"173":{"start":{"line":447,"column":12},"end":{"line":447,"column":22}},"174":{"start":{"line":449,"column":18},"end":{"line":453,"column":1}},"175":{"start":{"line":455,"column":16},"end":{"line":455,"column":41}},"176":{"start":{"line":456,"column":16},"end":{"line":456,"column":39}},"177":{"start":{"line":457,"column":15},"end":{"line":457,"column":46}},"178":{"start":{"line":458,"column":17},"end":{"line":458,"column":34}},"179":{"start":{"line":459,"column":32},"end":{"line":459,"column":65}},"180":{"start":{"line":460,"column":23},"end":{"line":460,"column":84}},"181":{"start":{"line":462,"column":0},"end":{"line":467,"column":1}},"182":{"start":{"line":463,"column":2},"end":{"line":463,"column":26}},"183":{"start":{"line":464,"column":2},"end":{"line":464,"column":36}},"184":{"start":{"line":465,"column":2},"end":{"line":465,"column":36}},"185":{"start":{"line":466,"column":2},"end":{"line":466,"column":45}},"186":{"start":{"line":469,"column":0},"end":{"line":471,"column":1}},"187":{"start":{"line":470,"column":2},"end":{"line":470,"column":26}},"188":{"start":{"line":473,"column":0},"end":{"line":480,"column":3}},"189":{"start":{"line":482,"column":0},"end":{"line":482,"column":17}},"190":{"start":{"line":489,"column":15},"end":{"line":489,"column":49}},"191":{"start":{"line":490,"column":14},"end":{"line":490,"column":34}},"192":{"start":{"line":492,"column":23},"end":{"line":492,"column":70}},"193":{"start":{"line":494,"column":0},"end":{"line":497,"column":1}},"194":{"start":{"line":495,"column":2},"end":{"line":495,"column":69}},"195":{"start":{"line":496,"column":2},"end":{"line":496,"column":14}},"196":{"start":{"line":499,"column":25},"end":{"line":499,"column":42}},"197":{"start":{"line":500,"column":13},"end":{"line":500,"column":65}},"198":{"start":{"line":502,"column":0},"end":{"line":511,"column":3}},"199":{"start":{"line":513,"column":0},"end":{"line":513,"column":12}},"200":{"start":{"line":520,"column":23},"end":{"line":520,"column":48}},"201":{"start":{"line":521,"column":26},"end":{"line":521,"column":51}},"202":{"start":{"line":522,"column":23},"end":{"line":522,"column":44}},"203":{"start":{"line":524,"column":25},"end":{"line":524,"column":27}},"204":{"start":{"line":526,"column":0},"end":{"line":548,"column":1}},"205":{"start":{"line":527,"column":25},"end":{"line":527,"column":54}},"206":{"start":{"line":528,"column":2},"end":{"line":528,"column":32}},"207":{"start":{"line":528,"column":23},"end":{"line":528,"column":32}},"208":{"start":{"line":530,"column":14},"end":{"line":530,"column":15}},"209":{"start":{"line":531,"column":23},"end":{"line":531,"column":60}},"210":{"start":{"line":532,"column":25},"end":{"line":532,"column":64}},"211":{"start":{"line":534,"column":2},"end":{"line":534,"column":56}},"212":{"start":{"line":536,"column":22},"end":{"line":536,"column":64}},"213":{"start":{"line":537,"column":2},"end":{"line":537,"column":23}},"214":{"start":{"line":539,"column":2},"end":{"line":539,"column":26}},"215":{"start":{"line":541,"column":2},"end":{"line":547,"column":5}},"216":{"start":{"line":550,"column":0},"end":{"line":550,"column":51}},"217":{"start":{"line":550,"column":32},"end":{"line":550,"column":49}},"218":{"start":{"line":552,"column":0},"end":{"line":552,"column":24}},"219":{"start":{"line":559,"column":12},"end":{"line":559,"column":13}},"220":{"start":{"line":561,"column":0},"end":{"line":578,"column":1}},"221":{"start":{"line":562,"column":19},"end":{"line":562,"column":42}},"222":{"start":{"line":563,"column":2},"end":{"line":575,"column":3}},"223":{"start":{"line":564,"column":21},"end":{"line":564,"column":50}},"224":{"start":{"line":566,"column":4},"end":{"line":568,"column":5}},"225":{"start":{"line":566,"column":56},"end":{"line":566,"column":99}},"226":{"start":{"line":567,"column":6},"end":{"line":567,"column":19}},"227":{"start":{"line":569,"column":4},"end":{"line":571,"column":5}},"228":{"start":{"line":569,"column":57},"end":{"line":569,"column":99}},"229":{"start":{"line":570,"column":6},"end":{"line":570,"column":19}},"230":{"start":{"line":572,"column":4},"end":{"line":574,"column":5}},"231":{"start":{"line":572,"column":56},"end":{"line":572,"column":96}},"232":{"start":{"line":573,"column":6},"end":{"line":573,"column":19}},"233":{"start":{"line":577,"column":2},"end":{"line":577,"column":87}},"234":{"start":{"line":580,"column":0},"end":{"line":580,"column":13}},"235":{"start":{"line":587,"column":17},"end":{"line":587,"column":57}},"236":{"start":{"line":589,"column":22},"end":{"line":596,"column":1}},"237":{"start":{"line":590,"column":17},"end":{"line":590,"column":104}},"238":{"start":{"line":591,"column":16},"end":{"line":591,"column":84}},"239":{"start":{"line":592,"column":15},"end":{"line":592,"column":60}},"240":{"start":{"line":593,"column":15},"end":{"line":593,"column":89}},"241":{"start":{"line":594,"column":14},"end":{"line":594,"column":68}},"242":{"start":{"line":595,"column":16},"end":{"line":595,"column":61}},"243":{"start":{"line":598,"column":22},"end":{"line":598,"column":82}},"244":{"start":{"line":598,"column":61},"end":{"line":598,"column":81}},"245":{"start":{"line":599,"column":17},"end":{"line":599,"column":32}},"246":{"start":{"line":601,"column":0},"end":{"line":607,"column":2}},"247":{"start":{"line":614,"column":0},"end":{"line":614,"column":67}},"248":{"start":{"line":621,"column":18},"end":{"line":621,"column":38}},"249":{"start":{"line":622,"column":21},"end":{"line":622,"column":44}},"250":{"start":{"line":623,"column":24},"end":{"line":623,"column":51}},"251":{"start":{"line":626,"column":20},"end":{"line":626,"column":79}},"252":{"start":{"line":629,"column":19},"end":{"line":629,"column":50}},"253":{"start":{"line":631,"column":4},"end":{"line":648,"column":5}},"254":{"start":{"line":632,"column":23},"end":{"line":635,"column":8}},"255":{"start":{"line":638,"column":23},"end":{"line":638,"column":60}},"256":{"start":{"line":640,"column":6},"end":{"line":640,"column":33}},"257":{"start":{"line":641,"column":6},"end":{"line":641,"column":22}},"258":{"start":{"line":644,"column":6},"end":{"line":644,"column":75}},"259":{"start":{"line":647,"column":6},"end":{"line":647,"column":48}},"260":{"start":{"line":655,"column":18},"end":{"line":655,"column":38}},"261":{"start":{"line":656,"column":21},"end":{"line":656,"column":44}},"262":{"start":{"line":657,"column":17},"end":{"line":657,"column":36}},"263":{"start":{"line":658,"column":24},"end":{"line":658,"column":51}},"264":{"start":{"line":660,"column":4},"end":{"line":689,"column":6}},"265":{"start":{"line":696,"column":29},"end":{"line":696,"column":64}},"266":{"start":{"line":697,"column":30},"end":{"line":697,"column":66}},"267":{"start":{"line":699,"column":21},"end":{"line":755,"column":5}},"268":{"start":{"line":746,"column":33},"end":{"line":746,"column":104}},"269":{"start":{"line":751,"column":37},"end":{"line":751,"column":57}},"270":{"start":{"line":751,"column":68},"end":{"line":751,"column":110}},"271":{"start":{"line":757,"column":4},"end":{"line":757,"column":20}},"272":{"start":{"line":761,"column":4},"end":{"line":778,"column":5}},"273":{"start":{"line":762,"column":21},"end":{"line":762,"column":55}},"274":{"start":{"line":763,"column":24},"end":{"line":765,"column":19}},"275":{"start":{"line":764,"column":32},"end":{"line":764,"column":63}},"276":{"start":{"line":767,"column":26},"end":{"line":769,"column":69}},"277":{"start":{"line":770,"column":25},"end":{"line":772,"column":55}},"278":{"start":{"line":774,"column":6},"end":{"line":774,"column":79}},"279":{"start":{"line":776,"column":6},"end":{"line":776,"column":90}},"280":{"start":{"line":777,"column":6},"end":{"line":777,"column":53}},"281":{"start":{"line":782,"column":4},"end":{"line":788,"column":5}},"282":{"start":{"line":783,"column":27},"end":{"line":783,"column":50}},"283":{"start":{"line":784,"column":6},"end":{"line":784,"column":43}},"284":{"start":{"line":786,"column":6},"end":{"line":786,"column":90}},"285":{"start":{"line":787,"column":6},"end":{"line":787,"column":58}},"286":{"start":{"line":795,"column":4},"end":{"line":830,"column":5}},"287":{"start":{"line":797,"column":22},"end":{"line":797,"column":57}},"288":{"start":{"line":800,"column":20},"end":{"line":800,"column":27}},"289":{"start":{"line":801,"column":24},"end":{"line":801,"column":76}},"290":{"start":{"line":802,"column":6},"end":{"line":804,"column":7}},"291":{"start":{"line":803,"column":8},"end":{"line":803,"column":31}},"292":{"start":{"line":806,"column":21},"end":{"line":806,"column":40}},"293":{"start":{"line":809,"column":27},"end":{"line":809,"column":89}},"294":{"start":{"line":810,"column":6},"end":{"line":812,"column":7}},"295":{"start":{"line":811,"column":8},"end":{"line":811,"column":60}},"296":{"start":{"line":814,"column":6},"end":{"line":820,"column":8}},"297":{"start":{"line":823,"column":6},"end":{"line":826,"column":9}},"298":{"start":{"line":829,"column":6},"end":{"line":829,"column":48}},"299":{"start":{"line":838,"column":4},"end":{"line":846,"column":5}},"300":{"start":{"line":839,"column":6},"end":{"line":845,"column":8}},"301":{"start":{"line":849,"column":4},"end":{"line":857,"column":5}},"302":{"start":{"line":850,"column":6},"end":{"line":856,"column":8}},"303":{"start":{"line":860,"column":4},"end":{"line":866,"column":6}},"304":{"start":{"line":873,"column":4},"end":{"line":946,"column":5}},"305":{"start":{"line":874,"column":6},"end":{"line":939,"column":7}},"306":{"start":{"line":877,"column":10},"end":{"line":879,"column":13}},"307":{"start":{"line":880,"column":10},"end":{"line":880,"column":16}},"308":{"start":{"line":883,"column":19},"end":{"line":883,"column":49}},"309":{"start":{"line":884,"column":0},"end":{"line":890,"column":3}},"310":{"start":{"line":892,"column":0},"end":{"line":896,"column":3}},"311":{"start":{"line":898,"column":0},"end":{"line":898,"column":30}},"312":{"start":{"line":899,"column":0},"end":{"line":899,"column":31}},"313":{"start":{"line":900,"column":0},"end":{"line":90
[...]
column":54}}],"line":60},"5":{"loc":{"start":{"line":62,"column":16},"end":{"line":62,"column":39}},"type":"binary-expr","locations":[{"start":{"line":62,"column":16},"end":{"line":62,"column":31}},{"start":{"line":62,"column":35},"end":{"line":62,"column":39}}],"line":62},"6":{"loc":{"start":{"line":63,"column":15},"end":{"line":63,"column":52}},"type":"binary-expr","locations":[{"start":{"line":63,"column":15},"end":{"line":63,"column":29}},{"start":{"line":63,"column":33},"end":{"line":63,"column":52}}],"line":63},"7":{"loc":{"start":{"line":65,"column":15},"end":{"line":65,"column":68}},"type":"cond-expr","locations":[{"start":{"line":65,"column":46},"end":{"line":65,"column":60}},{"start":{"line":65,"column":63},"end":{"line":65,"column":68}}],"line":65},"8":{"loc":{"start":{"line":67,"column":21},"end":{"line":67,"column":85}},"type":"cond-expr","locations":[{"start":{"line":67,"column":58},"end":{"line":67,"column":78}},{"start":{"line":67,"column":81},"end":{"line":67,"column":85}}],"line":67},"9":{"loc":{"start":{"line":69,"column":22},"end":{"line":69,"column":51}},"type":"binary-expr","locations":[{"start":{"line":69,"column":22},"end":{"line":69,"column":43}},{"start":{"line":69,"column":47},"end":{"line":69,"column":51}}],"line":69},"10":{"loc":{"start":{"line":71,"column":20},"end":{"line":71,"column":49}},"type":"binary-expr","locations":[{"start":{"line":71,"column":20},"end":{"line":71,"column":39}},{"start":{"line":71,"column":43},"end":{"line":71,"column":49}}],"line":71},"11":{"loc":{"start":{"line":73,"column":15},"end":{"line":73,"column":50}},"type":"binary-expr","locations":[{"start":{"line":73,"column":15},"end":{"line":73,"column":29}},{"start":{"line":73,"column":33},"end":{"line":73,"column":50}}],"line":73},"12":{"loc":{"start":{"line":100,"column":4},"end":{"line":102,"column":5}},"type":"if","locations":[{"start":{"line":100,"column":4},"end":{"line":102,"column":5}},{"start":{},"end":{}}],"line":100},"13":{"loc":{"start":{"line":100,"column":8},"end":{"line":100,"column":49}},"type":"binary-expr","locations":[{"start":{"line":100,"column":8},"end":{"line":100,"column":27}},{"start":{"line":100,"column":31},"end":{"line":100,"column":49}}],"line":100},"14":{"loc":{"start":{"line":104,"column":4},"end":{"line":106,"column":5}},"type":"if","locations":[{"start":{"line":104,"column":4},"end":{"line":106,"column":5}},{"start":{},"end":{}}],"line":104},"15":{"loc":{"start":{"line":104,"column":8},"end":{"line":104,"column":76}},"type":"binary-expr","locations":[{"start":{"line":104,"column":8},"end":{"line":104,"column":40}},{"start":{"line":104,"column":44},"end":{"line":104,"column":76}}],"line":104},"16":{"loc":{"start":{"line":114,"column":4},"end":{"line":116,"column":5}},"type":"if","locations":[{"start":{"line":114,"column":4},"end":{"line":116,"column":5}},{"start":{},"end":{}}],"line":114},"17":{"loc":{"start":{"line":150,"column":4},"end":{"line":153,"column":5}},"type":"if","locations":[{"start":{"line":150,"column":4},"end":{"line":153,"column":5}},{"start":{},"end":{}}],"line":150},"18":{"loc":{"start":{"line":157,"column":6},"end":{"line":159,"column":7}},"type":"if","locations":[{"start":{"line":157,"column":6},"end":{"line":159,"column":7}},{"start":{},"end":{}}],"line":157},"19":{"loc":{"start":{"line":163,"column":6},"end":{"line":165,"column":7}},"type":"if","locations":[{"start":{"line":163,"column":6},"end":{"line":165,"column":7}},{"start":{},"end":{}}],"line":163},"20":{"loc":{"start":{"line":169,"column":6},"end":{"line":171,"column":7}},"type":"if","locations":[{"start":{"line":169,"column":6},"end":{"line":171,"column":7}},{"start":{},"end":{}}],"line":169},"21":{"loc":{"start":{"line":200,"column":8},"end":{"line":202,"column":9}},"type":"if","locations":[{"start":{"line":200,"column":8},"end":{"line":202,"column":9}},{"start":{},"end":{}}],"line":200},"22":{"loc":{"start":{"line":200,"column":12},"end":{"line":200,"column":91}},"type":"binary-expr","locations":[{"start":{"line":200,"column":12},"end":{"line":200,"column":37}},{"start":{"line":200,"column":41},"end":{"line":200,"column":91}}],"line":200},"23":{"loc":{"start":{"line":250,"column":6},"end":{"line":253,"column":7}},"type":"if","locations":[{"start":{"line":250,"column":6},"end":{"line":253,"column":7}},{"start":{},"end":{}}],"line":250},"24":{"loc":{"start":{"line":257,"column":6},"end":{"line":262,"column":7}},"type":"if","locations":[{"start":{"line":257,"column":6},"end":{"line":262,"column":7}},{"start":{"line":259,"column":13},"end":{"line":262,"column":7}}],"line":257},"25":{"loc":{"start":{"line":274,"column":15},"end":{"line":274,"column":27}},"type":"default-arg","locations":[{"start":{"line":274,"column":25},"end":{"line":274,"column":27}}],"line":274},"26":{"loc":{"start":{"line":275,"column":4},"end":{"line":278,"column":5}},"type":"if","locations":[{"start":{"line":275,"column":4},"end":{"line":278,"column":5}},{"start":{},"end":{}}],"line":275},"27":{"loc":{"start":{"line":275,"column":8},"end":{"line":275,"column":48}},"type":"binary-expr","locations":[{"start":{"line":275,"column":8},"end":{"line":275,"column":28}},{"start":{"line":275,"column":32},"end":{"line":275,"column":48}}],"line":275},"28":{"loc":{"start":{"line":280,"column":4},"end":{"line":283,"column":5}},"type":"if","locations":[{"start":{"line":280,"column":4},"end":{"line":283,"column":5}},{"start":{},"end":{}}],"line":280},"29":{"loc":{"start":{"line":286,"column":20},"end":{"line":286,"column":44}},"type":"binary-expr","locations":[{"start":{"line":286,"column":20},"end":{"line":286,"column":35}},{"start":{"line":286,"column":39},"end":{"line":286,"column":44}}],"line":286},"30":{"loc":{"start":{"line":302,"column":6},"end":{"line":304,"column":7}},"type":"if","locations":[{"start":{"line":302,"column":6},"end":{"line":304,"column":7}},{"start":{},"end":{}}],"line":302},"31":{"loc":{"start":{"line":309,"column":6},"end":{"line":315,"column":7}},"type":"if","locations":[{"start":{"line":309,"column":6},"end":{"line":315,"column":7}},{"start":{},"end":{}}],"line":309},"32":{"loc":{"start":{"line":344,"column":32},"end":{"line":344,"column":76}},"type":"binary-expr","locations":[{"start":{"line":344,"column":32},"end":{"line":344,"column":68}},{"start":{"line":344,"column":72},"end":{"line":344,"column":76}}],"line":344},"33":{"loc":{"start":{"line":346,"column":6},"end":{"line":350,"column":7}},"type":"if","locations":[{"start":{"line":346,"column":6},"end":{"line":350,"column":7}},{"start":{},"end":{}}],"line":346},"34":{"loc":{"start":{"line":372,"column":8},"end":{"line":376,"column":9}},"type":"if","locations":[{"start":{"line":372,"column":8},"end":{"line":376,"column":9}},{"start":{},"end":{}}],"line":372},"35":{"loc":{"start":{"line":381,"column":26},"end":{"line":381,"column":55}},"type":"binary-expr","locations":[{"start":{"line":381,"column":26},"end":{"line":381,"column":30}},{"start":{"line":381,"column":34},"end":{"line":381,"column":55}}],"line":381},"36":{"loc":{"start":{"line":385,"column":16},"end":{"line":385,"column":37}},"type":"binary-expr","locations":[{"start":{"line":385,"column":16},"end":{"line":385,"column":29}},{"start":{"line":385,"column":33},"end":{"line":385,"column":37}}],"line":385},"37":{"loc":{"start":{"line":389,"column":8},"end":{"line":395,"column":9}},"type":"if","locations":[{"start":{"line":389,"column":8},"end":{"line":395,"column":9}},{"start":{"line":393,"column":15},"end":{"line":395,"column":9}}],"line":389},"38":{"loc":{"start":{"line":401,"column":4},"end":{"line":401,"column":28}},"type":"if","locations":[{"start":{"line":401,"column":4},"end":{"line":401,"column":28}},{"start":{},"end":{}}],"line":401},"39":{"loc":{"start":{"line":408,"column":4},"end":{"line":411,"column":5}},"type":"if","locations":[{"start":{"line":408,"column":4},"end":{"line":411,"column":5}},{"start":{},"end":{}}],"line":408},"40":{"loc":{"start":{"line":424,"column":20},"end":{"line":424,"column":32}},"type":"default-arg","locations":[{"start":{"line":424,"column":30},"end":{"line":424,"column":32}}],"line":424},"41":{"loc":{"start":{"line":425,"column":4},"end":{"line":428,"column":5}},"type":"if","locations":[{"start":{"line":425,"column":4},"end":{"line":428,"column":5}},{"start":{},"end":{}}],"line":425},"42":{"loc":{"start":{"line":425,"column":8},"end":{"line":425,"column":48}},"type":"binary-expr","locations":[{"start":{"line":425,"column":8},"end":{"line":425,"column":28}},{"start":{"line":425,"column":32},"end":{"line":425,"column":48}}],"line":425},"43":{"loc":{"start":{"line":430,"column":4},"end":{"line":433,"column":5}},"type":"if","locations":[{"start":{"line":430,"column":4},"end":{"line":433,"column":5}},{"start":{},"end":{}}],"line":430},"44":{"loc":{"start":{"line":459,"column":27},"end":{"line":459,"column":39}},"type":"default-arg","locations":[{"start":{"line":459,"column":37},"end":{"line":459,"column":39}}],"line":459},"45":{"loc":{"start":{"line":475,"column":8},"end":{"line":480,"column":9}},"type":"if","locations":[{"start":{"line":475,"column":8},"end":{"line":480,"column":9}},{"start":{},"end":{}}],"line":475},"46":{"loc":{"start":{"line":486,"column":8},"end":{"line":492,"column":9}},"type":"if","locations":[{"start":{"line":486,"column":8},"end":{"line":492,"column":9}},{"start":{"line":490,"column":15},"end":{"line":492,"column":9}}],"line":486},"47":{"loc":{"start":{"line":503,"column":6},"end":{"line":506,"column":7}},"type":"if","locations":[{"start":{"line":503,"column":6},"end":{"line":506,"column":7}},{"start":{},"end":{}}],"line":503},"48":{"loc":{"start":{"line":533,"column":6},"end":{"line":536,"column":7}},"type":"if","locations":[{"start":{"line":533,"column":6},"end":{"line":536,"column":7}},{"start":{},"end":{}}],"line":533},"49":{"loc":{"start":{"line":538,"column":6},"end":{"line":541,"column":7}},"type":"if","locations":[{"start":{"line":538,"column":6},"end":{"line":541,"column":7}},{"start":{},"end":{}}],"line":538},"50":{"loc":{"start":{"line":577,"column":4},"end":{"line":580,"column":5}},"type":"if","locations":[{"start":{"line":577,"column":4},"end":{"line":580,"column":5}},{"start":{},"end":{}}],"line":577},"51":{"loc":{"start":{"line":607,"column":29},"end":{"line":607,"column":40}},"type":"default-arg","locations":[{"start":{"line":607,"column":38},"end":{"line":607,"column":40}}],"line":607},"52":{"loc":{"start":{"line":618,"column":4},"end":{"line":620,"column":5}},"type":"if","locations":[{"start":{"line":618,"column":4},"end":{"line":620,"column":5}},{"start":{},"end":{}}],"line":618},"53":{"loc":{"start":{"line":618,"column":8},"end":{"line":618,"column":33}},"type":"binary-expr","locations":[{"start":{"line":618,"column":8},"end":{"line":618,"column":13}},{"start":{"line":618,"column":17},"end":{"line":618,"column":33}}],"line":618}},"s":{"0":1,"1":1,"2":1,"3":1,"4":1,"5":1,"6":1,"7":23,"8":23,"9":23,"10":23,"11":23,"12":23,"13":23,"14":23,"15":23,"16":23,"17":23,"18":23,"19":23,"20":23,"21":23,"22":1,"23":22,"24":2,"25":0,"26":0,"27":0,"28":0,"29":0,"30":0,"31":0,"32":0,"33":0,"34":0,"35":0,"36":0,"37":0,"38":0,"39":0,"40":0,"41":0,"42":0,"43":0,"44":0,"45":0,"46":0,"47":0,"48":0,"49":0,"50":0,"51":0,"52":0,"53":0,"54":0,"55":0,"56":0,"57":0,"58":0,"59":0,"60":0,"61":0,"62":0,"63":0,"64":0,"65":0,"66":0,"67":0,"68":0,"69":0,"70":0,"71":0,"72":0,"73":0,"74":0,"75":0,"76":0,"77":0,"78":0,"79":0,"80":0,"81":0,"82":0,"83":0,"84":0,"85":0,"86":0,"87":0,"88":0,"89":0,"90":0,"91":0,"92":0,"93":2,"94":2,"95":2,"96":0,"97":0,"98":0,"99":0,"100":0,"101":0,"102":0,"103":0,"104":0,"105":0,"106":0,"107":0,"108":0,"109":0,"110":0,"111":0,"112":0,"113":0,"114":0,"115":0,"116":0,"117":0,"118":0,"119":0,"120":0,"121":0,"122":0,"123":0,"124":0,"125":0,"126":0,"127":0,"128":0,"129":0,"130":0,"131":0,"132":0,"133":0,"134":0,"135":0,"136":0,"137":0,"138":0,"139":0,"140":0,"141":0,"142":0,"143":0,"144":0,"145":0,"146":0,"147":0,"148":0,"149":0,"150":0,"151":0,"152":7,"153":2,"154":5,"155":5,"156":5,"157":5,"158":4,"159":4,"160":1,"161":2,"162":2,"163":2,"164":0,"165":0,"166":0,"167":0,"168":0,"169":0,"170":0,"171":0,"172":0,"173":0,"174":0,"175":0,"176":0,"177":0,"178":0,"179":0,"180":0,"181":0,"182":0,"183":0,"184":0,"185":0,"186":0,"187":0,"188":0,"189":0,"190":0,"191":0,"192":0,"193":0,"194":0,"195":0,"196":0,"197":0,"198":0,"199":0,"200":0,"201":0,"202":0,"203":0,"204":0,"205":2,"206":2,"207":0,"208":0,"209":2,"210":0,"211":0,"212":2,"213":2,"214":2,"215":2,"216":2,"217":0,"218":0,"219":2,"220":1,"221":1,"222":0,"223":0,"224":1,"225":1,"226":1,"227":1,"228":1,"229":1,"230":0,"231":0,"232":0,"233":0,"234":0},"f":{"0":23,"1":23,"2":0,"3":0,"4":0,"5":0,"6":0,"7":0,"8":0,"9":0,"10":0,"11":0,"12":0,"13":0,"14":0,"15":2,"16":0,"17":0,"18":0,"19":0,"20":0,"21":0,"22":0,"23":0,"24":0,"25":0,"26":0,"27":7,"28":2,"29":0,"30":0,"31":0,"32":0,"33":0,"34":0,"35":0,"36":0,"37":0,"38":2,"39":2,"40":1,"41":1,"42":1,"43":1,"44":0,"45":0},"b":{"0":[0],"1":[23,23],"2":[23,23],"3":[23,15],"4":[23,13],"5":[23,23],"6":[23,23],"7":[23,0],"8":[0,23],"9":[23,23],"10":[23,23],"11":[23,23],"12":[1,22],"13":[23,4],"14":[2,20],"15":[22,21],"16":[0,0],"17":[0,0],"18":[0,0],"19":[0,0],"20":[0,0],"21":[0,0],"22":[0,0],"23":[0,0],"24":[0,0],"25":[2],"26":[2,0],"27":[2,1],"28":[0,0],"29":[0,0],"30":[0,0],"31":[0,0],"32":[0,0],"33":[0,0],"34":[0,0],"35":[0,0],"36":[0,0],"37":[0,0],"38":[2,5],"39":[4,1],"40":[2],"41":[2,0],"42":[2,1],"43":[0,0],"44":[0],"45":[0,0],"46":[0,0],"47":[0,0],"48":[0,2],"49":[0,2],"50":[0,1],"51":[0],"52":[0,0],"53":[0,0]},"_coverageSchema":"1a1c01bbd47fc00a2c39e90264f33305004495a9","hash":"a4cf46e2c7e69d331815948a41105070c54ae069"}
,"/home/seryki/.openclaw/workspace/minecraft-ai-bot/tests/mocks/mock-omniroute.js": {"path":"/home/seryki/.openclaw/workspace/minecraft-ai-bot/tests/mocks/mock-omniroute.js","statementMap":{"0":{"start":{"line":3,"column":4},"end":{"line":7,"column":6}},"1":{"start":{"line":9,"column":4},"end":{"line":13,"column":6}},"2":{"start":{"line":15,"column":4},"end":{"line":15,"column":19}},"3":{"start":{"line":19,"column":4},"end":{"line":19,"column":20}},"4":{"start":{"line":23,"column":4},"end":{"line":25,"column":5}},"5":{"start":{"line":24,"column":6},"end":{"line":24,"column":68}},"6":{"start":{"line":24,"column":35},"end":{"line":24,"column":66}},"7":{"start":{"line":29,"column":4},"end":{"line":37,"column":6}},"8":{"start":{"line":41,"column":4},"end":{"line":53,"column":6}},"9":{"start":{"line":57,"column":4},"end":{"line":65,"column":6}},"10":{"start":{"line":69,"column":4},"end":{"line":69,"column":31}},"11":{"start":{"line":70,"column":4},"end":{"line":70,"column":27}},"12":{"start":{"line":71,"column":4},"end":{"line":71,"column":49}},"13":{"start":{"line":75,"column":4},"end":{"line":75,"column":31}},"14":{"start":{"line":76,"column":4},"end":{"line":76,"column":30}},"15":{"start":{"line":77,"column":4},"end":{"line":77,"column":54}},"16":{"start":{"line":81,"column":4},"end":{"line":81,"column":31}},"17":{"start":{"line":82,"column":4},"end":{"line":82,"column":31}},"18":{"start":{"line":83,"column":4},"end":{"line":83,"column":55}},"19":{"start":{"line":87,"column":4},"end":{"line":87,"column":61}},"20":{"start":{"line":91,"column":4},"end":{"line":91,"column":33}},"21":{"start":{"line":95,"column":4},"end":{"line":95,"column":39}},"22":{"start":{"line":99,"column":4},"end":{"line":99,"column":29}},"23":{"start":{"line":104,"column":2},"end":{"line":104,"column":35}},"24":{"start":{"line":107,"column":0},"end":{"line":107,"column":62}}},"fnMap":{"0":{"name":"(anonymous_0)","decl":{"start":{"line":2,"column":2},"end":{"line":2,"column":3}},"loc":{"start":{"line":2,"column":16},"end":{"line":16,"column":3}},"line":2},"1":{"name":"(anonymous_1)","decl":{"start":{"line":18,"column":2},"end":{"line":18,"column":3}},"loc":{"start":{"line":18,"column":15},"end":{"line":20,"column":3}},"line":18},"2":{"name":"(anonymous_2)","decl":{"start":{"line":22,"column":2},"end":{"line":22,"column":3}},"loc":{"start":{"line":22,"column":24},"end":{"line":26,"column":3}},"line":22},"3":{"name":"(anonymous_3)","decl":{"start":{"line":24,"column":24},"end":{"line":24,"column":25}},"loc":{"start":{"line":24,"column":35},"end":{"line":24,"column":66}},"line":24},"4":{"name":"(anonymous_4)","decl":{"start":{"line":28,"column":2},"end":{"line":28,"column":3}},"loc":{"start":{"line":28,"column":45},"end":{"line":38,"column":3}},"line":28},"5":{"name":"(anonymous_5)","decl":{"start":{"line":40,"column":2},"end":{"line":40,"column":3}},"loc":{"start":{"line":40,"column":50},"end":{"line":54,"column":3}},"line":40},"6":{"name":"(anonymous_6)","decl":{"start":{"line":56,"column":2},"end":{"line":56,"column":3}},"loc":{"start":{"line":56,"column":51},"end":{"line":66,"column":3}},"line":56},"7":{"name":"(anonymous_7)","decl":{"start":{"line":68,"column":2},"end":{"line":68,"column":3}},"loc":{"start":{"line":68,"column":36},"end":{"line":72,"column":3}},"line":68},"8":{"name":"(anonymous_8)","decl":{"start":{"line":74,"column":2},"end":{"line":74,"column":3}},"loc":{"start":{"line":74,"column":41},"end":{"line":78,"column":3}},"line":74},"9":{"name":"(anonymous_9)","decl":{"start":{"line":80,"column":2},"end":{"line":80,"column":3}},"loc":{"start":{"line":80,"column":42},"end":{"line":84,"column":3}},"line":80},"10":{"name":"(anonymous_10)","decl":{"start":{"line":86,"column":2},"end":{"line":86,"column":3}},"loc":{"start":{"line":86,"column":10},"end":{"line":88,"column":3}},"line":86},"11":{"name":"(anonymous_11)","decl":{"start":{"line":90,"column":2},"end":{"line":90,"column":3}},"loc":{"start":{"line":90,"column":17},"end":{"line":92,"column":3}},"line":90},"12":{"name":"(anonymous_12)","decl":{"start":{"line":94,"column":2},"end":{"line":94,"column":3}},"loc":{"start":{"line":94,"column":33},"end":{"line":96,"column":3}},"line":94},"13":{"name":"(anonymous_13)","decl":{"start":{"line":98,"column":2},"end":{"line":98,"column":3}},"loc":{"start":{"line":98,"column":15},"end":{"line":100,"column":3}},"line":98},"14":{"name":"createMockOmniroute","decl":{"start":{"line":103,"column":9},"end":{"line":103,"column":28}},"loc":{"start":{"line":103,"column":31},"end":{"line":105,"column":1}},"line":103}},"branchMap":{"0":{"loc":{"start":{"line":23,"column":4},"end":{"line":25,"column":5}},"type":"if","locations":[{"start":{"line":23,"column":4},"end":{"line":25,"column":5}},{"start":{},"end":{}}],"line":23},"1":{"loc":{"start":{"line":28,"column":31},"end":{"line":28,"column":43}},"type":"default-arg","locations":[{"start":{"line":28,"column":41},"end":{"line":28,"column":43}}],"line":28},"2":{"loc":{"start":{"line":40,"column":36},"end":{"line":40,"column":48}},"type":"default-arg","locations":[{"start":{"line":40,"column":46},"end":{"line":40,"column":48}}],"line":40},"3":{"loc":{"start":{"line":56,"column":37},"end":{"line":56,"column":49}},"type":"default-arg","locations":[{"start":{"line":56,"column":47},"end":{"line":56,"column":49}}],"line":56},"4":{"loc":{"start":{"line":68,"column":22},"end":{"line":68,"column":34}},"type":"default-arg","locations":[{"start":{"line":68,"column":32},"end":{"line":68,"column":34}}],"line":68},"5":{"loc":{"start":{"line":74,"column":27},"end":{"line":74,"column":39}},"type":"default-arg","locations":[{"start":{"line":74,"column":37},"end":{"line":74,"column":39}}],"line":74},"6":{"loc":{"start":{"line":80,"column":28},"end":{"line":80,"column":40}},"type":"default-arg","locations":[{"start":{"line":80,"column":38},"end":{"line":80,"column":40}}],"line":80}},"s":{"0":13,"1":13,"2":13,"3":1,"4":16,"5":1,"6":1,"7":13,"8":2,"9":1,"10":13,"11":13,"12":13,"13":2,"14":2,"15":2,"16":1,"17":1,"18":1,"19":13,"20":0,"21":0,"22":0,"23":13,"24":1},"f":{"0":13,"1":1,"2":16,"3":1,"4":13,"5":2,"6":1,"7":13,"8":2,"9":1,"10":13,"11":0,"12":0,"13":0,"14":13},"b":{"0":[1,15],"1":[0],"2":[0],"3":[0],"4":[13],"5":[2],"6":[1]},"_coverageSchema":"1a1c01bbd47fc00a2c39e90264f33305004495a9","hash":"b70e58f0501fbc2f9510ff9db1528e9950a01bc9"}
}
