TN:
SF:personality/personality-engine.js
FN:59,(anonymous_0)
FN:66,(anonymous_1)
FN:79,(anonymous_2)
FN:80,(anonymous_3)
FN:95,(anonymous_4)
FN:140,(anonymous_5)
FN:165,(anonymous_6)
FN:166,(anonymous_7)
FN:170,(anonymous_8)
FN:178,(anonymous_9)
FN:197,(anonymous_10)
FN:204,(anonymous_11)
FN:209,(anonymous_12)
FN:232,(anonymous_13)
FN:245,(anonymous_14)
FN:251,(anonymous_15)
FN:280,(anonymous_16)
FN:296,(anonymous_17)
FN:343,(anonymous_18)
FN:364,(anonymous_19)
FN:365,(anonymous_20)
FN:369,(anonymous_21)
FN:386,(anonymous_22)
FN:387,(anonymous_23)
FN:388,(anonymous_24)
FN:409,getInstance
FN:419,(anonymous_26)
FN:423,(anonymous_27)
FN:427,(anonymous_28)
FN:431,(anonymous_29)
FN:435,(anonymous_30)
FN:439,(anonymous_31)
FNF:32
FNH:11
FNDA:13,(anonymous_0)
FNDA:1,(anonymous_1)
FNDA:1,(anonymous_2)
FNDA:1,(anonymous_3)
FNDA:0,(anonymous_4)
FNDA:0,(anonymous_5)
FNDA:0,(anonymous_6)
FNDA:0,(anonymous_7)
FNDA:0,(anonymous_8)
FNDA:0,(anonymous_9)
FNDA:0,(anonymous_10)
FNDA:0,(anonymous_11)
FNDA:0,(anonymous_12)
FNDA:7,(anonymous_13)
FNDA:3,(anonymous_14)
FNDA:3,(anonymous_15)
FNDA:1,(anonymous_16)
FNDA:4,(anonymous_17)
FNDA:1,(anonymous_18)
FNDA:0,(anonymous_19)
FNDA:0,(anonymous_20)
FNDA:0,(anonymous_21)
FNDA:0,(anonymous_22)
FNDA:0,(anonymous_23)
FNDA:0,(anonymous_24)
FNDA:21,getInstance
FNDA:0,(anonymous_26)
FNDA:0,(anonymous_27)
FNDA:0,(anonymous_28)
FNDA:0,(anonymous_29)
FNDA:0,(anonymous_30)
FNDA:0,(anonymous_31)
DA:15,13
DA:16,13
DA:17,13
DA:18,13
DA:21,13
DA:22,13
DA:25,13
DA:35,13
DA:45,13
DA:60,13
DA:61,13
DA:62,13
DA:63,13
DA:66,13
DA:67,1
DA:68,0
DA:70,1
DA:71,1
DA:80,1
DA:81,1
DA:96,0
DA:97,0
DA:98,0
DA:101,0
DA:103,0
DA:104,0
DA:105,0
DA:106,0
DA:108,0
DA:109,0
DA:113,0
DA:115,0
DA:116,0
DA:121,0
DA:123,0
DA:128,0
DA:129,0
DA:130,0
DA:131,0
DA:141,0
DA:144,0
DA:147,0
DA:148,0
DA:149,0
DA:152,0
DA:154,0
DA:158,0
DA:166,0
DA:167,0
DA:171,0
DA:172,0
DA:173,0
DA:174,0
DA:177,0
DA:178,0
DA:179,0
DA:180,0
DA:181,0
DA:182,0
DA:185,0
DA:187,0
DA:198,0
DA:199,0
DA:201,0
DA:202,0
DA:204,0
DA:205,0
DA:210,0
DA:211,0
DA:215,0
DA:217,0
DA:224,0
DA:225,0
DA:233,7
DA:234,7
DA:236,7
DA:246,3
DA:247,1
DA:251,2
DA:252,3
DA:253,3
DA:256,3
DA:258,3
DA:259,8
DA:260,8
DA:265,3
DA:266,0
DA:269,3
DA:270,1
DA:273,3
DA:280,2
DA:282,2
DA:288,2
DA:297,4
DA:298,1
DA:299,1
DA:302,3
DA:304,3
DA:305,1
DA:306,1
DA:309,2
DA:310,2
DA:311,2
DA:314,2
DA:315,2
DA:318,2
DA:321,2
DA:323,2
DA:325,2
DA:334,2
DA:336,2
DA:344,1
DA:347,1
DA:350,1
DA:352,1
DA:357,1
DA:365,0
DA:366,0
DA:370,0
DA:371,0
DA:372,0
DA:374,0
DA:375,0
DA:387,0
DA:388,0
DA:389,0
DA:390,0
DA:391,0
DA:393,0
DA:394,0
DA:402,13
DA:410,21
DA:411,1
DA:413,21
DA:416,13
DA:420,0
DA:421,0
DA:424,0
DA:425,0
DA:428,0
DA:429,0
DA:432,0
DA:433,0
DA:436,0
DA:437,0
DA:440,0
DA:441,0
LF:147
LH:66
BRDA:59,0,0,13
BRDA:67,1,0,0
BRDA:67,1,1,1
BRDA:95,2,0,0
BRDA:103,3,0,0
BRDA:103,3,1,0
BRDA:152,4,0,0
BRDA:152,4,1,0
BRDA:152,5,0,0
BRDA:152,5,1,0
BRDA:171,6,0,0
BRDA:171,6,1,0
BRDA:177,7,0,0
BRDA:177,7,1,0
BRDA:177,8,0,0
BRDA:177,8,1,0
BRDA:180,9,0,0
BRDA:180,9,1,0
BRDA:202,10,0,0
BRDA:202,10,1,0
BRDA:210,11,0,0
BRDA:210,11,1,0
BRDA:233,12,0,7
BRDA:233,12,1,0
BRDA:245,13,0,2
BRDA:246,14,0,1
BRDA:246,14,1,2
BRDA:246,15,0,3
BRDA:246,15,1,3
BRDA:252,16,0,3
BRDA:252,16,1,0
BRDA:253,17,0,3
BRDA:253,17,1,0
BRDA:259,18,0,8
BRDA:259,18,1,0
BRDA:265,19,0,0
BRDA:265,19,1,3
BRDA:265,20,0,3
BRDA:265,20,1,1
BRDA:269,21,0,1
BRDA:269,21,1,2
BRDA:269,22,0,3
BRDA:269,22,1,1
BRDA:269,22,2,1
BRDA:283,23,0,2
BRDA:283,23,1,0
BRDA:284,24,0,2
BRDA:284,24,1,0
BRDA:297,25,0,1
BRDA:297,25,1,3
BRDA:297,26,0,4
BRDA:297,26,1,3
BRDA:304,27,0,1
BRDA:304,27,1,2
BRDA:310,28,0,2
BRDA:310,28,1,0
BRDA:321,29,0,2
BRDA:321,29,1,2
BRDA:370,30,0,0
BRDA:370,30,1,0
BRDA:389,31,0,0
BRDA:389,31,1,0
BRDA:410,32,0,1
BRDA:410,32,1,20
BRF:64
BRH:32
end_of_record
TN:
SF:src/chat/nlp-handler.js
FN:65,isAddressed
FN:108,checkDirectMention
FN:146,checkCommandPrefix
FN:167,checkPronounPatterns
FN:224,escapeRegex
FN:235,runTestSet
FNF:6
FNH:6
FNDA:11,isAddressed
FNDA:13,checkDirectMention
FNDA:7,checkCommandPrefix
FNDA:7,checkPronounPatterns
FNDA:41,escapeRegex
FNDA:2,runTestSet
DA:12,19
DA:29,19
DA:41,19
DA:66,11
DA:67,1
DA:70,10
DA:71,1
DA:74,9
DA:75,9
DA:78,9
DA:79,9
DA:80,4
DA:84,5
DA:85,5
DA:86,1
DA:90,4
DA:91,4
DA:92,1
DA:96,3
DA:98,3
DA:110,13
DA:111,13
DA:112,4
DA:116,9
DA:117,9
DA:118,2
DA:122,7
DA:123,7
DA:124,3
DA:128,4
DA:129,4
DA:130,0
DA:134,4
DA:135,4
DA:137,0
DA:140,4
DA:147,7
DA:148,7
DA:149,2
DA:153,5
DA:155,1
DA:156,1
DA:157,0
DA:161,5
DA:168,7
DA:169,4
DA:173,3
DA:176,3
DA:177,0
DA:181,3
DA:182,3
DA:184,3
DA:185,3
DA:186,3
DA:187,0
DA:188,0
DA:189,0
DA:190,0
DA:191,0
DA:192,0
DA:196,3
DA:197,1
DA:200,3
DA:208,0
DA:209,0
DA:210,0
DA:211,0
DA:218,0
DA:225,41
DA:236,2
DA:237,2
DA:239,2
DA:240,3
DA:241,3
DA:243,3
DA:244,2
DA:246,1
DA:256,2
DA:257,2
DA:259,2
DA:262,19
LF:81
LH:66
BRDA:65,0,0,6
BRDA:66,1,0,1
BRDA:66,1,1,10
BRDA:66,2,0,11
BRDA:66,2,1,10
BRDA:70,3,0,1
BRDA:70,3,1,9
BRDA:70,4,0,10
BRDA:70,4,1,9
BRDA:79,5,0,4
BRDA:79,5,1,5
BRDA:85,6,0,1
BRDA:85,6,1,4
BRDA:91,7,0,1
BRDA:91,7,1,3
BRDA:101,8,0,1
BRDA:101,8,1,2
BRDA:111,9,0,4
BRDA:111,9,1,9
BRDA:117,10,0,2
BRDA:117,10,1,7
BRDA:123,11,0,3
BRDA:123,11,1,4
BRDA:129,12,0,0
BRDA:129,12,1,4
BRDA:135,13,0,0
BRDA:135,13,1,4
BRDA:148,14,0,2
BRDA:148,14,1,5
BRDA:153,15,0,1
BRDA:153,15,1,4
BRDA:156,16,0,0
BRDA:156,16,1,1
BRDA:168,17,0,4
BRDA:168,17,1,3
BRDA:173,18,0,3
BRDA:173,18,1,0
BRDA:173,18,2,0
BRDA:176,19,0,0
BRDA:176,19,1,3
BRDA:182,20,0,3
BRDA:182,20,1,0
BRDA:185,21,0,3
BRDA:185,21,1,0
BRDA:187,22,0,0
BRDA:187,22,1,0
BRDA:189,23,0,0
BRDA:189,23,1,0
BRDA:191,24,0,0
BRDA:191,24,1,0
BRDA:196,25,0,1
BRDA:196,25,1,2
BRDA:203,26,0,3
BRDA:203,26,1,0
BRDA:209,27,0,0
BRDA:209,27,1,0
BRDA:210,28,0,0
BRDA:210,28,1,0
BRDA:235,29,0,2
BRDA:243,30,0,2
BRDA:243,30,1,1
BRDA:257,31,0,2
BRDA:257,31,1,0
BRF:63
BRH:43
end_of_record
TN:
SF:src/layers/action-awareness.js
FN:5,(anonymous_0)
FN:13,(anonymous_1)
FN:66,(anonymous_2)
FN:76,(anonymous_3)
FN:97,(anonymous_4)
FN:127,(anonymous_5)
FN:137,(anonymous_6)
FN:138,(anonymous_7)
FN:147,(anonymous_8)
FN:153,(anonymous_9)
FN:154,(anonymous_10)
FN:155,(anonymous_11)
FN:160,(anonymous_12)
FN:167,(anonymous_13)
FN:177,(anonymous_14)
FN:184,(anonymous_15)
FN:185,(anonymous_16)
FN:188,(anonymous_17)
FN:190,(anonymous_18)
FN:194,(anonymous_19)
FN:196,(anonymous_20)
FNF:21
FNH:20
FNDA:22,(anonymous_0)
FNDA:13,(anonymous_1)
FNDA:13,(anonymous_2)
FNDA:0,(anonymous_3)
FNDA:12,(anonymous_4)
FNDA:12,(anonymous_5)
FNDA:1,(anonymous_6)
FNDA:1,(anonymous_7)
FNDA:4,(anonymous_8)
FNDA:7,(anonymous_9)
FNDA:3,(anonymous_10)
FNDA:4,(anonymous_11)
FNDA:4,(anonymous_12)
FNDA:3,(anonymous_13)
FNDA:11,(anonymous_14)
FNDA:21,(anonymous_15)
FNDA:21,(anonymous_16)
FNDA:2,(anonymous_17)
FNDA:3,(anonymous_18)
FNDA:4,(anonymous_19)
FNDA:31,(anonymous_20)
DA:1,22
DA:2,22
DA:6,22
DA:7,22
DA:8,22
DA:9,22
DA:10,22
DA:14,13
DA:15,13
DA:17,13
DA:18,13
DA:20,12
DA:22,12
DA:23,12
DA:25,12
DA:27,12
DA:36,12
DA:37,2
DA:40,12
DA:41,4
DA:47,4
DA:55,4
DA:58,8
DA:61,1
DA:62,1
DA:67,13
DA:69,9
DA:70,9
DA:71,9
DA:72,9
DA:75,4
DA:76,0
DA:79,4
DA:80,3
DA:82,1
DA:84,3
DA:87,0
DA:90,0
DA:93,0
DA:98,12
DA:100,9
DA:109,3
DA:110,3
DA:116,0
DA:117,0
DA:123,0
DA:128,12
DA:129,2
DA:132,10
DA:133,2
DA:136,8
DA:137,1
DA:138,1
DA:139,1
DA:140,0
DA:144,8
DA:148,4
DA:149,2
DA:150,0
DA:154,7
DA:155,7
DA:157,7
DA:158,7
DA:160,7
DA:161,4
DA:162,4
DA:163,4
DA:167,7
DA:168,3
DA:169,3
DA:170,2
DA:174,7
DA:178,11
DA:185,21
DA:189,2
DA:190,3
DA:191,1
DA:195,4
DA:196,31
DA:201,22
LF:80
LH:71
BRDA:36,0,0,2
BRDA:36,0,1,10
BRDA:40,1,0,4
BRDA:40,1,1,8
BRDA:67,2,0,9
BRDA:67,2,1,4
BRDA:67,2,2,0
BRDA:67,2,3,0
BRDA:67,2,4,0
BRDA:70,3,0,9
BRDA:70,3,1,0
BRDA:79,4,0,3
BRDA:79,4,1,1
BRDA:98,5,0,9
BRDA:98,5,1,3
BRDA:98,5,2,0
BRDA:98,5,3,0
BRDA:128,6,0,2
BRDA:128,6,1,10
BRDA:128,7,0,12
BRDA:128,7,1,9
BRDA:132,8,0,2
BRDA:132,8,1,8
BRDA:132,9,0,10
BRDA:132,9,1,3
BRDA:136,10,0,1
BRDA:136,10,1,7
BRDA:136,11,0,8
BRDA:136,11,1,1
BRDA:139,12,0,0
BRDA:139,12,1,1
BRDA:148,13,0,2
BRDA:148,13,1,2
BRDA:148,14,0,4
BRDA:148,14,1,2
BRDA:149,15,0,2
BRDA:149,15,1,0
BRDA:149,16,0,2
BRDA:149,16,1,2
BRDA:161,17,0,4
BRDA:161,17,1,3
BRDA:162,18,0,4
BRDA:162,18,1,0
BRDA:168,19,0,3
BRDA:168,19,1,2
BRDA:169,20,0,2
BRDA:169,20,1,1
BRDA:189,21,0,1
BRDA:189,21,1,1
BRDA:194,22,0,1
BRF:50
BRH:41
end_of_record
TN:
SF:src/layers/commander.js
FN:77,(anonymous_0)
FN:110,(anonymous_1)
FN:130,(anonymous_2)
FN:152,(anonymous_3)
FN:170,(anonymous_4)
FN:175,(anonymous_5)
FN:189,(anonymous_6)
FN:259,(anonymous_7)
FN:300,(anonymous_8)
FN:324,(anonymous_9)
FN:335,(anonymous_10)
FN:340,(anonymous_11)
FN:357,(anonymous_12)
FN:365,(anonymous_13)
FN:372,(anonymous_14)
FN:384,(anonymous_15)
FN:443,(anonymous_16)
FN:488,(anonymous_17)
FN:519,(anonymous_18)
FN:550,(anonymous_19)
FN:558,(anonymous_20)
FN:566,(anonymous_21)
FN:569,(anonymous_22)
FN:572,(anonymous_23)
FN:586,(anonymous_24)
FN:590,(anonymous_25)
FN:591,(anonymous_26)
FN:592,(anonymous_27)
FN:593,(anonymous_28)
FN:594,(anonymous_29)
FN:595,(anonymous_30)
FN:598,(anonymous_31)
FN:613,(anonymous_32)
FN:620,(anonymous_33)
FN:654,(anonymous_34)
FN:695,(anonymous_35)
FN:746,(anonymous_36)
FN:751,(anonymous_37)
FN:751,(anonymous_38)
FN:760,(anonymous_39)
FN:764,(anonymous_40)
FN:781,(anonymous_41)
FN:794,(anonymous_42)
FN:836,(anonymous_43)
FN:872,(anonymous_44)
FN:952,(anonymous_45)
FN:978,(anonymous_46)
FN:995,(anonymous_47)
FN:1020,(anonymous_48)
FN:1030,(anonymous_49)
FNF:50
FNH:24
FNDA:21,(anonymous_0)
FNDA:21,(anonymous_1)
FNDA:2,(anonymous_2)
FNDA:4,(anonymous_3)
FNDA:1,(anonymous_4)
FNDA:0,(anonymous_5)
FNDA:0,(anonymous_6)
FNDA:2,(anonymous_7)
FNDA:2,(anonymous_8)
FNDA:2,(anonymous_9)
FNDA:1,(anonymous_10)
FNDA:1,(anonymous_11)
FNDA:2,(anonymous_12)
FNDA:0,(anonymous_13)
FNDA:0,(anonymous_14)
FNDA:4,(anonymous_15)
FNDA:0,(anonymous_16)
FNDA:0,(anonymous_17)
FNDA:0,(anonymous_18)
FNDA:0,(anonymous_19)
FNDA:0,(anonymous_20)
FNDA:0,(anonymous_21)
FNDA:0,(anonymous_22)
FNDA:0,(anonymous_23)
FNDA:0,(anonymous_24)
FNDA:0,(anonymous_25)
FNDA:0,(anonymous_26)
FNDA:0,(anonymous_27)
FNDA:0,(anonymous_28)
FNDA:0,(anonymous_29)
FNDA:0,(anonymous_30)
FNDA:0,(anonymous_31)
FNDA:0,(anonymous_32)
FNDA:3,(anonymous_33)
FNDA:3,(anonymous_34)
FNDA:3,(anonymous_35)
FNDA:1,(anonymous_36)
FNDA:0,(anonymous_37)
FNDA:0,(anonymous_38)
FNDA:3,(anonymous_39)
FNDA:18,(anonymous_40)
FNDA:3,(anonymous_41)
FNDA:1,(anonymous_42)
FNDA:2,(anonymous_43)
FNDA:4,(anonymous_44)
FNDA:0,(anonymous_45)
FNDA:0,(anonymous_46)
FNDA:0,(anonymous_47)
FNDA:3,(anonymous_48)
FNDA:1,(anonymous_49)
DA:18,1
DA:19,1
DA:20,1
DA:21,1
DA:22,1
DA:23,1
DA:24,1
DA:25,1
DA:28,1
DA:31,1
DA:38,1
DA:45,1
DA:53,1
DA:63,1
DA:71,1
DA:78,21
DA:79,21
DA:80,21
DA:81,21
DA:83,21
DA:84,21
DA:87,21
DA:88,21
DA:89,21
DA:90,21
DA:91,21
DA:92,21
DA:95,21
DA:96,21
DA:99,21
DA:100,21
DA:101,21
DA:104,21
DA:111,21
DA:112,21
DA:113,21
DA:114,21
DA:115,21
DA:116,21
DA:117,21
DA:121,0
DA:123,21
DA:124,21
DA:131,2
DA:132,1
DA:133,1
DA:136,1
DA:137,1
DA:143,1
DA:146,1
DA:153,4
DA:154,0
DA:157,4
DA:159,4
DA:160,2
DA:161,2
DA:164,4
DA:171,1
DA:172,0
DA:175,1
DA:176,0
DA:177,0
DA:179,0
DA:182,0
DA:190,0
DA:192,0
DA:194,0
DA:197,0
DA:200,0
DA:203,0
DA:204,0
DA:205,0
DA:206,0
DA:207,0
DA:214,0
DA:215,0
DA:216,0
DA:217,0
DA:222,0
DA:225,0
DA:228,0
DA:231,0
DA:233,0
DA:234,0
DA:242,0
DA:246,0
DA:249,0
DA:250,0
DA:251,0
DA:260,2
DA:268,2
DA:269,8
DA:270,8
DA:271,8
DA:273,0
DA:274,0
DA:279,2
DA:280,2
DA:281,2
DA:282,1
DA:285,0
DA:289,2
DA:291,0
DA:294,2
DA:301,2
DA:302,2
DA:303,2
DA:304,2
DA:306,2
DA:318,2
DA:325,2
DA:327,2
DA:330,2
DA:331,1
DA:335,2
DA:336,1
DA:340,2
DA:341,1
DA:345,2
DA:346,0
DA:349,2
DA:350,1
DA:351,1
DA:358,2
DA:359,1
DA:363,1
DA:364,1
DA:365,0
DA:367,1
DA:368,1
DA:372,0
DA:374,0
DA:375,0
DA:378,0
DA:385,4
DA:386,4
DA:387,4
DA:389,4
DA:396,4
DA:397,4
DA:398,1
DA:399,1
DA:400,1
DA:404,4
DA:405,2
DA:406,2
DA:407,1
DA:408,1
DA:409,1
DA:414,4
DA:415,1
DA:416,1
DA:417,1
DA:421,4
DA:422,2
DA:423,2
DA:424,1
DA:425,1
DA:426,1
DA:431,4
DA:432,2
DA:433,2
DA:434,2
DA:437,4
DA:444,0
DA:445,0
DA:446,0
DA:447,0
DA:449,0
DA:455,0
DA:456,0
DA:457,0
DA:458,0
DA:459,0
DA:460,0
DA:462,0
DA:463,0
DA:464,0
DA:465,0
DA:466,0
DA:469,0
DA:470,0
DA:473,0
DA:482,0
DA:489,0
DA:490,0
DA:492,0
DA:494,0
DA:495,0
DA:496,0
DA:499,0
DA:500,0
DA:502,0
DA:513,0
DA:520,0
DA:521,0
DA:522,0
DA:524,0
DA:526,0
DA:527,0
DA:528,0
DA:530,0
DA:531,0
DA:532,0
DA:534,0
DA:536,0
DA:537,0
DA:539,0
DA:541,0
DA:550,0
DA:552,0
DA:559,0
DA:561,0
DA:562,0
DA:563,0
DA:564,0
DA:566,0
DA:567,0
DA:569,0
DA:570,0
DA:572,0
DA:573,0
DA:577,0
DA:580,0
DA:587,0
DA:589,0
DA:590,0
DA:591,0
DA:592,0
DA:593,0
DA:594,0
DA:595,0
DA:598,0
DA:599,0
DA:601,0
DA:614,0
DA:621,3
DA:622,3
DA:623,3
DA:626,3
DA:629,3
DA:631,3
DA:632,3
DA:638,1
DA:640,1
DA:641,1
DA:644,2
DA:647,2
DA:655,3
DA:656,3
DA:657,3
DA:658,3
DA:660,3
DA:696,3
DA:697,3
DA:699,3
DA:746,1
DA:751,0
DA:757,3
DA:761,3
DA:762,3
DA:763,3
DA:764,18
DA:767,3
DA:770,3
DA:774,3
DA:776,0
DA:777,0
DA:782,3
DA:783,3
DA:784,3
DA:786,0
DA:787,0
DA:795,1
DA:797,1
DA:800,1
DA:801,1
DA:802,1
DA:803,1
DA:806,1
DA:809,1
DA:810,1
DA:811,0
DA:814,1
DA:823,0
DA:829,0
DA:838,2
DA:839,1
DA:849,1
DA:850,0
DA:860,1
DA:873,4
DA:874,4
DA:877,1
DA:880,1
DA:883,1
DA:884,1
DA:892,1
DA:898,1
DA:899,1
DA:900,1
DA:901,1
DA:905,1
DA:912,1
DA:914,1
DA:919,1
DA:920,1
DA:924,1
DA:931,1
DA:933,1
DA:937,1
DA:938,1
DA:942,0
DA:953,0
DA:954,0
DA:957,0
DA:960,0
DA:961,0
DA:962,0
DA:963,0
DA:968,0
DA:969,0
DA:970,0
DA:971,0
DA:979,0
DA:987,0
DA:988,0
DA:996,0
DA:997,0
DA:1005,0
DA:1007,0
DA:1008,0
DA:1011,0
DA:1021,3
DA:1022,3
DA:1023,3
DA:1024,3
DA:1031,1
DA:1044,1
LF:339
LH:195
BRDA:28,0,0,1
BRDA:28,0,1,1
BRDA:113,1,0,21
BRDA:113,1,1,0
BRDA:115,2,0,21
BRDA:115,2,1,0
BRDA:115,3,0,21
BRDA:115,3,1,21
BRDA:117,4,0,21
BRDA:117,4,1,21
BRDA:131,5,0,1
BRDA:131,5,1,1
BRDA:153,6,0,0
BRDA:153,6,1,4
BRDA:159,7,0,2
BRDA:159,7,1,2
BRDA:171,8,0,0
BRDA:171,8,1,1
BRDA:204,9,0,0
BRDA:204,9,1,0
BRDA:204,10,0,0
BRDA:204,10,1,0
BRDA:206,11,0,0
BRDA:206,11,1,0
BRDA:249,12,0,0
BRDA:249,12,1,0
BRDA:281,13,0,1
BRDA:281,13,1,1
BRDA:281,14,0,2
BRDA:281,14,1,1
BRDA:289,15,0,0
BRDA:289,15,1,2
BRDA:308,16,0,2
BRDA:308,16,1,2
BRDA:309,17,0,2
BRDA:309,17,1,1
BRDA:311,18,0,2
BRDA:311,18,1,0
BRDA:312,19,0,2
BRDA:312,19,1,0
BRDA:315,20,0,0
BRDA:315,20,1,2
BRDA:325,21,0,0
BRDA:325,21,1,2
BRDA:330,22,0,1
BRDA:330,22,1,1
BRDA:335,23,0,1
BRDA:335,23,1,1
BRDA:335,24,0,2
BRDA:335,24,1,2
BRDA:335,25,0,1
BRDA:335,25,1,1
BRDA:340,26,0,1
BRDA:340,26,1,1
BRDA:340,27,0,2
BRDA:340,27,1,2
BRDA:340,28,0,1
BRDA:340,28,1,1
BRDA:345,29,0,0
BRDA:345,29,1,2
BRDA:345,30,0,2
BRDA:345,30,1,2
BRDA:349,31,0,1
BRDA:349,31,1,1
BRDA:350,32,0,0
BRDA:350,32,1,1
BRDA:358,33,0,1
BRDA:358,33,1,1
BRDA:358,34,0,2
BRDA:358,34,1,2
BRDA:364,35,0,1
BRDA:364,35,1,0
BRDA:367,36,0,1
BRDA:367,36,1,0
BRDA:374,37,0,0
BRDA:374,37,1,0
BRDA:397,38,0,1
BRDA:397,38,1,3
BRDA:404,39,0,2
BRDA:404,39,1,2
BRDA:404,40,0,4
BRDA:404,40,1,4
BRDA:404,40,2,4
BRDA:405,41,0,2
BRDA:405,41,1,0
BRDA:406,42,0,1
BRDA:406,42,1,1
BRDA:414,43,0,1
BRDA:414,43,1,3
BRDA:421,44,0,2
BRDA:421,44,1,2
BRDA:421,45,0,4
BRDA:421,45,1,2
BRDA:421,45,2,2
BRDA:421,45,3,2
BRDA:423,46,0,1
BRDA:423,46,1,1
BRDA:423,47,0,2
BRDA:423,47,1,1
BRDA:431,48,0,2
BRDA:431,48,1,2
BRDA:431,49,0,4
BRDA:431,49,1,3
BRDA:455,50,0,0
BRDA:455,50,1,0
BRDA:456,51,0,0
BRDA:456,51,1,0
BRDA:462,52,0,0
BRDA:462,52,1,0
BRDA:462,53,0,0
BRDA:462,53,1,0
BRDA:462,53,2,0
BRDA:462,53,3,0
BRDA:462,53,4,0
BRDA:469,54,0,0
BRDA:469,54,1,0
BRDA:469,55,0,0
BRDA:469,55,1,0
BRDA:494,56,0,0
BRDA:494,56,1,0
BRDA:528,57,0,0
BRDA:528,57,1,0
BRDA:531,58,0,0
BRDA:531,58,1,0
BRDA:532,59,0,0
BRDA:532,59,1,0
BRDA:563,60,0,0
BRDA:563,60,1,0
BRDA:563,61,0,0
BRDA:563,61,1,0
BRDA:566,62,0,0
BRDA:566,62,1,0
BRDA:566,63,0,0
BRDA:566,63,1,0
BRDA:566,64,0,0
BRDA:566,64,1,0
BRDA:569,65,0,0
BRDA:569,65,1,0
BRDA:569,66,0,0
BRDA:569,66,1,0
BRDA:569,67,0,0
BRDA:569,67,1,0
BRDA:572,68,0,0
BRDA:572,68,1,0
BRDA:572,69,0,0
BRDA:572,69,1,0
BRDA:572,70,0,0
BRDA:572,70,1,0
BRDA:587,71,0,0
BRDA:587,71,1,0
BRDA:598,72,0,0
BRDA:598,72,1,0
BRDA:603,73,0,0
BRDA:603,73,1,0
BRDA:614,74,0,0
BRDA:614,74,1,0
BRDA:662,75,0,3
BRDA:662,75,1,0
BRDA:663,76,0,3
BRDA:663,76,1,0
BRDA:664,77,0,3
BRDA:664,77,1,0
BRDA:665,78,0,3
BRDA:665,78,1,0
BRDA:666,79,0,3
BRDA:666,79,1,0
BRDA:669,80,0,2
BRDA:669,80,1,1
BRDA:670,81,0,3
BRDA:670,81,1,0
BRDA:735,82,0,3
BRDA:735,82,1,1
BRDA:740,83,0,3
BRDA:740,83,1,2
BRDA:743,84,0,0
BRDA:743,84,1,3
BRDA:746,85,0,3
BRDA:746,85,1,2
BRDA:746,86,0,1
BRDA:746,86,1,0
BRDA:746,87,0,1
BRDA:746,87,1,0
BRDA:751,88,0,3
BRDA:751,88,1,3
BRDA:767,89,0,3
BRDA:767,89,1,0
BRDA:770,90,0,3
BRDA:770,90,1,0
BRDA:802,91,0,1
BRDA:802,91,1,0
BRDA:810,92,0,0
BRDA:810,92,1,1
BRDA:816,93,0,1
BRDA:816,93,1,1
BRDA:817,94,0,1
BRDA:817,94,1,1
BRDA:818,95,0,1
BRDA:818,95,1,0
BRDA:838,96,0,1
BRDA:838,96,1,1
BRDA:838,97,0,2
BRDA:838,97,1,1
BRDA:849,98,0,0
BRDA:849,98,1,1
BRDA:874,99,0,1
BRDA:874,99,1,1
BRDA:874,99,2,1
BRDA:874,99,3,1
BRDA:883,100,0,1
BRDA:883,100,1,1
BRDA:888,101,0,1
BRDA:888,101,1,1
BRDA:889,102,0,1
BRDA:889,102,1,1
BRDA:960,103,0,0
BRDA:960,103,1,0
BRDA:962,104,0,0
BRDA:962,104,1,0
BRDA:968,105,0,0
BRDA:968,105,1,0
BRDA:968,106,0,0
BRDA:968,106,1,0
BRDA:968,106,2,0
BRDA:987,107,0,0
BRDA:987,107,1,0
BRF:225
BRH:122
end_of_record
TN:
SF:src/memory/conversation-store.js
FN:34,(anonymous_0)
FN:35,(anonymous_1)
FN:49,(anonymous_2)
FN:50,(anonymous_3)
FN:87,(anonymous_4)
FN:88,(anonymous_5)
FN:89,(anonymous_6)
FN:90,(anonymous_7)
FN:98,(anonymous_8)
FN:99,(anonymous_9)
FN:109,(anonymous_10)
FN:110,(anonymous_11)
FN:128,(anonymous_12)
FN:132,(anonymous_13)
FN:134,(anonymous_14)
FN:139,(anonymous_15)
FN:151,(anonymous_16)
FN:156,(anonymous_17)
FN:179,(anonymous_18)
FN:181,(anonymous_19)
FN:188,(anonymous_20)
FN:202,(anonymous_21)
FN:207,(anonymous_22)
FN:215,(anonymous_23)
FN:216,(anonymous_24)
FN:217,(anonymous_25)
FN:221,(anonymous_26)
FN:237,(anonymous_27)
FN:240,(anonymous_28)
FN:241,(anonymous_29)
FN:244,(anonymous_30)
FN:246,(anonymous_31)
FN:267,(anonymous_32)
FN:268,(anonymous_33)
FN:276,(anonymous_34)
FN:281,(anonymous_35)
FN:303,(anonymous_36)
FN:307,(anonymous_37)
FN:309,(anonymous_38)
FN:313,(anonymous_39)
FN:325,(anonymous_40)
FN:331,(anonymous_41)
FN:345,(anonymous_42)
FN:350,(anonymous_43)
FN:368,(anonymous_44)
FN:369,(anonymous_45)
FN:375,(anonymous_46)
FN:399,(anonymous_47)
FN:402,(anonymous_48)
FN:406,(anonymous_49)
FN:429,(anonymous_50)
FN:430,(anonymous_51)
FN:434,(anonymous_52)
FN:445,(anonymous_53)
FN:446,(anonymous_54)
FN:447,(anonymous_55)
FNF:56
FNH:4
FNDA:21,(anonymous_0)
FNDA:12,(anonymous_1)
FNDA:21,(anonymous_2)
FNDA:21,(anonymous_3)
FNDA:0,(anonymous_4)
FNDA:0,(anonymous_5)
FNDA:0,(anonymous_6)
FNDA:0,(anonymous_7)
FNDA:0,(anonymous_8)
FNDA:0,(anonymous_9)
FNDA:0,(anonymous_10)
FNDA:0,(anonymous_11)
FNDA:0,(anonymous_12)
FNDA:0,(anonymous_13)
FNDA:0,(anonymous_14)
FNDA:0,(anonymous_15)
FNDA:0,(anonymous_16)
FNDA:0,(anonymous_17)
FNDA:0,(anonymous_18)
FNDA:0,(anonymous_19)
FNDA:0,(anonymous_20)
FNDA:0,(anonymous_21)
FNDA:0,(anonymous_22)
FNDA:0,(anonymous_23)
FNDA:0,(anonymous_24)
FNDA:0,(anonymous_25)
FNDA:0,(anonymous_26)
FNDA:0,(anonymous_27)
FNDA:0,(anonymous_28)
FNDA:0,(anonymous_29)
FNDA:0,(anonymous_30)
FNDA:0,(anonymous_31)
FNDA:0,(anonymous_32)
FNDA:0,(anonymous_33)
FNDA:0,(anonymous_34)
FNDA:0,(anonymous_35)
FNDA:0,(anonymous_36)
FNDA:0,(anonymous_37)
FNDA:0,(anonymous_38)
FNDA:0,(anonymous_39)
FNDA:0,(anonymous_40)
FNDA:0,(anonymous_41)
FNDA:0,(anonymous_42)
FNDA:0,(anonymous_43)
FNDA:0,(anonymous_44)
FNDA:0,(anonymous_45)
FNDA:0,(anonymous_46)
FNDA:0,(anonymous_47)
FNDA:0,(anonymous_48)
FNDA:0,(anonymous_49)
FNDA:0,(anonymous_50)
FNDA:0,(anonymous_51)
FNDA:0,(anonymous_52)
FNDA:0,(anonymous_53)
FNDA:0,(anonymous_54)
FNDA:0,(anonymous_55)
DA:15,1
DA:16,1
DA:17,1
DA:19,1
DA:20,1
DA:21,1
DA:24,1
DA:35,21
DA:36,12
DA:37,0
DA:39,12
DA:42,21
DA:50,21
DA:52,21
DA:63,21
DA:66,21
DA:69,21
DA:78,21
DA:88,0
DA:89,0
DA:90,0
DA:91,0
DA:92,0
DA:93,0
DA:94,0
DA:97,0
DA:99,0
DA:100,0
DA:101,0
DA:102,0
DA:103,0
DA:105,0
DA:110,0
DA:111,0
DA:112,0
DA:129,0
DA:130,0
DA:132,0
DA:134,0
DA:135,0
DA:140,0
DA:141,0
DA:142,0
DA:144,0
DA:151,0
DA:152,0
DA:157,0
DA:158,0
DA:164,0
DA:165,0
DA:168,0
DA:169,0
DA:181,0
DA:182,0
DA:189,0
DA:190,0
DA:195,0
DA:198,0
DA:199,0
DA:202,0
DA:203,0
DA:208,0
DA:209,0
DA:215,0
DA:216,0
DA:217,0
DA:218,0
DA:222,0
DA:224,0
DA:225,0
DA:238,0
DA:239,0
DA:240,0
DA:241,0
DA:244,0
DA:245,0
DA:246,0
DA:247,0
DA:248,0
DA:253,0
DA:254,0
DA:258,0
DA:268,0
DA:269,0
DA:277,0
DA:278,0
DA:279,0
DA:281,0
DA:290,0
DA:304,0
DA:305,0
DA:307,0
DA:309,0
DA:310,0
DA:314,0
DA:315,0
DA:320,0
DA:322,0
DA:323,0
DA:325,0
DA:326,0
DA:332,0
DA:333,0
DA:338,0
DA:339,0
DA:342,0
DA:343,0
DA:345,0
DA:346,0
DA:351,0
DA:352,0
DA:357,0
DA:358,0
DA:369,0
DA:370,0
DA:376,0
DA:377,0
DA:378,0
DA:379,0
DA:380,0
DA:382,0
DA:400,0
DA:402,0
DA:403,0
DA:407,0
DA:408,0
DA:409,0
DA:411,0
DA:412,0
DA:417,0
DA:430,0
DA:431,0
DA:435,0
DA:436,0
DA:446,0
DA:447,0
DA:448,0
DA:449,0
DA:450,0
DA:452,0
DA:453,0
DA:460,1
LF:142
LH:18
BRDA:34,0,0,21
BRDA:36,1,0,0
BRDA:36,1,1,12
BRDA:91,2,0,0
BRDA:91,2,1,0
BRDA:100,3,0,0
BRDA:100,3,1,0
BRDA:128,4,0,0
BRDA:128,5,0,0
BRDA:128,6,0,0
BRDA:130,7,0,0
BRDA:130,7,1,0
BRDA:140,8,0,0
BRDA:140,8,1,0
BRDA:157,9,0,0
BRDA:157,9,1,0
BRDA:164,10,0,0
BRDA:164,10,1,0
BRDA:189,11,0,0
BRDA:189,11,1,0
BRDA:195,12,0,0
BRDA:195,12,1,0
BRDA:208,13,0,0
BRDA:208,13,1,0
BRDA:222,14,0,0
BRDA:222,14,1,0
BRDA:247,15,0,0
BRDA:247,15,1,0
BRDA:247,16,0,0
BRDA:247,16,1,0
BRDA:254,17,0,0
BRDA:254,17,1,0
BRDA:258,18,0,0
BRDA:258,18,1,0
BRDA:267,19,0,0
BRDA:277,20,0,0
BRDA:277,20,1,0
BRDA:287,21,0,0
BRDA:287,21,1,0
BRDA:304,22,0,0
BRDA:304,22,1,0
BRDA:314,23,0,0
BRDA:314,23,1,0
BRDA:320,24,0,0
BRDA:320,24,1,0
BRDA:332,25,0,0
BRDA:332,25,1,0
BRDA:351,26,0,0
BRDA:351,26,1,0
BRDA:376,27,0,0
BRDA:376,27,1,0
BRDA:379,28,0,0
BRDA:379,28,1,0
BRDA:382,29,0,0
BRDA:382,29,1,0
BRDA:407,30,0,0
BRDA:407,30,1,0
BRDA:411,31,0,0
BRDA:411,31,1,0
BRDA:435,32,0,0
BRDA:435,32,1,0
BRDA:448,33,0,0
BRDA:448,33,1,0
BRF:63
BRH:2
end_of_record
TN:
SF:src/utils/logger.js
FN:11,(anonymous_0)
FNF:1
FNH:1
FNDA:41,(anonymous_0)
DA:1,25
DA:2,25
DA:4,25
DA:5,25
DA:6,25
DA:8,25
DA:12,41
DA:13,41
DA:17,25
DA:23,25
DA:48,25
LF:11
LH:11
BRDA:12,0,0,41
BRDA:12,0,1,0
BRDA:24,1,0,25
BRDA:24,1,1,25
BRF:4
BRH:3
end_of_record
TN:
SF:src/utils/omniroute.js
FN:50,(anonymous_0)
FN:54,(anonymous_1)
FN:70,(anonymous_2)
FN:98,(anonymous_3)
FN:107,(anonymous_4)
FN:126,(anonymous_5)
FN:143,(anonymous_6)
FN:172,(anonymous_7)
FN:185,(anonymous_8)
FN:195,(anonymous_9)
FN:196,(anonymous_10)
FN:205,(anonymous_11)
FN:272,(anonymous_12)
FN:305,(anonymous_13)
FN:318,(anonymous_14)
FN:324,(anonymous_15)
FN:344,(anonymous_16)
FN:378,(anonymous_17)
FN:386,(anonymous_18)
FN:393,(anonymous_19)
FN:401,(anonymous_20)
FN:405,(anonymous_21)
FN:409,(anonymous_22)
FN:416,(anonymous_23)
FNF:24
FNH:22
FNDA:47,(anonymous_0)
FNDA:49,(anonymous_1)
FNDA:22,(anonymous_2)
FNDA:33,(anonymous_3)
FNDA:7,(anonymous_4)
FNDA:21,(anonymous_5)
FNDA:34,(anonymous_6)
FNDA:14,(anonymous_7)
FNDA:4,(anonymous_8)
FNDA:0,(anonymous_9)
FNDA:0,(anonymous_10)
FNDA:9,(anonymous_11)
FNDA:9,(anonymous_12)
FNDA:9,(anonymous_13)
FNDA:16,(anonymous_14)
FNDA:8,(anonymous_15)
FNDA:3,(anonymous_16)
FNDA:1,(anonymous_17)
FNDA:2,(anonymous_18)
FNDA:1,(anonymous_19)
FNDA:1,(anonymous_20)
FNDA:1,(anonymous_21)
FNDA:1,(anonymous_22)
FNDA:33,(anonymous_23)
DA:7,2
DA:8,2
DA:9,2
DA:12,2
DA:31,2
DA:39,2
DA:51,47
DA:55,49
DA:56,49
DA:57,49
DA:58,49
DA:59,49
DA:60,49
DA:61,49
DA:62,49
DA:63,49
DA:71,22
DA:72,22
DA:74,22
DA:75,18
DA:76,18
DA:78,4
DA:79,4
DA:82,22
DA:83,1
DA:86,22
DA:88,22
DA:89,22
DA:90,21
DA:91,21
DA:92,21
DA:93,4
DA:99,33
DA:100,32
DA:101,32
DA:102,15
DA:103,7
DA:104,2
DA:108,7
DA:109,7
DA:127,21
DA:128,21
DA:144,34
DA:145,34
DA:146,34
DA:154,34
DA:163,34
DA:164,34
DA:173,14
DA:174,14
DA:175,1
DA:177,13
DA:186,4
DA:187,4
DA:196,0
DA:208,9
DA:209,9
DA:211,9
DA:212,9
DA:213,9
DA:214,9
DA:215,9
DA:217,0
DA:218,0
DA:219,0
DA:225,0
DA:226,0
DA:227,0
DA:231,0
DA:232,0
DA:233,0
DA:236,0
DA:239,0
DA:240,0
DA:244,0
DA:247,0
DA:248,0
DA:255,0
DA:259,0
DA:278,9
DA:281,9
DA:282,9
DA:283,8
DA:287,9
DA:289,9
DA:297,9
DA:305,9
DA:306,9
DA:307,9
DA:310,9
DA:319,16
DA:320,9
DA:323,7
DA:324,4
DA:325,8
DA:326,3
DA:328,5
DA:333,3
DA:334,1
DA:337,1
DA:345,3
DA:346,3
DA:350,2
DA:356,2
DA:358,2
DA:359,2
DA:361,1
DA:367,1
DA:369,1
DA:370,1
DA:379,1
DA:387,2
DA:394,1
DA:395,1
DA:402,1
DA:406,1
DA:410,1
DA:417,33
DA:418,33
DA:422,2
DA:423,2
DA:424,2
LF:122
LH:104
BRDA:40,0,0,2
BRDA:40,0,1,2
BRDA:41,1,0,2
BRDA:41,1,1,2
BRDA:70,2,0,12
BRDA:74,3,0,18
BRDA:74,3,1,4
BRDA:82,4,0,1
BRDA:82,4,1,21
BRDA:89,5,0,21
BRDA:89,5,1,1
BRDA:89,6,0,22
BRDA:89,6,1,21
BRDA:92,7,0,4
BRDA:92,7,1,17
BRDA:99,8,0,1
BRDA:99,8,1,32
BRDA:101,9,0,17
BRDA:101,9,1,15
BRDA:101,10,0,32
BRDA:101,10,1,27
BRDA:102,11,0,8
BRDA:102,11,1,7
BRDA:102,12,0,15
BRDA:102,12,1,10
BRDA:103,13,0,5
BRDA:103,13,1,2
BRDA:103,14,0,7
BRDA:103,14,1,4
BRDA:108,15,0,4
BRDA:108,15,1,3
BRDA:115,16,0,4
BRDA:115,16,1,3
BRDA:127,17,0,7
BRDA:127,17,1,14
BRDA:132,18,0,7
BRDA:132,18,1,14
BRDA:143,19,0,33
BRDA:174,20,0,1
BRDA:174,20,1,13
BRDA:219,21,0,0
BRDA:219,21,1,0
BRDA:219,21,2,0
BRDA:219,21,3,0
BRDA:225,22,0,0
BRDA:225,22,1,0
BRDA:225,23,0,0
BRDA:225,23,1,0
BRDA:231,24,0,0
BRDA:231,24,1,0
BRDA:239,25,0,0
BRDA:239,25,1,0
BRDA:252,26,0,0
BRDA:252,26,1,0
BRDA:272,27,0,3
BRDA:274,28,0,4
BRDA:275,29,0,8
BRDA:276,30,0,8
BRDA:277,31,0,9
BRDA:282,32,0,8
BRDA:282,32,1,1
BRDA:282,33,0,9
BRDA:282,33,1,8
BRDA:319,34,0,9
BRDA:319,34,1,7
BRDA:323,35,0,4
BRDA:323,35,1,3
BRDA:325,36,0,3
BRDA:325,36,1,5
BRDA:333,37,0,1
BRDA:333,37,1,1
BRDA:333,38,0,3
BRDA:333,38,1,2
BRDA:364,39,0,1
BRDA:364,39,1,0
BRDA:401,40,0,1
BRDA:405,41,0,1
BRDA:409,42,0,1
BRF:78
BRH:63
end_of_record
TN:
SF:src/utils/openai-client.js
FN:36,(anonymous_0)
FN:40,(anonymous_1)
FN:51,(anonymous_2)
FN:70,(anonymous_3)
FN:90,(anonymous_4)
FN:106,(anonymous_5)
FN:134,(anonymous_6)
FN:144,(anonymous_7)
FN:145,(anonymous_8)
FN:153,(anonymous_9)
FN:177,(anonymous_10)
FN:239,(anonymous_11)
FN:245,(anonymous_12)
FN:266,(anonymous_13)
FN:292,(anonymous_14)
FN:319,(anonymous_15)
FN:331,(anonymous_16)
FN:340,(anonymous_17)
FN:367,(anonymous_18)
FN:375,(anonymous_19)
FN:382,(anonymous_20)
FN:390,(anonymous_21)
FNF:22
FNH:7
FNDA:8,(anonymous_0)
FNDA:9,(anonymous_1)
FNDA:0,(anonymous_2)
FNDA:2,(anonymous_3)
FNDA:8,(anonymous_4)
FNDA:0,(anonymous_5)
FNDA:0,(anonymous_6)
FNDA:0,(anonymous_7)
FNDA:0,(anonymous_8)
FNDA:0,(anonymous_9)
FNDA:0,(anonymous_10)
FNDA:0,(anonymous_11)
FNDA:0,(anonymous_12)
FNDA:0,(anonymous_13)
FNDA:0,(anonymous_14)
FNDA:0,(anonymous_15)
FNDA:2,(anonymous_16)
FNDA:0,(anonymous_17)
FNDA:0,(anonymous_18)
FNDA:2,(anonymous_19)
FNDA:1,(anonymous_20)
FNDA:0,(anonymous_21)
DA:7,6
DA:8,6
DA:9,6
DA:12,6
DA:20,6
DA:37,8
DA:41,9
DA:42,9
DA:43,9
DA:44,9
DA:45,9
DA:46,9
DA:47,9
DA:48,9
DA:52,0
DA:53,0
DA:55,0
DA:56,0
DA:57,0
DA:59,0
DA:60,0
DA:63,0
DA:64,0
DA:67,0
DA:71,2
DA:72,2
DA:91,8
DA:92,8
DA:95,8
DA:103,8
DA:106,8
DA:107,0
DA:108,0
DA:109,0
DA:110,0
DA:112,0
DA:116,8
DA:125,8
DA:126,8
DA:135,0
DA:136,0
DA:145,0
DA:154,0
DA:155,0
DA:158,0
DA:161,0
DA:164,0
DA:167,0
DA:169,0
DA:180,0
DA:181,0
DA:183,0
DA:184,0
DA:185,0
DA:188,0
DA:189,0
DA:190,0
DA:191,0
DA:193,0
DA:194,0
DA:197,0
DA:198,0
DA:199,0
DA:203,0
DA:204,0
DA:205,0
DA:208,0
DA:211,0
DA:212,0
DA:216,0
DA:219,0
DA:220,0
DA:227,0
DA:231,0
DA:240,0
DA:241,0
DA:244,0
DA:245,0
DA:246,0
DA:247,0
DA:249,0
DA:254,0
DA:255,0
DA:258,0
DA:267,0
DA:268,0
DA:271,0
DA:272,0
DA:298,0
DA:301,0
DA:303,0
DA:311,0
DA:319,0
DA:320,0
DA:321,0
DA:324,0
DA:332,2
DA:333,2
DA:337,1
DA:340,0
DA:343,1
DA:345,1
DA:348,1
DA:350,1
DA:356,1
DA:358,1
DA:359,1
DA:368,0
DA:376,2
DA:383,1
DA:384,1
DA:391,0
DA:392,0
DA:393,0
DA:397,6
DA:398,6
LF:116
LH:39
BRDA:21,0,0,6
BRDA:21,0,1,6
BRDA:21,0,2,6
BRDA:22,1,0,6
BRDA:22,1,1,6
BRDA:22,1,2,6
BRDA:51,2,0,0
BRDA:55,3,0,0
BRDA:55,3,1,0
BRDA:63,4,0,0
BRDA:63,4,1,0
BRDA:71,5,0,0
BRDA:71,5,1,2
BRDA:78,6,0,0
BRDA:78,6,1,2
BRDA:90,7,0,7
BRDA:107,8,0,0
BRDA:107,8,1,0
BRDA:158,9,0,0
BRDA:158,9,1,0
BRDA:161,10,0,0
BRDA:161,10,1,0
BRDA:161,11,0,0
BRDA:161,11,1,0
BRDA:164,12,0,0
BRDA:164,12,1,0
BRDA:164,13,0,0
BRDA:164,13,1,0
BRDA:164,13,2,0
BRDA:167,14,0,0
BRDA:167,14,1,0
BRDA:167,15,0,0
BRDA:167,15,1,0
BRDA:184,16,0,0
BRDA:184,16,1,0
BRDA:197,17,0,0
BRDA:197,17,1,0
BRDA:197,18,0,0
BRDA:197,18,1,0
BRDA:203,19,0,0
BRDA:203,19,1,0
BRDA:211,20,0,0
BRDA:211,20,1,0
BRDA:224,21,0,0
BRDA:224,21,1,0
BRDA:240,22,0,0
BRDA:240,22,1,0
BRDA:244,23,0,0
BRDA:244,23,1,0
BRDA:246,24,0,0
BRDA:246,24,1,0
BRDA:254,25,0,0
BRDA:254,25,1,0
BRDA:254,26,0,0
BRDA:254,26,1,0
BRDA:267,27,0,0
BRDA:267,27,1,0
BRDA:292,28,0,0
BRDA:292,29,0,0
BRDA:294,30,0,0
BRDA:294,31,0,0
BRDA:294,31,1,0
BRDA:295,32,0,0
BRDA:296,33,0,0
BRDA:297,34,0,0
BRDA:340,35,0,1
BRDA:340,35,1,1
BRDA:353,36,0,1
BRDA:353,36,1,0
BRF:69
BRH:12
end_of_record
TN:
SF:src/utils/rate-limiter.js
FN:12,(anonymous_0)
FN:16,(anonymous_1)
FN:25,(anonymous_2)
FN:32,(anonymous_3)
FNF:4
FNH:4
FNDA:23,(anonymous_0)
FNDA:2,(anonymous_1)
FNDA:27,(anonymous_2)
FNDA:22,(anonymous_3)
DA:1,3
DA:3,3
DA:13,23
DA:14,23
DA:15,23
DA:16,23
DA:17,2
DA:18,2
DA:19,2
DA:21,2
DA:26,27
DA:27,1
DA:29,26
DA:33,22
DA:34,22
DA:38,3
LF:16
LH:16
BRDA:12,0,0,2
BRDA:17,1,0,2
BRDA:17,1,1,0
BRDA:26,2,0,1
BRDA:26,2,1,26
BRF:5
BRH:4
end_of_record
TN:
SF:src/utils/relationship-state.js
FN:21,(anonymous_0)
FN:22,(anonymous_1)
FN:38,(anonymous_2)
FN:56,(anonymous_3)
FN:63,(anonymous_4)
FN:68,(anonymous_5)
FN:97,(anonymous_6)
FN:105,(anonymous_7)
FN:111,(anonymous_8)
FN:131,(anonymous_9)
FN:144,(anonymous_10)
FN:156,(anonymous_11)
FN:166,(anonymous_12)
FN:177,(anonymous_13)
FN:188,(anonymous_14)
FN:189,(anonymous_15)
FN:190,(anonymous_16)
FN:206,getInstance
FN:216,(anonymous_18)
FN:217,(anonymous_19)
FN:218,(anonymous_20)
FN:219,(anonymous_21)
FN:220,(anonymous_22)
FNF:23
FNH:12
FNDA:1,(anonymous_0)
FNDA:1,(anonymous_1)
FNDA:1,(anonymous_2)
FNDA:3,(anonymous_3)
FNDA:3,(anonymous_4)
FNDA:3,(anonymous_5)
FNDA:0,(anonymous_6)
FNDA:0,(anonymous_7)
FNDA:0,(anonymous_8)
FNDA:0,(anonymous_9)
FNDA:0,(anonymous_10)
FNDA:3,(anonymous_11)
FNDA:3,(anonymous_12)
FNDA:3,(anonymous_13)
FNDA:0,(anonymous_14)
FNDA:0,(anonymous_15)
FNDA:0,(anonymous_16)
FNDA:6,getInstance
FNDA:3,(anonymous_18)
FNDA:0,(anonymous_19)
FNDA:0,(anonymous_20)
FNDA:0,(anonymous_21)
FNDA:3,(anonymous_22)
DA:8,1
DA:9,1
DA:10,1
DA:13,1
DA:22,1
DA:23,1
DA:24,0
DA:26,1
DA:27,1
DA:30,1
DA:31,1
DA:32,1
DA:39,1
DA:58,3
DA:59,3
DA:60,0
DA:63,3
DA:64,3
DA:69,3
DA:70,0
DA:71,0
DA:72,3
DA:74,3
DA:76,0
DA:82,0
DA:83,0
DA:84,0
DA:98,0
DA:101,0
DA:102,0
DA:103,0
DA:105,0
DA:106,0
DA:112,0
DA:113,0
DA:114,0
DA:116,0
DA:117,0
DA:118,0
DA:119,0
DA:132,0
DA:133,0
DA:145,0
DA:146,0
DA:157,3
DA:158,3
DA:160,3
DA:167,3
DA:168,3
DA:169,3
DA:170,0
DA:171,0
DA:178,3
DA:179,3
DA:180,3
DA:181,3
DA:182,0
DA:189,0
DA:190,0
DA:191,0
DA:192,0
DA:193,0
DA:195,0
DA:196,0
DA:204,1
DA:207,6
DA:208,1
DA:210,6
DA:213,1
DA:216,3
DA:217,0
DA:218,0
DA:219,0
DA:220,3
LF:74
LH:36
BRDA:21,0,0,1
BRDA:23,1,0,0
BRDA:23,1,1,1
BRDA:56,2,0,3
BRDA:59,3,0,0
BRDA:59,3,1,3
BRDA:59,4,0,3
BRDA:59,4,1,0
BRDA:59,4,2,0
BRDA:69,5,0,0
BRDA:69,5,1,3
BRDA:72,6,0,3
BRDA:72,6,1,0
BRDA:97,7,0,0
BRDA:97,8,0,0
BRDA:101,9,0,0
BRDA:101,9,1,0
BRDA:102,10,0,0
BRDA:102,10,1,0
BRDA:103,11,0,0
BRDA:103,11,1,0
BRDA:112,12,0,0
BRDA:112,12,1,0
BRDA:131,13,0,0
BRDA:144,14,0,0
BRDA:167,15,0,0
BRDA:167,15,1,3
BRDA:168,16,0,0
BRDA:168,16,1,3
BRDA:169,17,0,3
BRDA:169,17,1,0
BRDA:170,18,0,0
BRDA:170,18,1,0
BRDA:178,19,0,0
BRDA:178,19,1,3
BRDA:179,20,0,0
BRDA:179,20,1,3
BRDA:180,21,0,0
BRDA:180,21,1,3
BRDA:181,22,0,3
BRDA:181,22,1,0
BRDA:191,23,0,0
BRDA:191,23,1,0
BRDA:207,24,0,1
BRDA:207,24,1,5
BRF:45
BRH:16
end_of_record
TN:
SF:src/utils/state-manager.js
FN:6,(anonymous_0)
FN:30,(anonymous_1)
FN:34,(anonymous_2)
FN:68,(anonymous_3)
FN:72,(anonymous_4)
FN:73,(anonymous_5)
FN:77,(anonymous_6)
FN:85,(anonymous_7)
FN:92,(anonymous_8)
FN:101,(anonymous_9)
FN:107,(anonymous_10)
FN:111,(anonymous_11)
FN:117,(anonymous_12)
FN:126,(anonymous_13)
FNF:14
FNH:14
FNDA:54,(anonymous_0)
FNDA:1,(anonymous_1)
FNDA:50,(anonymous_2)
FNDA:79,(anonymous_3)
FNDA:76,(anonymous_4)
FNDA:76,(anonymous_5)
FNDA:76,(anonymous_6)
FNDA:73,(anonymous_7)
FNDA:28,(anonymous_8)
FNDA:26,(anonymous_9)
FNDA:50,(anonymous_10)
FNDA:47,(anonymous_11)
FNDA:3,(anonymous_12)
FNDA:2,(anonymous_13)
DA:1,43
DA:2,43
DA:3,43
DA:7,54
DA:8,54
DA:9,54
DA:31,1
DA:35,50
DA:36,50
DA:38,29
DA:39,21
DA:40,14
DA:41,64
DA:42,2
DA:46,19
DA:47,12
DA:48,60
DA:49,60
DA:50,12
DA:51,12
DA:52,36
DA:53,0
DA:61,8
DA:62,0
DA:65,27
DA:69,79
DA:73,76
DA:74,76
DA:78,76
DA:79,75
DA:80,75
DA:81,75
DA:83,0
DA:85,75
DA:93,28
DA:95,28
DA:96,28
DA:98,2
DA:101,26
DA:102,26
DA:103,26
DA:108,50
DA:109,48
DA:111,48
DA:112,47
DA:113,47
DA:118,3
DA:120,3
DA:121,3
DA:123,1
DA:126,2
DA:127,2
DA:128,2
DA:133,43
LF:54
LH:51
BRDA:6,0,0,39
BRDA:6,1,0,52
BRDA:36,2,0,21
BRDA:36,2,1,29
BRDA:38,3,0,21
BRDA:38,3,1,8
BRDA:38,4,0,29
BRDA:38,4,1,21
BRDA:38,4,2,21
BRDA:39,5,0,14
BRDA:39,5,1,7
BRDA:41,6,0,2
BRDA:41,6,1,62
BRDA:46,7,0,12
BRDA:46,7,1,7
BRDA:48,8,0,60
BRDA:48,8,1,0
BRDA:49,9,0,12
BRDA:49,9,1,48
BRDA:49,10,0,60
BRDA:49,10,1,12
BRDA:50,11,0,12
BRDA:50,11,1,0
BRDA:52,12,0,0
BRDA:52,12,1,36
BRDA:61,13,0,0
BRDA:61,13,1,8
BRDA:61,14,0,8
BRDA:61,14,1,8
BRDA:78,15,0,1
BRDA:78,15,1,75
BRF:31
BRH:27
end_of_record
TN:
SF:src/voice/discord-voice.js
FN:49,(anonymous_0)
FN:99,(anonymous_1)
FN:113,(anonymous_2)
FN:127,(anonymous_3)
FN:132,(anonymous_4)
FN:149,(anonymous_5)
FN:189,(anonymous_6)
FN:196,(anonymous_7)
FN:205,(anonymous_8)
FN:213,(anonymous_9)
FN:214,(anonymous_10)
FN:218,(anonymous_11)
FN:223,(anonymous_12)
FN:241,(anonymous_13)
FN:247,(anonymous_14)
FN:274,(anonymous_15)
FN:328,(anonymous_16)
FN:329,(anonymous_17)
FN:330,(anonymous_18)
FN:334,(anonymous_19)
FN:341,(anonymous_20)
FN:342,(anonymous_21)
FN:363,(anonymous_22)
FN:367,(anonymous_23)
FN:371,(anonymous_24)
FN:381,(anonymous_25)
FN:388,(anonymous_26)
FN:400,(anonymous_27)
FN:424,(anonymous_28)
FN:459,(anonymous_29)
FN:460,(anonymous_30)
FN:470,(anonymous_31)
FN:474,(anonymous_32)
FN:485,(anonymous_33)
FN:501,(anonymous_34)
FN:502,(anonymous_35)
FN:515,(anonymous_36)
FN:520,(anonymous_37)
FN:531,(anonymous_38)
FN:560,(anonymous_39)
FN:574,(anonymous_40)
FN:584,(anonymous_41)
FN:585,(anonymous_42)
FN:599,(anonymous_43)
FN:607,(anonymous_44)
FN:617,(anonymous_45)
FNF:46
FNH:11
FNDA:23,(anonymous_0)
FNDA:23,(anonymous_1)
FNDA:0,(anonymous_2)
FNDA:0,(anonymous_3)
FNDA:0,(anonymous_4)
FNDA:0,(anonymous_5)
FNDA:0,(anonymous_6)
FNDA:0,(anonymous_7)
FNDA:0,(anonymous_8)
FNDA:0,(anonymous_9)
FNDA:0,(anonymous_10)
FNDA:0,(anonymous_11)
FNDA:0,(anonymous_12)
FNDA:0,(anonymous_13)
FNDA:0,(anonymous_14)
FNDA:2,(anonymous_15)
FNDA:0,(anonymous_16)
FNDA:0,(anonymous_17)
FNDA:0,(anonymous_18)
FNDA:0,(anonymous_19)
FNDA:0,(anonymous_20)
FNDA:0,(anonymous_21)
FNDA:0,(anonymous_22)
FNDA:0,(anonymous_23)
FNDA:0,(anonymous_24)
FNDA:0,(anonymous_25)
FNDA:0,(anonymous_26)
FNDA:7,(anonymous_27)
FNDA:2,(anonymous_28)
FNDA:0,(anonymous_29)
FNDA:0,(anonymous_30)
FNDA:0,(anonymous_31)
FNDA:0,(anonymous_32)
FNDA:0,(anonymous_33)
FNDA:0,(anonymous_34)
FNDA:0,(anonymous_35)
FNDA:0,(anonymous_36)
FNDA:0,(anonymous_37)
FNDA:2,(anonymous_38)
FNDA:2,(anonymous_39)
FNDA:1,(anonymous_40)
FNDA:1,(anonymous_41)
FNDA:1,(anonymous_42)
FNDA:1,(anonymous_43)
FNDA:0,(anonymous_44)
FNDA:0,(anonymous_45)
DA:23,1
DA:31,1
DA:32,1
DA:33,1
DA:34,1
DA:35,1
DA:37,1
DA:50,23
DA:53,23
DA:77,23
DA:78,23
DA:79,23
DA:80,23
DA:81,23
DA:82,23
DA:83,23
DA:84,23
DA:87,23
DA:88,23
DA:89,23
DA:92,23
DA:100,23
DA:101,1
DA:104,22
DA:105,2
DA:114,0
DA:115,0
DA:118,0
DA:127,0
DA:128,0
DA:129,0
DA:132,0
DA:133,0
DA:134,0
DA:138,0
DA:140,0
DA:150,0
DA:151,0
DA:152,0
DA:155,0
DA:157,0
DA:158,0
DA:162,0
DA:163,0
DA:164,0
DA:168,0
DA:169,0
DA:170,0
DA:173,0
DA:176,0
DA:185,0
DA:186,0
DA:189,0
DA:190,0
DA:191,0
DA:192,0
DA:193,0
DA:196,0
DA:197,0
DA:198,0
DA:200,0
DA:201,0
DA:205,0
DA:206,0
DA:207,0
DA:208,0
DA:209,0
DA:213,0
DA:214,0
DA:215,0
DA:218,0
DA:219,0
DA:220,0
DA:223,0
DA:224,0
DA:225,0
DA:229,0
DA:232,0
DA:233,0
DA:242,0
DA:243,0
DA:245,0
DA:247,0
DA:249,0
DA:250,0
DA:251,0
DA:252,0
DA:255,0
DA:257,0
DA:258,0
DA:260,0
DA:261,0
DA:275,2
DA:276,2
DA:277,2
DA:280,0
DA:281,0
DA:282,0
DA:285,0
DA:286,0
DA:288,0
DA:289,0
DA:292,0
DA:297,0
DA:300,0
DA:302,0
DA:303,0
DA:307,0
DA:309,0
DA:310,0
DA:311,0
DA:314,0
DA:317,0
DA:318,0
DA:321,0
DA:322,0
DA:324,0
DA:329,0
DA:330,0
DA:331,0
DA:334,0
DA:335,0
DA:336,0
DA:342,0
DA:343,0
DA:344,0
DA:346,0
DA:347,0
DA:348,0
DA:349,0
DA:352,0
DA:360,0
DA:361,0
DA:363,0
DA:364,0
DA:367,0
DA:368,0
DA:371,0
DA:372,0
DA:373,0
DA:374,0
DA:375,0
DA:379,0
DA:380,0
DA:381,0
DA:385,0
DA:388,0
DA:389,0
DA:391,0
DA:392,0
DA:394,0
DA:401,7
DA:403,5
DA:404,5
DA:406,5
DA:408,5
DA:409,4
DA:410,4
DA:413,1
DA:425,2
DA:426,2
DA:427,2
DA:430,0
DA:431,0
DA:432,0
DA:435,0
DA:437,0
DA:438,0
DA:441,0
DA:444,0
DA:447,0
DA:449,0
DA:452,0
DA:453,0
DA:455,0
DA:460,0
DA:461,0
DA:468,0
DA:470,0
DA:471,0
DA:474,0
DA:475,0
DA:477,0
DA:478,0
DA:479,0
DA:482,0
DA:485,0
DA:486,0
DA:488,0
DA:489,0
DA:491,0
DA:502,0
DA:503,0
DA:504,0
DA:505,0
DA:509,0
DA:512,0
DA:515,0
DA:516,0
DA:517,0
DA:520,0
DA:521,0
DA:522,0
DA:532,2
DA:533,2
DA:534,0
DA:535,0
DA:538,2
DA:539,0
DA:540,0
DA:543,2
DA:544,2
DA:545,2
DA:547,2
DA:548,2
DA:551,0
DA:552,0
DA:561,2
DA:575,1
DA:577,1
DA:578,0
DA:579,0
DA:583,1
DA:584,1
DA:585,1
DA:590,1
DA:595,1
DA:599,1
DA:608,0
DA:609,0
DA:610,0
DA:618,0
DA:619,0
LF:233
LH:56
BRDA:49,0,0,0
BRDA:55,1,0,23
BRDA:55,1,1,23
BRDA:57,2,0,23
BRDA:57,2,1,23
BRDA:59,3,0,23
BRDA:59,3,1,15
BRDA:60,4,0,23
BRDA:60,4,1,13
BRDA:62,5,0,23
BRDA:62,5,1,23
BRDA:63,6,0,23
BRDA:63,6,1,23
BRDA:65,7,0,23
BRDA:65,7,1,0
BRDA:67,8,0,0
BRDA:67,8,1,23
BRDA:69,9,0,23
BRDA:69,9,1,23
BRDA:71,10,0,23
BRDA:71,10,1,23
BRDA:73,11,0,23
BRDA:73,11,1,23
BRDA:100,12,0,1
BRDA:100,12,1,22
BRDA:100,13,0,23
BRDA:100,13,1,4
BRDA:104,14,0,2
BRDA:104,14,1,20
BRDA:104,15,0,22
BRDA:104,15,1,21
BRDA:114,16,0,0
BRDA:114,16,1,0
BRDA:150,17,0,0
BRDA:150,17,1,0
BRDA:157,18,0,0
BRDA:157,18,1,0
BRDA:163,19,0,0
BRDA:163,19,1,0
BRDA:169,20,0,0
BRDA:169,20,1,0
BRDA:200,21,0,0
BRDA:200,21,1,0
BRDA:200,22,0,0
BRDA:200,22,1,0
BRDA:250,23,0,0
BRDA:250,23,1,0
BRDA:257,24,0,0
BRDA:257,24,1,0
BRDA:274,25,0,2
BRDA:275,26,0,2
BRDA:275,26,1,0
BRDA:275,27,0,2
BRDA:275,27,1,1
BRDA:280,28,0,0
BRDA:280,28,1,0
BRDA:286,29,0,0
BRDA:286,29,1,0
BRDA:302,30,0,0
BRDA:302,30,1,0
BRDA:309,31,0,0
BRDA:309,31,1,0
BRDA:344,32,0,0
BRDA:344,32,1,0
BRDA:346,33,0,0
BRDA:346,33,1,0
BRDA:372,34,0,0
BRDA:372,34,1,0
BRDA:381,35,0,0
BRDA:381,35,1,0
BRDA:385,36,0,0
BRDA:385,36,1,0
BRDA:389,37,0,0
BRDA:389,37,1,0
BRDA:401,38,0,2
BRDA:401,38,1,5
BRDA:408,39,0,4
BRDA:408,39,1,1
BRDA:424,40,0,2
BRDA:425,41,0,2
BRDA:425,41,1,0
BRDA:425,42,0,2
BRDA:425,42,1,1
BRDA:430,43,0,0
BRDA:430,43,1,0
BRDA:459,44,0,0
BRDA:475,45,0,0
BRDA:475,45,1,0
BRDA:486,46,0,0
BRDA:486,46,1,0
BRDA:503,47,0,0
BRDA:503,47,1,0
BRDA:533,48,0,0
BRDA:533,48,1,2
BRDA:538,49,0,0
BRDA:538,49,1,2
BRDA:577,50,0,0
BRDA:577,50,1,1
BRDA:607,51,0,0
BRDA:618,52,0,0
BRDA:618,52,1,0
BRDA:618,53,0,0
BRDA:618,53,1,0
BRF:103
BRH:43
end_of_record
TN:
SF:tests/mocks/mock-omniroute.js
FN:2,(anonymous_0)
FN:18,(anonymous_1)
FN:22,(anonymous_2)
FN:24,(anonymous_3)
FN:28,(anonymous_4)
FN:40,(anonymous_5)
FN:56,(anonymous_6)
FN:68,(anonymous_7)
FN:74,(anonymous_8)
FN:80,(anonymous_9)
FN:86,(anonymous_10)
FN:90,(anonymous_11)
FN:94,(anonymous_12)
FN:98,(anonymous_13)
FN:103,createMockOmniroute
FNF:15
FNH:12
FNDA:13,(anonymous_0)
FNDA:1,(anonymous_1)
FNDA:16,(anonymous_2)
FNDA:1,(anonymous_3)
FNDA:13,(anonymous_4)
FNDA:2,(anonymous_5)
FNDA:1,(anonymous_6)
FNDA:13,(anonymous_7)
FNDA:2,(anonymous_8)
FNDA:1,(anonymous_9)
FNDA:13,(anonymous_10)
FNDA:0,(anonymous_11)
FNDA:0,(anonymous_12)
FNDA:0,(anonymous_13)
FNDA:13,createMockOmniroute
DA:3,13
DA:9,13
DA:15,13
DA:19,1
DA:23,16
DA:24,1
DA:29,13
DA:41,2
DA:57,1
DA:69,13
DA:70,13
DA:71,13
DA:75,2
DA:76,2
DA:77,2
DA:81,1
DA:82,1
DA:83,1
DA:87,13
DA:91,0
DA:95,0
DA:99,0
DA:104,13
DA:107,1
LF:24
LH:21
BRDA:23,0,0,1
BRDA:23,0,1,15
BRDA:28,1,0,0
BRDA:40,2,0,0
BRDA:56,3,0,0
BRDA:68,4,0,13
BRDA:74,5,0,2
BRDA:80,6,0,1
BRF:8
BRH:5
end_of_record
