TN:
SF:personality/personality-engine.js
FN:59,(anonymous_0)
FN:66,(anonymous_1)
FN:79,(anonymous_2)
FN:80,(anonymous_3)
FN:95,(anonymous_4)
FN:140,(anonymous_5)
FN:165,(anonymous_6)
FN:166,(anonymous_7)
FN:170,(anonymous_8)
FN:178,(anonymous_9)
FN:197,(anonymous_10)
FN:204,(anonymous_11)
FN:209,(anonymous_12)
FN:232,(anonymous_13)
FN:245,(anonymous_14)
FN:251,(anonymous_15)
FN:280,(anonymous_16)
FN:296,(anonymous_17)
FN:343,(anonymous_18)
FN:364,(anonymous_19)
FN:365,(anonymous_20)
FN:369,(anonymous_21)
FN:386,(anonymous_22)
FN:387,(anonymous_23)
FN:388,(anonymous_24)
FN:409,getInstance
FN:419,(anonymous_26)
FN:423,(anonymous_27)
FN:427,(anonymous_28)
FN:431,(anonymous_29)
FN:435,(anonymous_30)
FN:439,(anonymous_31)
FNF:32
FNH:11
FNDA:13,(anonymous_0)
FNDA:1,(anonymous_1)
FNDA:1,(anonymous_2)
FNDA:1,(anonymous_3)
FNDA:0,(anonymous_4)
FNDA:0,(anonymous_5)
FNDA:0,(anonymous_6)
FNDA:0,(anonymous_7)
FNDA:0,(anonymous_8)
FNDA:0,(anonymous_9)
FNDA:0,(anonymous_10)
FNDA:0,(anonymous_11)
FNDA:0,(anonymous_12)
FNDA:23,(anonymous_13)
FNDA:3,(anonymous_14)
FNDA:3,(anonymous_15)
FNDA:1,(anonymous_16)
FNDA:4,(anonymous_17)
FNDA:1,(anonymous_18)
FNDA:0,(anonymous_19)
FNDA:0,(anonymous_20)
FNDA:0,(anonymous_21)
FNDA:0,(anonymous_22)
FNDA:0,(anonymous_23)
FNDA:0,(anonymous_24)
FNDA:31,getInstance
FNDA:0,(anonymous_26)
FNDA:0,(anonymous_27)
FNDA:0,(anonymous_28)
FNDA:0,(anonymous_29)
FNDA:0,(anonymous_30)
FNDA:0,(anonymous_31)
DA:15,14
DA:16,14
DA:17,14
DA:18,14
DA:21,14
DA:22,14
DA:25,14
DA:35,14
DA:45,14
DA:60,13
DA:61,13
DA:62,13
DA:63,13
DA:66,13
DA:67,1
DA:68,0
DA:70,1
DA:71,1
DA:80,1
DA:81,1
DA:96,0
DA:97,0
DA:98,0
DA:101,0
DA:103,0
DA:104,0
DA:105,0
DA:106,0
DA:108,0
DA:109,0
DA:113,0
DA:115,0
DA:116,0
DA:121,0
DA:123,0
DA:128,0
DA:129,0
DA:130,0
DA:131,0
DA:141,0
DA:144,0
DA:147,0
DA:148,0
DA:149,0
DA:152,0
DA:154,0
DA:158,0
DA:166,0
DA:167,0
DA:171,0
DA:172,0
DA:173,0
DA:174,0
DA:177,0
DA:178,0
DA:179,0
DA:180,0
DA:181,0
DA:182,0
DA:185,0
DA:187,0
DA:198,0
DA:199,0
DA:201,0
DA:202,0
DA:204,0
DA:205,0
DA:210,0
DA:211,0
DA:215,0
DA:217,0
DA:224,0
DA:225,0
DA:233,23
DA:234,23
DA:236,23
DA:246,3
DA:247,1
DA:251,2
DA:252,3
DA:253,3
DA:256,3
DA:258,3
DA:259,8
DA:260,8
DA:265,3
DA:266,0
DA:269,3
DA:270,1
DA:273,3
DA:280,2
DA:282,2
DA:288,2
DA:297,4
DA:298,1
DA:299,1
DA:302,3
DA:304,3
DA:305,1
DA:306,1
DA:309,2
DA:310,2
DA:311,2
DA:314,2
DA:315,2
DA:318,2
DA:321,2
DA:323,2
DA:325,2
DA:334,2
DA:336,2
DA:344,1
DA:347,1
DA:350,1
DA:352,1
DA:357,1
DA:365,0
DA:366,0
DA:370,0
DA:371,0
DA:372,0
DA:374,0
DA:375,0
DA:387,0
DA:388,0
DA:389,0
DA:390,0
DA:391,0
DA:393,0
DA:394,0
DA:402,14
DA:410,31
DA:411,1
DA:413,31
DA:416,14
DA:420,0
DA:421,0
DA:424,0
DA:425,0
DA:428,0
DA:429,0
DA:432,0
DA:433,0
DA:436,0
DA:437,0
DA:440,0
DA:441,0
LF:147
LH:66
BRDA:59,0,0,13
BRDA:67,1,0,0
BRDA:67,1,1,1
BRDA:95,2,0,0
BRDA:103,3,0,0
BRDA:103,3,1,0
BRDA:152,4,0,0
BRDA:152,4,1,0
BRDA:152,5,0,0
BRDA:152,5,1,0
BRDA:171,6,0,0
BRDA:171,6,1,0
BRDA:177,7,0,0
BRDA:177,7,1,0
BRDA:177,8,0,0
BRDA:177,8,1,0
BRDA:180,9,0,0
BRDA:180,9,1,0
BRDA:202,10,0,0
BRDA:202,10,1,0
BRDA:210,11,0,0
BRDA:210,11,1,0
BRDA:233,12,0,23
BRDA:233,12,1,0
BRDA:245,13,0,2
BRDA:246,14,0,1
BRDA:246,14,1,2
BRDA:246,15,0,3
BRDA:246,15,1,3
BRDA:252,16,0,3
BRDA:252,16,1,0
BRDA:253,17,0,3
BRDA:253,17,1,0
BRDA:259,18,0,8
BRDA:259,18,1,0
BRDA:265,19,0,0
BRDA:265,19,1,3
BRDA:265,20,0,3
BRDA:265,20,1,1
BRDA:269,21,0,1
BRDA:269,21,1,2
BRDA:269,22,0,3
BRDA:269,22,1,1
BRDA:269,22,2,1
BRDA:283,23,0,2
BRDA:283,23,1,0
BRDA:284,24,0,2
BRDA:284,24,1,0
BRDA:297,25,0,1
BRDA:297,25,1,3
BRDA:297,26,0,4
BRDA:297,26,1,3
BRDA:304,27,0,1
BRDA:304,27,1,2
BRDA:310,28,0,2
BRDA:310,28,1,0
BRDA:321,29,0,2
BRDA:321,29,1,2
BRDA:370,30,0,0
BRDA:370,30,1,0
BRDA:389,31,0,0
BRDA:389,31,1,0
BRDA:410,32,0,1
BRDA:410,32,1,30
BRF:64
BRH:32
end_of_record
TN:
SF:src/chat/chat-handler.js
FN:42,parseCommand
FN:52,getBotStatus
FN:70,executeCommand
FN:107,(anonymous_3)
FN:125,generateNaturalResponse
FN:182,analyzeIntent
FN:226,getActivityDescription
FN:235,(anonymous_7)
FN:248,generateActivityResponse
FN:270,getEmotionTone
FN:294,generateStatusResponse
FN:317,generateGreetingResponse
FN:337,generateIdentityResponse
FN:357,generateGratitudeResponse
FN:376,generateFarewellResponse
FN:396,generateHelpOfferResponse
FN:416,generateChatResponse
FN:440,createChatHandler
FN:465,updateContext
FN:482,getBotContext
FN:500,(anonymous_20)
FN:504,detectAndTrackEmotion
FN:526,handleChat
FN:597,handleCommand
FN:628,sendResponse
FN:664,saveInteraction
FN:689,onBotCommand
FN:711,(anonymous_27)
FN:720,(anonymous_28)
FN:727,(anonymous_29)
FNF:30
FNH:3
FNDA:4,parseCommand
FNDA:0,getBotStatus
FNDA:0,executeCommand
FNDA:0,(anonymous_3)
FNDA:0,generateNaturalResponse
FNDA:8,analyzeIntent
FNDA:0,getActivityDescription
FNDA:0,(anonymous_7)
FNDA:0,generateActivityResponse
FNDA:7,getEmotionTone
FNDA:0,generateStatusResponse
FNDA:0,generateGreetingResponse
FNDA:0,generateIdentityResponse
FNDA:0,generateGratitudeResponse
FNDA:0,generateFarewellResponse
FNDA:0,generateHelpOfferResponse
FNDA:0,generateChatResponse
FNDA:0,createChatHandler
FNDA:0,updateContext
FNDA:0,getBotContext
FNDA:0,(anonymous_20)
FNDA:0,detectAndTrackEmotion
FNDA:0,handleChat
FNDA:0,handleCommand
FNDA:0,sendResponse
FNDA:0,saveInteraction
FNDA:0,onBotCommand
FNDA:0,(anonymous_27)
FNDA:0,(anonymous_28)
FNDA:0,(anonymous_29)
DA:15,1
DA:16,1
DA:17,1
DA:18,1
DA:19,1
DA:20,1
DA:21,1
DA:22,1
DA:25,1
DA:28,1
DA:43,4
DA:44,4
DA:53,0
DA:54,0
DA:71,0
DA:73,0
DA:75,0
DA:76,0
DA:77,0
DA:81,0
DA:82,0
DA:83,0
DA:87,0
DA:88,0
DA:89,0
DA:95,0
DA:99,0
DA:102,0
DA:103,0
DA:104,0
DA:107,0
DA:110,0
DA:126,0
DA:127,0
DA:130,0
DA:131,0
DA:134,0
DA:139,0
DA:141,0
DA:142,0
DA:145,0
DA:146,0
DA:149,0
DA:150,0
DA:153,0
DA:154,0
DA:157,0
DA:158,0
DA:161,0
DA:162,0
DA:165,0
DA:166,0
DA:170,0
DA:171,0
DA:174,0
DA:183,8
DA:186,8
DA:187,1
DA:191,7
DA:192,1
DA:196,6
DA:197,1
DA:201,5
DA:202,1
DA:206,4
DA:207,1
DA:211,3
DA:212,1
DA:216,2
DA:217,1
DA:220,1
DA:227,0
DA:230,0
DA:231,0
DA:235,0
DA:236,0
DA:238,0
DA:239,0
DA:242,0
DA:249,0
DA:250,0
DA:253,0
DA:255,0
DA:265,0
DA:266,0
DA:267,0
DA:271,7
DA:273,6
DA:275,6
DA:278,1
DA:280,1
DA:283,2
DA:285,1
DA:287,1
DA:295,0
DA:296,0
DA:297,0
DA:299,0
DA:302,0
DA:303,0
DA:304,0
DA:305,0
DA:307,0
DA:310,0
DA:311,0
DA:318,0
DA:319,0
DA:320,0
DA:323,0
DA:324,0
DA:325,0
DA:326,0
DA:328,0
DA:331,0
DA:338,0
DA:339,0
DA:340,0
DA:343,0
DA:344,0
DA:348,0
DA:351,0
DA:358,0
DA:359,0
DA:362,0
DA:363,0
DA:364,0
DA:365,0
DA:367,0
DA:370,0
DA:377,0
DA:378,0
DA:379,0
DA:382,0
DA:383,0
DA:384,0
DA:385,0
DA:387,0
DA:390,0
DA:397,0
DA:398,0
DA:399,0
DA:401,0
DA:402,0
DA:405,0
DA:406,0
DA:410,0
DA:413,0
DA:417,0
DA:418,0
DA:419,0
DA:422,0
DA:423,0
DA:424,0
DA:425,0
DA:427,0
DA:430,0
DA:441,0
DA:442,0
DA:443,0
DA:446,0
DA:451,0
DA:454,0
DA:455,0
DA:458,0
DA:466,0
DA:473,0
DA:474,0
DA:483,0
DA:488,0
DA:489,0
DA:490,0
DA:491,0
DA:492,0
DA:496,0
DA:500,0
DA:505,0
DA:506,0
DA:508,0
DA:509,0
DA:510,0
DA:511,0
DA:514,0
DA:516,0
DA:517,0
DA:528,0
DA:530,0
DA:533,0
DA:535,0
DA:536,0
DA:539,0
DA:540,0
DA:542,0
DA:544,0
DA:545,0
DA:546,0
DA:550,0
DA:551,0
DA:552,0
DA:553,0
DA:557,0
DA:559,0
DA:560,0
DA:563,0
DA:566,0
DA:568,0
DA:579,0
DA:582,0
DA:585,0
DA:588,0
DA:598,0
DA:600,0
DA:601,0
DA:603,0
DA:604,0
DA:605,0
DA:608,0
DA:609,0
DA:612,0
DA:615,0
DA:618,0
DA:619,0
DA:630,0
DA:633,0
DA:634,0
DA:637,0
DA:645,0
DA:646,0
DA:650,0
DA:651,0
DA:654,0
DA:665,0
DA:666,0
DA:681,0
DA:690,0
DA:694,0
DA:695,0
DA:697,0
DA:699,0
DA:712,0
DA:713,0
DA:714,0
DA:721,0
DA:728,0
DA:733,1
LF:244
LH:37
BRDA:55,0,0,0
BRDA:55,0,1,0
BRDA:57,1,0,0
BRDA:57,1,1,0
BRDA:73,2,0,0
BRDA:73,2,1,0
BRDA:73,2,2,0
BRDA:73,2,3,0
BRDA:73,2,4,0
BRDA:73,2,5,0
BRDA:73,2,6,0
BRDA:75,3,0,0
BRDA:75,3,1,0
BRDA:81,4,0,0
BRDA:81,4,1,0
BRDA:87,5,0,0
BRDA:87,5,1,0
BRDA:91,6,0,0
BRDA:91,6,1,0
BRDA:91,7,0,0
BRDA:91,7,1,0
BRDA:91,8,0,0
BRDA:91,8,1,0
BRDA:125,9,0,0
BRDA:139,10,0,0
BRDA:139,10,1,0
BRDA:139,10,2,0
BRDA:139,10,3,0
BRDA:139,10,4,0
BRDA:139,10,5,0
BRDA:139,10,6,0
BRDA:139,10,7,0
BRDA:139,10,8,0
BRDA:186,11,0,1
BRDA:186,11,1,7
BRDA:186,12,0,8
BRDA:186,12,1,7
BRDA:191,13,0,1
BRDA:191,13,1,6
BRDA:191,14,0,7
BRDA:191,14,1,6
BRDA:196,15,0,1
BRDA:196,15,1,5
BRDA:201,16,0,1
BRDA:201,16,1,4
BRDA:201,17,0,5
BRDA:201,17,1,4
BRDA:206,18,0,1
BRDA:206,18,1,3
BRDA:211,19,0,1
BRDA:211,19,1,2
BRDA:216,20,0,1
BRDA:216,20,1,1
BRDA:216,21,0,2
BRDA:216,21,1,1
BRDA:230,22,0,0
BRDA:230,22,1,0
BRDA:236,23,0,0
BRDA:236,23,1,0
BRDA:236,23,2,0
BRDA:238,24,0,0
BRDA:238,24,1,0
BRDA:239,25,0,0
BRDA:239,25,1,0
BRDA:248,26,0,0
BRDA:249,27,0,0
BRDA:249,27,1,0
BRDA:250,28,0,0
BRDA:250,28,1,0
BRDA:255,29,0,0
BRDA:255,29,1,0
BRDA:267,30,0,0
BRDA:267,30,1,0
BRDA:271,31,0,1
BRDA:271,31,1,6
BRDA:275,32,0,1
BRDA:275,32,1,1
BRDA:275,32,2,1
BRDA:275,32,3,1
BRDA:275,32,4,2
BRDA:275,32,5,1
BRDA:275,32,6,1
BRDA:294,33,0,0
BRDA:295,34,0,0
BRDA:295,34,1,0
BRDA:297,35,0,0
BRDA:297,35,1,0
BRDA:302,36,0,0
BRDA:302,36,1,0
BRDA:303,37,0,0
BRDA:303,37,1,0
BRDA:304,38,0,0
BRDA:304,38,1,0
BRDA:305,39,0,0
BRDA:305,39,1,0
BRDA:307,40,0,0
BRDA:307,40,1,0
BRDA:311,41,0,0
BRDA:311,41,1,0
BRDA:317,42,0,0
BRDA:318,43,0,0
BRDA:318,43,1,0
BRDA:319,44,0,0
BRDA:319,44,1,0
BRDA:323,45,0,0
BRDA:323,45,1,0
BRDA:323,46,0,0
BRDA:323,46,1,0
BRDA:325,47,0,0
BRDA:325,47,1,0
BRDA:331,48,0,0
BRDA:331,48,1,0
BRDA:337,49,0,0
BRDA:338,50,0,0
BRDA:338,50,1,0
BRDA:339,51,0,0
BRDA:339,51,1,0
BRDA:343,52,0,0
BRDA:343,52,1,0
BRDA:344,53,0,0
BRDA:344,53,1,0
BRDA:351,54,0,0
BRDA:351,54,1,0
BRDA:357,55,0,0
BRDA:358,56,0,0
BRDA:358,56,1,0
BRDA:362,57,0,0
BRDA:362,57,1,0
BRDA:364,58,0,0
BRDA:364,58,1,0
BRDA:370,59,0,0
BRDA:370,59,1,0
BRDA:376,60,0,0
BRDA:377,61,0,0
BRDA:377,61,1,0
BRDA:378,62,0,0
BRDA:378,62,1,0
BRDA:382,63,0,0
BRDA:382,63,1,0
BRDA:382,64,0,0
BRDA:382,64,1,0
BRDA:384,65,0,0
BRDA:384,65,1,0
BRDA:390,66,0,0
BRDA:390,66,1,0
BRDA:396,67,0,0
BRDA:397,68,0,0
BRDA:397,68,1,0
BRDA:398,69,0,0
BRDA:398,69,1,0
BRDA:402,70,0,0
BRDA:402,70,1,0
BRDA:405,71,0,0
BRDA:405,71,1,0
BRDA:406,72,0,0
BRDA:406,72,1,0
BRDA:413,73,0,0
BRDA:413,73,1,0
BRDA:416,74,0,0
BRDA:417,75,0,0
BRDA:417,75,1,0
BRDA:418,76,0,0
BRDA:418,76,1,0
BRDA:422,77,0,0
BRDA:422,77,1,0
BRDA:422,78,0,0
BRDA:422,78,1,0
BRDA:424,79,0,0
BRDA:424,79,1,0
BRDA:430,80,0,0
BRDA:430,80,1,0
BRDA:440,81,0,0
BRDA:458,82,0,0
BRDA:458,82,1,0
BRDA:483,83,0,0
BRDA:483,83,1,0
BRDA:483,83,2,0
BRDA:490,84,0,0
BRDA:490,84,1,0
BRDA:508,85,0,0
BRDA:508,85,1,0
BRDA:508,86,0,0
BRDA:508,86,1,0
BRDA:528,87,0,0
BRDA:528,87,1,0
BRDA:542,88,0,0
BRDA:542,88,1,0
BRDA:550,89,0,0
BRDA:550,89,1,0
BRDA:559,90,0,0
BRDA:559,90,1,0
BRDA:603,91,0,0
BRDA:603,91,1,0
BRDA:650,92,0,0
BRDA:650,92,1,0
BRF:195
BRH:31
end_of_record
TN:
SF:src/chat/nlp-handler.js
FN:65,isAddressed
FN:108,checkDirectMention
FN:146,checkCommandPrefix
FN:167,checkPronounPatterns
FN:224,escapeRegex
FN:235,runTestSet
FNF:6
FNH:6
FNDA:11,isAddressed
FNDA:13,checkDirectMention
FNDA:7,checkCommandPrefix
FNDA:7,checkPronounPatterns
FNDA:41,escapeRegex
FNDA:2,runTestSet
DA:12,20
DA:29,20
DA:41,20
DA:66,11
DA:67,1
DA:70,10
DA:71,1
DA:74,9
DA:75,9
DA:78,9
DA:79,9
DA:80,4
DA:84,5
DA:85,5
DA:86,1
DA:90,4
DA:91,4
DA:92,1
DA:96,3
DA:98,3
DA:110,13
DA:111,13
DA:112,4
DA:116,9
DA:117,9
DA:118,2
DA:122,7
DA:123,7
DA:124,3
DA:128,4
DA:129,4
DA:130,0
DA:134,4
DA:135,4
DA:137,0
DA:140,4
DA:147,7
DA:148,7
DA:149,2
DA:153,5
DA:155,1
DA:156,1
DA:157,0
DA:161,5
DA:168,7
DA:169,4
DA:173,3
DA:176,3
DA:177,0
DA:181,3
DA:182,3
DA:184,3
DA:185,3
DA:186,3
DA:187,0
DA:188,0
DA:189,0
DA:190,0
DA:191,0
DA:192,0
DA:196,3
DA:197,1
DA:200,3
DA:208,0
DA:209,0
DA:210,0
DA:211,0
DA:218,0
DA:225,41
DA:236,2
DA:237,2
DA:239,2
DA:240,3
DA:241,3
DA:243,3
DA:244,2
DA:246,1
DA:256,2
DA:257,2
DA:259,2
DA:262,20
LF:81
LH:66
BRDA:65,0,0,6
BRDA:66,1,0,1
BRDA:66,1,1,10
BRDA:66,2,0,11
BRDA:66,2,1,10
BRDA:70,3,0,1
BRDA:70,3,1,9
BRDA:70,4,0,10
BRDA:70,4,1,9
BRDA:79,5,0,4
BRDA:79,5,1,5
BRDA:85,6,0,1
BRDA:85,6,1,4
BRDA:91,7,0,1
BRDA:91,7,1,3
BRDA:101,8,0,1
BRDA:101,8,1,2
BRDA:111,9,0,4
BRDA:111,9,1,9
BRDA:117,10,0,2
BRDA:117,10,1,7
BRDA:123,11,0,3
BRDA:123,11,1,4
BRDA:129,12,0,0
BRDA:129,12,1,4
BRDA:135,13,0,0
BRDA:135,13,1,4
BRDA:148,14,0,2
BRDA:148,14,1,5
BRDA:153,15,0,1
BRDA:153,15,1,4
BRDA:156,16,0,0
BRDA:156,16,1,1
BRDA:168,17,0,4
BRDA:168,17,1,3
BRDA:173,18,0,3
BRDA:173,18,1,0
BRDA:173,18,2,0
BRDA:176,19,0,0
BRDA:176,19,1,3
BRDA:182,20,0,3
BRDA:182,20,1,0
BRDA:185,21,0,3
BRDA:185,21,1,0
BRDA:187,22,0,0
BRDA:187,22,1,0
BRDA:189,23,0,0
BRDA:189,23,1,0
BRDA:191,24,0,0
BRDA:191,24,1,0
BRDA:196,25,0,1
BRDA:196,25,1,2
BRDA:203,26,0,3
BRDA:203,26,1,0
BRDA:209,27,0,0
BRDA:209,27,1,0
BRDA:210,28,0,0
BRDA:210,28,1,0
BRDA:235,29,0,2
BRDA:243,30,0,2
BRDA:243,30,1,1
BRDA:257,31,0,2
BRDA:257,31,1,0
BRF:63
BRH:43
end_of_record
TN:
SF:src/emotion/emotion-detector.js
FN:33,initialize
FN:40,(anonymous_1)
FN:72,detectEmotion
FN:163,addToCache
FN:177,trackLatency
FN:188,getP99Latency
FN:191,(anonymous_6)
FN:200,getLatencyStats
FN:205,(anonymous_8)
FN:206,(anonymous_9)
FN:220,clearCache
FN:227,reset
FN:238,isInitialized
FNF:13
FNH:6
FNDA:0,initialize
FNDA:0,(anonymous_1)
FNDA:7,detectEmotion
FNDA:0,addToCache
FNDA:0,trackLatency
FNDA:1,getP99Latency
FNDA:0,(anonymous_6)
FNDA:3,getLatencyStats
FNDA:0,(anonymous_8)
FNDA:0,(anonymous_9)
FNDA:3,clearCache
FNDA:38,reset
FNDA:2,isInitialized
DA:11,30
DA:14,30
DA:15,30
DA:18,30
DA:19,30
DA:22,30
DA:23,30
DA:26,30
DA:34,0
DA:36,0
DA:37,0
DA:40,0
DA:41,0
DA:42,0
DA:46,0
DA:52,0
DA:57,0
DA:58,0
DA:62,0
DA:74,7
DA:75,6
DA:76,6
DA:79,1
DA:80,1
DA:81,1
DA:85,0
DA:86,0
DA:87,0
DA:88,0
DA:89,0
DA:93,0
DA:95,0
DA:97,0
DA:99,0
DA:102,0
DA:103,0
DA:106,0
DA:108,0
DA:109,0
DA:110,0
DA:113,0
DA:114,0
DA:117,0
DA:125,0
DA:126,0
DA:133,0
DA:134,0
DA:137,0
DA:140,0
DA:142,0
DA:145,0
DA:146,0
DA:148,0
DA:154,0
DA:165,0
DA:166,0
DA:167,0
DA:170,0
DA:178,0
DA:179,0
DA:181,0
DA:189,1
DA:191,0
DA:192,0
DA:193,0
DA:201,3
DA:202,3
DA:205,0
DA:206,0
DA:208,0
DA:221,3
DA:228,38
DA:229,38
DA:230,38
DA:231,38
DA:239,2
DA:242,30
LF:77
LH:24
BRDA:34,0,0,0
BRDA:34,0,1,0
BRDA:36,1,0,0
BRDA:36,1,1,0
BRDA:74,2,0,6
BRDA:74,2,1,1
BRDA:74,3,0,7
BRDA:74,3,1,3
BRDA:80,4,0,1
BRDA:80,4,1,0
BRDA:86,5,0,0
BRDA:86,5,1,0
BRDA:106,6,0,0
BRDA:106,6,1,0
BRDA:108,7,0,0
BRDA:108,7,1,0
BRDA:108,8,0,0
BRDA:108,8,1,0
BRDA:114,9,0,0
BRDA:114,9,1,0
BRDA:125,10,0,0
BRDA:125,10,1,0
BRDA:165,11,0,0
BRDA:165,11,1,0
BRDA:178,12,0,0
BRDA:178,12,1,0
BRDA:189,13,0,1
BRDA:189,13,1,0
BRDA:201,14,0,3
BRDA:201,14,1,0
BRF:30
BRH:7
end_of_record
TN:
SF:src/goals/goal-generator.js
FN:4,(anonymous_0)
FN:11,(anonymous_1)
FN:24,(anonymous_2)
FN:30,(anonymous_3)
FNF:4
FNH:4
FNDA:14,(anonymous_0)
FNDA:9,(anonymous_1)
FNDA:42,(anonymous_2)
FNDA:44,(anonymous_3)
DA:1,1
DA:5,14
DA:6,14
DA:7,14
DA:8,14
DA:12,9
DA:13,9
DA:14,1
DA:18,8
DA:19,8
DA:20,1
DA:24,42
DA:30,44
DA:33,7
DA:35,7
DA:36,1
DA:37,1
DA:40,6
DA:41,6
DA:47,6
DA:57,1
LF:21
LH:21
BRDA:11,0,0,0
BRDA:13,1,0,1
BRDA:13,1,1,8
BRDA:19,2,0,1
BRDA:19,2,1,7
BRDA:35,3,0,1
BRDA:35,3,1,6
BRDA:52,4,0,4
BRDA:52,4,1,2
BRDA:52,5,0,1
BRDA:52,5,1,1
BRF:11
BRH:10
end_of_record
TN:
SF:src/goals/goal-graph.js
FN:5,(anonymous_0)
FN:10,(anonymous_1)
FN:85,(anonymous_2)
FN:99,(anonymous_3)
FN:112,(anonymous_4)
FN:119,(anonymous_5)
FN:129,(anonymous_6)
FN:142,(anonymous_7)
FN:150,(anonymous_8)
FN:165,(anonymous_9)
FN:166,(anonymous_10)
FNF:11
FNH:11
FNDA:40,(anonymous_0)
FNDA:40,(anonymous_1)
FNDA:453,(anonymous_2)
FNDA:249,(anonymous_3)
FNDA:13,(anonymous_4)
FNDA:15,(anonymous_5)
FNDA:65,(anonymous_6)
FNDA:5,(anonymous_7)
FNDA:16,(anonymous_8)
FNDA:3,(anonymous_9)
FNDA:33,(anonymous_10)
DA:1,2
DA:2,2
DA:6,40
DA:7,40
DA:12,40
DA:17,40
DA:24,40
DA:29,40
DA:34,40
DA:41,40
DA:46,40
DA:51,40
DA:58,40
DA:63,40
DA:70,40
DA:77,40
DA:78,40
DA:79,40
DA:80,40
DA:81,40
DA:82,40
DA:86,453
DA:87,1
DA:88,1
DA:90,452
DA:100,249
DA:101,1
DA:103,248
DA:104,1
DA:107,247
DA:108,246
DA:113,13
DA:114,1
DA:116,12
DA:120,15
DA:121,15
DA:123,15
DA:125,165
DA:128,136
DA:129,136
DA:131,136
DA:132,80
DA:139,15
DA:143,5
DA:144,1
DA:147,4
DA:148,4
DA:150,4
DA:151,16
DA:152,15
DA:154,15
DA:155,15
DA:156,12
DA:158,15
DA:161,4
DA:162,4
DA:166,33
DA:173,2
LF:58
LH:58
BRDA:85,0,0,11
BRDA:86,1,0,1
BRDA:86,1,1,452
BRDA:92,2,0,452
BRDA:92,2,1,11
BRDA:93,3,0,452
BRDA:93,3,1,11
BRDA:94,4,0,452
BRDA:94,4,1,11
BRDA:100,5,0,1
BRDA:100,5,1,248
BRDA:103,6,0,1
BRDA:103,6,1,247
BRDA:107,7,0,246
BRDA:107,7,1,1
BRDA:113,8,0,1
BRDA:113,8,1,12
BRDA:119,9,0,1
BRDA:120,10,0,15
BRDA:120,10,1,8
BRDA:125,11,0,29
BRDA:125,11,1,136
BRDA:131,12,0,80
BRDA:131,12,1,56
BRDA:143,13,0,1
BRDA:143,13,1,4
BRDA:151,14,0,1
BRDA:151,14,1,15
BRF:28
BRH:28
end_of_record
TN:
SF:src/goals/goal-scorer.js
FN:2,(anonymous_0)
FN:7,(anonymous_1)
FN:29,(anonymous_2)
FN:38,(anonymous_3)
FN:48,(anonymous_4)
FN:57,(anonymous_5)
FNF:6
FNH:6
FNDA:29,(anonymous_0)
FNDA:21,(anonymous_1)
FNDA:26,(anonymous_2)
FNDA:25,(anonymous_3)
FNDA:24,(anonymous_4)
FNDA:25,(anonymous_5)
DA:3,29
DA:4,29
DA:8,21
DA:11,21
DA:12,21
DA:15,21
DA:16,21
DA:19,21
DA:20,21
DA:23,21
DA:24,21
DA:26,21
DA:30,26
DA:31,26
DA:32,25
DA:33,24
DA:34,23
DA:35,22
DA:39,25
DA:40,25
DA:42,25
DA:43,24
DA:44,23
DA:45,22
DA:49,24
DA:50,24
DA:51,3
DA:52,2
DA:54,22
DA:58,25
DA:59,2
DA:60,2
DA:61,1
DA:65,2
LF:34
LH:34
BRDA:2,0,0,29
BRDA:3,1,0,29
BRDA:3,1,1,29
BRDA:7,2,0,2
BRDA:30,3,0,26
BRDA:30,3,1,3
BRDA:31,4,0,1
BRDA:31,4,1,25
BRDA:31,5,0,26
BRDA:31,5,1,7
BRDA:32,6,0,1
BRDA:32,6,1,24
BRDA:32,7,0,25
BRDA:32,7,1,8
BRDA:33,8,0,1
BRDA:33,8,1,23
BRDA:33,9,0,24
BRDA:33,9,1,1
BRDA:34,10,0,1
BRDA:34,10,1,22
BRDA:34,11,0,23
BRDA:34,11,1,7
BRDA:39,12,0,25
BRDA:39,12,1,23
BRDA:40,13,0,25
BRDA:40,13,1,23
BRDA:42,14,0,1
BRDA:42,14,1,24
BRDA:42,15,0,25
BRDA:42,15,1,1
BRDA:43,16,0,1
BRDA:43,16,1,23
BRDA:43,17,0,24
BRDA:43,17,1,1
BRDA:44,18,0,1
BRDA:44,18,1,22
BRDA:44,19,0,23
BRDA:44,19,1,1
BRDA:44,19,2,1
BRDA:49,20,0,24
BRDA:49,20,1,21
BRDA:51,21,0,1
BRDA:51,21,1,2
BRDA:51,22,0,3
BRDA:51,22,1,1
BRDA:52,23,0,1
BRDA:52,23,1,1
BRDA:52,24,0,2
BRDA:52,24,1,2
BRDA:58,25,0,23
BRDA:58,25,1,2
BRDA:58,26,0,25
BRDA:58,26,1,3
BRDA:59,27,0,2
BRDA:59,27,1,0
BRDA:60,28,0,1
BRDA:60,28,1,1
BRF:57
BRH:56
end_of_record
TN:
SF:src/layers/action-awareness.js
FN:5,(anonymous_0)
FN:15,(anonymous_1)
FN:124,(anonymous_2)
FN:137,(anonymous_3)
FN:156,(anonymous_4)
FN:165,(anonymous_5)
FN:181,(anonymous_6)
FN:191,(anonymous_7)
FN:206,(anonymous_8)
FN:213,(anonymous_9)
FN:214,(anonymous_10)
FN:216,(anonymous_11)
FN:217,(anonymous_12)
FN:242,(anonymous_13)
FN:252,(anonymous_14)
FN:273,(anonymous_15)
FN:303,(anonymous_16)
FN:313,(anonymous_17)
FN:314,(anonymous_18)
FN:323,(anonymous_19)
FN:329,(anonymous_20)
FN:330,(anonymous_21)
FN:331,(anonymous_22)
FN:336,(anonymous_23)
FN:343,(anonymous_24)
FN:353,(anonymous_25)
FN:360,(anonymous_26)
FN:361,(anonymous_27)
FN:370,(anonymous_28)
FN:403,(anonymous_29)
FN:428,(anonymous_30)
FN:455,(anonymous_31)
FN:474,(anonymous_32)
FN:499,(anonymous_33)
FN:549,(anonymous_34)
FN:571,(anonymous_35)
FN:593,(anonymous_36)
FN:611,(anonymous_37)
FN:613,(anonymous_38)
FN:617,(anonymous_39)
FN:619,(anonymous_40)
FN:628,(anonymous_41)
FN:649,(anonymous_42)
FN:677,(anonymous_43)
FN:695,(anonymous_44)
FN:756,(anonymous_45)
FN:777,(anonymous_46)
FN:819,(anonymous_47)
FN:822,(anonymous_48)
FNF:49
FNH:45
FNDA:63,(anonymous_0)
FNDA:12,(anonymous_1)
FNDA:14,(anonymous_2)
FNDA:0,(anonymous_3)
FNDA:5,(anonymous_4)
FNDA:0,(anonymous_5)
FNDA:0,(anonymous_6)
FNDA:17,(anonymous_7)
FNDA:3,(anonymous_8)
FNDA:20,(anonymous_9)
FNDA:20,(anonymous_10)
FNDA:20,(anonymous_11)
FNDA:20,(anonymous_12)
FNDA:12,(anonymous_13)
FNDA:0,(anonymous_14)
FNDA:11,(anonymous_15)
FNDA:11,(anonymous_16)
FNDA:1,(anonymous_17)
FNDA:1,(anonymous_18)
FNDA:4,(anonymous_19)
FNDA:7,(anonymous_20)
FNDA:3,(anonymous_21)
FNDA:4,(anonymous_22)
FNDA:4,(anonymous_23)
FNDA:3,(anonymous_24)
FNDA:40,(anonymous_25)
FNDA:47,(anonymous_26)
FNDA:47,(anonymous_27)
FNDA:19,(anonymous_28)
FNDA:11,(anonymous_29)
FNDA:6,(anonymous_30)
FNDA:2,(anonymous_31)
FNDA:9,(anonymous_32)
FNDA:14,(anonymous_33)
FNDA:14,(anonymous_34)
FNDA:13,(anonymous_35)
FNDA:12,(anonymous_36)
FNDA:2,(anonymous_37)
FNDA:3,(anonymous_38)
FNDA:4,(anonymous_39)
FNDA:31,(anonymous_40)
FNDA:11,(anonymous_41)
FNDA:10,(anonymous_42)
FNDA:15,(anonymous_43)
FNDA:10,(anonymous_44)
FNDA:21,(anonymous_45)
FNDA:6,(anonymous_46)
FNDA:2,(anonymous_47)
FNDA:6,(anonymous_48)
DA:1,63
DA:2,63
DA:6,63
DA:7,63
DA:8,63
DA:9,63
DA:10,63
DA:11,63
DA:12,63
DA:16,12
DA:17,12
DA:20,12
DA:21,12
DA:24,12
DA:25,0
DA:26,0
DA:36,12
DA:37,0
DA:40,12
DA:41,12
DA:44,11
DA:46,11
DA:47,11
DA:49,11
DA:52,11
DA:54,11
DA:64,11
DA:65,0
DA:68,11
DA:69,4
DA:78,4
DA:79,4
DA:80,0
DA:83,4
DA:94,4
DA:104,7
DA:107,1
DA:110,1
DA:112,1
DA:125,14
DA:128,14
DA:129,14
DA:130,14
DA:134,14
DA:135,14
DA:136,14
DA:137,0
DA:141,14
DA:142,14
DA:145,14
DA:146,5
DA:147,5
DA:148,5
DA:149,5
DA:150,5
DA:155,5
DA:156,5
DA:157,5
DA:158,5
DA:164,14
DA:165,0
DA:166,0
DA:171,14
DA:172,9
DA:175,14
DA:182,0
DA:185,0
DA:192,17
DA:198,17
DA:199,2
DA:207,3
DA:208,1
DA:212,2
DA:213,20
DA:214,20
DA:216,20
DA:217,20
DA:219,2
DA:220,2
DA:221,2
DA:223,2
DA:224,20
DA:225,20
DA:226,20
DA:227,20
DA:228,20
DA:231,2
DA:232,2
DA:234,2
DA:243,12
DA:245,8
DA:246,8
DA:247,8
DA:248,8
DA:251,4
DA:252,0
DA:255,4
DA:256,3
DA:258,1
DA:260,3
DA:263,0
DA:266,0
DA:269,0
DA:274,11
DA:276,8
DA:285,3
DA:286,3
DA:292,0
DA:293,0
DA:299,0
DA:304,11
DA:305,2
DA:308,9
DA:309,2
DA:312,7
DA:313,1
DA:314,1
DA:315,1
DA:316,0
DA:320,7
DA:324,4
DA:325,2
DA:326,0
DA:330,7
DA:331,7
DA:333,7
DA:334,7
DA:336,7
DA:337,4
DA:338,4
DA:339,4
DA:343,7
DA:344,3
DA:345,3
DA:346,2
DA:350,7
DA:354,40
DA:361,47
DA:371,19
DA:372,19
DA:374,19
DA:376,11
DA:377,11
DA:380,6
DA:381,6
DA:384,2
DA:385,2
DA:388,0
DA:392,19
DA:393,2
DA:394,17
DA:395,2
DA:396,15
DA:397,0
DA:400,19
DA:404,11
DA:406,11
DA:407,2
DA:410,11
DA:411,2
DA:414,11
DA:415,2
DA:418,11
DA:419,1
DA:422,11
DA:429,6
DA:432,6
DA:433,5
DA:434,5
DA:436,1
DA:440,6
DA:441,0
DA:445,6
DA:446,0
DA:449,6
DA:456,2
DA:459,2
DA:460,1
DA:464,2
DA:465,0
DA:468,2
DA:475,9
DA:486,9
DA:487,7
DA:490,2
DA:500,14
DA:501,14
DA:502,14
DA:505,14
DA:506,14
DA:507,14
DA:508,14
DA:510,14
DA:511,1
DA:519,13
DA:520,13
DA:521,13
DA:522,13
DA:524,13
DA:525,1
DA:533,12
DA:534,12
DA:535,12
DA:536,12
DA:538,12
DA:539,4
DA:540,4
DA:543,12
DA:550,14
DA:552,11
DA:557,3
DA:561,0
DA:564,0
DA:572,13
DA:574,10
DA:579,3
DA:583,0
DA:586,0
DA:594,12
DA:596,9
DA:600,3
DA:604,0
DA:607,0
DA:612,2
DA:613,3
DA:614,1
DA:618,4
DA:619,31
DA:629,11
DA:630,11
DA:633,5
DA:635,5
DA:636,17
DA:638,17
DA:639,17
DA:640,6
DA:642,17
DA:646,5
DA:647,5
DA:649,10
DA:650,5
DA:651,5
DA:653,5
DA:654,10
DA:656,10
DA:657,0
DA:658,0
DA:660,10
DA:663,5
DA:664,5
DA:669,5
DA:677,15
DA:686,0
DA:697,10
DA:698,7
DA:699,5
DA:707,5
DA:708,2
DA:710,2
DA:711,2
DA:719,3
DA:722,0
DA:723,0
DA:731,3
DA:732,2
DA:736,2
DA:737,2
DA:745,1
DA:757,21
DA:759,20
DA:761,20
DA:762,13
DA:763,7
DA:764,6
DA:765,1
DA:766,1
DA:769,20
DA:778,6
DA:811,6
DA:820,2
DA:821,2
DA:822,6
DA:825,2
DA:827,1
DA:832,1
DA:841,63
LF:286
LH:251
BRDA:24,0,0,0
BRDA:24,0,1,12
BRDA:36,1,0,0
BRDA:36,1,1,12
BRDA:64,2,0,0
BRDA:64,2,1,11
BRDA:68,3,0,4
BRDA:68,3,1,7
BRDA:68,4,0,11
BRDA:68,4,1,7
BRDA:79,5,0,0
BRDA:79,5,1,4
BRDA:91,6,0,4
BRDA:91,6,1,4
BRDA:96,7,0,4
BRDA:96,7,1,0
BRDA:100,8,0,4
BRDA:100,8,1,4
BRDA:128,9,0,14
BRDA:128,9,1,0
BRDA:134,10,0,14
BRDA:134,10,1,0
BRDA:135,11,0,14
BRDA:135,11,1,0
BRDA:136,12,0,14
BRDA:136,12,1,0
BRDA:136,13,0,14
BRDA:136,13,1,14
BRDA:141,14,0,14
BRDA:141,14,1,0
BRDA:141,15,0,14
BRDA:141,15,1,14
BRDA:145,16,0,5
BRDA:145,16,1,9
BRDA:147,17,0,5
BRDA:147,17,1,0
BRDA:149,18,0,5
BRDA:149,18,1,0
BRDA:149,19,0,5
BRDA:149,19,1,5
BRDA:155,20,0,5
BRDA:155,20,1,0
BRDA:155,21,0,5
BRDA:155,21,1,5
BRDA:157,22,0,5
BRDA:157,22,1,0
BRDA:164,23,0,0
BRDA:164,23,1,14
BRDA:171,24,0,9
BRDA:171,24,1,5
BRDA:171,25,0,14
BRDA:171,25,1,9
BRDA:172,26,0,9
BRDA:172,26,1,0
BRDA:198,27,0,2
BRDA:198,27,1,15
BRDA:207,28,0,1
BRDA:207,28,1,2
BRDA:214,29,0,15
BRDA:214,29,1,5
BRDA:232,30,0,1
BRDA:232,30,1,1
BRDA:243,31,0,8
BRDA:243,31,1,4
BRDA:243,31,2,0
BRDA:243,31,3,0
BRDA:243,31,4,0
BRDA:246,32,0,8
BRDA:246,32,1,1
BRDA:255,33,0,3
BRDA:255,33,1,1
BRDA:274,34,0,8
BRDA:274,34,1,3
BRDA:274,34,2,0
BRDA:274,34,3,0
BRDA:304,35,0,2
BRDA:304,35,1,9
BRDA:304,36,0,11
BRDA:304,36,1,8
BRDA:308,37,0,2
BRDA:308,37,1,7
BRDA:308,38,0,9
BRDA:308,38,1,3
BRDA:312,39,0,1
BRDA:312,39,1,6
BRDA:312,40,0,7
BRDA:312,40,1,1
BRDA:315,41,0,0
BRDA:315,41,1,1
BRDA:324,42,0,2
BRDA:324,42,1,2
BRDA:324,43,0,4
BRDA:324,43,1,2
BRDA:325,44,0,2
BRDA:325,44,1,0
BRDA:325,45,0,2
BRDA:325,45,1,2
BRDA:337,46,0,4
BRDA:337,46,1,3
BRDA:338,47,0,4
BRDA:338,47,1,0
BRDA:344,48,0,3
BRDA:344,48,1,2
BRDA:345,49,0,2
BRDA:345,49,1,1
BRDA:374,50,0,11
BRDA:374,50,1,6
BRDA:374,50,2,2
BRDA:374,50,3,0
BRDA:392,51,0,2
BRDA:392,51,1,17
BRDA:394,52,0,2
BRDA:394,52,1,15
BRDA:396,53,0,0
BRDA:396,53,1,15
BRDA:406,54,0,2
BRDA:406,54,1,9
BRDA:406,55,0,11
BRDA:406,55,1,11
BRDA:410,56,0,2
BRDA:410,56,1,9
BRDA:410,57,0,11
BRDA:410,57,1,2
BRDA:414,58,0,2
BRDA:414,58,1,9
BRDA:414,59,0,11
BRDA:414,59,1,2
BRDA:418,60,0,1
BRDA:418,60,1,10
BRDA:418,61,0,11
BRDA:418,61,1,11
BRDA:432,62,0,5
BRDA:432,62,1,1
BRDA:440,63,0,0
BRDA:440,63,1,6
BRDA:440,64,0,6
BRDA:440,64,1,6
BRDA:445,65,0,0
BRDA:445,65,1,6
BRDA:445,66,0,6
BRDA:445,66,1,5
BRDA:459,67,0,1
BRDA:459,67,1,1
BRDA:459,68,0,2
BRDA:459,68,1,2
BRDA:464,69,0,0
BRDA:464,69,1,2
BRDA:464,70,0,2
BRDA:464,70,1,0
BRDA:486,71,0,7
BRDA:486,71,1,2
BRDA:486,72,0,9
BRDA:486,72,1,9
BRDA:510,73,0,1
BRDA:510,73,1,13
BRDA:524,74,0,1
BRDA:524,74,1,12
BRDA:538,75,0,4
BRDA:538,75,1,8
BRDA:550,76,0,11
BRDA:550,76,1,3
BRDA:550,76,2,0
BRDA:550,76,3,0
BRDA:572,77,0,10
BRDA:572,77,1,3
BRDA:572,77,2,0
BRDA:572,77,3,0
BRDA:594,78,0,9
BRDA:594,78,1,3
BRDA:594,78,2,0
BRDA:594,78,3,0
BRDA:612,79,0,1
BRDA:612,79,1,1
BRDA:617,80,0,1
BRDA:630,81,0,6
BRDA:630,81,1,5
BRDA:636,82,0,0
BRDA:636,82,1,17
BRDA:639,83,0,6
BRDA:639,83,1,11
BRDA:647,84,0,5
BRDA:647,84,1,0
BRDA:656,85,0,0
BRDA:656,85,1,10
BRDA:663,86,0,5
BRDA:663,86,1,0
BRDA:663,87,0,5
BRDA:663,87,1,0
BRDA:697,88,0,7
BRDA:697,88,1,3
BRDA:698,89,0,5
BRDA:698,89,1,2
BRDA:698,90,0,7
BRDA:698,90,1,7
BRDA:707,91,0,2
BRDA:707,91,1,3
BRDA:708,92,0,2
BRDA:708,92,1,0
BRDA:708,93,0,2
BRDA:708,93,1,2
BRDA:713,94,0,2
BRDA:713,94,1,0
BRDA:719,95,0,0
BRDA:719,95,1,3
BRDA:719,96,0,3
BRDA:719,96,1,3
BRDA:722,97,0,0
BRDA:722,97,1,0
BRDA:722,98,0,0
BRDA:722,98,1,0
BRDA:731,99,0,2
BRDA:731,99,1,1
BRDA:731,100,0,3
BRDA:731,100,1,2
BRDA:731,100,2,2
BRDA:736,101,0,2
BRDA:736,101,1,0
BRDA:757,102,0,1
BRDA:757,102,1,20
BRDA:761,103,0,13
BRDA:761,103,1,7
BRDA:762,104,0,13
BRDA:762,104,1,0
BRDA:763,105,0,6
BRDA:763,105,1,1
BRDA:764,106,0,6
BRDA:764,106,1,0
BRDA:765,107,0,1
BRDA:765,107,1,0
BRDA:766,108,0,1
BRDA:766,108,1,0
BRDA:811,109,0,6
BRDA:811,109,1,1
BRDA:822,110,0,6
BRDA:822,110,1,6
BRDA:822,110,2,6
BRDA:825,111,0,1
BRDA:825,111,1,1
BRF:238
BRH:185
end_of_record
TN:
SF:src/layers/cognitive-controller.js
FN:14,(anonymous_0)
FN:26,(anonymous_1)
FN:47,(anonymous_2)
FN:145,(anonymous_3)
FN:170,(anonymous_4)
FN:187,(anonymous_5)
FN:214,(anonymous_6)
FN:248,(anonymous_7)
FN:262,(anonymous_8)
FN:302,(anonymous_9)
FNF:10
FNH:10
FNDA:77,(anonymous_0)
FNDA:17,(anonymous_1)
FNDA:95,(anonymous_2)
FNDA:5,(anonymous_3)
FNDA:4,(anonymous_4)
FNDA:95,(anonymous_5)
FNDA:10,(anonymous_6)
FNDA:13,(anonymous_7)
FNDA:19,(anonymous_8)
FNDA:7,(anonymous_9)
DA:11,51
DA:15,77
DA:16,77
DA:17,77
DA:18,77
DA:27,17
DA:28,17
DA:48,95
DA:57,95
DA:58,95
DA:59,95
DA:60,95
DA:63,95
DA:64,5
DA:65,5
DA:66,5
DA:67,5
DA:68,5
DA:71,90
DA:72,7
DA:73,7
DA:74,7
DA:75,7
DA:78,7
DA:79,5
DA:80,5
DA:83,7
DA:86,83
DA:87,65
DA:88,65
DA:89,65
DA:90,65
DA:93,65
DA:94,4
DA:97,65
DA:101,18
DA:102,18
DA:103,18
DA:104,18
DA:108,95
DA:109,95
DA:110,2
DA:113,95
DA:125,95
DA:126,95
DA:127,12
DA:130,95
DA:138,95
DA:146,5
DA:148,5
DA:151,5
DA:152,5
DA:157,5
DA:158,1
DA:159,4
DA:160,1
DA:163,5
DA:171,4
DA:173,3
DA:176,3
DA:177,1
DA:180,3
DA:188,95
DA:190,95
DA:192,95
DA:194,95
DA:195,71
DA:196,71
DA:197,8
DA:205,95
DA:215,10
DA:221,10
DA:223,10
DA:224,13
DA:225,13
DA:226,11
DA:227,9
DA:232,2
DA:238,2
DA:239,2
DA:246,10
DA:248,13
DA:251,10
DA:263,19
DA:264,2
DA:267,17
DA:268,17
DA:270,17
DA:280,17
DA:281,73
DA:282,73
DA:284,73
DA:285,10
DA:290,10
DA:294,7
DA:303,7
DA:307,51
LF:97
LH:97
BRDA:63,0,0,5
BRDA:63,0,1,90
BRDA:63,1,0,95
BRDA:63,1,1,5
BRDA:64,2,0,5
BRDA:64,2,1,0
BRDA:67,3,0,5
BRDA:67,3,1,1
BRDA:71,4,0,7
BRDA:71,4,1,83
BRDA:71,5,0,90
BRDA:71,5,1,25
BRDA:75,6,0,7
BRDA:75,6,1,1
BRDA:78,7,0,5
BRDA:78,7,1,2
BRDA:80,8,0,5
BRDA:80,8,1,1
BRDA:86,9,0,65
BRDA:86,9,1,18
BRDA:86,10,0,83
BRDA:86,10,1,81
BRDA:90,11,0,65
BRDA:90,11,1,62
BRDA:93,12,0,4
BRDA:93,12,1,61
BRDA:109,13,0,2
BRDA:109,13,1,93
BRDA:109,14,0,95
BRDA:109,14,1,28
BRDA:126,15,0,12
BRDA:126,15,1,83
BRDA:146,16,0,0
BRDA:146,16,1,5
BRDA:151,17,0,5
BRDA:151,17,1,0
BRDA:157,18,0,1
BRDA:157,18,1,4
BRDA:157,19,0,5
BRDA:157,19,1,1
BRDA:159,20,0,1
BRDA:159,20,1,3
BRDA:159,21,0,4
BRDA:159,21,1,2
BRDA:171,22,0,1
BRDA:171,22,1,3
BRDA:171,23,0,4
BRDA:171,23,1,4
BRDA:176,24,0,1
BRDA:176,24,1,2
BRDA:196,25,0,8
BRDA:196,25,1,63
BRDA:196,26,0,71
BRDA:196,26,1,40
BRDA:225,27,0,11
BRDA:225,27,1,2
BRDA:263,28,0,2
BRDA:263,28,1,17
BRDA:263,29,0,19
BRDA:263,29,1,18
BRDA:268,30,0,17
BRDA:268,30,1,0
BRDA:284,31,0,10
BRDA:284,31,1,63
BRDA:284,32,0,73
BRDA:284,32,1,18
BRDA:302,33,0,4
BRF:67
BRH:63
end_of_record
TN:
SF:src/layers/commander.js
FN:78,(anonymous_0)
FN:112,(anonymous_1)
FN:132,(anonymous_2)
FN:154,(anonymous_3)
FN:172,(anonymous_4)
FN:177,(anonymous_5)
FN:198,(anonymous_6)
FN:330,(anonymous_7)
FN:371,(anonymous_8)
FN:396,(anonymous_9)
FN:424,(anonymous_10)
FN:427,(anonymous_11)
FN:453,(anonymous_12)
FN:464,(anonymous_13)
FN:469,(anonymous_14)
FN:486,(anonymous_15)
FN:494,(anonymous_16)
FN:501,(anonymous_17)
FN:513,(anonymous_18)
FN:572,(anonymous_19)
FN:617,(anonymous_20)
FN:648,(anonymous_21)
FN:679,(anonymous_22)
FN:687,(anonymous_23)
FN:695,(anonymous_24)
FN:698,(anonymous_25)
FN:701,(anonymous_26)
FN:715,(anonymous_27)
FN:719,(anonymous_28)
FN:720,(anonymous_29)
FN:721,(anonymous_30)
FN:722,(anonymous_31)
FN:723,(anonymous_32)
FN:724,(anonymous_33)
FN:727,(anonymous_34)
FN:742,(anonymous_35)
FN:749,(anonymous_36)
FN:783,(anonymous_37)
FN:824,(anonymous_38)
FN:875,(anonymous_39)
FN:880,(anonymous_40)
FN:880,(anonymous_41)
FN:889,(anonymous_42)
FN:893,(anonymous_43)
FN:910,(anonymous_44)
FN:923,(anonymous_45)
FN:966,(anonymous_46)
FN:1002,(anonymous_47)
FN:1082,(anonymous_48)
FN:1108,(anonymous_49)
FN:1125,(anonymous_50)
FN:1150,(anonymous_51)
FN:1160,(anonymous_52)
FNF:53
FNH:31
FNDA:31,(anonymous_0)
FNDA:31,(anonymous_1)
FNDA:2,(anonymous_2)
FNDA:4,(anonymous_3)
FNDA:1,(anonymous_4)
FNDA:0,(anonymous_5)
FNDA:7,(anonymous_6)
FNDA:9,(anonymous_7)
FNDA:23,(anonymous_8)
FNDA:9,(anonymous_9)
FNDA:1,(anonymous_10)
FNDA:0,(anonymous_11)
FNDA:23,(anonymous_12)
FNDA:1,(anonymous_13)
FNDA:1,(anonymous_14)
FNDA:23,(anonymous_15)
FNDA:0,(anonymous_16)
FNDA:0,(anonymous_17)
FNDA:11,(anonymous_18)
FNDA:7,(anonymous_19)
FNDA:0,(anonymous_20)
FNDA:0,(anonymous_21)
FNDA:0,(anonymous_22)
FNDA:0,(anonymous_23)
FNDA:0,(anonymous_24)
FNDA:0,(anonymous_25)
FNDA:0,(anonymous_26)
FNDA:0,(anonymous_27)
FNDA:0,(anonymous_28)
FNDA:0,(anonymous_29)
FNDA:0,(anonymous_30)
FNDA:0,(anonymous_31)
FNDA:0,(anonymous_32)
FNDA:0,(anonymous_33)
FNDA:0,(anonymous_34)
FNDA:7,(anonymous_35)
FNDA:10,(anonymous_36)
FNDA:10,(anonymous_37)
FNDA:10,(anonymous_38)
FNDA:1,(anonymous_39)
FNDA:0,(anonymous_40)
FNDA:0,(anonymous_41)
FNDA:10,(anonymous_42)
FNDA:60,(anonymous_43)
FNDA:10,(anonymous_44)
FNDA:8,(anonymous_45)
FNDA:2,(anonymous_46)
FNDA:11,(anonymous_47)
FNDA:7,(anonymous_48)
FNDA:7,(anonymous_49)
FNDA:0,(anonymous_50)
FNDA:3,(anonymous_51)
FNDA:1,(anonymous_52)
DA:18,2
DA:19,2
DA:20,2
DA:21,2
DA:22,2
DA:23,2
DA:24,2
DA:25,2
DA:26,2
DA:29,2
DA:32,2
DA:39,2
DA:46,2
DA:54,2
DA:64,2
DA:72,2
DA:79,31
DA:80,31
DA:81,31
DA:82,31
DA:83,31
DA:85,31
DA:86,31
DA:89,31
DA:90,31
DA:91,31
DA:92,31
DA:93,31
DA:94,31
DA:97,31
DA:98,31
DA:101,31
DA:102,31
DA:103,31
DA:106,31
DA:113,31
DA:114,31
DA:115,31
DA:116,31
DA:117,31
DA:118,31
DA:119,31
DA:123,0
DA:125,31
DA:126,31
DA:133,2
DA:134,1
DA:135,1
DA:138,1
DA:139,1
DA:145,1
DA:148,1
DA:155,4
DA:156,0
DA:159,4
DA:161,4
DA:162,2
DA:163,2
DA:166,4
DA:173,1
DA:174,0
DA:177,1
DA:178,0
DA:179,0
DA:181,0
DA:184,0
DA:199,7
DA:200,7
DA:202,7
DA:204,7
DA:205,7
DA:206,7
DA:209,7
DA:210,7
DA:215,7
DA:218,7
DA:219,7
DA:220,7
DA:224,7
DA:225,7
DA:226,7
DA:229,7
DA:230,0
DA:231,0
DA:232,0
DA:234,0
DA:236,0
DA:237,0
DA:241,0
DA:242,0
DA:246,0
DA:250,0
DA:258,0
DA:259,0
DA:260,0
DA:261,0
DA:266,7
DA:267,7
DA:268,7
DA:271,7
DA:272,2
DA:273,2
DA:274,1
DA:279,1
DA:280,1
DA:285,7
DA:286,7
DA:287,7
DA:290,7
DA:291,7
DA:292,7
DA:295,7
DA:298,7
DA:300,7
DA:301,7
DA:303,7
DA:313,0
DA:317,0
DA:320,0
DA:321,0
DA:322,0
DA:331,9
DA:339,9
DA:340,36
DA:341,36
DA:342,36
DA:344,0
DA:345,0
DA:350,9
DA:351,9
DA:352,9
DA:353,8
DA:356,0
DA:360,9
DA:362,0
DA:365,9
DA:372,23
DA:373,23
DA:374,23
DA:375,23
DA:377,23
DA:389,23
DA:397,9
DA:398,9
DA:399,9
DA:401,9
DA:413,9
DA:414,9
DA:421,9
DA:422,1
DA:423,1
DA:424,1
DA:425,1
DA:427,1
DA:428,0
DA:431,1
DA:439,9
DA:440,0
DA:447,9
DA:454,23
DA:456,23
DA:459,23
DA:460,1
DA:464,23
DA:465,1
DA:469,23
DA:470,1
DA:474,23
DA:475,0
DA:478,23
DA:479,1
DA:480,1
DA:487,23
DA:488,22
DA:492,1
DA:493,1
DA:494,0
DA:496,1
DA:497,1
DA:501,0
DA:503,0
DA:504,0
DA:507,0
DA:514,11
DA:515,11
DA:516,11
DA:518,11
DA:525,11
DA:526,11
DA:527,1
DA:528,1
DA:529,1
DA:533,11
DA:534,2
DA:535,2
DA:536,1
DA:537,1
DA:538,1
DA:543,11
DA:544,1
DA:545,1
DA:546,1
DA:550,11
DA:551,2
DA:552,2
DA:553,1
DA:554,1
DA:555,1
DA:560,11
DA:561,2
DA:562,2
DA:563,2
DA:566,11
DA:573,7
DA:574,7
DA:575,7
DA:576,7
DA:578,7
DA:584,7
DA:585,7
DA:586,7
DA:587,7
DA:588,7
DA:589,7
DA:591,7
DA:592,0
DA:593,0
DA:594,0
DA:595,0
DA:598,7
DA:599,7
DA:602,7
DA:611,7
DA:618,0
DA:619,0
DA:621,0
DA:623,0
DA:624,0
DA:625,0
DA:628,0
DA:629,0
DA:631,0
DA:642,0
DA:649,0
DA:650,0
DA:651,0
DA:653,0
DA:655,0
DA:656,0
DA:657,0
DA:659,0
DA:660,0
DA:661,0
DA:663,0
DA:665,0
DA:666,0
DA:668,0
DA:670,0
DA:679,0
DA:681,0
DA:688,0
DA:690,0
DA:691,0
DA:692,0
DA:693,0
DA:695,0
DA:696,0
DA:698,0
DA:699,0
DA:701,0
DA:702,0
DA:706,0
DA:709,0
DA:716,0
DA:718,0
DA:719,0
DA:720,0
DA:721,0
DA:722,0
DA:723,0
DA:724,0
DA:727,0
DA:728,0
DA:730,0
DA:743,7
DA:750,10
DA:751,10
DA:752,10
DA:755,10
DA:758,10
DA:760,10
DA:761,10
DA:767,8
DA:769,8
DA:770,8
DA:773,2
DA:776,2
DA:784,10
DA:785,10
DA:786,10
DA:787,10
DA:789,10
DA:825,10
DA:826,10
DA:828,10
DA:875,1
DA:880,0
DA:886,10
DA:890,10
DA:891,10
DA:892,10
DA:893,60
DA:896,10
DA:899,10
DA:903,10
DA:905,0
DA:906,0
DA:911,10
DA:912,10
DA:913,10
DA:915,0
DA:916,0
DA:924,8
DA:926,8
DA:929,8
DA:930,8
DA:931,8
DA:932,1
DA:935,8
DA:938,8
DA:939,8
DA:940,0
DA:943,8
DA:953,0
DA:959,0
DA:968,2
DA:969,1
DA:979,1
DA:980,0
DA:990,1
DA:1003,11
DA:1004,11
DA:1007,8
DA:1010,8
DA:1013,1
DA:1014,1
DA:1022,1
DA:1028,1
DA:1029,1
DA:1030,1
DA:1031,1
DA:1035,1
DA:1042,1
DA:1044,1
DA:1049,1
DA:1050,1
DA:1054,1
DA:1061,1
DA:1063,1
DA:1067,1
DA:1068,1
DA:1072,0
DA:1083,7
DA:1084,7
DA:1087,7
DA:1090,7
DA:1091,0
DA:1092,0
DA:1093,0
DA:1098,7
DA:1099,7
DA:1100,7
DA:1101,7
DA:1109,7
DA:1117,7
DA:1118,0
DA:1126,0
DA:1127,0
DA:1135,0
DA:1137,0
DA:1138,0
DA:1141,0
DA:1151,3
DA:1152,3
DA:1153,3
DA:1154,3
DA:1161,1
DA:1174,2
LF:388
LH:275
BRDA:29,0,0,2
BRDA:29,0,1,2
BRDA:115,1,0,31
BRDA:115,1,1,0
BRDA:117,2,0,31
BRDA:117,2,1,0
BRDA:117,3,0,31
BRDA:117,3,1,31
BRDA:119,4,0,31
BRDA:119,4,1,31
BRDA:133,5,0,1
BRDA:133,5,1,1
BRDA:155,6,0,0
BRDA:155,6,1,4
BRDA:161,7,0,2
BRDA:161,7,1,2
BRDA:173,8,0,0
BRDA:173,8,1,1
BRDA:229,9,0,0
BRDA:229,9,1,7
BRDA:229,10,0,7
BRDA:229,10,1,0
BRDA:234,11,0,0
BRDA:234,11,1,0
BRDA:236,12,0,0
BRDA:236,12,1,0
BRDA:241,13,0,0
BRDA:241,13,1,0
BRDA:271,14,0,2
BRDA:271,14,1,5
BRDA:271,15,0,7
BRDA:271,15,1,2
BRDA:273,16,0,1
BRDA:273,16,1,1
BRDA:320,17,0,0
BRDA:320,17,1,0
BRDA:352,18,0,8
BRDA:352,18,1,1
BRDA:352,19,0,9
BRDA:352,19,1,8
BRDA:360,20,0,0
BRDA:360,20,1,9
BRDA:379,21,0,23
BRDA:379,21,1,23
BRDA:380,22,0,23
BRDA:380,22,1,22
BRDA:382,23,0,23
BRDA:382,23,1,0
BRDA:383,24,0,23
BRDA:383,24,1,0
BRDA:386,25,0,0
BRDA:386,25,1,23
BRDA:413,26,0,9
BRDA:413,26,1,0
BRDA:413,27,0,9
BRDA:413,27,1,9
BRDA:421,28,0,1
BRDA:421,28,1,8
BRDA:421,29,0,9
BRDA:421,29,1,8
BRDA:423,30,0,1
BRDA:423,30,1,0
BRDA:423,31,0,1
BRDA:423,31,1,1
BRDA:424,32,0,1
BRDA:424,32,1,0
BRDA:424,33,0,1
BRDA:424,33,1,1
BRDA:424,33,2,1
BRDA:424,34,0,1
BRDA:424,34,1,1
BRDA:427,35,0,0
BRDA:427,35,1,1
BRDA:427,36,0,1
BRDA:427,36,1,1
BRDA:427,36,2,1
BRDA:427,37,0,0
BRDA:427,37,1,0
BRDA:439,38,0,0
BRDA:439,38,1,9
BRDA:454,39,0,0
BRDA:454,39,1,23
BRDA:459,40,0,1
BRDA:459,40,1,22
BRDA:464,41,0,1
BRDA:464,41,1,22
BRDA:464,42,0,23
BRDA:464,42,1,23
BRDA:464,43,0,1
BRDA:464,43,1,1
BRDA:469,44,0,1
BRDA:469,44,1,22
BRDA:469,45,0,23
BRDA:469,45,1,23
BRDA:469,46,0,1
BRDA:469,46,1,1
BRDA:474,47,0,0
BRDA:474,47,1,23
BRDA:474,48,0,23
BRDA:474,48,1,23
BRDA:478,49,0,22
BRDA:478,49,1,1
BRDA:479,50,0,0
BRDA:479,50,1,1
BRDA:487,51,0,22
BRDA:487,51,1,1
BRDA:487,52,0,23
BRDA:487,52,1,23
BRDA:493,53,0,1
BRDA:493,53,1,0
BRDA:496,54,0,1
BRDA:496,54,1,0
BRDA:503,55,0,0
BRDA:503,55,1,0
BRDA:526,56,0,1
BRDA:526,56,1,10
BRDA:533,57,0,2
BRDA:533,57,1,9
BRDA:533,58,0,11
BRDA:533,58,1,11
BRDA:533,58,2,11
BRDA:534,59,0,2
BRDA:534,59,1,0
BRDA:535,60,0,1
BRDA:535,60,1,1
BRDA:543,61,0,1
BRDA:543,61,1,10
BRDA:550,62,0,2
BRDA:550,62,1,9
BRDA:550,63,0,11
BRDA:550,63,1,2
BRDA:550,63,2,2
BRDA:550,63,3,2
BRDA:552,64,0,1
BRDA:552,64,1,1
BRDA:552,65,0,2
BRDA:552,65,1,1
BRDA:560,66,0,2
BRDA:560,66,1,9
BRDA:560,67,0,11
BRDA:560,67,1,10
BRDA:584,68,0,7
BRDA:584,68,1,7
BRDA:585,69,0,7
BRDA:585,69,1,7
BRDA:591,70,0,0
BRDA:591,70,1,7
BRDA:591,71,0,7
BRDA:591,71,1,0
BRDA:591,71,2,0
BRDA:591,71,3,0
BRDA:591,71,4,0
BRDA:598,72,0,7
BRDA:598,72,1,0
BRDA:598,73,0,7
BRDA:598,73,1,7
BRDA:623,74,0,0
BRDA:623,74,1,0
BRDA:657,75,0,0
BRDA:657,75,1,0
BRDA:660,76,0,0
BRDA:660,76,1,0
BRDA:661,77,0,0
BRDA:661,77,1,0
BRDA:692,78,0,0
BRDA:692,78,1,0
BRDA:692,79,0,0
BRDA:692,79,1,0
BRDA:695,80,0,0
BRDA:695,80,1,0
BRDA:695,81,0,0
BRDA:695,81,1,0
BRDA:695,82,0,0
BRDA:695,82,1,0
BRDA:698,83,0,0
BRDA:698,83,1,0
BRDA:698,84,0,0
BRDA:698,84,1,0
BRDA:698,85,0,0
BRDA:698,85,1,0
BRDA:701,86,0,0
BRDA:701,86,1,0
BRDA:701,87,0,0
BRDA:701,87,1,0
BRDA:701,88,0,0
BRDA:701,88,1,0
BRDA:716,89,0,0
BRDA:716,89,1,0
BRDA:727,90,0,0
BRDA:727,90,1,0
BRDA:732,91,0,0
BRDA:732,91,1,0
BRDA:743,92,0,7
BRDA:743,92,1,0
BRDA:791,93,0,10
BRDA:791,93,1,0
BRDA:792,94,0,10
BRDA:792,94,1,0
BRDA:793,95,0,10
BRDA:793,95,1,0
BRDA:794,96,0,10
BRDA:794,96,1,0
BRDA:795,97,0,10
BRDA:795,97,1,0
BRDA:798,98,0,9
BRDA:798,98,1,1
BRDA:799,99,0,10
BRDA:799,99,1,0
BRDA:864,100,0,10
BRDA:864,100,1,1
BRDA:869,101,0,10
BRDA:869,101,1,9
BRDA:872,102,0,0
BRDA:872,102,1,10
BRDA:875,103,0,10
BRDA:875,103,1,9
BRDA:875,104,0,1
BRDA:875,104,1,0
BRDA:875,105,0,1
BRDA:875,105,1,0
BRDA:880,106,0,10
BRDA:880,106,1,10
BRDA:896,107,0,10
BRDA:896,107,1,0
BRDA:899,108,0,10
BRDA:899,108,1,0
BRDA:931,109,0,1
BRDA:931,109,1,7
BRDA:939,110,0,0
BRDA:939,110,1,8
BRDA:945,111,0,8
BRDA:945,111,1,7
BRDA:946,112,0,8
BRDA:946,112,1,8
BRDA:947,113,0,8
BRDA:947,113,1,0
BRDA:948,114,0,8
BRDA:948,114,1,6
BRDA:968,115,0,1
BRDA:968,115,1,1
BRDA:968,116,0,2
BRDA:968,116,1,1
BRDA:979,117,0,0
BRDA:979,117,1,1
BRDA:1004,118,0,8
BRDA:1004,118,1,1
BRDA:1004,118,2,1
BRDA:1004,118,3,1
BRDA:1013,119,0,1
BRDA:1013,119,1,1
BRDA:1018,120,0,1
BRDA:1018,120,1,1
BRDA:1019,121,0,1
BRDA:1019,121,1,1
BRDA:1090,122,0,0
BRDA:1090,122,1,7
BRDA:1092,123,0,0
BRDA:1092,123,1,0
BRDA:1098,124,0,7
BRDA:1098,124,1,0
BRDA:1098,125,0,7
BRDA:1098,125,1,7
BRDA:1098,125,2,7
BRDA:1117,126,0,0
BRDA:1117,126,1,7
BRF:265
BRH:170
end_of_record
TN:
SF:src/layers/strategy.js
FN:48,(anonymous_0)
FN:72,(anonymous_1)
FN:95,(anonymous_2)
FN:114,(anonymous_3)
FN:119,(anonymous_4)
FN:120,(anonymous_5)
FN:129,(anonymous_6)
FN:216,(anonymous_7)
FN:286,(anonymous_8)
FN:303,(anonymous_9)
FN:321,(anonymous_10)
FN:325,(anonymous_11)
FN:329,(anonymous_12)
FN:330,(anonymous_13)
FN:332,(anonymous_14)
FN:341,(anonymous_15)
FN:349,(anonymous_16)
FN:356,(anonymous_17)
FN:363,(anonymous_18)
FN:379,(anonymous_19)
FN:420,(anonymous_20)
FN:424,(anonymous_21)
FN:444,(anonymous_22)
FN:457,(anonymous_23)
FN:474,(anonymous_24)
FN:496,(anonymous_25)
FN:525,(anonymous_26)
FN:557,(anonymous_27)
FN:583,(anonymous_28)
FN:588,(anonymous_29)
FN:596,(anonymous_30)
FN:609,(anonymous_31)
FN:630,(anonymous_32)
FN:632,(anonymous_33)
FN:638,(anonymous_34)
FN:640,(anonymous_35)
FN:646,(anonymous_36)
FN:648,(anonymous_37)
FN:654,(anonymous_38)
FN:668,(anonymous_39)
FN:685,(anonymous_40)
FN:691,(anonymous_41)
FN:692,(anonymous_42)
FN:712,(anonymous_43)
FN:727,(anonymous_44)
FN:749,(anonymous_45)
FN:770,(anonymous_46)
FN:777,(anonymous_47)
FN:784,(anonymous_48)
FN:788,(anonymous_49)
FN:789,(anonymous_50)
FNF:51
FNH:25
FNDA:27,(anonymous_0)
FNDA:0,(anonymous_1)
FNDA:0,(anonymous_2)
FNDA:0,(anonymous_3)
FNDA:0,(anonymous_4)
FNDA:0,(anonymous_5)
FNDA:0,(anonymous_6)
FNDA:0,(anonymous_7)
FNDA:0,(anonymous_8)
FNDA:2,(anonymous_9)
FNDA:1,(anonymous_10)
FNDA:1,(anonymous_11)
FNDA:0,(anonymous_12)
FNDA:0,(anonymous_13)
FNDA:0,(anonymous_14)
FNDA:1,(anonymous_15)
FNDA:0,(anonymous_16)
FNDA:0,(anonymous_17)
FNDA:0,(anonymous_18)
FNDA:0,(anonymous_19)
FNDA:2,(anonymous_20)
FNDA:12,(anonymous_21)
FNDA:2,(anonymous_22)
FNDA:0,(anonymous_23)
FNDA:0,(anonymous_24)
FNDA:0,(anonymous_25)
FNDA:0,(anonymous_26)
FNDA:0,(anonymous_27)
FNDA:0,(anonymous_28)
FNDA:0,(anonymous_29)
FNDA:0,(anonymous_30)
FNDA:0,(anonymous_31)
FNDA:2,(anonymous_32)
FNDA:0,(anonymous_33)
FNDA:2,(anonymous_34)
FNDA:0,(anonymous_35)
FNDA:17,(anonymous_36)
FNDA:123,(anonymous_37)
FNDA:17,(anonymous_38)
FNDA:2,(anonymous_39)
FNDA:5,(anonymous_40)
FNDA:5,(anonymous_41)
FNDA:2,(anonymous_42)
FNDA:3,(anonymous_43)
FNDA:6,(anonymous_44)
FNDA:5,(anonymous_45)
FNDA:6,(anonymous_46)
FNDA:27,(anonymous_47)
FNDA:4,(anonymous_48)
FNDA:2,(anonymous_49)
FNDA:1,(anonymous_50)
DA:19,2
DA:20,2
DA:21,2
DA:22,2
DA:23,2
DA:24,2
DA:27,2
DA:30,2
DA:38,2
DA:45,2
DA:49,27
DA:50,27
DA:51,27
DA:53,27
DA:54,27
DA:56,27
DA:57,27
DA:58,27
DA:59,27
DA:61,27
DA:62,27
DA:64,27
DA:65,27
DA:66,27
DA:73,0
DA:74,0
DA:75,0
DA:78,0
DA:79,0
DA:86,0
DA:89,0
DA:96,0
DA:97,0
DA:100,0
DA:102,0
DA:103,0
DA:104,0
DA:107,0
DA:108,0
DA:115,0
DA:116,0
DA:119,0
DA:120,0
DA:121,0
DA:130,0
DA:132,0
DA:133,0
DA:134,0
DA:135,0
DA:136,0
DA:140,0
DA:141,0
DA:144,0
DA:145,0
DA:149,0
DA:150,0
DA:151,0
DA:155,0
DA:156,0
DA:157,0
DA:158,0
DA:162,0
DA:163,0
DA:164,0
DA:168,0
DA:169,0
DA:170,0
DA:174,0
DA:175,0
DA:176,0
DA:180,0
DA:182,0
DA:183,0
DA:184,0
DA:185,0
DA:186,0
DA:191,0
DA:196,0
DA:197,0
DA:201,0
DA:204,0
DA:210,0
DA:217,0
DA:219,0
DA:221,0
DA:224,0
DA:235,0
DA:240,0
DA:241,0
DA:242,0
DA:245,0
DA:246,0
DA:248,0
DA:249,0
DA:250,0
DA:254,0
DA:256,0
DA:264,0
DA:265,0
DA:266,0
DA:269,0
DA:281,0
DA:282,0
DA:285,0
DA:286,0
DA:290,0
DA:293,0
DA:304,2
DA:305,2
DA:307,2
DA:308,2
DA:309,2
DA:311,2
DA:313,2
DA:314,2
DA:315,2
DA:316,2
DA:317,2
DA:319,2
DA:320,1
DA:321,1
DA:324,2
DA:325,1
DA:328,2
DA:329,0
DA:330,0
DA:331,0
DA:332,0
DA:334,0
DA:335,0
DA:339,2
DA:340,1
DA:341,1
DA:342,1
DA:343,1
DA:347,2
DA:348,0
DA:349,0
DA:350,0
DA:354,2
DA:355,0
DA:356,0
DA:357,0
DA:361,2
DA:362,0
DA:363,0
DA:364,0
DA:365,0
DA:369,2
DA:370,2
DA:371,2
DA:373,2
DA:380,0
DA:421,2
DA:422,2
DA:423,2
DA:424,12
DA:427,2
DA:430,2
DA:434,2
DA:436,0
DA:437,0
DA:445,2
DA:446,2
DA:447,2
DA:449,0
DA:450,0
DA:458,0
DA:460,0
DA:461,0
DA:462,0
DA:463,0
DA:466,0
DA:468,0
DA:469,0
DA:470,0
DA:474,0
DA:475,0
DA:476,0
DA:477,0
DA:479,0
DA:482,0
DA:485,0
DA:489,0
DA:497,0
DA:502,0
DA:503,0
DA:506,0
DA:513,0
DA:515,0
DA:517,0
DA:518,0
DA:519,0
DA:526,0
DA:527,0
DA:528,0
DA:531,0
DA:534,0
DA:541,0
DA:542,0
DA:545,0
DA:548,0
DA:551,0
DA:558,0
DA:561,0
DA:562,0
DA:568,0
DA:570,0
DA:571,0
DA:572,0
DA:576,0
DA:577,0
DA:584,0
DA:588,0
DA:590,0
DA:597,0
DA:598,0
DA:603,0
DA:610,0
DA:612,0
DA:624,0
DA:631,2
DA:632,2
DA:639,2
DA:640,2
DA:647,17
DA:648,123
DA:655,17
DA:662,17
DA:669,2
DA:686,5
DA:688,5
DA:689,5
DA:692,5
DA:696,3
DA:697,3
DA:699,3
DA:701,2
DA:705,2
DA:713,3
DA:718,3
DA:728,6
DA:730,5
DA:737,5
DA:739,5
DA:740,4
DA:743,5
DA:750,5
DA:752,2
DA:753,2
DA:755,2
DA:756,4
DA:757,4
DA:760,2
DA:761,1
DA:764,2
DA:771,6
DA:773,5
DA:774,5
DA:776,5
DA:777,27
DA:785,4
DA:787,2
DA:788,2
DA:789,1
DA:791,2
DA:797,2
DA:805,2
DA:807,2
DA:815,2
DA:819,2
LF:271
LH:113
BRDA:27,0,0,2
BRDA:27,0,1,2
BRDA:73,1,0,0
BRDA:73,1,1,0
BRDA:81,2,0,0
BRDA:81,2,1,0
BRDA:96,3,0,0
BRDA:96,3,1,0
BRDA:102,4,0,0
BRDA:102,4,1,0
BRDA:115,5,0,0
BRDA:115,5,1,0
BRDA:133,6,0,0
BRDA:133,6,1,0
BRDA:141,7,0,0
BRDA:141,7,1,0
BRDA:144,8,0,0
BRDA:144,8,1,0
BRDA:155,9,0,0
BRDA:155,9,1,0
BRDA:163,10,0,0
BRDA:163,10,1,0
BRDA:163,11,0,0
BRDA:163,11,1,0
BRDA:163,12,0,0
BRDA:163,12,1,0
BRDA:175,13,0,0
BRDA:175,13,1,0
BRDA:182,14,0,0
BRDA:182,14,1,0
BRDA:191,15,0,0
BRDA:191,15,1,0
BRDA:191,15,2,0
BRDA:191,15,3,0
BRDA:196,16,0,0
BRDA:196,16,1,0
BRDA:240,17,0,0
BRDA:240,17,1,0
BRDA:240,18,0,0
BRDA:240,18,1,0
BRDA:240,18,2,0
BRDA:248,19,0,0
BRDA:248,19,1,0
BRDA:248,20,0,0
BRDA:248,20,1,0
BRDA:254,21,0,0
BRDA:254,21,1,0
BRDA:254,22,0,0
BRDA:254,22,1,0
BRDA:281,23,0,0
BRDA:281,23,1,0
BRDA:286,24,0,0
BRDA:286,24,1,0
BRDA:319,25,0,1
BRDA:319,25,1,1
BRDA:324,26,0,1
BRDA:324,26,1,1
BRDA:324,27,0,2
BRDA:324,27,1,2
BRDA:328,28,0,0
BRDA:328,28,1,2
BRDA:328,29,0,2
BRDA:328,29,1,2
BRDA:331,30,0,0
BRDA:331,30,1,0
BRDA:334,31,0,0
BRDA:334,31,1,0
BRDA:339,32,0,1
BRDA:339,32,1,1
BRDA:339,33,0,2
BRDA:339,33,1,2
BRDA:347,34,0,0
BRDA:347,34,1,2
BRDA:347,35,0,2
BRDA:347,35,1,2
BRDA:354,36,0,0
BRDA:354,36,1,2
BRDA:361,37,0,0
BRDA:361,37,1,2
BRDA:364,38,0,0
BRDA:364,38,1,0
BRDA:365,39,0,0
BRDA:365,39,1,0
BRDA:427,40,0,0
BRDA:427,40,1,2
BRDA:430,41,0,0
BRDA:430,41,1,2
BRDA:461,42,0,0
BRDA:461,42,1,0
BRDA:468,43,0,0
BRDA:468,43,1,0
BRDA:475,44,0,0
BRDA:475,44,1,0
BRDA:502,45,0,0
BRDA:502,45,1,0
BRDA:526,46,0,0
BRDA:526,46,1,0
BRDA:545,47,0,0
BRDA:545,47,1,0
BRDA:545,48,0,0
BRDA:545,48,1,0
BRDA:545,48,2,0
BRDA:561,49,0,0
BRDA:561,49,1,0
BRDA:570,50,0,0
BRDA:570,50,1,0
BRDA:570,51,0,0
BRDA:570,51,1,0
BRDA:597,52,0,0
BRDA:597,52,1,0
BRDA:597,53,0,0
BRDA:597,53,1,0
BRDA:654,54,0,16
BRDA:671,55,0,1
BRDA:671,55,1,1
BRDA:672,56,0,1
BRDA:672,56,1,1
BRDA:728,57,0,1
BRDA:728,57,1,5
BRDA:739,58,0,4
BRDA:739,58,1,1
BRDA:750,59,0,3
BRDA:750,59,1,2
BRDA:760,60,0,1
BRDA:760,60,1,1
BRDA:771,61,0,1
BRDA:771,61,1,5
BRDA:777,62,0,27
BRDA:777,62,1,24
BRDA:785,63,0,2
BRDA:785,63,1,2
BRDA:785,64,0,4
BRDA:785,64,1,4
BRDA:785,64,2,3
BRDA:787,65,0,1
BRDA:787,65,1,1
BRDA:797,66,0,2
BRDA:797,66,1,0
BRDA:801,67,0,2
BRDA:801,67,1,2
BRDA:805,68,0,1
BRDA:805,68,1,1
BRF:142
BRH:51
end_of_record
TN:
SF:src/memory/conversation-store.js
FN:34,(anonymous_0)
FN:35,(anonymous_1)
FN:49,(anonymous_2)
FN:50,(anonymous_3)
FN:87,(anonymous_4)
FN:88,(anonymous_5)
FN:89,(anonymous_6)
FN:90,(anonymous_7)
FN:98,(anonymous_8)
FN:99,(anonymous_9)
FN:109,(anonymous_10)
FN:110,(anonymous_11)
FN:128,(anonymous_12)
FN:132,(anonymous_13)
FN:134,(anonymous_14)
FN:139,(anonymous_15)
FN:151,(anonymous_16)
FN:156,(anonymous_17)
FN:179,(anonymous_18)
FN:181,(anonymous_19)
FN:188,(anonymous_20)
FN:202,(anonymous_21)
FN:207,(anonymous_22)
FN:215,(anonymous_23)
FN:216,(anonymous_24)
FN:217,(anonymous_25)
FN:221,(anonymous_26)
FN:237,(anonymous_27)
FN:240,(anonymous_28)
FN:241,(anonymous_29)
FN:244,(anonymous_30)
FN:246,(anonymous_31)
FN:267,(anonymous_32)
FN:268,(anonymous_33)
FN:276,(anonymous_34)
FN:281,(anonymous_35)
FN:303,(anonymous_36)
FN:307,(anonymous_37)
FN:309,(anonymous_38)
FN:313,(anonymous_39)
FN:325,(anonymous_40)
FN:331,(anonymous_41)
FN:345,(anonymous_42)
FN:350,(anonymous_43)
FN:368,(anonymous_44)
FN:369,(anonymous_45)
FN:375,(anonymous_46)
FN:399,(anonymous_47)
FN:402,(anonymous_48)
FN:406,(anonymous_49)
FN:429,(anonymous_50)
FN:430,(anonymous_51)
FN:434,(anonymous_52)
FN:445,(anonymous_53)
FN:446,(anonymous_54)
FN:447,(anonymous_55)
FNF:56
FNH:4
FNDA:31,(anonymous_0)
FNDA:31,(anonymous_1)
FNDA:31,(anonymous_2)
FNDA:31,(anonymous_3)
FNDA:0,(anonymous_4)
FNDA:0,(anonymous_5)
FNDA:0,(anonymous_6)
FNDA:0,(anonymous_7)
FNDA:0,(anonymous_8)
FNDA:0,(anonymous_9)
FNDA:0,(anonymous_10)
FNDA:0,(anonymous_11)
FNDA:0,(anonymous_12)
FNDA:0,(anonymous_13)
FNDA:0,(anonymous_14)
FNDA:0,(anonymous_15)
FNDA:0,(anonymous_16)
FNDA:0,(anonymous_17)
FNDA:0,(anonymous_18)
FNDA:0,(anonymous_19)
FNDA:0,(anonymous_20)
FNDA:0,(anonymous_21)
FNDA:0,(anonymous_22)
FNDA:0,(anonymous_23)
FNDA:0,(anonymous_24)
FNDA:0,(anonymous_25)
FNDA:0,(anonymous_26)
FNDA:0,(anonymous_27)
FNDA:0,(anonymous_28)
FNDA:0,(anonymous_29)
FNDA:0,(anonymous_30)
FNDA:0,(anonymous_31)
FNDA:0,(anonymous_32)
FNDA:0,(anonymous_33)
FNDA:0,(anonymous_34)
FNDA:0,(anonymous_35)
FNDA:0,(anonymous_36)
FNDA:0,(anonymous_37)
FNDA:0,(anonymous_38)
FNDA:0,(anonymous_39)
FNDA:0,(anonymous_40)
FNDA:0,(anonymous_41)
FNDA:0,(anonymous_42)
FNDA:0,(anonymous_43)
FNDA:0,(anonymous_44)
FNDA:0,(anonymous_45)
FNDA:0,(anonymous_46)
FNDA:0,(anonymous_47)
FNDA:0,(anonymous_48)
FNDA:0,(anonymous_49)
FNDA:0,(anonymous_50)
FNDA:0,(anonymous_51)
FNDA:0,(anonymous_52)
FNDA:0,(anonymous_53)
FNDA:0,(anonymous_54)
FNDA:0,(anonymous_55)
DA:15,2
DA:16,2
DA:17,2
DA:19,2
DA:20,2
DA:21,2
DA:24,2
DA:35,31
DA:36,31
DA:37,0
DA:39,31
DA:42,31
DA:50,31
DA:52,31
DA:63,31
DA:66,31
DA:69,31
DA:78,31
DA:88,0
DA:89,0
DA:90,0
DA:91,0
DA:92,0
DA:93,0
DA:94,0
DA:97,0
DA:99,0
DA:100,0
DA:101,0
DA:102,0
DA:103,0
DA:105,0
DA:110,0
DA:111,0
DA:112,0
DA:129,0
DA:130,0
DA:132,0
DA:134,0
DA:135,0
DA:140,0
DA:141,0
DA:142,0
DA:144,0
DA:151,0
DA:152,0
DA:157,0
DA:158,0
DA:164,0
DA:165,0
DA:168,0
DA:169,0
DA:181,0
DA:182,0
DA:189,0
DA:190,0
DA:195,0
DA:198,0
DA:199,0
DA:202,0
DA:203,0
DA:208,0
DA:209,0
DA:215,0
DA:216,0
DA:217,0
DA:218,0
DA:222,0
DA:224,0
DA:225,0
DA:238,0
DA:239,0
DA:240,0
DA:241,0
DA:244,0
DA:245,0
DA:246,0
DA:247,0
DA:248,0
DA:253,0
DA:254,0
DA:258,0
DA:268,0
DA:269,0
DA:277,0
DA:278,0
DA:279,0
DA:281,0
DA:290,0
DA:304,0
DA:305,0
DA:307,0
DA:309,0
DA:310,0
DA:314,0
DA:315,0
DA:320,0
DA:322,0
DA:323,0
DA:325,0
DA:326,0
DA:332,0
DA:333,0
DA:338,0
DA:339,0
DA:342,0
DA:343,0
DA:345,0
DA:346,0
DA:351,0
DA:352,0
DA:357,0
DA:358,0
DA:369,0
DA:370,0
DA:376,0
DA:377,0
DA:378,0
DA:379,0
DA:380,0
DA:382,0
DA:400,0
DA:402,0
DA:403,0
DA:407,0
DA:408,0
DA:409,0
DA:411,0
DA:412,0
DA:417,0
DA:430,0
DA:431,0
DA:435,0
DA:436,0
DA:446,0
DA:447,0
DA:448,0
DA:449,0
DA:450,0
DA:452,0
DA:453,0
DA:460,2
LF:142
LH:18
BRDA:34,0,0,31
BRDA:36,1,0,0
BRDA:36,1,1,31
BRDA:91,2,0,0
BRDA:91,2,1,0
BRDA:100,3,0,0
BRDA:100,3,1,0
BRDA:128,4,0,0
BRDA:128,5,0,0
BRDA:128,6,0,0
BRDA:130,7,0,0
BRDA:130,7,1,0
BRDA:140,8,0,0
BRDA:140,8,1,0
BRDA:157,9,0,0
BRDA:157,9,1,0
BRDA:164,10,0,0
BRDA:164,10,1,0
BRDA:189,11,0,0
BRDA:189,11,1,0
BRDA:195,12,0,0
BRDA:195,12,1,0
BRDA:208,13,0,0
BRDA:208,13,1,0
BRDA:222,14,0,0
BRDA:222,14,1,0
BRDA:247,15,0,0
BRDA:247,15,1,0
BRDA:247,16,0,0
BRDA:247,16,1,0
BRDA:254,17,0,0
BRDA:254,17,1,0
BRDA:258,18,0,0
BRDA:258,18,1,0
BRDA:267,19,0,0
BRDA:277,20,0,0
BRDA:277,20,1,0
BRDA:287,21,0,0
BRDA:287,21,1,0
BRDA:304,22,0,0
BRDA:304,22,1,0
BRDA:314,23,0,0
BRDA:314,23,1,0
BRDA:320,24,0,0
BRDA:320,24,1,0
BRDA:332,25,0,0
BRDA:332,25,1,0
BRDA:351,26,0,0
BRDA:351,26,1,0
BRDA:376,27,0,0
BRDA:376,27,1,0
BRDA:379,28,0,0
BRDA:379,28,1,0
BRDA:382,29,0,0
BRDA:382,29,1,0
BRDA:407,30,0,0
BRDA:407,30,1,0
BRDA:411,31,0,0
BRDA:411,31,1,0
BRDA:435,32,0,0
BRDA:435,32,1,0
BRDA:448,33,0,0
BRDA:448,33,1,0
BRF:63
BRH:2
end_of_record
TN:
SF:src/memory/knowledge-graph.js
FN:19,(anonymous_0)
FN:41,(anonymous_1)
FN:94,(anonymous_2)
FN:143,(anonymous_3)
FN:158,(anonymous_4)
FN:207,(anonymous_5)
FN:238,(anonymous_6)
FN:246,(anonymous_7)
FN:268,(anonymous_8)
FN:277,(anonymous_9)
FN:291,(anonymous_10)
FN:320,(anonymous_11)
FN:352,(anonymous_12)
FN:375,(anonymous_13)
FN:390,(anonymous_14)
FN:402,(anonymous_15)
FN:426,(anonymous_16)
FN:458,(anonymous_17)
FN:485,(anonymous_18)
FN:506,(anonymous_19)
FN:525,(anonymous_20)
FN:554,(anonymous_21)
FN:558,(anonymous_22)
FN:578,(anonymous_23)
FN:589,(anonymous_24)
FN:593,(anonymous_25)
FN:607,(anonymous_26)
FN:610,(anonymous_27)
FN:618,(anonymous_28)
FN:622,(anonymous_29)
FN:627,(anonymous_30)
FN:653,(anonymous_31)
FN:656,(anonymous_32)
FN:664,(anonymous_33)
FN:668,(anonymous_34)
FN:684,(anonymous_35)
FN:687,(anonymous_36)
FN:700,(anonymous_37)
FN:754,(anonymous_38)
FN:774,(anonymous_39)
FN:789,(anonymous_40)
FN:798,(anonymous_41)
FN:807,(anonymous_42)
FN:818,(anonymous_43)
FN:834,(anonymous_44)
FN:847,(anonymous_45)
FN:873,(anonymous_46)
FN:877,(anonymous_47)
FN:884,(anonymous_48)
FNF:49
FNH:49
FNDA:146,(anonymous_0)
FNDA:11766,(anonymous_1)
FNDA:2147,(anonymous_2)
FNDA:1012,(anonymous_3)
FNDA:1,(anonymous_4)
FNDA:107,(anonymous_5)
FNDA:1056,(anonymous_6)
FNDA:500107,(anonymous_7)
FNDA:104,(anonymous_8)
FNDA:50010,(anonymous_9)
FNDA:4,(anonymous_10)
FNDA:12,(anonymous_11)
FNDA:8,(anonymous_12)
FNDA:4,(anonymous_13)
FNDA:9,(anonymous_14)
FNDA:117,(anonymous_15)
FNDA:26,(anonymous_16)
FNDA:10,(anonymous_17)
FNDA:22,(anonymous_18)
FNDA:9,(anonymous_19)
FNDA:17,(anonymous_20)
FNDA:11,(anonymous_21)
FNDA:23,(anonymous_22)
FNDA:20,(anonymous_23)
FNDA:3,(anonymous_24)
FNDA:8,(anonymous_25)
FNDA:5,(anonymous_26)
FNDA:2,(anonymous_27)
FNDA:12,(anonymous_28)
FNDA:12,(anonymous_29)
FNDA:3,(anonymous_30)
FNDA:10,(anonymous_31)
FNDA:1,(anonymous_32)
FNDA:12,(anonymous_33)
FNDA:20,(anonymous_34)
FNDA:11,(anonymous_35)
FNDA:2,(anonymous_36)
FNDA:7,(anonymous_37)
FNDA:5,(anonymous_38)
FNDA:24,(anonymous_39)
FNDA:16,(anonymous_40)
FNDA:16,(anonymous_41)
FNDA:16,(anonymous_42)
FNDA:177805,(anonymous_43)
FNDA:155608,(anonymous_44)
FNDA:4,(anonymous_45)
FNDA:105,(anonymous_46)
FNDA:10013,(anonymous_47)
FNDA:9907,(anonymous_48)
DA:12,3
DA:13,3
DA:14,3
DA:16,3
DA:20,146
DA:21,146
DA:22,146
DA:23,146
DA:30,146
DA:42,11766
DA:43,2
DA:44,2
DA:48,11764
DA:49,4
DA:52,11764
DA:53,11764
DA:54,11764
DA:56,11764
DA:57,1
DA:64,1
DA:65,1
DA:66,1
DA:69,11763
DA:78,11763
DA:79,11763
DA:81,11763
DA:82,11763
DA:95,2147
DA:96,3
DA:97,3
DA:101,2144
DA:102,1
DA:103,1
DA:106,2143
DA:107,2143
DA:108,2143
DA:111,2143
DA:113,2143
DA:114,2143
DA:122,2140
DA:125,2140
DA:126,2140
DA:128,2140
DA:129,2140
DA:131,3
DA:132,3
DA:144,1012
DA:145,1012
DA:147,1012
DA:148,2
DA:149,2
DA:152,1010
DA:153,1010
DA:155,1010
DA:157,1010
DA:158,1
DA:161,1010
DA:162,1010
DA:164,1010
DA:165,3887
DA:168,3887
DA:169,2
DA:173,3885
DA:174,1
DA:177,3884
DA:178,3884
DA:181,3884
DA:182,0
DA:185,3884
DA:193,1010
DA:195,0
DA:196,0
DA:208,107
DA:209,107
DA:211,107
DA:212,2
DA:213,2
DA:216,105
DA:217,105
DA:218,105
DA:221,105
DA:223,105
DA:224,105
DA:225,105
DA:228,0
DA:239,1056
DA:240,1056
DA:242,1056
DA:244,1056
DA:246,1056
DA:247,500107
DA:248,100084
DA:250,100083
DA:252,100083
DA:260,1056
DA:269,104
DA:271,104
DA:273,104
DA:274,104
DA:277,104
DA:278,50010
DA:280,50009
DA:281,50009
DA:291,104
DA:292,4
DA:294,3
DA:295,3
DA:297,3
DA:298,0
DA:301,3
DA:311,104
DA:321,12
DA:322,12
DA:324,12
DA:325,0
DA:328,12
DA:330,12
DA:331,3
DA:334,9
DA:336,9
DA:353,8
DA:354,1
DA:355,1
DA:358,7
DA:360,7
DA:365,7
DA:367,7
DA:376,4
DA:377,1
DA:380,3
DA:381,3
DA:383,3
DA:391,9
DA:403,117
DA:404,117
DA:405,117
DA:411,117
DA:427,26
DA:428,2
DA:429,2
DA:432,24
DA:433,24
DA:441,24
DA:444,24
DA:445,24
DA:448,24
DA:459,10
DA:460,1
DA:461,1
DA:464,9
DA:465,9
DA:473,9
DA:486,22
DA:487,1
DA:488,1
DA:491,21
DA:492,21
DA:502,21
DA:505,21
DA:506,21
DA:507,9
DA:508,9
DA:509,0
DA:514,21
DA:526,17
DA:527,1
DA:528,1
DA:531,16
DA:532,16
DA:542,16
DA:555,11
DA:556,11
DA:558,11
DA:559,23
DA:562,23
DA:565,22
DA:568,21
DA:569,18
DA:570,18
DA:571,18
DA:572,18
DA:573,18
DA:574,18
DA:577,20
DA:578,20
DA:590,3
DA:591,3
DA:593,3
DA:594,8
DA:597,8
DA:600,7
DA:601,6
DA:604,5
DA:606,5
DA:607,5
DA:610,2
DA:619,12
DA:620,12
DA:622,12
DA:623,12
DA:626,12
DA:627,3
DA:628,3
DA:630,3
DA:634,11
DA:635,0
DA:636,0
DA:637,0
DA:638,0
DA:639,0
DA:640,0
DA:644,11
DA:647,11
DA:650,10
DA:652,10
DA:653,10
DA:656,1
DA:665,12
DA:666,12
DA:668,12
DA:669,20
DA:672,20
DA:675,18
DA:678,12
DA:681,12
DA:683,11
DA:684,11
DA:687,2
DA:701,7
DA:702,7
DA:703,7
DA:705,7
DA:712,7
DA:714,7
DA:715,7
DA:716,7
DA:717,7
DA:720,7
DA:721,5
DA:722,3
DA:723,3
DA:724,2
DA:726,1
DA:727,1
DA:731,2
DA:732,2
DA:733,1
DA:734,1
DA:735,1
DA:737,1
DA:738,1
DA:743,7
DA:744,6
DA:747,7
DA:755,5
DA:756,5
DA:758,5
DA:759,6
DA:760,6
DA:763,5
DA:776,24
DA:777,24
DA:778,14
DA:782,24
DA:790,16
DA:791,16
DA:799,16
DA:800,16
DA:808,16
DA:809,16
DA:820,177805
DA:821,1
DA:824,177804
DA:825,7
DA:827,177797
DA:835,155608
DA:836,155608
DA:838,155608
DA:839,155608
DA:848,4
DA:851,4
DA:852,4
DA:854,4
DA:855,10009
DA:856,6
DA:857,6
DA:861,4
DA:862,4
DA:863,4
DA:864,4
DA:865,4
DA:874,105
DA:877,105
DA:878,10013
DA:879,10013
DA:884,105
DA:885,9907
DA:886,9906
DA:888,9906
DA:889,9906
DA:895,105
DA:899,3
LF:302
LH:289
BRDA:19,0,0,142
BRDA:21,1,0,146
BRDA:21,1,1,142
BRDA:41,2,0,11159
BRDA:41,3,0,11228
BRDA:42,4,0,2
BRDA:42,4,1,11764
BRDA:42,5,0,11766
BRDA:42,5,1,11765
BRDA:48,6,0,4
BRDA:48,6,1,11760
BRDA:48,7,0,11764
BRDA:48,7,1,4
BRDA:53,8,0,537
BRDA:53,8,1,11227
BRDA:54,9,0,256
BRDA:54,9,1,11508
BRDA:56,10,0,1
BRDA:56,10,1,11763
BRDA:94,11,0,2141
BRDA:94,12,0,2142
BRDA:95,13,0,3
BRDA:95,13,1,2144
BRDA:95,14,0,2147
BRDA:95,14,1,2146
BRDA:95,14,2,2145
BRDA:101,15,0,1
BRDA:101,15,1,2143
BRDA:101,16,0,2144
BRDA:101,16,1,2144
BRDA:107,17,0,5
BRDA:107,17,1,2138
BRDA:108,18,0,3
BRDA:108,18,1,2140
BRDA:143,19,0,1005
BRDA:143,20,0,1008
BRDA:144,21,0,1010
BRDA:145,22,0,2
BRDA:145,22,1,1010
BRDA:147,23,0,2
BRDA:147,23,1,1010
BRDA:157,24,0,1
BRDA:157,24,1,1009
BRDA:158,25,0,1
BRDA:158,25,1,1008
BRDA:168,26,0,2
BRDA:168,26,1,3885
BRDA:168,27,0,3887
BRDA:168,27,1,7
BRDA:173,28,0,1
BRDA:173,28,1,3884
BRDA:177,29,0,1
BRDA:177,29,1,3883
BRDA:181,30,0,0
BRDA:181,30,1,3884
BRDA:207,31,0,105
BRDA:209,32,0,2
BRDA:209,32,1,105
BRDA:211,33,0,2
BRDA:211,33,1,105
BRDA:211,34,0,107
BRDA:211,34,1,106
BRDA:238,35,0,1054
BRDA:240,36,0,2
BRDA:240,36,1,1054
BRDA:247,37,0,400023
BRDA:247,37,1,100084
BRDA:248,38,0,1
BRDA:248,38,1,100083
BRDA:278,39,0,1
BRDA:278,39,1,50009
BRDA:292,40,0,1
BRDA:292,40,1,3
BRDA:297,41,0,0
BRDA:297,41,1,3
BRDA:297,42,0,3
BRDA:297,42,1,3
BRDA:320,43,0,9
BRDA:322,44,0,3
BRDA:322,44,1,9
BRDA:324,45,0,0
BRDA:324,45,1,12
BRDA:330,46,0,3
BRDA:330,46,1,9
BRDA:353,47,0,1
BRDA:353,47,1,7
BRDA:376,48,0,1
BRDA:376,48,1,3
BRDA:426,49,0,24
BRDA:427,50,0,2
BRDA:427,50,1,24
BRDA:427,51,0,26
BRDA:427,51,1,25
BRDA:437,52,0,24
BRDA:437,52,1,0
BRDA:444,53,0,24
BRDA:444,53,1,0
BRDA:444,54,0,24
BRDA:444,54,1,24
BRDA:458,55,0,0
BRDA:458,56,0,0
BRDA:459,57,0,1
BRDA:459,57,1,9
BRDA:485,58,0,0
BRDA:485,59,0,0
BRDA:485,60,0,0
BRDA:485,61,0,0
BRDA:486,62,0,1
BRDA:486,62,1,21
BRDA:495,63,0,21
BRDA:495,63,1,0
BRDA:496,64,0,21
BRDA:496,64,1,13
BRDA:505,65,0,21
BRDA:505,65,1,0
BRDA:505,66,0,21
BRDA:505,66,1,21
BRDA:508,67,0,0
BRDA:508,67,1,9
BRDA:525,68,0,0
BRDA:525,69,0,0
BRDA:525,70,0,14
BRDA:526,71,0,1
BRDA:526,71,1,16
BRDA:554,72,0,0
BRDA:562,73,0,1
BRDA:562,73,1,22
BRDA:562,74,0,23
BRDA:562,74,1,3
BRDA:565,75,0,1
BRDA:565,75,1,21
BRDA:565,76,0,22
BRDA:565,76,1,2
BRDA:568,77,0,18
BRDA:568,77,1,3
BRDA:568,78,0,21
BRDA:568,78,1,18
BRDA:574,79,0,1
BRDA:574,79,1,17
BRDA:589,80,0,1
BRDA:597,81,0,1
BRDA:597,81,1,7
BRDA:597,82,0,8
BRDA:597,82,1,3
BRDA:600,83,0,1
BRDA:600,83,1,6
BRDA:600,84,0,7
BRDA:600,84,1,3
BRDA:601,85,0,1
BRDA:601,85,1,5
BRDA:601,86,0,6
BRDA:601,86,1,2
BRDA:604,87,0,0
BRDA:604,87,1,5
BRDA:604,88,0,5
BRDA:604,88,1,0
BRDA:618,89,0,4
BRDA:626,90,0,3
BRDA:626,90,1,9
BRDA:628,91,0,3
BRDA:628,91,1,1
BRDA:630,92,0,1
BRDA:630,92,1,2
BRDA:634,93,0,0
BRDA:634,93,1,11
BRDA:634,94,0,11
BRDA:634,94,1,0
BRDA:640,95,0,0
BRDA:640,95,1,0
BRDA:644,96,0,0
BRDA:644,96,1,11
BRDA:644,97,0,11
BRDA:644,97,1,0
BRDA:647,98,0,1
BRDA:647,98,1,10
BRDA:647,99,0,11
BRDA:647,99,1,2
BRDA:650,100,0,0
BRDA:650,100,1,10
BRDA:650,101,0,10
BRDA:650,101,1,1
BRDA:664,102,0,3
BRDA:672,103,0,2
BRDA:672,103,1,18
BRDA:672,104,0,20
BRDA:672,104,1,4
BRDA:675,105,0,6
BRDA:675,105,1,12
BRDA:675,106,0,18
BRDA:675,106,1,9
BRDA:678,107,0,0
BRDA:678,107,1,12
BRDA:678,108,0,12
BRDA:678,108,1,0
BRDA:681,109,0,1
BRDA:681,109,1,11
BRDA:681,110,0,12
BRDA:681,110,1,2
BRDA:700,111,0,5
BRDA:702,112,0,7
BRDA:702,112,1,5
BRDA:703,113,0,7
BRDA:703,113,1,6
BRDA:720,114,0,5
BRDA:720,114,1,2
BRDA:721,115,0,3
BRDA:721,115,1,2
BRDA:721,116,0,5
BRDA:721,116,1,4
BRDA:724,117,0,1
BRDA:724,117,1,1
BRDA:724,118,0,2
BRDA:724,118,1,1
BRDA:731,119,0,2
BRDA:731,119,1,0
BRDA:732,120,0,1
BRDA:732,120,1,1
BRDA:732,121,0,2
BRDA:732,121,1,2
BRDA:735,122,0,1
BRDA:735,122,1,0
BRDA:735,123,0,1
BRDA:735,123,1,1
BRDA:743,124,0,6
BRDA:743,124,1,1
BRDA:743,125,0,7
BRDA:743,125,1,4
BRDA:743,125,2,3
BRDA:759,126,0,6
BRDA:759,126,1,0
BRDA:777,127,0,14
BRDA:777,127,1,10
BRDA:791,128,0,16
BRDA:791,128,1,10
BRDA:800,129,0,3
BRDA:800,129,1,13
BRDA:809,130,0,16
BRDA:809,130,1,15
BRDA:820,131,0,1
BRDA:820,131,1,177804
BRDA:820,132,0,177805
BRDA:820,132,1,177805
BRDA:824,133,0,7
BRDA:824,133,1,177797
BRDA:824,134,0,177804
BRDA:824,134,1,25013
BRDA:838,135,0,155608
BRDA:838,135,1,0
BRDA:848,136,0,0
BRDA:848,136,1,4
BRDA:855,137,0,6
BRDA:855,137,1,10003
BRDA:861,138,0,4
BRDA:861,138,1,0
BRDA:861,139,0,4
BRDA:861,139,1,4
BRDA:878,140,0,10013
BRDA:878,140,1,0
BRDA:885,141,0,1
BRDA:885,141,1,9906
BRDA:886,142,0,0
BRDA:886,142,1,9906
BRDA:886,143,0,9906
BRDA:886,143,1,9906
BRF:264
BRH:228
end_of_record
TN:
SF:src/metrics/item-tracker.js
FN:15,(anonymous_0)
FN:26,(anonymous_1)
FN:41,(anonymous_2)
FN:76,(anonymous_3)
FN:105,(anonymous_4)
FN:116,(anonymous_5)
FN:144,(anonymous_6)
FN:153,(anonymous_7)
FNF:8
FNH:8
FNDA:32,(anonymous_0)
FNDA:61,(anonymous_1)
FNDA:19,(anonymous_2)
FNDA:7,(anonymous_3)
FNDA:2,(anonymous_4)
FNDA:19,(anonymous_5)
FNDA:1,(anonymous_6)
FNDA:2,(anonymous_7)
DA:16,32
DA:17,32
DA:27,61
DA:28,6
DA:32,55
DA:33,52
DA:42,19
DA:43,19
DA:47,19
DA:48,19
DA:49,14
DA:50,14
DA:51,14
DA:52,14
DA:54,14
DA:56,1
DA:57,13
DA:59,3
DA:63,19
DA:77,7
DA:80,7
DA:81,3
DA:88,7
DA:89,3
DA:96,7
DA:97,2
DA:98,2
DA:105,7
DA:107,7
DA:118,19
DA:119,3
DA:123,16
DA:124,2
DA:128,14
DA:129,3
DA:133,11
DA:134,3
DA:138,8
DA:145,1
DA:146,1
DA:154,2
DA:158,1
LF:42
LH:42
BRDA:26,0,0,34
BRDA:27,1,0,6
BRDA:27,1,1,55
BRDA:27,2,0,61
BRDA:27,2,1,58
BRDA:32,3,0,52
BRDA:32,3,1,3
BRDA:48,4,0,14
BRDA:48,4,1,5
BRDA:54,5,0,1
BRDA:54,5,1,13
BRDA:57,6,0,3
BRDA:57,6,1,10
BRDA:80,7,0,3
BRDA:80,7,1,4
BRDA:88,8,0,3
BRDA:88,8,1,4
BRDA:96,9,0,2
BRDA:96,9,1,5
BRDA:96,10,0,7
BRDA:96,10,1,6
BRDA:97,11,0,2
BRDA:97,11,1,1
BRDA:118,12,0,3
BRDA:118,12,1,16
BRDA:118,13,0,19
BRDA:118,13,1,17
BRDA:123,14,0,2
BRDA:123,14,1,14
BRDA:128,15,0,3
BRDA:128,15,1,11
BRDA:133,16,0,3
BRDA:133,16,1,8
BRF:33
BRH:33
end_of_record
TN:
SF:src/safety/danger-predictor.js
FN:31,(anonymous_0)
FN:51,(anonymous_1)
FN:108,(anonymous_2)
FN:141,(anonymous_3)
FN:170,(anonymous_4)
FN:172,(anonymous_5)
FN:183,(anonymous_6)
FN:192,(anonymous_7)
FN:213,(anonymous_8)
FN:229,(anonymous_9)
FNF:10
FNH:10
FNDA:18,(anonymous_0)
FNDA:23,(anonymous_1)
FNDA:4,(anonymous_2)
FNDA:7,(anonymous_3)
FNDA:6,(anonymous_4)
FNDA:7,(anonymous_5)
FNDA:19,(anonymous_6)
FNDA:1,(anonymous_7)
FNDA:10,(anonymous_8)
FNDA:7,(anonymous_9)
DA:15,1
DA:18,1
DA:19,1
DA:20,1
DA:21,1
DA:32,18
DA:33,18
DA:34,18
DA:36,18
DA:52,23
DA:53,1
DA:54,1
DA:57,22
DA:58,1
DA:59,1
DA:62,21
DA:63,1
DA:64,1
DA:68,20
DA:80,20
DA:83,20
DA:84,20
DA:85,20
DA:91,20
DA:94,20
DA:100,20
DA:109,4
DA:110,1
DA:113,3
DA:114,1
DA:117,2
DA:119,2
DA:120,2
DA:123,2
DA:124,1
DA:127,1
DA:128,1
DA:133,1
DA:142,7
DA:143,0
DA:146,7
DA:147,0
DA:150,7
DA:151,7
DA:153,7
DA:154,8
DA:157,8
DA:158,6
DA:159,6
DA:163,7
DA:172,7
DA:184,19
DA:185,19
DA:193,1
DA:199,1
DA:200,3
DA:203,1
DA:214,10
DA:215,10
DA:216,10
DA:217,10
DA:230,7
DA:231,7
DA:234,7
DA:237,7
DA:241,1
LF:66
LH:64
BRDA:19,0,0,1
BRDA:19,0,1,1
BRDA:20,1,0,1
BRDA:20,1,1,1
BRDA:51,2,0,19
BRDA:52,3,0,1
BRDA:52,3,1,22
BRDA:57,4,0,1
BRDA:57,4,1,21
BRDA:57,5,0,22
BRDA:57,5,1,21
BRDA:57,5,2,21
BRDA:57,5,3,21
BRDA:62,6,0,1
BRDA:62,6,1,20
BRDA:83,7,0,20
BRDA:83,7,1,0
BRDA:109,8,0,1
BRDA:109,8,1,3
BRDA:113,9,0,1
BRDA:113,9,1,2
BRDA:113,10,0,3
BRDA:113,10,1,2
BRDA:113,10,2,2
BRDA:113,10,3,2
BRDA:123,11,0,1
BRDA:123,11,1,1
BRDA:127,12,0,1
BRDA:127,12,1,0
BRDA:142,13,0,0
BRDA:142,13,1,7
BRDA:146,14,0,0
BRDA:146,14,1,7
BRDA:146,15,0,7
BRDA:146,15,1,7
BRDA:146,15,2,7
BRDA:146,15,3,7
BRDA:157,16,0,6
BRDA:157,16,1,2
BRDA:200,17,0,3
BRDA:200,17,1,2
BRF:41
BRH:37
end_of_record
TN:
SF:src/skills/skill-executor.js
FN:13,(anonymous_0)
FN:35,(anonymous_1)
FN:143,(anonymous_2)
FN:146,(anonymous_3)
FN:168,(anonymous_4)
FN:184,(anonymous_5)
FN:212,(anonymous_6)
FN:213,(anonymous_7)
FNF:8
FNH:8
FNDA:20,(anonymous_0)
FNDA:20,(anonymous_1)
FNDA:6,(anonymous_2)
FNDA:5,(anonymous_3)
FNDA:1,(anonymous_4)
FNDA:20,(anonymous_5)
FNDA:19,(anonymous_6)
FNDA:19,(anonymous_7)
DA:1,1
DA:14,20
DA:15,20
DA:40,20
DA:42,20
DA:43,20
DA:44,20
DA:46,20
DA:47,41
DA:48,41
DA:50,41
DA:51,41
DA:58,41
DA:60,38
DA:61,1
DA:62,1
DA:66,1
DA:69,37
DA:70,8
DA:71,8
DA:73,8
DA:79,8
DA:86,29
DA:88,29
DA:89,4
DA:90,1
DA:95,1
DA:99,28
DA:100,19
DA:101,19
DA:106,19
DA:110,3
DA:111,3
DA:120,12
DA:121,12
DA:123,12
DA:130,12
DA:144,6
DA:146,6
DA:147,5
DA:154,6
DA:169,1
DA:170,1
DA:171,1
DA:172,1
DA:174,1
DA:185,20
DA:186,20
DA:194,20
DA:195,20
DA:197,20
DA:198,8
DA:200,12
DA:203,20
DA:213,19
DA:217,1
LF:56
LH:56
BRDA:35,0,0,0
BRDA:35,1,0,15
BRDA:37,2,0,17
BRDA:38,3,0,19
BRDA:39,4,0,19
BRDA:60,5,0,1
BRDA:60,5,1,37
BRDA:69,6,0,8
BRDA:69,6,1,29
BRDA:86,7,0,29
BRDA:86,7,1,1
BRDA:88,8,0,4
BRDA:88,8,1,25
BRDA:88,9,0,29
BRDA:88,9,1,26
BRDA:89,10,0,1
BRDA:89,10,1,3
BRDA:99,11,0,19
BRDA:99,11,1,9
BRDA:149,12,0,5
BRDA:149,12,1,0
BRDA:150,13,0,5
BRDA:150,13,1,0
BRDA:158,14,0,4
BRDA:158,14,1,2
BRDA:185,15,0,20
BRDA:185,15,1,0
BRDA:197,16,0,8
BRDA:197,16,1,12
BRF:29
BRH:25
end_of_record
TN:
SF:src/skills/skill-registry.js
FN:2,(anonymous_0)
FN:8,(anonymous_1)
FN:15,(anonymous_2)
FN:19,(anonymous_3)
FN:23,(anonymous_4)
FN:36,(anonymous_5)
FN:50,(anonymous_6)
FNF:7
FNH:7
FNDA:51,(anonymous_0)
FNDA:513,(anonymous_1)
FNDA:46,(anonymous_2)
FNDA:8,(anonymous_3)
FNDA:14,(anonymous_4)
FNDA:51,(anonymous_5)
FNDA:51,(anonymous_6)
DA:3,51
DA:4,51
DA:5,51
DA:9,513
DA:10,2
DA:12,511
DA:16,46
DA:20,8
DA:24,14
DA:25,14
DA:26,1
DA:29,13
DA:30,13
DA:32,0
DA:37,51
DA:38,51
DA:39,51
DA:40,51
DA:41,51
DA:43,51
DA:44,51
DA:45,51
DA:46,51
DA:47,51
DA:51,51
DA:52,51
DA:53,51
DA:54,51
DA:55,51
DA:57,51
DA:58,51
DA:59,51
DA:60,51
DA:61,51
DA:65,2
LF:35
LH:34
BRDA:9,0,0,2
BRDA:9,0,1,511
BRDA:9,1,0,513
BRDA:9,1,1,512
BRDA:25,2,0,1
BRDA:25,2,1,13
BRF:6
BRH:6
end_of_record
TN:
SF:src/skills/composite/build-shelter.js
FN:10,(anonymous_0)
FN:153,(anonymous_1)
FNF:2
FNH:2
FNDA:2,(anonymous_0)
FNDA:1,(anonymous_1)
DA:1,2
DA:3,2
DA:11,2
DA:12,2
DA:13,2
DA:14,2
DA:16,2
DA:17,2
DA:18,1
DA:26,1
DA:27,1
DA:28,1
DA:36,0
DA:38,0
DA:39,0
DA:40,0
DA:41,0
DA:47,0
DA:55,0
DA:56,0
DA:58,0
DA:59,0
DA:60,0
DA:61,0
DA:66,0
DA:67,0
DA:70,0
DA:75,0
DA:76,0
DA:82,0
DA:90,0
DA:91,0
DA:93,0
DA:94,0
DA:95,0
DA:100,0
DA:101,0
DA:106,0
DA:114,0
DA:115,0
DA:117,0
DA:122,0
DA:130,0
DA:132,0
DA:144,0
DA:154,1
LF:46
LH:13
BRDA:12,0,0,0
BRDA:12,1,0,0
BRDA:17,2,0,1
BRDA:17,2,1,1
BRDA:27,3,0,1
BRDA:27,3,1,0
BRDA:60,4,0,0
BRDA:60,4,1,0
BRDA:60,5,0,0
BRDA:60,5,1,0
BRDA:60,5,2,0
BRDA:66,6,0,0
BRDA:66,6,1,0
BRDA:75,7,0,0
BRDA:75,7,1,0
BRDA:100,8,0,0
BRDA:100,8,1,0
BRDA:125,9,0,0
BRDA:125,9,1,0
BRDA:126,10,0,0
BRDA:126,10,1,0
BRDA:155,11,0,1
BRDA:155,11,1,0
BRDA:156,12,0,1
BRDA:156,12,1,0
BRF:25
BRH:5
end_of_record
TN:
SF:src/skills/composite/craft-tools.js
FN:8,(anonymous_0)
FN:39,(anonymous_1)
FN:40,(anonymous_2)
FN:74,(anonymous_3)
FN:76,(anonymous_4)
FN:77,(anonymous_5)
FN:109,(anonymous_6)
FNF:7
FNH:2
FNDA:1,(anonymous_0)
FNDA:0,(anonymous_1)
FNDA:0,(anonymous_2)
FNDA:0,(anonymous_3)
FNDA:0,(anonymous_4)
FNDA:0,(anonymous_5)
FNDA:4,(anonymous_6)
DA:1,2
DA:9,1
DA:10,1
DA:11,1
DA:12,1
DA:14,1
DA:19,1
DA:20,1
DA:28,0
DA:29,0
DA:37,0
DA:38,0
DA:39,0
DA:40,0
DA:42,0
DA:50,0
DA:51,0
DA:56,0
DA:64,0
DA:65,0
DA:73,0
DA:74,0
DA:76,0
DA:77,0
DA:78,0
DA:80,0
DA:88,0
DA:100,0
DA:110,4
LF:29
LH:9
BRDA:10,0,0,0
BRDA:19,1,0,1
BRDA:19,1,1,0
BRDA:19,2,0,1
BRDA:19,2,1,1
BRDA:28,3,0,0
BRDA:28,3,1,0
BRDA:28,4,0,0
BRDA:28,4,1,0
BRDA:60,5,0,0
BRDA:60,5,1,0
BRDA:64,6,0,0
BRDA:64,6,1,0
BRDA:67,7,0,0
BRDA:67,7,1,0
BRDA:95,8,0,0
BRDA:95,8,1,0
BRDA:111,9,0,4
BRDA:111,9,1,0
BRF:19
BRH:4
end_of_record
TN:
SF:src/skills/composite/gather-wood.js
FN:14,(anonymous_0)
FN:44,(anonymous_1)
FN:144,(anonymous_2)
FNF:3
FNH:3
FNDA:3,(anonymous_0)
FNDA:1,(anonymous_1)
FNDA:1,(anonymous_2)
DA:7,2
DA:15,3
DA:16,3
DA:17,3
DA:18,3
DA:21,3
DA:22,3
DA:23,1
DA:31,2
DA:32,1
DA:40,1
DA:42,1
DA:43,1
DA:44,1
DA:48,1
DA:49,0
DA:56,0
DA:64,1
DA:76,1
DA:77,1
DA:78,1
DA:79,1
DA:81,1
DA:82,1
DA:87,1
DA:88,0
DA:89,0
DA:91,1
DA:92,1
DA:93,0
DA:98,1
DA:107,1
DA:108,1
DA:113,1
DA:121,1
DA:123,1
DA:135,0
DA:145,1
LF:38
LH:32
BRDA:16,0,0,0
BRDA:16,1,0,0
BRDA:22,2,0,1
BRDA:22,2,1,2
BRDA:31,3,0,1
BRDA:31,3,1,1
BRDA:31,4,0,2
BRDA:31,4,1,2
BRDA:44,5,0,1
BRDA:44,5,1,1
BRDA:48,6,0,0
BRDA:48,6,1,1
BRDA:87,7,0,0
BRDA:87,7,1,1
BRDA:92,8,0,0
BRDA:92,8,1,1
BRDA:117,9,0,1
BRDA:117,9,1,0
BRDA:130,10,0,1
BRDA:130,10,1,0
BRDA:146,11,0,1
BRDA:146,11,1,0
BRDA:147,12,0,1
BRDA:147,12,1,0
BRF:24
BRH:15
end_of_record
TN:
SF:src/skills/composite/hunt-food.js
FN:8,(anonymous_0)
FN:44,(anonymous_1)
FN:94,(anonymous_2)
FN:105,(anonymous_3)
FN:117,(anonymous_4)
FN:154,(anonymous_5)
FNF:6
FNH:2
FNDA:1,(anonymous_0)
FNDA:0,(anonymous_1)
FNDA:0,(anonymous_2)
FNDA:0,(anonymous_3)
FNDA:0,(anonymous_4)
FNDA:6,(anonymous_5)
DA:1,2
DA:9,1
DA:10,1
DA:11,1
DA:12,1
DA:14,1
DA:15,1
DA:16,1
DA:24,0
DA:25,0
DA:33,0
DA:40,0
DA:42,0
DA:43,0
DA:44,0
DA:45,0
DA:49,0
DA:50,0
DA:57,0
DA:65,0
DA:76,0
DA:77,0
DA:82,0
DA:90,0
DA:91,0
DA:93,0
DA:94,0
DA:95,0
DA:99,0
DA:100,0
DA:103,0
DA:104,0
DA:105,0
DA:108,0
DA:116,0
DA:117,0
DA:119,0
DA:124,0
DA:132,0
DA:145,0
DA:155,6
LF:41
LH:9
BRDA:10,0,0,0
BRDA:10,1,0,0
BRDA:15,2,0,1
BRDA:15,2,1,0
BRDA:24,3,0,0
BRDA:24,3,1,0
BRDA:24,4,0,0
BRDA:24,4,1,0
BRDA:45,5,0,0
BRDA:45,5,1,0
BRDA:49,6,0,0
BRDA:49,6,1,0
BRDA:86,7,0,0
BRDA:86,7,1,0
BRDA:95,8,0,0
BRDA:95,8,1,0
BRDA:99,9,0,0
BRDA:99,9,1,0
BRDA:128,10,0,0
BRDA:128,10,1,0
BRDA:140,11,0,0
BRDA:140,11,1,0
BRDA:156,12,0,6
BRDA:156,12,1,0
BRDA:157,13,0,6
BRDA:157,13,1,0
BRF:26
BRH:3
end_of_record
TN:
SF:src/skills/composite/mine-stone.js
FN:8,(anonymous_0)
FN:36,(anonymous_1)
FN:134,(anonymous_2)
FNF:3
FNH:2
FNDA:1,(anonymous_0)
FNDA:0,(anonymous_1)
FNDA:1,(anonymous_2)
DA:1,2
DA:9,1
DA:10,1
DA:11,1
DA:12,1
DA:14,1
DA:15,1
DA:16,1
DA:24,0
DA:25,0
DA:33,0
DA:34,0
DA:35,0
DA:36,0
DA:40,0
DA:41,0
DA:48,0
DA:56,0
DA:67,0
DA:68,0
DA:69,0
DA:70,0
DA:72,0
DA:73,0
DA:78,0
DA:79,0
DA:80,0
DA:82,0
DA:83,0
DA:84,0
DA:89,0
DA:97,0
DA:98,0
DA:103,0
DA:111,0
DA:113,0
DA:125,0
DA:135,1
LF:38
LH:9
BRDA:10,0,0,0
BRDA:10,1,0,0
BRDA:15,2,0,1
BRDA:15,2,1,0
BRDA:24,3,0,0
BRDA:24,3,1,0
BRDA:24,4,0,0
BRDA:24,4,1,0
BRDA:36,5,0,0
BRDA:36,5,1,0
BRDA:40,6,0,0
BRDA:40,6,1,0
BRDA:78,7,0,0
BRDA:78,7,1,0
BRDA:83,8,0,0
BRDA:83,8,1,0
BRDA:99,9,0,0
BRDA:99,9,1,0
BRDA:107,10,0,0
BRDA:107,10,1,0
BRDA:120,11,0,0
BRDA:120,11,1,0
BRDA:136,12,0,1
BRDA:136,12,1,0
BRDA:137,13,0,1
BRDA:137,13,1,0
BRF:26
BRH:3
end_of_record
TN:
SF:src/skills/primitives/collect.js
FN:8,(anonymous_0)
FN:25,(anonymous_1)
FN:40,(anonymous_2)
FN:49,(anonymous_3)
FN:57,(anonymous_4)
FN:59,(anonymous_5)
FN:76,(anonymous_6)
FNF:7
FNH:4
FNDA:1,(anonymous_0)
FNDA:0,(anonymous_1)
FNDA:0,(anonymous_2)
FNDA:1,(anonymous_3)
FNDA:1,(anonymous_4)
FNDA:0,(anonymous_5)
FNDA:1,(anonymous_6)
DA:1,2
DA:9,1
DA:10,1
DA:12,1
DA:13,0
DA:16,1
DA:17,0
DA:20,1
DA:21,0
DA:24,1
DA:25,1
DA:26,0
DA:30,1
DA:31,0
DA:37,1
DA:38,1
DA:40,1
DA:42,1
DA:43,0
DA:44,0
DA:45,0
DA:48,1
DA:49,1
DA:53,1
DA:54,0
DA:57,1
DA:59,1
DA:60,1
DA:62,1
DA:72,0
DA:77,1
LF:31
LH:21
BRDA:10,0,0,0
BRDA:12,1,0,0
BRDA:12,1,1,1
BRDA:16,2,0,0
BRDA:16,2,1,1
BRDA:20,3,0,0
BRDA:20,3,1,1
BRDA:20,4,0,1
BRDA:20,4,1,1
BRDA:26,5,0,0
BRDA:26,5,1,0
BRDA:30,6,0,0
BRDA:30,6,1,1
BRDA:42,7,0,0
BRDA:42,7,1,1
BRDA:49,8,0,1
BRDA:49,8,1,1
BRDA:53,9,0,0
BRDA:53,9,1,1
BRDA:53,10,0,1
BRDA:53,10,1,1
BRF:21
BRH:12
end_of_record
TN:
SF:src/skills/primitives/craft.js
FN:8,(anonymous_0)
FN:25,(anonymous_1)
FN:54,(anonymous_2)
FN:58,(anonymous_3)
FN:76,(anonymous_4)
FNF:5
FNH:1
FNDA:0,(anonymous_0)
FNDA:0,(anonymous_1)
FNDA:0,(anonymous_2)
FNDA:0,(anonymous_3)
FNDA:1,(anonymous_4)
DA:1,2
DA:9,0
DA:10,0
DA:12,0
DA:13,0
DA:16,0
DA:17,0
DA:20,0
DA:21,0
DA:24,0
DA:25,0
DA:27,0
DA:28,0
DA:34,0
DA:36,0
DA:37,0
DA:43,0
DA:45,0
DA:46,0
DA:47,0
DA:48,0
DA:54,0
DA:56,0
DA:58,0
DA:59,0
DA:61,0
DA:72,0
DA:77,1
LF:28
LH:2
BRDA:10,0,0,0
BRDA:12,1,0,0
BRDA:12,1,1,0
BRDA:16,2,0,0
BRDA:16,2,1,0
BRDA:20,3,0,0
BRDA:20,3,1,0
BRDA:20,4,0,0
BRDA:20,4,1,0
BRDA:27,5,0,0
BRDA:27,5,1,0
BRDA:27,6,0,0
BRDA:27,6,1,0
BRDA:36,7,0,0
BRDA:36,7,1,0
BRDA:36,8,0,0
BRDA:36,8,1,0
BRDA:45,9,0,0
BRDA:45,9,1,0
BRDA:46,10,0,0
BRDA:46,10,1,0
BRDA:47,11,0,0
BRDA:47,11,1,0
BRDA:80,12,0,1
BRDA:80,12,1,0
BRF:25
BRH:1
end_of_record
TN:
SF:src/skills/primitives/dig.js
FN:10,(anonymous_0)
FN:28,(anonymous_1)
FN:61,(anonymous_2)
FNF:3
FNH:3
FNDA:1,(anonymous_0)
FNDA:1,(anonymous_1)
FNDA:1,(anonymous_2)
DA:1,2
DA:3,2
DA:11,1
DA:12,1
DA:14,1
DA:15,0
DA:18,1
DA:19,0
DA:22,1
DA:23,0
DA:26,1
DA:27,1
DA:28,1
DA:32,1
DA:33,0
DA:39,1
DA:41,0
DA:43,0
DA:57,1
DA:62,1
LF:20
LH:14
BRDA:12,0,0,0
BRDA:14,1,0,0
BRDA:14,1,1,1
BRDA:18,2,0,0
BRDA:18,2,1,1
BRDA:22,3,0,0
BRDA:22,3,1,1
BRDA:22,4,0,1
BRDA:22,4,1,1
BRDA:28,5,0,1
BRDA:28,5,1,1
BRDA:32,6,0,0
BRDA:32,6,1,1
BRF:13
BRH:8
end_of_record
TN:
SF:src/skills/primitives/move.js
FN:8,(anonymous_0)
FN:29,(anonymous_1)
FN:50,(anonymous_2)
FNF:3
FNH:3
FNDA:3,(anonymous_0)
FNDA:1,(anonymous_1)
FNDA:1,(anonymous_2)
DA:1,2
DA:9,3
DA:10,3
DA:12,3
DA:13,1
DA:16,2
DA:17,2
DA:18,1
DA:21,1
DA:22,0
DA:25,1
DA:26,1
DA:28,1
DA:29,1
DA:30,1
DA:32,1
DA:33,1
DA:35,1
DA:45,0
DA:46,0
DA:51,1
LF:21
LH:18
BRDA:12,0,0,1
BRDA:12,0,1,2
BRDA:17,1,0,1
BRDA:17,1,1,1
BRDA:21,2,0,0
BRDA:21,2,1,1
BRDA:21,3,0,1
BRDA:21,3,1,1
BRF:8
BRH:7
end_of_record
TN:
SF:src/skills/primitives/place.js
FN:10,(anonymous_0)
FN:27,(anonymous_1)
FN:68,(anonymous_2)
FNF:3
FNH:1
FNDA:0,(anonymous_0)
FNDA:0,(anonymous_1)
FNDA:1,(anonymous_2)
DA:1,2
DA:3,2
DA:11,0
DA:12,0
DA:14,0
DA:15,0
DA:18,0
DA:19,0
DA:22,0
DA:23,0
DA:26,0
DA:27,0
DA:29,0
DA:30,0
DA:36,0
DA:38,0
DA:39,0
DA:41,0
DA:42,0
DA:48,0
DA:49,0
DA:51,0
DA:64,0
DA:69,1
LF:24
LH:3
BRDA:14,0,0,0
BRDA:14,0,1,0
BRDA:18,1,0,0
BRDA:18,1,1,0
BRDA:22,2,0,0
BRDA:22,2,1,0
BRDA:22,3,0,0
BRDA:22,3,1,0
BRDA:22,3,2,0
BRDA:22,3,3,0
BRDA:29,4,0,0
BRDA:29,4,1,0
BRDA:41,5,0,0
BRDA:41,5,1,0
BRF:14
BRH:0
end_of_record
TN:
SF:src/social/social-awareness.js
FN:42,(anonymous_0)
FN:62,(anonymous_1)
FN:73,(anonymous_2)
FN:125,(anonymous_3)
FN:134,(anonymous_4)
FN:158,(anonymous_5)
FN:165,(anonymous_6)
FN:182,(anonymous_7)
FN:196,(anonymous_8)
FN:223,(anonymous_9)
FN:285,(anonymous_10)
FN:310,(anonymous_11)
FN:328,(anonymous_12)
FN:330,(anonymous_13)
FN:345,(anonymous_14)
FN:391,(anonymous_15)
FN:395,(anonymous_16)
FN:405,(anonymous_17)
FN:472,(anonymous_18)
FN:510,(anonymous_19)
FN:518,(anonymous_20)
FN:526,(anonymous_21)
FN:537,(anonymous_22)
FN:584,(anonymous_23)
FNF:24
FNH:24
FNDA:89,(anonymous_0)
FNDA:5,(anonymous_1)
FNDA:54,(anonymous_2)
FNDA:11,(anonymous_3)
FNDA:194,(anonymous_4)
FNDA:95,(anonymous_5)
FNDA:51,(anonymous_6)
FNDA:52,(anonymous_7)
FNDA:59,(anonymous_8)
FNDA:62,(anonymous_9)
FNDA:122,(anonymous_10)
FNDA:442,(anonymous_11)
FNDA:61,(anonymous_12)
FNDA:1354,(anonymous_13)
FNDA:61,(anonymous_14)
FNDA:118,(anonymous_15)
FNDA:736,(anonymous_16)
FNDA:61,(anonymous_17)
FNDA:61,(anonymous_18)
FNDA:15,(anonymous_19)
FNDA:2,(anonymous_20)
FNDA:1,(anonymous_21)
FNDA:12,(anonymous_22)
FNDA:7,(anonymous_23)
DA:20,60
DA:23,60
DA:26,60
DA:27,60
DA:30,60
DA:44,89
DA:47,89
DA:51,89
DA:53,89
DA:63,5
DA:64,5
DA:74,54
DA:75,2
DA:76,2
DA:79,52
DA:80,52
DA:87,52
DA:88,20
DA:91,52
DA:92,52
DA:95,52
DA:96,5
DA:100,52
DA:103,52
DA:105,52
DA:112,52
DA:126,11
DA:135,194
DA:136,160
DA:140,34
DA:155,34
DA:158,34
DA:159,95
DA:163,34
DA:164,22
DA:165,22
DA:166,51
DA:169,22
DA:170,22
DA:171,21
DA:174,24
DA:183,52
DA:184,20
DA:187,52
DA:188,52
DA:189,52
DA:197,59
DA:213,59
DA:224,62
DA:225,1
DA:226,1
DA:230,61
DA:231,39
DA:234,61
DA:235,61
DA:238,61
DA:241,61
DA:244,61
DA:252,61
DA:254,61
DA:268,61
DA:275,61
DA:286,122
DA:289,122
DA:290,8
DA:294,114
DA:295,6
DA:299,108
DA:300,14
DA:301,14
DA:303,6
DA:308,102
DA:309,102
DA:310,442
DA:311,34
DA:315,68
DA:316,68
DA:317,0
DA:320,68
DA:329,61
DA:330,1354
DA:331,57
DA:334,4
DA:346,61
DA:349,61
DA:350,4
DA:354,57
DA:358,57
DA:361,57
DA:363,6
DA:367,57
DA:368,7
DA:376,7
DA:377,7
DA:378,3
DA:382,57
DA:392,118
DA:394,118
DA:395,736
DA:406,61
DA:410,61
DA:411,61
DA:412,61
DA:413,1
DA:418,61
DA:429,61
DA:430,61
DA:431,48
DA:432,48
DA:433,1
DA:438,61
DA:449,61
DA:450,61
DA:451,57
DA:456,57
DA:457,6
DA:462,61
DA:463,61
DA:464,61
DA:473,61
DA:474,61
DA:477,61
DA:482,61
DA:483,122
DA:484,122
DA:485,1
DA:490,61
DA:495,61
DA:496,122
DA:497,122
DA:498,0
DA:502,61
DA:511,15
DA:519,2
DA:527,1
DA:528,1
DA:529,1
DA:538,12
DA:545,12
DA:546,12
DA:547,2
DA:555,12
DA:556,12
DA:557,12
DA:566,12
DA:567,9
DA:574,12
DA:585,7
DA:588,7
DA:589,5
DA:590,5
DA:592,2
DA:600,7
DA:601,2
DA:605,7
DA:610,7
DA:619,60
LF:157
LH:155
BRDA:42,0,0,59
BRDA:51,1,0,89
BRDA:51,1,1,59
BRDA:74,2,0,2
BRDA:74,2,1,52
BRDA:74,3,0,54
BRDA:74,3,1,53
BRDA:87,4,0,20
BRDA:87,4,1,32
BRDA:95,5,0,5
BRDA:95,5,1,47
BRDA:126,6,0,11
BRDA:126,6,1,3
BRDA:135,7,0,160
BRDA:135,7,1,34
BRDA:159,8,0,95
BRDA:159,8,1,2
BRDA:163,9,0,22
BRDA:163,9,1,12
BRDA:166,10,0,51
BRDA:166,10,1,0
BRDA:170,11,0,1
BRDA:170,11,1,21
BRDA:171,12,0,9
BRDA:171,12,1,12
BRDA:183,13,0,20
BRDA:183,13,1,32
BRDA:223,14,0,0
BRDA:224,15,0,1
BRDA:224,15,1,61
BRDA:230,16,0,39
BRDA:230,16,1,22
BRDA:235,17,0,61
BRDA:235,17,1,0
BRDA:263,18,0,61
BRDA:263,18,1,53
BRDA:289,19,0,8
BRDA:289,19,1,114
BRDA:289,20,0,122
BRDA:289,20,1,26
BRDA:294,21,0,6
BRDA:294,21,1,108
BRDA:294,22,0,114
BRDA:294,22,1,18
BRDA:299,23,0,14
BRDA:299,23,1,94
BRDA:301,24,0,6
BRDA:301,24,1,8
BRDA:301,25,0,14
BRDA:301,25,1,8
BRDA:309,26,0,102
BRDA:309,26,1,0
BRDA:310,27,0,34
BRDA:310,27,1,68
BRDA:315,28,0,68
BRDA:315,28,1,68
BRDA:316,29,0,0
BRDA:316,29,1,68
BRDA:330,30,0,57
BRDA:330,30,1,200
BRDA:349,31,0,4
BRDA:349,31,1,57
BRDA:355,32,0,57
BRDA:355,32,1,0
BRDA:361,33,0,6
BRDA:361,33,1,51
BRDA:361,34,0,57
BRDA:361,34,1,24
BRDA:361,34,2,7
BRDA:367,35,0,7
BRDA:367,35,1,50
BRDA:376,36,0,7
BRDA:376,36,1,1
BRDA:377,37,0,3
BRDA:377,37,1,4
BRDA:392,38,0,0
BRDA:392,38,1,118
BRDA:392,39,0,118
BRDA:392,39,1,118
BRDA:394,40,0,118
BRDA:394,40,1,4
BRDA:410,41,0,61
BRDA:410,41,1,0
BRDA:412,42,0,1
BRDA:412,42,1,60
BRDA:430,43,0,48
BRDA:430,43,1,13
BRDA:430,44,0,61
BRDA:430,44,1,57
BRDA:432,45,0,1
BRDA:432,45,1,47
BRDA:450,46,0,57
BRDA:450,46,1,4
BRDA:456,47,0,6
BRDA:456,47,1,51
BRDA:484,48,0,1
BRDA:484,48,1,121
BRDA:497,49,0,0
BRDA:497,49,1,122
BRDA:511,50,0,15
BRDA:511,50,1,3
BRDA:537,51,0,3
BRDA:546,52,0,2
BRDA:546,52,1,10
BRDA:556,53,0,12
BRDA:556,53,1,0
BRDA:560,54,0,12
BRDA:560,54,1,9
BRDA:566,55,0,9
BRDA:566,55,1,3
BRDA:566,56,0,12
BRDA:566,56,1,9
BRDA:570,57,0,9
BRDA:570,57,1,6
BRDA:584,58,0,0
BRDA:588,59,0,5
BRDA:588,59,1,2
BRDA:588,60,0,7
BRDA:588,60,1,5
BRDA:600,61,0,2
BRDA:600,61,1,5
BRDA:600,62,0,7
BRDA:600,62,1,3
BRF:123
BRH:112
end_of_record
TN:
SF:src/utils/logger.js
FN:11,(anonymous_0)
FNF:1
FNH:1
FNDA:14323,(anonymous_0)
DA:1,71
DA:2,71
DA:4,71
DA:5,71
DA:6,71
DA:8,71
DA:12,14323
DA:13,14323
DA:17,71
DA:23,71
DA:48,71
LF:11
LH:11
BRDA:12,0,0,14323
BRDA:12,0,1,0
BRDA:24,1,0,71
BRDA:24,1,1,71
BRF:4
BRH:3
end_of_record
TN:
SF:src/utils/omniroute.js
FN:50,(anonymous_0)
FN:54,(anonymous_1)
FN:70,(anonymous_2)
FN:98,(anonymous_3)
FN:107,(anonymous_4)
FN:126,(anonymous_5)
FN:143,(anonymous_6)
FN:172,(anonymous_7)
FN:185,(anonymous_8)
FN:195,(anonymous_9)
FN:196,(anonymous_10)
FN:205,(anonymous_11)
FN:272,(anonymous_12)
FN:305,(anonymous_13)
FN:318,(anonymous_14)
FN:324,(anonymous_15)
FN:344,(anonymous_16)
FN:378,(anonymous_17)
FN:386,(anonymous_18)
FN:393,(anonymous_19)
FN:401,(anonymous_20)
FN:405,(anonymous_21)
FN:409,(anonymous_22)
FN:416,(anonymous_23)
FNF:24
FNH:22
FNDA:47,(anonymous_0)
FNDA:49,(anonymous_1)
FNDA:22,(anonymous_2)
FNDA:33,(anonymous_3)
FNDA:7,(anonymous_4)
FNDA:21,(anonymous_5)
FNDA:34,(anonymous_6)
FNDA:14,(anonymous_7)
FNDA:4,(anonymous_8)
FNDA:0,(anonymous_9)
FNDA:0,(anonymous_10)
FNDA:9,(anonymous_11)
FNDA:9,(anonymous_12)
FNDA:9,(anonymous_13)
FNDA:16,(anonymous_14)
FNDA:8,(anonymous_15)
FNDA:3,(anonymous_16)
FNDA:1,(anonymous_17)
FNDA:2,(anonymous_18)
FNDA:1,(anonymous_19)
FNDA:1,(anonymous_20)
FNDA:1,(anonymous_21)
FNDA:1,(anonymous_22)
FNDA:33,(anonymous_23)
DA:7,4
DA:8,4
DA:9,4
DA:12,4
DA:31,4
DA:39,4
DA:51,47
DA:55,49
DA:56,49
DA:57,49
DA:58,49
DA:59,49
DA:60,49
DA:61,49
DA:62,49
DA:63,49
DA:71,22
DA:72,22
DA:74,22
DA:75,18
DA:76,18
DA:78,4
DA:79,4
DA:82,22
DA:83,1
DA:86,22
DA:88,22
DA:89,22
DA:90,21
DA:91,21
DA:92,21
DA:93,4
DA:99,33
DA:100,32
DA:101,32
DA:102,15
DA:103,7
DA:104,2
DA:108,7
DA:109,7
DA:127,21
DA:128,21
DA:144,34
DA:145,34
DA:146,34
DA:154,34
DA:163,34
DA:164,34
DA:173,14
DA:174,14
DA:175,1
DA:177,13
DA:186,4
DA:187,4
DA:196,0
DA:208,9
DA:209,9
DA:211,9
DA:212,9
DA:213,9
DA:214,9
DA:215,9
DA:217,0
DA:218,0
DA:219,0
DA:225,0
DA:226,0
DA:227,0
DA:231,0
DA:232,0
DA:233,0
DA:236,0
DA:239,0
DA:240,0
DA:244,0
DA:247,0
DA:248,0
DA:255,0
DA:259,0
DA:278,9
DA:281,9
DA:282,9
DA:283,8
DA:287,9
DA:289,9
DA:297,9
DA:305,9
DA:306,9
DA:307,9
DA:310,9
DA:319,16
DA:320,9
DA:323,7
DA:324,4
DA:325,8
DA:326,3
DA:328,5
DA:333,3
DA:334,1
DA:337,1
DA:345,3
DA:346,3
DA:350,2
DA:356,2
DA:358,2
DA:359,2
DA:361,1
DA:367,1
DA:369,1
DA:370,1
DA:379,1
DA:387,2
DA:394,1
DA:395,1
DA:402,1
DA:406,1
DA:410,1
DA:417,33
DA:418,33
DA:422,4
DA:423,4
DA:424,4
LF:122
LH:104
BRDA:40,0,0,4
BRDA:40,0,1,4
BRDA:41,1,0,4
BRDA:41,1,1,4
BRDA:70,2,0,12
BRDA:74,3,0,18
BRDA:74,3,1,4
BRDA:82,4,0,1
BRDA:82,4,1,21
BRDA:89,5,0,21
BRDA:89,5,1,1
BRDA:89,6,0,22
BRDA:89,6,1,21
BRDA:92,7,0,4
BRDA:92,7,1,17
BRDA:99,8,0,1
BRDA:99,8,1,32
BRDA:101,9,0,17
BRDA:101,9,1,15
BRDA:101,10,0,32
BRDA:101,10,1,27
BRDA:102,11,0,8
BRDA:102,11,1,7
BRDA:102,12,0,15
BRDA:102,12,1,10
BRDA:103,13,0,5
BRDA:103,13,1,2
BRDA:103,14,0,7
BRDA:103,14,1,4
BRDA:108,15,0,4
BRDA:108,15,1,3
BRDA:115,16,0,4
BRDA:115,16,1,3
BRDA:127,17,0,7
BRDA:127,17,1,14
BRDA:132,18,0,7
BRDA:132,18,1,14
BRDA:143,19,0,33
BRDA:174,20,0,1
BRDA:174,20,1,13
BRDA:219,21,0,0
BRDA:219,21,1,0
BRDA:219,21,2,0
BRDA:219,21,3,0
BRDA:225,22,0,0
BRDA:225,22,1,0
BRDA:225,23,0,0
BRDA:225,23,1,0
BRDA:231,24,0,0
BRDA:231,24,1,0
BRDA:239,25,0,0
BRDA:239,25,1,0
BRDA:252,26,0,0
BRDA:252,26,1,0
BRDA:272,27,0,3
BRDA:274,28,0,4
BRDA:275,29,0,8
BRDA:276,30,0,8
BRDA:277,31,0,9
BRDA:282,32,0,8
BRDA:282,32,1,1
BRDA:282,33,0,9
BRDA:282,33,1,8
BRDA:319,34,0,9
BRDA:319,34,1,7
BRDA:323,35,0,4
BRDA:323,35,1,3
BRDA:325,36,0,3
BRDA:325,36,1,5
BRDA:333,37,0,1
BRDA:333,37,1,1
BRDA:333,38,0,3
BRDA:333,38,1,2
BRDA:364,39,0,1
BRDA:364,39,1,0
BRDA:401,40,0,1
BRDA:405,41,0,1
BRDA:409,42,0,1
BRF:78
BRH:63
end_of_record
TN:
SF:src/utils/openai-client.js
FN:36,(anonymous_0)
FN:40,(anonymous_1)
FN:51,(anonymous_2)
FN:70,(anonymous_3)
FN:90,(anonymous_4)
FN:106,(anonymous_5)
FN:134,(anonymous_6)
FN:144,(anonymous_7)
FN:145,(anonymous_8)
FN:153,(anonymous_9)
FN:177,(anonymous_10)
FN:239,(anonymous_11)
FN:245,(anonymous_12)
FN:266,(anonymous_13)
FN:292,(anonymous_14)
FN:319,(anonymous_15)
FN:331,(anonymous_16)
FN:340,(anonymous_17)
FN:367,(anonymous_18)
FN:375,(anonymous_19)
FN:382,(anonymous_20)
FN:390,(anonymous_21)
FNF:22
FNH:7
FNDA:8,(anonymous_0)
FNDA:9,(anonymous_1)
FNDA:0,(anonymous_2)
FNDA:2,(anonymous_3)
FNDA:8,(anonymous_4)
FNDA:0,(anonymous_5)
FNDA:0,(anonymous_6)
FNDA:0,(anonymous_7)
FNDA:0,(anonymous_8)
FNDA:0,(anonymous_9)
FNDA:0,(anonymous_10)
FNDA:0,(anonymous_11)
FNDA:0,(anonymous_12)
FNDA:0,(anonymous_13)
FNDA:0,(anonymous_14)
FNDA:0,(anonymous_15)
FNDA:2,(anonymous_16)
FNDA:0,(anonymous_17)
FNDA:0,(anonymous_18)
FNDA:2,(anonymous_19)
FNDA:1,(anonymous_20)
FNDA:0,(anonymous_21)
DA:7,6
DA:8,6
DA:9,6
DA:12,6
DA:20,6
DA:37,8
DA:41,9
DA:42,9
DA:43,9
DA:44,9
DA:45,9
DA:46,9
DA:47,9
DA:48,9
DA:52,0
DA:53,0
DA:55,0
DA:56,0
DA:57,0
DA:59,0
DA:60,0
DA:63,0
DA:64,0
DA:67,0
DA:71,2
DA:72,2
DA:91,8
DA:92,8
DA:95,8
DA:103,8
DA:106,8
DA:107,0
DA:108,0
DA:109,0
DA:110,0
DA:112,0
DA:116,8
DA:125,8
DA:126,8
DA:135,0
DA:136,0
DA:145,0
DA:154,0
DA:155,0
DA:158,0
DA:161,0
DA:164,0
DA:167,0
DA:169,0
DA:180,0
DA:181,0
DA:183,0
DA:184,0
DA:185,0
DA:188,0
DA:189,0
DA:190,0
DA:191,0
DA:193,0
DA:194,0
DA:197,0
DA:198,0
DA:199,0
DA:203,0
DA:204,0
DA:205,0
DA:208,0
DA:211,0
DA:212,0
DA:216,0
DA:219,0
DA:220,0
DA:227,0
DA:231,0
DA:240,0
DA:241,0
DA:244,0
DA:245,0
DA:246,0
DA:247,0
DA:249,0
DA:254,0
DA:255,0
DA:258,0
DA:267,0
DA:268,0
DA:271,0
DA:272,0
DA:298,0
DA:301,0
DA:303,0
DA:311,0
DA:319,0
DA:320,0
DA:321,0
DA:324,0
DA:332,2
DA:333,2
DA:337,1
DA:340,0
DA:343,1
DA:345,1
DA:348,1
DA:350,1
DA:356,1
DA:358,1
DA:359,1
DA:368,0
DA:376,2
DA:383,1
DA:384,1
DA:391,0
DA:392,0
DA:393,0
DA:397,6
DA:398,6
LF:116
LH:39
BRDA:21,0,0,6
BRDA:21,0,1,6
BRDA:21,0,2,6
BRDA:22,1,0,6
BRDA:22,1,1,6
BRDA:22,1,2,6
BRDA:51,2,0,0
BRDA:55,3,0,0
BRDA:55,3,1,0
BRDA:63,4,0,0
BRDA:63,4,1,0
BRDA:71,5,0,0
BRDA:71,5,1,2
BRDA:78,6,0,0
BRDA:78,6,1,2
BRDA:90,7,0,7
BRDA:107,8,0,0
BRDA:107,8,1,0
BRDA:158,9,0,0
BRDA:158,9,1,0
BRDA:161,10,0,0
BRDA:161,10,1,0
BRDA:161,11,0,0
BRDA:161,11,1,0
BRDA:164,12,0,0
BRDA:164,12,1,0
BRDA:164,13,0,0
BRDA:164,13,1,0
BRDA:164,13,2,0
BRDA:167,14,0,0
BRDA:167,14,1,0
BRDA:167,15,0,0
BRDA:167,15,1,0
BRDA:184,16,0,0
BRDA:184,16,1,0
BRDA:197,17,0,0
BRDA:197,17,1,0
BRDA:197,18,0,0
BRDA:197,18,1,0
BRDA:203,19,0,0
BRDA:203,19,1,0
BRDA:211,20,0,0
BRDA:211,20,1,0
BRDA:224,21,0,0
BRDA:224,21,1,0
BRDA:240,22,0,0
BRDA:240,22,1,0
BRDA:244,23,0,0
BRDA:244,23,1,0
BRDA:246,24,0,0
BRDA:246,24,1,0
BRDA:254,25,0,0
BRDA:254,25,1,0
BRDA:254,26,0,0
BRDA:254,26,1,0
BRDA:267,27,0,0
BRDA:267,27,1,0
BRDA:292,28,0,0
BRDA:292,29,0,0
BRDA:294,30,0,0
BRDA:294,31,0,0
BRDA:294,31,1,0
BRDA:295,32,0,0
BRDA:296,33,0,0
BRDA:297,34,0,0
BRDA:340,35,0,1
BRDA:340,35,1,1
BRDA:353,36,0,1
BRDA:353,36,1,0
BRF:69
BRH:12
end_of_record
TN:
SF:src/utils/rate-limiter.js
FN:12,(anonymous_0)
FN:16,(anonymous_1)
FN:25,(anonymous_2)
FN:32,(anonymous_3)
FNF:4
FNH:4
FNDA:51,(anonymous_0)
FNDA:2,(anonymous_1)
FNDA:27,(anonymous_2)
FNDA:50,(anonymous_3)
DA:1,5
DA:3,5
DA:13,51
DA:14,51
DA:15,51
DA:16,51
DA:17,2
DA:18,2
DA:19,2
DA:21,2
DA:26,27
DA:27,1
DA:29,26
DA:33,50
DA:34,50
DA:38,5
LF:16
LH:16
BRDA:12,0,0,2
BRDA:17,1,0,2
BRDA:17,1,1,0
BRDA:26,2,0,1
BRDA:26,2,1,26
BRF:5
BRH:4
end_of_record
TN:
SF:src/utils/relationship-state.js
FN:21,(anonymous_0)
FN:22,(anonymous_1)
FN:38,(anonymous_2)
FN:56,(anonymous_3)
FN:63,(anonymous_4)
FN:68,(anonymous_5)
FN:97,(anonymous_6)
FN:105,(anonymous_7)
FN:111,(anonymous_8)
FN:131,(anonymous_9)
FN:144,(anonymous_10)
FN:156,(anonymous_11)
FN:166,(anonymous_12)
FN:177,(anonymous_13)
FN:188,(anonymous_14)
FN:189,(anonymous_15)
FN:190,(anonymous_16)
FN:206,getInstance
FN:216,(anonymous_18)
FN:217,(anonymous_19)
FN:218,(anonymous_20)
FN:219,(anonymous_21)
FN:220,(anonymous_22)
FNF:23
FNH:12
FNDA:1,(anonymous_0)
FNDA:1,(anonymous_1)
FNDA:1,(anonymous_2)
FNDA:10,(anonymous_3)
FNDA:10,(anonymous_4)
FNDA:10,(anonymous_5)
FNDA:0,(anonymous_6)
FNDA:0,(anonymous_7)
FNDA:0,(anonymous_8)
FNDA:0,(anonymous_9)
FNDA:0,(anonymous_10)
FNDA:10,(anonymous_11)
FNDA:10,(anonymous_12)
FNDA:10,(anonymous_13)
FNDA:0,(anonymous_14)
FNDA:0,(anonymous_15)
FNDA:0,(anonymous_16)
FNDA:20,getInstance
FNDA:10,(anonymous_18)
FNDA:0,(anonymous_19)
FNDA:0,(anonymous_20)
FNDA:0,(anonymous_21)
FNDA:10,(anonymous_22)
DA:8,2
DA:9,2
DA:10,2
DA:13,2
DA:22,1
DA:23,1
DA:24,0
DA:26,1
DA:27,1
DA:30,1
DA:31,1
DA:32,1
DA:39,1
DA:58,10
DA:59,10
DA:60,0
DA:63,10
DA:64,10
DA:69,10
DA:70,0
DA:71,0
DA:72,10
DA:74,10
DA:76,0
DA:82,0
DA:83,0
DA:84,0
DA:98,0
DA:101,0
DA:102,0
DA:103,0
DA:105,0
DA:106,0
DA:112,0
DA:113,0
DA:114,0
DA:116,0
DA:117,0
DA:118,0
DA:119,0
DA:132,0
DA:133,0
DA:145,0
DA:146,0
DA:157,10
DA:158,10
DA:160,10
DA:167,10
DA:168,10
DA:169,10
DA:170,0
DA:171,0
DA:178,10
DA:179,10
DA:180,10
DA:181,10
DA:182,0
DA:189,0
DA:190,0
DA:191,0
DA:192,0
DA:193,0
DA:195,0
DA:196,0
DA:204,2
DA:207,20
DA:208,1
DA:210,20
DA:213,2
DA:216,10
DA:217,0
DA:218,0
DA:219,0
DA:220,10
LF:74
LH:36
BRDA:21,0,0,1
BRDA:23,1,0,0
BRDA:23,1,1,1
BRDA:56,2,0,10
BRDA:59,3,0,0
BRDA:59,3,1,10
BRDA:59,4,0,10
BRDA:59,4,1,0
BRDA:59,4,2,0
BRDA:69,5,0,0
BRDA:69,5,1,10
BRDA:72,6,0,10
BRDA:72,6,1,0
BRDA:97,7,0,0
BRDA:97,8,0,0
BRDA:101,9,0,0
BRDA:101,9,1,0
BRDA:102,10,0,0
BRDA:102,10,1,0
BRDA:103,11,0,0
BRDA:103,11,1,0
BRDA:112,12,0,0
BRDA:112,12,1,0
BRDA:131,13,0,0
BRDA:144,14,0,0
BRDA:167,15,0,0
BRDA:167,15,1,10
BRDA:168,16,0,0
BRDA:168,16,1,10
BRDA:169,17,0,10
BRDA:169,17,1,0
BRDA:170,18,0,0
BRDA:170,18,1,0
BRDA:178,19,0,0
BRDA:178,19,1,10
BRDA:179,20,0,0
BRDA:179,20,1,10
BRDA:180,21,0,0
BRDA:180,21,1,10
BRDA:181,22,0,10
BRDA:181,22,1,0
BRDA:191,23,0,0
BRDA:191,23,1,0
BRDA:207,24,0,1
BRDA:207,24,1,19
BRF:45
BRH:16
end_of_record
TN:
SF:src/utils/state-manager.js
FN:6,(anonymous_0)
FN:30,(anonymous_1)
FN:34,(anonymous_2)
FN:68,(anonymous_3)
FN:72,(anonymous_4)
FN:73,(anonymous_5)
FN:77,(anonymous_6)
FN:85,(anonymous_7)
FN:92,(anonymous_8)
FN:101,(anonymous_9)
FN:107,(anonymous_10)
FN:111,(anonymous_11)
FN:117,(anonymous_12)
FN:126,(anonymous_13)
FNF:14
FNH:14
FNDA:124,(anonymous_0)
FNDA:1,(anonymous_1)
FNDA:54,(anonymous_2)
FNDA:84,(anonymous_3)
FNDA:81,(anonymous_4)
FNDA:81,(anonymous_5)
FNDA:81,(anonymous_6)
FNDA:77,(anonymous_7)
FNDA:29,(anonymous_8)
FNDA:27,(anonymous_9)
FNDA:54,(anonymous_10)
FNDA:51,(anonymous_11)
FNDA:3,(anonymous_12)
FNDA:2,(anonymous_13)
DA:1,87
DA:2,87
DA:3,87
DA:7,124
DA:8,124
DA:9,124
DA:31,1
DA:35,54
DA:36,54
DA:38,33
DA:39,24
DA:40,16
DA:41,74
DA:42,2
DA:46,22
DA:47,14
DA:48,70
DA:49,70
DA:50,14
DA:51,14
DA:52,42
DA:53,0
DA:61,9
DA:62,0
DA:65,31
DA:69,84
DA:73,81
DA:74,81
DA:78,81
DA:79,80
DA:80,80
DA:81,80
DA:83,0
DA:85,80
DA:93,29
DA:95,29
DA:96,29
DA:98,2
DA:101,27
DA:102,27
DA:103,27
DA:108,54
DA:109,52
DA:111,52
DA:112,51
DA:113,51
DA:118,3
DA:120,3
DA:121,3
DA:123,1
DA:126,2
DA:127,2
DA:128,2
DA:133,87
LF:54
LH:51
BRDA:6,0,0,80
BRDA:6,1,0,122
BRDA:36,2,0,21
BRDA:36,2,1,33
BRDA:38,3,0,24
BRDA:38,3,1,9
BRDA:38,4,0,33
BRDA:38,4,1,24
BRDA:38,4,2,24
BRDA:39,5,0,16
BRDA:39,5,1,8
BRDA:41,6,0,2
BRDA:41,6,1,72
BRDA:46,7,0,14
BRDA:46,7,1,8
BRDA:48,8,0,70
BRDA:48,8,1,0
BRDA:49,9,0,14
BRDA:49,9,1,56
BRDA:49,10,0,70
BRDA:49,10,1,14
BRDA:50,11,0,14
BRDA:50,11,1,0
BRDA:52,12,0,0
BRDA:52,12,1,42
BRDA:61,13,0,0
BRDA:61,13,1,9
BRDA:61,14,0,9
BRDA:61,14,1,9
BRDA:78,15,0,1
BRDA:78,15,1,80
BRF:31
BRH:27
end_of_record
TN:
SF:src/voice/discord-voice.js
FN:49,(anonymous_0)
FN:99,(anonymous_1)
FN:113,(anonymous_2)
FN:127,(anonymous_3)
FN:132,(anonymous_4)
FN:149,(anonymous_5)
FN:189,(anonymous_6)
FN:196,(anonymous_7)
FN:205,(anonymous_8)
FN:213,(anonymous_9)
FN:214,(anonymous_10)
FN:218,(anonymous_11)
FN:223,(anonymous_12)
FN:241,(anonymous_13)
FN:247,(anonymous_14)
FN:274,(anonymous_15)
FN:328,(anonymous_16)
FN:329,(anonymous_17)
FN:330,(anonymous_18)
FN:334,(anonymous_19)
FN:341,(anonymous_20)
FN:342,(anonymous_21)
FN:363,(anonymous_22)
FN:367,(anonymous_23)
FN:371,(anonymous_24)
FN:381,(anonymous_25)
FN:388,(anonymous_26)
FN:400,(anonymous_27)
FN:424,(anonymous_28)
FN:459,(anonymous_29)
FN:460,(anonymous_30)
FN:470,(anonymous_31)
FN:474,(anonymous_32)
FN:485,(anonymous_33)
FN:501,(anonymous_34)
FN:502,(anonymous_35)
FN:515,(anonymous_36)
FN:520,(anonymous_37)
FN:531,(anonymous_38)
FN:560,(anonymous_39)
FN:574,(anonymous_40)
FN:584,(anonymous_41)
FN:585,(anonymous_42)
FN:599,(anonymous_43)
FN:607,(anonymous_44)
FN:617,(anonymous_45)
FNF:46
FNH:11
FNDA:23,(anonymous_0)
FNDA:23,(anonymous_1)
FNDA:0,(anonymous_2)
FNDA:0,(anonymous_3)
FNDA:0,(anonymous_4)
FNDA:0,(anonymous_5)
FNDA:0,(anonymous_6)
FNDA:0,(anonymous_7)
FNDA:0,(anonymous_8)
FNDA:0,(anonymous_9)
FNDA:0,(anonymous_10)
FNDA:0,(anonymous_11)
FNDA:0,(anonymous_12)
FNDA:0,(anonymous_13)
FNDA:0,(anonymous_14)
FNDA:2,(anonymous_15)
FNDA:0,(anonymous_16)
FNDA:0,(anonymous_17)
FNDA:0,(anonymous_18)
FNDA:0,(anonymous_19)
FNDA:0,(anonymous_20)
FNDA:0,(anonymous_21)
FNDA:0,(anonymous_22)
FNDA:0,(anonymous_23)
FNDA:0,(anonymous_24)
FNDA:0,(anonymous_25)
FNDA:0,(anonymous_26)
FNDA:7,(anonymous_27)
FNDA:2,(anonymous_28)
FNDA:0,(anonymous_29)
FNDA:0,(anonymous_30)
FNDA:0,(anonymous_31)
FNDA:0,(anonymous_32)
FNDA:0,(anonymous_33)
FNDA:0,(anonymous_34)
FNDA:0,(anonymous_35)
FNDA:0,(anonymous_36)
FNDA:0,(anonymous_37)
FNDA:2,(anonymous_38)
FNDA:2,(anonymous_39)
FNDA:1,(anonymous_40)
FNDA:1,(anonymous_41)
FNDA:1,(anonymous_42)
FNDA:1,(anonymous_43)
FNDA:0,(anonymous_44)
FNDA:0,(anonymous_45)
DA:23,1
DA:31,1
DA:32,1
DA:33,1
DA:34,1
DA:35,1
DA:37,1
DA:50,23
DA:53,23
DA:77,23
DA:78,23
DA:79,23
DA:80,23
DA:81,23
DA:82,23
DA:83,23
DA:84,23
DA:87,23
DA:88,23
DA:89,23
DA:92,23
DA:100,23
DA:101,1
DA:104,22
DA:105,2
DA:114,0
DA:115,0
DA:118,0
DA:127,0
DA:128,0
DA:129,0
DA:132,0
DA:133,0
DA:134,0
DA:138,0
DA:140,0
DA:150,0
DA:151,0
DA:152,0
DA:155,0
DA:157,0
DA:158,0
DA:162,0
DA:163,0
DA:164,0
DA:168,0
DA:169,0
DA:170,0
DA:173,0
DA:176,0
DA:185,0
DA:186,0
DA:189,0
DA:190,0
DA:191,0
DA:192,0
DA:193,0
DA:196,0
DA:197,0
DA:198,0
DA:200,0
DA:201,0
DA:205,0
DA:206,0
DA:207,0
DA:208,0
DA:209,0
DA:213,0
DA:214,0
DA:215,0
DA:218,0
DA:219,0
DA:220,0
DA:223,0
DA:224,0
DA:225,0
DA:229,0
DA:232,0
DA:233,0
DA:242,0
DA:243,0
DA:245,0
DA:247,0
DA:249,0
DA:250,0
DA:251,0
DA:252,0
DA:255,0
DA:257,0
DA:258,0
DA:260,0
DA:261,0
DA:275,2
DA:276,2
DA:277,2
DA:280,0
DA:281,0
DA:282,0
DA:285,0
DA:286,0
DA:288,0
DA:289,0
DA:292,0
DA:297,0
DA:300,0
DA:302,0
DA:303,0
DA:307,0
DA:309,0
DA:310,0
DA:311,0
DA:314,0
DA:317,0
DA:318,0
DA:321,0
DA:322,0
DA:324,0
DA:329,0
DA:330,0
DA:331,0
DA:334,0
DA:335,0
DA:336,0
DA:342,0
DA:343,0
DA:344,0
DA:346,0
DA:347,0
DA:348,0
DA:349,0
DA:352,0
DA:360,0
DA:361,0
DA:363,0
DA:364,0
DA:367,0
DA:368,0
DA:371,0
DA:372,0
DA:373,0
DA:374,0
DA:375,0
DA:379,0
DA:380,0
DA:381,0
DA:385,0
DA:388,0
DA:389,0
DA:391,0
DA:392,0
DA:394,0
DA:401,7
DA:403,5
DA:404,5
DA:406,5
DA:408,5
DA:409,4
DA:410,4
DA:413,1
DA:425,2
DA:426,2
DA:427,2
DA:430,0
DA:431,0
DA:432,0
DA:435,0
DA:437,0
DA:438,0
DA:441,0
DA:444,0
DA:447,0
DA:449,0
DA:452,0
DA:453,0
DA:455,0
DA:460,0
DA:461,0
DA:468,0
DA:470,0
DA:471,0
DA:474,0
DA:475,0
DA:477,0
DA:478,0
DA:479,0
DA:482,0
DA:485,0
DA:486,0
DA:488,0
DA:489,0
DA:491,0
DA:502,0
DA:503,0
DA:504,0
DA:505,0
DA:509,0
DA:512,0
DA:515,0
DA:516,0
DA:517,0
DA:520,0
DA:521,0
DA:522,0
DA:532,2
DA:533,2
DA:534,0
DA:535,0
DA:538,2
DA:539,0
DA:540,0
DA:543,2
DA:544,2
DA:545,2
DA:547,2
DA:548,2
DA:551,0
DA:552,0
DA:561,2
DA:575,1
DA:577,1
DA:578,0
DA:579,0
DA:583,1
DA:584,1
DA:585,1
DA:590,1
DA:595,1
DA:599,1
DA:608,0
DA:609,0
DA:610,0
DA:618,0
DA:619,0
LF:233
LH:56
BRDA:49,0,0,0
BRDA:55,1,0,23
BRDA:55,1,1,23
BRDA:57,2,0,23
BRDA:57,2,1,23
BRDA:59,3,0,23
BRDA:59,3,1,15
BRDA:60,4,0,23
BRDA:60,4,1,13
BRDA:62,5,0,23
BRDA:62,5,1,23
BRDA:63,6,0,23
BRDA:63,6,1,23
BRDA:65,7,0,23
BRDA:65,7,1,0
BRDA:67,8,0,0
BRDA:67,8,1,23
BRDA:69,9,0,23
BRDA:69,9,1,23
BRDA:71,10,0,23
BRDA:71,10,1,23
BRDA:73,11,0,23
BRDA:73,11,1,23
BRDA:100,12,0,1
BRDA:100,12,1,22
BRDA:100,13,0,23
BRDA:100,13,1,4
BRDA:104,14,0,2
BRDA:104,14,1,20
BRDA:104,15,0,22
BRDA:104,15,1,21
BRDA:114,16,0,0
BRDA:114,16,1,0
BRDA:150,17,0,0
BRDA:150,17,1,0
BRDA:157,18,0,0
BRDA:157,18,1,0
BRDA:163,19,0,0
BRDA:163,19,1,0
BRDA:169,20,0,0
BRDA:169,20,1,0
BRDA:200,21,0,0
BRDA:200,21,1,0
BRDA:200,22,0,0
BRDA:200,22,1,0
BRDA:250,23,0,0
BRDA:250,23,1,0
BRDA:257,24,0,0
BRDA:257,24,1,0
BRDA:274,25,0,2
BRDA:275,26,0,2
BRDA:275,26,1,0
BRDA:275,27,0,2
BRDA:275,27,1,1
BRDA:280,28,0,0
BRDA:280,28,1,0
BRDA:286,29,0,0
BRDA:286,29,1,0
BRDA:302,30,0,0
BRDA:302,30,1,0
BRDA:309,31,0,0
BRDA:309,31,1,0
BRDA:344,32,0,0
BRDA:344,32,1,0
BRDA:346,33,0,0
BRDA:346,33,1,0
BRDA:372,34,0,0
BRDA:372,34,1,0
BRDA:381,35,0,0
BRDA:381,35,1,0
BRDA:385,36,0,0
BRDA:385,36,1,0
BRDA:389,37,0,0
BRDA:389,37,1,0
BRDA:401,38,0,2
BRDA:401,38,1,5
BRDA:408,39,0,4
BRDA:408,39,1,1
BRDA:424,40,0,2
BRDA:425,41,0,2
BRDA:425,41,1,0
BRDA:425,42,0,2
BRDA:425,42,1,1
BRDA:430,43,0,0
BRDA:430,43,1,0
BRDA:459,44,0,0
BRDA:475,45,0,0
BRDA:475,45,1,0
BRDA:486,46,0,0
BRDA:486,46,1,0
BRDA:503,47,0,0
BRDA:503,47,1,0
BRDA:533,48,0,0
BRDA:533,48,1,2
BRDA:538,49,0,0
BRDA:538,49,1,2
BRDA:577,50,0,0
BRDA:577,50,1,1
BRDA:607,51,0,0
BRDA:618,52,0,0
BRDA:618,52,1,0
BRDA:618,53,0,0
BRDA:618,53,1,0
BRF:103
BRH:43
end_of_record
TN:
SF:tests/mocks/mock-omniroute.js
FN:2,(anonymous_0)
FN:18,(anonymous_1)
FN:22,(anonymous_2)
FN:24,(anonymous_3)
FN:28,(anonymous_4)
FN:40,(anonymous_5)
FN:56,(anonymous_6)
FN:68,(anonymous_7)
FN:74,(anonymous_8)
FN:80,(anonymous_9)
FN:86,(anonymous_10)
FN:90,(anonymous_11)
FN:94,(anonymous_12)
FN:98,(anonymous_13)
FN:103,createMockOmniroute
FNF:15
FNH:12
FNDA:41,(anonymous_0)
FNDA:1,(anonymous_1)
FNDA:16,(anonymous_2)
FNDA:1,(anonymous_3)
FNDA:13,(anonymous_4)
FNDA:2,(anonymous_5)
FNDA:1,(anonymous_6)
FNDA:13,(anonymous_7)
FNDA:2,(anonymous_8)
FNDA:1,(anonymous_9)
FNDA:41,(anonymous_10)
FNDA:0,(anonymous_11)
FNDA:0,(anonymous_12)
FNDA:0,(anonymous_13)
FNDA:41,createMockOmniroute
DA:3,41
DA:9,41
DA:15,41
DA:19,1
DA:23,16
DA:24,1
DA:29,13
DA:41,2
DA:57,1
DA:69,13
DA:70,13
DA:71,13
DA:75,2
DA:76,2
DA:77,2
DA:81,1
DA:82,1
DA:83,1
DA:87,41
DA:91,0
DA:95,0
DA:99,0
DA:104,41
DA:107,2
LF:24
LH:21
BRDA:23,0,0,1
BRDA:23,0,1,15
BRDA:28,1,0,0
BRDA:40,2,0,0
BRDA:56,3,0,0
BRDA:68,4,0,13
BRDA:74,5,0,2
BRDA:80,6,0,1
BRF:8
BRH:5
end_of_record
